"../../../Engine/Content/Animation/DefaultAnimCurveCompressionSettings.uasset" 0
"../../../Engine/Content/Animation/DefaultAnimCurveCompressionSettings.uexp" 1
"../../../Engine/Content/Animation/DefaultAnimBoneCompressionSettings.uasset" 2
"../../../Engine/Content/Animation/DefaultAnimBoneCompressionSettings.uexp" 3
"C:/Users/Melih/Documents/GitHub/MyProject/platkasoyun/Content/Character/MainChar/Mesh/UE4_Mannequin_Skeleton.uasset" 4
"C:/Users/Melih/Documents/GitHub/MyProject/platkasoyun/Content/Character/MainChar/Mesh/UE4_Mannequin_Skeleton.uexp" 5
"C:/Users/Melih/Documents/GitHub/MyProject/platkasoyun/Content/Character/Animations/ThirdPersonIdle.uasset" 6
"C:/Users/Melih/Documents/GitHub/MyProject/platkasoyun/Content/Character/Animations/ThirdPersonIdle.uexp" 7
"C:/Users/Melih/Documents/GitHub/MyProject/platkasoyun/Content/Character/Animations/ThirdPersonJump_End.uasset" 8
"C:/Users/Melih/Documents/GitHub/MyProject/platkasoyun/Content/Character/Animations/ThirdPersonJump_End.uexp" 9
"C:/Users/Melih/Documents/GitHub/MyProject/platkasoyun/Content/Character/Animations/ThirdPersonJump_Loop.uasset" 10
"C:/Users/Melih/Documents/GitHub/MyProject/platkasoyun/Content/Character/Animations/ThirdPersonJump_Loop.uexp" 11
"C:/Users/Melih/Documents/GitHub/MyProject/platkasoyun/Content/Character/Animations/ThirdPersonJump_Start.uasset" 12
"C:/Users/Melih/Documents/GitHub/MyProject/platkasoyun/Content/Character/Animations/ThirdPersonJump_Start.uexp" 13
"C:/Users/Melih/Documents/GitHub/MyProject/platkasoyun/Content/Character/Animations/ThirdPersonRun.uasset" 14
"C:/Users/Melih/Documents/GitHub/MyProject/platkasoyun/Content/Character/Animations/ThirdPersonRun.uexp" 15
"C:/Users/Melih/Documents/GitHub/MyProject/platkasoyun/Content/Character/Animations/ThirdPersonWalk.uasset" 16
"C:/Users/Melih/Documents/GitHub/MyProject/platkasoyun/Content/Character/Animations/ThirdPersonWalk.uexp" 17
"C:/Users/Melih/Documents/GitHub/MyProject/platkasoyun/Content/Character/Animations/ThirdPerson_Jump.uasset" 18
"C:/Users/Melih/Documents/GitHub/MyProject/platkasoyun/Content/Character/Animations/ThirdPerson_Jump.uexp" 19
"C:/Users/Melih/Documents/GitHub/MyProject/platkasoyun/Content/Character/Animations/PistolAnimations/HitReaction1_UE.uasset" 20
"C:/Users/Melih/Documents/GitHub/MyProject/platkasoyun/Content/Character/Animations/PistolAnimations/HitReaction1_UE.uexp" 21
"C:/Users/Melih/Documents/GitHub/MyProject/platkasoyun/Content/Character/Animations/PistolAnimations/HitReaction2_UE.uasset" 22
"C:/Users/Melih/Documents/GitHub/MyProject/platkasoyun/Content/Character/Animations/PistolAnimations/HitReaction2_UE.uexp" 23
"C:/Users/Melih/Documents/GitHub/MyProject/platkasoyun/Content/Character/Animations/PistolAnimations/PistolKneelingIdle_UE.uasset" 24
"C:/Users/Melih/Documents/GitHub/MyProject/platkasoyun/Content/Character/Animations/PistolAnimations/PistolKneelingIdle_UE.uexp" 25
"C:/Users/Melih/Documents/GitHub/MyProject/platkasoyun/Content/Character/Animations/PistolAnimations/PistolKneelToStand_UE.uasset" 26
"C:/Users/Melih/Documents/GitHub/MyProject/platkasoyun/Content/Character/Animations/PistolAnimations/PistolKneelToStand_UE.uexp" 27
"C:/Users/Melih/Documents/GitHub/MyProject/platkasoyun/Content/Character/Animations/PistolAnimations/PistolStandToKneel_UE.uasset" 28
"C:/Users/Melih/Documents/GitHub/MyProject/platkasoyun/Content/Character/Animations/PistolAnimations/PistolStandToKneel_UE.uexp" 29
"C:/Users/Melih/Documents/GitHub/MyProject/platkasoyun/Content/Character/Animations/PistolAnimations/PistolWhip_UE.uasset" 30
"C:/Users/Melih/Documents/GitHub/MyProject/platkasoyun/Content/Character/Animations/PistolAnimations/PistolWhip_UE.uexp" 31
"C:/Users/Melih/Documents/GitHub/MyProject/platkasoyun/Content/Character/Animations/PistolAnimations/PistolIdle1_UE.uasset" 32
"C:/Users/Melih/Documents/GitHub/MyProject/platkasoyun/Content/Character/Animations/PistolAnimations/PistolIdle1_UE.uexp" 33
"C:/Users/Melih/Documents/GitHub/MyProject/platkasoyun/Content/Character/Animations/PistolAnimations/NewFolder/aodown_2.uasset" 34
"C:/Users/Melih/Documents/GitHub/MyProject/platkasoyun/Content/Character/Animations/PistolAnimations/NewFolder/aodown_2.uexp" 35
"C:/Users/Melih/Documents/GitHub/MyProject/platkasoyun/Content/Character/Animations/PistolAnimations/NewFolder/aomid_2.uasset" 36
"C:/Users/Melih/Documents/GitHub/MyProject/platkasoyun/Content/Character/Animations/PistolAnimations/NewFolder/aomid_2.uexp" 37
"C:/Users/Melih/Documents/GitHub/MyProject/platkasoyun/Content/Character/Animations/PistolAnimations/NewFolder/aoup_2.uasset" 38
"C:/Users/Melih/Documents/GitHub/MyProject/platkasoyun/Content/Character/Animations/PistolAnimations/NewFolder/aoup_2.uexp" 39
"C:/Users/Melih/Documents/GitHub/MyProject/platkasoyun/Content/Character/MainChar/Mesh/SK_Mannequin_PhysicsAsset.uasset" 40
"C:/Users/Melih/Documents/GitHub/MyProject/platkasoyun/Content/Character/MainChar/Mesh/SK_Mannequin_PhysicsAsset.uexp" 41
"C:/Users/Melih/Documents/GitHub/MyProject/platkasoyun/Content/Character/MainChar/Textures/T_UE4Logo_N.uasset" 42
"C:/Users/Melih/Documents/GitHub/MyProject/platkasoyun/Content/Character/MainChar/Textures/T_UE4Logo_N.uexp" 43
"C:/Users/Melih/Documents/GitHub/MyProject/platkasoyun/Content/Character/MainChar/Textures/T_UE4Logo_N.ubulk" 44
"C:/Users/Melih/Documents/GitHub/MyProject/platkasoyun/Content/Character/MainChar/Textures/T_UE4Logo_Mask.uasset" 45
"C:/Users/Melih/Documents/GitHub/MyProject/platkasoyun/Content/Character/MainChar/Textures/T_UE4Logo_Mask.uexp" 46
"C:/Users/Melih/Documents/GitHub/MyProject/platkasoyun/Content/Character/MainChar/Textures/T_UE4Logo_Mask.ubulk" 47
"C:/Users/Melih/Documents/GitHub/MyProject/platkasoyun/Content/Character/MainChar/Textures/T_Male_N.uasset" 48
"C:/Users/Melih/Documents/GitHub/MyProject/platkasoyun/Content/Character/MainChar/Textures/T_Male_N.uexp" 49
"C:/Users/Melih/Documents/GitHub/MyProject/platkasoyun/Content/Character/MainChar/Textures/T_Male_N.ubulk" 50
"C:/Users/Melih/Documents/GitHub/MyProject/platkasoyun/Content/Character/MainChar/Textures/T_Male_Mask.uasset" 51
"C:/Users/Melih/Documents/GitHub/MyProject/platkasoyun/Content/Character/MainChar/Textures/T_Male_Mask.uexp" 52
"C:/Users/Melih/Documents/GitHub/MyProject/platkasoyun/Content/Character/MainChar/Textures/T_Male_Mask.ubulk" 53
"C:/Users/Melih/Documents/GitHub/MyProject/platkasoyun/Content/Character/MainChar/Materials/MaterialLayers/T_ML_Rubber_Blue_01_N.uasset" 54
"C:/Users/Melih/Documents/GitHub/MyProject/platkasoyun/Content/Character/MainChar/Materials/MaterialLayers/T_ML_Rubber_Blue_01_N.uexp" 55
"C:/Users/Melih/Documents/GitHub/MyProject/platkasoyun/Content/Character/MainChar/Materials/MaterialLayers/T_ML_Rubber_Blue_01_N.ubulk" 56
"C:/Users/Melih/Documents/GitHub/MyProject/platkasoyun/Content/Character/MainChar/Materials/MaterialLayers/T_ML_Rubber_Blue_01_D.uasset" 57
"C:/Users/Melih/Documents/GitHub/MyProject/platkasoyun/Content/Character/MainChar/Materials/MaterialLayers/T_ML_Rubber_Blue_01_D.uexp" 58
"C:/Users/Melih/Documents/GitHub/MyProject/platkasoyun/Content/Character/MainChar/Materials/MaterialLayers/T_ML_Rubber_Blue_01_D.ubulk" 59
"C:/Users/Melih/Documents/GitHub/MyProject/platkasoyun/Content/Character/MainChar/Materials/MaterialLayers/T_ML_Aluminum01_N.uasset" 60
"C:/Users/Melih/Documents/GitHub/MyProject/platkasoyun/Content/Character/MainChar/Materials/MaterialLayers/T_ML_Aluminum01_N.uexp" 61
"C:/Users/Melih/Documents/GitHub/MyProject/platkasoyun/Content/Character/MainChar/Materials/MaterialLayers/T_ML_Aluminum01_N.ubulk" 62
"C:/Users/Melih/Documents/GitHub/MyProject/platkasoyun/Content/Character/MainChar/Materials/MaterialLayers/T_ML_Aluminum01.uasset" 63
"C:/Users/Melih/Documents/GitHub/MyProject/platkasoyun/Content/Character/MainChar/Materials/MaterialLayers/T_ML_Aluminum01.uexp" 64
"C:/Users/Melih/Documents/GitHub/MyProject/platkasoyun/Content/Character/MainChar/Materials/MaterialLayers/T_ML_Aluminum01.ubulk" 65
"C:/Users/Melih/Documents/GitHub/MyProject/platkasoyun/Content/Character/MainChar/Materials/MaterialLayers/ML_SoftMetal_UE4.uasset" 66
"C:/Users/Melih/Documents/GitHub/MyProject/platkasoyun/Content/Character/MainChar/Materials/MaterialLayers/ML_SoftMetal_UE4.uexp" 67
"C:/Users/Melih/Documents/GitHub/MyProject/platkasoyun/Content/Character/MainChar/Materials/MaterialLayers/ML_Plastic_Shiny_Beige_LOGO.uasset" 68
"C:/Users/Melih/Documents/GitHub/MyProject/platkasoyun/Content/Character/MainChar/Materials/MaterialLayers/ML_Plastic_Shiny_Beige_LOGO.uexp" 69
"C:/Users/Melih/Documents/GitHub/MyProject/platkasoyun/Content/Character/MainChar/Materials/MaterialLayers/ML_Plastic_Shiny_Beige.uasset" 70
"C:/Users/Melih/Documents/GitHub/MyProject/platkasoyun/Content/Character/MainChar/Materials/MaterialLayers/ML_Plastic_Shiny_Beige.uexp" 71
"C:/Users/Melih/Documents/GitHub/MyProject/platkasoyun/Content/Character/MainChar/Materials/MaterialLayers/ML_GlossyBlack_Latex_UE4.uasset" 72
"C:/Users/Melih/Documents/GitHub/MyProject/platkasoyun/Content/Character/MainChar/Materials/MaterialLayers/ML_GlossyBlack_Latex_UE4.uexp" 73
"../../../Engine/Content/Functions/MaterialLayerFunctions/MatLayerBlend_Simple.uasset" 74
"../../../Engine/Content/Functions/MaterialLayerFunctions/MatLayerBlend_Simple.uexp" 75
"../../../Engine/Content/Functions/Engine_MaterialFunctions02/Utility/BlendAngleCorrectedNormals.uasset" 76
"../../../Engine/Content/Functions/Engine_MaterialFunctions02/Utility/BlendAngleCorrectedNormals.uexp" 77
"../../../Engine/Content/Functions/MaterialLayerFunctions/MatLayerBlend_NormalBlend.uasset" 78
"../../../Engine/Content/Functions/MaterialLayerFunctions/MatLayerBlend_NormalBlend.uexp" 79
"C:/Users/Melih/Documents/GitHub/MyProject/platkasoyun/Content/Character/MainChar/Materials/M_Male_Body.uasset" 80
"C:/Users/Melih/Documents/GitHub/MyProject/platkasoyun/Content/Character/MainChar/Materials/M_Male_Body.uexp" 81
"C:/Users/Melih/Documents/GitHub/MyProject/platkasoyun/Content/Character/MainChar/Materials/M_UE4Man_ChestLogo.uasset" 82
"C:/Users/Melih/Documents/GitHub/MyProject/platkasoyun/Content/Character/MainChar/Materials/M_UE4Man_ChestLogo.uexp" 83
"C:/Users/Melih/Documents/GitHub/MyProject/platkasoyun/Content/Character/MainChar/Mesh/SK_Mannequin.uasset" 84
"C:/Users/Melih/Documents/GitHub/MyProject/platkasoyun/Content/Character/MainChar/Mesh/SK_Mannequin.uexp" 85
"C:/Users/Melih/Documents/GitHub/MyProject/platkasoyun/Content/Character/MainChar/Mesh/SK_Mannequin_Female_PhysicsAsset.uasset" 86
"C:/Users/Melih/Documents/GitHub/MyProject/platkasoyun/Content/Character/MainChar/Mesh/SK_Mannequin_Female_PhysicsAsset.uexp" 87
"C:/Users/Melih/Documents/GitHub/MyProject/platkasoyun/Content/Character/MainChar/Textures/T_Female_N.uasset" 88
"C:/Users/Melih/Documents/GitHub/MyProject/platkasoyun/Content/Character/MainChar/Textures/T_Female_N.uexp" 89
"C:/Users/Melih/Documents/GitHub/MyProject/platkasoyun/Content/Character/MainChar/Textures/T_Female_N.ubulk" 90
"C:/Users/Melih/Documents/GitHub/MyProject/platkasoyun/Content/Character/MainChar/Textures/T_Female_Mask.uasset" 91
"C:/Users/Melih/Documents/GitHub/MyProject/platkasoyun/Content/Character/MainChar/Textures/T_Female_Mask.uexp" 92
"C:/Users/Melih/Documents/GitHub/MyProject/platkasoyun/Content/Character/MainChar/Textures/T_Female_Mask.ubulk" 93
"C:/Users/Melih/Documents/GitHub/MyProject/platkasoyun/Content/Character/MainChar/Materials/MI_Female_Body.uasset" 94
"C:/Users/Melih/Documents/GitHub/MyProject/platkasoyun/Content/Character/MainChar/Materials/MI_Female_Body.uexp" 95
"C:/Users/Melih/Documents/GitHub/MyProject/platkasoyun/Content/Character/MainChar/Mesh/SK_Mannequin_Female.uasset" 96
"C:/Users/Melih/Documents/GitHub/MyProject/platkasoyun/Content/Character/MainChar/Mesh/SK_Mannequin_Female.uexp" 97
"C:/Users/Melih/Documents/GitHub/MyProject/platkasoyun/Content/Character/MainChar/Mesh/fesadam/S_PhysicsAsset.uasset" 98
"C:/Users/Melih/Documents/GitHub/MyProject/platkasoyun/Content/Character/MainChar/Mesh/fesadam/S_PhysicsAsset.uexp" 99
"C:/Users/Melih/Documents/GitHub/MyProject/platkasoyun/Content/Character/MainChar/Mesh/fesadam/S_testuvmaterial_OcclusionRoughnessMetallic.uasset" 100
"C:/Users/Melih/Documents/GitHub/MyProject/platkasoyun/Content/Character/MainChar/Mesh/fesadam/S_testuvmaterial_OcclusionRoughnessMetallic.uexp" 101
"C:/Users/Melih/Documents/GitHub/MyProject/platkasoyun/Content/Character/MainChar/Mesh/fesadam/S_testuvmaterial_OcclusionRoughnessMetallic.ubulk" 102
"C:/Users/Melih/Documents/GitHub/MyProject/platkasoyun/Content/Character/MainChar/Mesh/fesadam/S_testuvmaterial_Normal.uasset" 103
"C:/Users/Melih/Documents/GitHub/MyProject/platkasoyun/Content/Character/MainChar/Mesh/fesadam/S_testuvmaterial_Normal.uexp" 104
"C:/Users/Melih/Documents/GitHub/MyProject/platkasoyun/Content/Character/MainChar/Mesh/fesadam/S_testuvmaterial_Normal.ubulk" 105
"C:/Users/Melih/Documents/GitHub/MyProject/platkasoyun/Content/Character/MainChar/Mesh/fesadam/S_testuvmaterial_BaseColor.uasset" 106
"C:/Users/Melih/Documents/GitHub/MyProject/platkasoyun/Content/Character/MainChar/Mesh/fesadam/S_testuvmaterial_BaseColor.uexp" 107
"C:/Users/Melih/Documents/GitHub/MyProject/platkasoyun/Content/Character/MainChar/Mesh/fesadam/S_testuvmaterial_BaseColor.ubulk" 108
"C:/Users/Melih/Documents/GitHub/MyProject/platkasoyun/Content/Character/MainChar/Mesh/fesadam/mrpull.uasset" 109
"C:/Users/Melih/Documents/GitHub/MyProject/platkasoyun/Content/Character/MainChar/Mesh/fesadam/mrpull.uexp" 110
"C:/Users/Melih/Documents/GitHub/MyProject/platkasoyun/Content/Character/MainChar/Mesh/fesadam/MrPullMesh.uasset" 111
"C:/Users/Melih/Documents/GitHub/MyProject/platkasoyun/Content/Character/MainChar/Mesh/fesadam/MrPullMesh.uexp" 112
"C:/Users/Melih/Documents/GitHub/MyProject/platkasoyun/Content/Character/MainChar/Mesh/fesadam/S_testuvmaterial_OcclusionRoughnessMetallic_ncl1_1.uasset" 113
"C:/Users/Melih/Documents/GitHub/MyProject/platkasoyun/Content/Character/MainChar/Mesh/fesadam/S_testuvmaterial_OcclusionRoughnessMetallic_ncl1_1.uexp" 114
"C:/Users/Melih/Documents/GitHub/MyProject/platkasoyun/Content/Character/MainChar/Mesh/fesadam/S_testuvmaterial_OcclusionRoughnessMetallic_ncl1_1.ubulk" 115
"C:/Users/Melih/Documents/GitHub/MyProject/platkasoyun/Content/Character/MainChar/Mesh/silah/Brass.uasset" 116
"C:/Users/Melih/Documents/GitHub/MyProject/platkasoyun/Content/Character/MainChar/Mesh/silah/Brass.uexp" 117
"C:/Users/Melih/Documents/GitHub/MyProject/platkasoyun/Content/Character/MainChar/Mesh/silah/buletandkovan_Casing.uasset" 118
"C:/Users/Melih/Documents/GitHub/MyProject/platkasoyun/Content/Character/MainChar/Mesh/silah/buletandkovan_Casing.uexp" 119
"C:/Users/Melih/Documents/GitHub/MyProject/platkasoyun/Content/SideScrollerBP/BuildFiles/Materials/metro_vijzelgracht_2k.uasset" 120
"C:/Users/Melih/Documents/GitHub/MyProject/platkasoyun/Content/SideScrollerBP/BuildFiles/Materials/metro_vijzelgracht_2k.uexp" 121
"C:/Users/Melih/Documents/GitHub/MyProject/platkasoyun/Content/SideScrollerBP/BuildFiles/Materials/NewMaterial.uasset" 122
"C:/Users/Melih/Documents/GitHub/MyProject/platkasoyun/Content/SideScrollerBP/BuildFiles/Materials/NewMaterial.uexp" 123
"C:/Users/Melih/Documents/GitHub/MyProject/platkasoyun/Content/SideScrollerBP/BuildFiles/Materials/Material_Roughness.uasset" 124
"C:/Users/Melih/Documents/GitHub/MyProject/platkasoyun/Content/SideScrollerBP/BuildFiles/Materials/Material_Roughness.uexp" 125
"C:/Users/Melih/Documents/GitHub/MyProject/platkasoyun/Content/SideScrollerBP/BuildFiles/Materials/Material_Normal_OpenGL.uasset" 126
"C:/Users/Melih/Documents/GitHub/MyProject/platkasoyun/Content/SideScrollerBP/BuildFiles/Materials/Material_Normal_OpenGL.uexp" 127
"C:/Users/Melih/Documents/GitHub/MyProject/platkasoyun/Content/SideScrollerBP/BuildFiles/Materials/Material_Mixed_AO.uasset" 128
"C:/Users/Melih/Documents/GitHub/MyProject/platkasoyun/Content/SideScrollerBP/BuildFiles/Materials/Material_Mixed_AO.uexp" 129
"C:/Users/Melih/Documents/GitHub/MyProject/platkasoyun/Content/SideScrollerBP/BuildFiles/Materials/Material_Metallic.uasset" 130
"C:/Users/Melih/Documents/GitHub/MyProject/platkasoyun/Content/SideScrollerBP/BuildFiles/Materials/Material_Metallic.uexp" 131
"C:/Users/Melih/Documents/GitHub/MyProject/platkasoyun/Content/SideScrollerBP/BuildFiles/Materials/Material_Height.uasset" 132
"C:/Users/Melih/Documents/GitHub/MyProject/platkasoyun/Content/SideScrollerBP/BuildFiles/Materials/Material_Height.uexp" 133
"C:/Users/Melih/Documents/GitHub/MyProject/platkasoyun/Content/SideScrollerBP/BuildFiles/Materials/Material_Emissive.uasset" 134
"C:/Users/Melih/Documents/GitHub/MyProject/platkasoyun/Content/SideScrollerBP/BuildFiles/Materials/Material_Emissive.uexp" 135
"C:/Users/Melih/Documents/GitHub/MyProject/platkasoyun/Content/SideScrollerBP/BuildFiles/Materials/Material_Emissive.ubulk" 136
"C:/Users/Melih/Documents/GitHub/MyProject/platkasoyun/Content/SideScrollerBP/BuildFiles/Materials/Material_Base_color.uasset" 137
"C:/Users/Melih/Documents/GitHub/MyProject/platkasoyun/Content/SideScrollerBP/BuildFiles/Materials/Material_Base_color.uexp" 138
"C:/Users/Melih/Documents/GitHub/MyProject/platkasoyun/Content/SideScrollerBP/BuildFiles/Materials/Material_001.uasset" 139
"C:/Users/Melih/Documents/GitHub/MyProject/platkasoyun/Content/SideScrollerBP/BuildFiles/Materials/Material_001.uexp" 140
"C:/Users/Melih/Documents/GitHub/MyProject/platkasoyun/Content/SideScrollerBP/BuildFiles/trimsheetscifi_door.uasset" 141
"C:/Users/Melih/Documents/GitHub/MyProject/platkasoyun/Content/SideScrollerBP/BuildFiles/trimsheetscifi_door.uexp" 142
"C:/Users/Melih/Documents/GitHub/MyProject/platkasoyun/Content/SideScrollerBP/BuildFiles/trimsheetscifi_borubended_Cube_013.uasset" 143
"C:/Users/Melih/Documents/GitHub/MyProject/platkasoyun/Content/SideScrollerBP/BuildFiles/trimsheetscifi_borubended_Cube_013.uexp" 144
"C:/Users/Melih/Documents/GitHub/MyProject/platkasoyun/Content/SideScrollerBP/BuildFiles/trimsheetscifi_box.uasset" 145
"C:/Users/Melih/Documents/GitHub/MyProject/platkasoyun/Content/SideScrollerBP/BuildFiles/trimsheetscifi_box.uexp" 146
"C:/Users/Melih/Documents/GitHub/MyProject/platkasoyun/Content/SideScrollerBP/BuildFiles/trimsheetscifi_airconditioner.uasset" 147
"C:/Users/Melih/Documents/GitHub/MyProject/platkasoyun/Content/SideScrollerBP/BuildFiles/trimsheetscifi_airconditioner.uexp" 148
"C:/Users/Melih/Documents/GitHub/MyProject/platkasoyun/Content/SideScrollerBP/BuildFiles/trimsheetscifi_boru.uasset" 149
"C:/Users/Melih/Documents/GitHub/MyProject/platkasoyun/Content/SideScrollerBP/BuildFiles/trimsheetscifi_boru.uexp" 150
"C:/Users/Melih/Documents/GitHub/MyProject/platkasoyun/Content/SideScrollerBP/BuildFiles/trimsheetscifi_stair.uasset" 151
"C:/Users/Melih/Documents/GitHub/MyProject/platkasoyun/Content/SideScrollerBP/BuildFiles/trimsheetscifi_stair.uexp" 152
"C:/Users/Melih/Documents/GitHub/MyProject/platkasoyun/Content/SideScrollerBP/BuildFiles/trimsheetscifi_Cylinder_002.uasset" 153
"C:/Users/Melih/Documents/GitHub/MyProject/platkasoyun/Content/SideScrollerBP/BuildFiles/trimsheetscifi_Cylinder_002.uexp" 154
"C:/Users/Melih/Documents/GitHub/MyProject/platkasoyun/Content/SideScrollerBP/BuildFiles/trimsheetscifi_Cylinder_003.uasset" 155
"C:/Users/Melih/Documents/GitHub/MyProject/platkasoyun/Content/SideScrollerBP/BuildFiles/trimsheetscifi_Cylinder_003.uexp" 156
"C:/Users/Melih/Documents/GitHub/MyProject/platkasoyun/Content/SideScrollerBP/BuildFiles/trimsheetscifi_Plane_004.uasset" 157
"C:/Users/Melih/Documents/GitHub/MyProject/platkasoyun/Content/SideScrollerBP/BuildFiles/trimsheetscifi_Plane_004.uexp" 158
"C:/Users/Melih/Documents/GitHub/MyProject/platkasoyun/Content/SideScrollerBP/BuildFiles/trimsheetscifi_Plane_007.uasset" 159
"C:/Users/Melih/Documents/GitHub/MyProject/platkasoyun/Content/SideScrollerBP/BuildFiles/trimsheetscifi_Plane_007.uexp" 160
"C:/Users/Melih/Documents/GitHub/MyProject/platkasoyun/Content/SideScrollerBP/BuildFiles/trimsheetscifi_Plane_009.uasset" 161
"C:/Users/Melih/Documents/GitHub/MyProject/platkasoyun/Content/SideScrollerBP/BuildFiles/trimsheetscifi_Plane_009.uexp" 162
"C:/Users/Melih/Documents/GitHub/MyProject/platkasoyun/Content/SideScrollerBP/BuildFiles/trimsheetscifi_Plane_011.uasset" 163
"C:/Users/Melih/Documents/GitHub/MyProject/platkasoyun/Content/SideScrollerBP/BuildFiles/trimsheetscifi_Plane_011.uexp" 164
"C:/Users/Melih/Documents/GitHub/MyProject/platkasoyun/Content/SideScrollerBP/BuildFiles/trimsheetscifi_Plane_012.uasset" 165
"C:/Users/Melih/Documents/GitHub/MyProject/platkasoyun/Content/SideScrollerBP/BuildFiles/trimsheetscifi_Plane_012.uexp" 166
"C:/Users/Melih/Documents/GitHub/MyProject/platkasoyun/Content/SideScrollerBP/BuildFiles/Materials/garage_floor_nor_gl_4k.uasset" 167
"C:/Users/Melih/Documents/GitHub/MyProject/platkasoyun/Content/SideScrollerBP/BuildFiles/Materials/garage_floor_nor_gl_4k.uexp" 168
"C:/Users/Melih/Documents/GitHub/MyProject/platkasoyun/Content/SideScrollerBP/BuildFiles/Materials/garage_floor_nor_gl_4k.ubulk" 169
"C:/Users/Melih/Documents/GitHub/MyProject/platkasoyun/Content/SideScrollerBP/BuildFiles/Materials/Glass.uasset" 170
"C:/Users/Melih/Documents/GitHub/MyProject/platkasoyun/Content/SideScrollerBP/BuildFiles/Materials/Glass.uexp" 171
"C:/Users/Melih/Documents/GitHub/MyProject/platkasoyun/Content/SideScrollerBP/BuildFiles/trimsheetscifi_Plane_013.uasset" 172
"C:/Users/Melih/Documents/GitHub/MyProject/platkasoyun/Content/SideScrollerBP/BuildFiles/trimsheetscifi_Plane_013.uexp" 173
"C:/Users/Melih/Documents/GitHub/MyProject/platkasoyun/Content/SideScrollerBP/sound/reload.uasset" 174
"C:/Users/Melih/Documents/GitHub/MyProject/platkasoyun/Content/SideScrollerBP/sound/reload.uexp" 175
"C:/Users/Melih/Documents/GitHub/MyProject/platkasoyun/Content/SideScrollerBP/sound/audiomass-output__1_.uasset" 176
"C:/Users/Melih/Documents/GitHub/MyProject/platkasoyun/Content/SideScrollerBP/sound/audiomass-output__1_.uexp" 177
"../../../Engine/Content/EngineMaterials/T_Default_Material_Grid_N.uasset" 178
"../../../Engine/Content/EngineMaterials/T_Default_Material_Grid_N.uexp" 179
"../../../Engine/Content/EngineMaterials/T_Default_Material_Grid_N.ubulk" 180
"../../../Engine/Content/EngineMaterials/T_Default_Material_Grid_M.uasset" 181
"../../../Engine/Content/EngineMaterials/T_Default_Material_Grid_M.uexp" 182
"../../../Engine/Content/EngineMaterials/T_Default_Material_Grid_M.ubulk" 183
"../../../Engine/Content/Functions/Engine_MaterialFunctions01/Opacity/CameraDepthFade.uasset" 184
"../../../Engine/Content/Functions/Engine_MaterialFunctions01/Opacity/CameraDepthFade.uexp" 185
"../../../Engine/Content/EngineMaterials/DefaultMaterial.uasset" 186
"../../../Engine/Content/EngineMaterials/DefaultMaterial.uexp" 187
"../../../Engine/Content/BasicShapes/Sphere.uasset" 188
"../../../Engine/Content/BasicShapes/Sphere.uexp" 189
"../../../Engine/Content/BasicShapes/BasicShapeMaterial.uasset" 190
"../../../Engine/Content/BasicShapes/BasicShapeMaterial.uexp" 191
"../../../Engine/Content/Tutorial/SubEditors/TutorialAssets/T_soft_smoke.uasset" 192
"../../../Engine/Content/Tutorial/SubEditors/TutorialAssets/T_soft_smoke.uexp" 193
"../../../Engine/Content/Tutorial/SubEditors/TutorialAssets/T_soft_smoke.ubulk" 194
"../../../Engine/Content/Tutorial/SubEditors/TutorialAssets/T_SmokeSubUV_8X8.uasset" 195
"../../../Engine/Content/Tutorial/SubEditors/TutorialAssets/T_SmokeSubUV_8X8.uexp" 196
"../../../Engine/Content/Tutorial/SubEditors/TutorialAssets/T_SmokeSubUV_8X8.ubulk" 197
"../../../Engine/Content/Tutorial/SubEditors/TutorialAssets/M_smoke_subUV_blackbody.uasset" 198
"../../../Engine/Content/Tutorial/SubEditors/TutorialAssets/M_smoke_subUV_blackbody.uexp" 199
"../../../Engine/Content/Tutorial/SubEditors/TutorialAssets/TutorialParticleSystem.uasset" 200
"../../../Engine/Content/Tutorial/SubEditors/TutorialAssets/TutorialParticleSystem.uexp" 201
"C:/Users/Melih/Documents/GitHub/MyProject/platkasoyun/Content/SideScrollerBP/Blueprints/Gun/muzzleflash.uasset" 202
"C:/Users/Melih/Documents/GitHub/MyProject/platkasoyun/Content/SideScrollerBP/Blueprints/Gun/muzzleflash.uexp" 203
"C:/Users/Melih/Documents/GitHub/MyProject/platkasoyun/Content/Character/MainChar/Mesh/silah/Bronze.uasset" 204
"C:/Users/Melih/Documents/GitHub/MyProject/platkasoyun/Content/Character/MainChar/Mesh/silah/Bronze.uexp" 205
"C:/Users/Melih/Documents/GitHub/MyProject/platkasoyun/Content/Character/MainChar/Mesh/silah/buletandkovan_Bullet.uasset" 206
"C:/Users/Melih/Documents/GitHub/MyProject/platkasoyun/Content/Character/MainChar/Mesh/silah/buletandkovan_Bullet.uexp" 207
"C:/Users/Melih/Documents/GitHub/MyProject/platkasoyun/Content/SideScrollerBP/Blueprints/Gun/BulletBP.uasset" 208
"C:/Users/Melih/Documents/GitHub/MyProject/platkasoyun/Content/SideScrollerBP/Blueprints/Gun/BulletBP.uexp" 209
"C:/Users/Melih/Documents/GitHub/MyProject/platkasoyun/Content/SideScrollerBP/Blueprints/Interact_Interface.uasset" 210
"C:/Users/Melih/Documents/GitHub/MyProject/platkasoyun/Content/SideScrollerBP/Blueprints/Interact_Interface.uexp" 211
"C:/Users/Melih/Documents/GitHub/MyProject/platkasoyun/Content/SideScrollerBP/Blueprints/AmmoWidget.uasset" 212
"C:/Users/Melih/Documents/GitHub/MyProject/platkasoyun/Content/SideScrollerBP/Blueprints/AmmoWidget.uexp" 213
"C:/Users/Melih/Documents/GitHub/MyProject/platkasoyun/Content/Character/MainChar/Mesh/silah/untitssssled_testuvmaterial_OcclusionRoughnessMetallic.uasset" 214
"C:/Users/Melih/Documents/GitHub/MyProject/platkasoyun/Content/Character/MainChar/Mesh/silah/untitssssled_testuvmaterial_OcclusionRoughnessMetallic.uexp" 215
"C:/Users/Melih/Documents/GitHub/MyProject/platkasoyun/Content/Character/MainChar/Mesh/silah/untitssssled_testuvmaterial_OcclusionRoughnessMetallic.ubulk" 216
"C:/Users/Melih/Documents/GitHub/MyProject/platkasoyun/Content/Character/MainChar/Mesh/silah/untitssssled_testuvmaterial_Normal.uasset" 217
"C:/Users/Melih/Documents/GitHub/MyProject/platkasoyun/Content/Character/MainChar/Mesh/silah/untitssssled_testuvmaterial_Normal.uexp" 218
"C:/Users/Melih/Documents/GitHub/MyProject/platkasoyun/Content/Character/MainChar/Mesh/silah/untitssssled_testuvmaterial_Normal.ubulk" 219
"C:/Users/Melih/Documents/GitHub/MyProject/platkasoyun/Content/Character/MainChar/Mesh/silah/untitssssled_testuvmaterial_Emissive.uasset" 220
"C:/Users/Melih/Documents/GitHub/MyProject/platkasoyun/Content/Character/MainChar/Mesh/silah/untitssssled_testuvmaterial_Emissive.uexp" 221
"C:/Users/Melih/Documents/GitHub/MyProject/platkasoyun/Content/Character/MainChar/Mesh/silah/untitssssled_testuvmaterial_Emissive.ubulk" 222
"C:/Users/Melih/Documents/GitHub/MyProject/platkasoyun/Content/Character/MainChar/Mesh/silah/untitssssled_testuvmaterial_BaseColor.uasset" 223
"C:/Users/Melih/Documents/GitHub/MyProject/platkasoyun/Content/Character/MainChar/Mesh/silah/untitssssled_testuvmaterial_BaseColor.uexp" 224
"C:/Users/Melih/Documents/GitHub/MyProject/platkasoyun/Content/Character/MainChar/Mesh/silah/untitssssled_testuvmaterial_BaseColor.ubulk" 225
"C:/Users/Melih/Documents/GitHub/MyProject/platkasoyun/Content/Character/MainChar/Mesh/silah/silahmat.uasset" 226
"C:/Users/Melih/Documents/GitHub/MyProject/platkasoyun/Content/Character/MainChar/Mesh/silah/silahmat.uexp" 227
"C:/Users/Melih/Documents/GitHub/MyProject/platkasoyun/Content/Character/MainChar/Mesh/silah/pistol.uasset" 228
"C:/Users/Melih/Documents/GitHub/MyProject/platkasoyun/Content/Character/MainChar/Mesh/silah/pistol.uexp" 229
"C:/Users/Melih/Documents/GitHub/MyProject/platkasoyun/Content/Character/MainChar/Mesh/fesadam/pngtree-black-rope-isolated-train-png-image_10862414.uasset" 230
"C:/Users/Melih/Documents/GitHub/MyProject/platkasoyun/Content/Character/MainChar/Mesh/fesadam/pngtree-black-rope-isolated-train-png-image_10862414.uexp" 231
"C:/Users/Melih/Documents/GitHub/MyProject/platkasoyun/Content/Character/MainChar/Mesh/fesadam/NOR.uasset" 232
"C:/Users/Melih/Documents/GitHub/MyProject/platkasoyun/Content/Character/MainChar/Mesh/fesadam/NOR.uexp" 233
"C:/Users/Melih/Documents/GitHub/MyProject/platkasoyun/Content/Character/MainChar/Mesh/fesadam/fes.uasset" 234
"C:/Users/Melih/Documents/GitHub/MyProject/platkasoyun/Content/Character/MainChar/Mesh/fesadam/fes.uexp" 235
"C:/Users/Melih/Documents/GitHub/MyProject/platkasoyun/Content/Character/MainChar/Mesh/fesadam/cape.uasset" 236
"C:/Users/Melih/Documents/GitHub/MyProject/platkasoyun/Content/Character/MainChar/Mesh/fesadam/cape.uexp" 237
"C:/Users/Melih/Documents/GitHub/MyProject/platkasoyun/Content/Character/MainChar/Mesh/fesadam/withcape.uasset" 238
"C:/Users/Melih/Documents/GitHub/MyProject/platkasoyun/Content/Character/MainChar/Mesh/fesadam/withcape.uexp" 239
"../../../Engine/Content/EditorBlueprintResources/StandardMacros.uasset" 240
"../../../Engine/Content/EditorBlueprintResources/StandardMacros.uexp" 241
"C:/Users/Melih/Documents/GitHub/MyProject/platkasoyun/Content/Character/Animations/PistolAnimations/PistolWalkBackward_UE.uasset" 242
"C:/Users/Melih/Documents/GitHub/MyProject/platkasoyun/Content/Character/Animations/PistolAnimations/PistolWalkBackward_UE.uexp" 243
"C:/Users/Melih/Documents/GitHub/MyProject/platkasoyun/Content/Character/Animations/PistolAnimations/PistolWalk_UE.uasset" 244
"C:/Users/Melih/Documents/GitHub/MyProject/platkasoyun/Content/Character/Animations/PistolAnimations/PistolWalk_UE.uexp" 245
"C:/Users/Melih/Documents/GitHub/MyProject/platkasoyun/Content/Character/Animations/PistolAnimations/PistolRunBackward_UE.uasset" 246
"C:/Users/Melih/Documents/GitHub/MyProject/platkasoyun/Content/Character/Animations/PistolAnimations/PistolRunBackward_UE.uexp" 247
"C:/Users/Melih/Documents/GitHub/MyProject/platkasoyun/Content/Character/Animations/PistolAnimations/PistolRun_UE.uasset" 248
"C:/Users/Melih/Documents/GitHub/MyProject/platkasoyun/Content/Character/Animations/PistolAnimations/PistolRun_UE.uexp" 249
"C:/Users/Melih/Documents/GitHub/MyProject/platkasoyun/Content/Character/Animations/pistolrunwalkfrontbackwards.uasset" 250
"C:/Users/Melih/Documents/GitHub/MyProject/platkasoyun/Content/Character/Animations/pistolrunwalkfrontbackwards.uexp" 251
"C:/Users/Melih/Documents/GitHub/MyProject/platkasoyun/Content/Character/Animations/PistolAnimations/NewFolder/aoup.uasset" 252
"C:/Users/Melih/Documents/GitHub/MyProject/platkasoyun/Content/Character/Animations/PistolAnimations/NewFolder/aoup.uexp" 253
"C:/Users/Melih/Documents/GitHub/MyProject/platkasoyun/Content/Character/Animations/PistolAnimations/NewFolder/aomid.uasset" 254
"C:/Users/Melih/Documents/GitHub/MyProject/platkasoyun/Content/Character/Animations/PistolAnimations/NewFolder/aomid.uexp" 255
"C:/Users/Melih/Documents/GitHub/MyProject/platkasoyun/Content/Character/Animations/PistolAnimations/NewFolder/aodown.uasset" 256
"C:/Users/Melih/Documents/GitHub/MyProject/platkasoyun/Content/Character/Animations/PistolAnimations/NewFolder/aodown.uexp" 257
"C:/Users/Melih/Documents/GitHub/MyProject/platkasoyun/Content/SideScrollerBP/Blueprints/MyAimOffset.uasset" 258
"C:/Users/Melih/Documents/GitHub/MyProject/platkasoyun/Content/SideScrollerBP/Blueprints/MyAimOffset.uexp" 259
"C:/Users/Melih/Documents/GitHub/MyProject/platkasoyun/Content/Character/Animations/PistolAnimations/PistolRunJump_UE.uasset" 260
"C:/Users/Melih/Documents/GitHub/MyProject/platkasoyun/Content/Character/Animations/PistolAnimations/PistolRunJump_UE.uexp" 261
"C:/Users/Melih/Documents/GitHub/MyProject/platkasoyun/Content/Character/Animations/PistolAnimations/PistolJump_UE.uasset" 262
"C:/Users/Melih/Documents/GitHub/MyProject/platkasoyun/Content/Character/Animations/PistolAnimations/PistolJump_UE.uexp" 263
"C:/Users/Melih/Documents/GitHub/MyProject/platkasoyun/Content/Character/Animations/JumpRunJump.uasset" 264
"C:/Users/Melih/Documents/GitHub/MyProject/platkasoyun/Content/Character/Animations/JumpRunJump.uexp" 265
"C:/Users/Melih/Documents/GitHub/MyProject/platkasoyun/Content/Character/Animations/Mainchar_AnimBp.uasset" 266
"C:/Users/Melih/Documents/GitHub/MyProject/platkasoyun/Content/Character/Animations/Mainchar_AnimBp.uexp" 267
"C:/Users/Melih/Documents/GitHub/MyProject/platkasoyun/Content/SideScrollerBP/Blueprints/SideScrollerCharacter.uasset" 268
"C:/Users/Melih/Documents/GitHub/MyProject/platkasoyun/Content/SideScrollerBP/Blueprints/SideScrollerCharacter.uexp" 269
"C:/Users/Melih/Documents/GitHub/MyProject/platkasoyun/Content/SideScrollerBP/Blueprints/SideScrollerGameMode.uasset" 270
"C:/Users/Melih/Documents/GitHub/MyProject/platkasoyun/Content/SideScrollerBP/Blueprints/SideScrollerGameMode.uexp" 271
"C:/Users/Melih/Documents/GitHub/MyProject/platkasoyun/Content/SideScrollerBP/BuildFiles/trimsheetscifi_borubended_Cube_011.uasset" 272
"C:/Users/Melih/Documents/GitHub/MyProject/platkasoyun/Content/SideScrollerBP/BuildFiles/trimsheetscifi_borubended_Cube_011.uexp" 273
"C:/Users/Melih/Documents/GitHub/MyProject/platkasoyun/Content/SideScrollerBP/BuildFiles/Materials/NewMaterial_2.uasset" 274
"C:/Users/Melih/Documents/GitHub/MyProject/platkasoyun/Content/SideScrollerBP/BuildFiles/Materials/NewMaterial_2.uexp" 275
"../../../Engine/Content/EngineMaterials/WorldGridMaterial.uasset" 276
"../../../Engine/Content/EngineMaterials/WorldGridMaterial.uexp" 277
"../../../Engine/Content/ArtTools/RenderToTexture/Meshes/S_1_Unit_Plane.uasset" 278
"../../../Engine/Content/ArtTools/RenderToTexture/Meshes/S_1_Unit_Plane.uexp" 279
"../../../Engine/Content/BasicShapes/Cone.uasset" 280
"../../../Engine/Content/BasicShapes/Cone.uexp" 281
"../../../Engine/Content/BasicShapes/Plane.uasset" 282
"../../../Engine/Content/BasicShapes/Plane.uexp" 283
"../../../Engine/Content/EditorLandscapeResources/DataLayer.uasset" 284
"../../../Engine/Content/EditorLandscapeResources/DataLayer.uexp" 285
"../../../Engine/Content/EditorLandscapeResources/DefaultAlphaTexture.uasset" 286
"../../../Engine/Content/EditorLandscapeResources/DefaultAlphaTexture.uexp" 287
"../../../Engine/Content/EditorMaterials/MAT_Groups_Toggle.uasset" 288
"../../../Engine/Content/EditorMaterials/MAT_Groups_Toggle.uexp" 289
"../../../Engine/Content/EditorMaterials/MAT_Groups_Visibility.uasset" 290
"../../../Engine/Content/EditorMaterials/MAT_Groups_Visibility.uexp" 291
"../../../Engine/Content/EditorMaterials/PreviewShadowIndicator.uasset" 292
"../../../Engine/Content/EditorMaterials/PreviewShadowIndicator.uexp" 293
"../../../Engine/Content/EditorMaterials/PreviewShadowIndicator.ubulk" 294
"../../../Engine/Content/EditorMaterials/PreviewShadowIndicatorMaterial.uasset" 295
"../../../Engine/Content/EditorMaterials/PreviewShadowIndicatorMaterial.uexp" 296
"../../../Engine/Content/EditorMaterials/MatineeGroups/MAT_ColorTrack.uasset" 297
"../../../Engine/Content/EditorMaterials/MatineeGroups/MAT_ColorTrack.uexp" 298
"../../../Engine/Content/EditorMaterials/MatineeGroups/MAT_Groups_Anim.uasset" 299
"../../../Engine/Content/EditorMaterials/MatineeGroups/MAT_Groups_Anim.uexp" 300
"../../../Engine/Content/EditorMaterials/MatineeGroups/MAT_Groups_AudioMaster.uasset" 301
"../../../Engine/Content/EditorMaterials/MatineeGroups/MAT_Groups_AudioMaster.uexp" 302
"../../../Engine/Content/EditorMaterials/MatineeGroups/MAT_Groups_Director.uasset" 303
"../../../Engine/Content/EditorMaterials/MatineeGroups/MAT_Groups_Director.uexp" 304
"../../../Engine/Content/EditorMaterials/MatineeGroups/MAT_Groups_Event.uasset" 305
"../../../Engine/Content/EditorMaterials/MatineeGroups/MAT_Groups_Event.uexp" 306
"../../../Engine/Content/EditorMaterials/MatineeGroups/MAT_Groups_Fade.uasset" 307
"../../../Engine/Content/EditorMaterials/MatineeGroups/MAT_Groups_Fade.uexp" 308
"../../../Engine/Content/EditorMaterials/MatineeGroups/MAT_Groups_Float.uasset" 309
"../../../Engine/Content/EditorMaterials/MatineeGroups/MAT_Groups_Float.uexp" 310
"../../../Engine/Content/EditorMaterials/MatineeGroups/MAT_Groups_Move.uasset" 311
"../../../Engine/Content/EditorMaterials/MatineeGroups/MAT_Groups_Move.uexp" 312
"../../../Engine/Content/EditorMaterials/MatineeGroups/MAT_Groups_Slomo.uasset" 313
"../../../Engine/Content/EditorMaterials/MatineeGroups/MAT_Groups_Slomo.uexp" 314
"../../../Engine/Content/EditorMaterials/MatineeGroups/MAT_Groups_Sound.uasset" 315
"../../../Engine/Content/EditorMaterials/MatineeGroups/MAT_Groups_Sound.uexp" 316
"../../../Engine/Content/EditorMaterials/MatineeGroups/MAT_Groups_Vector.uasset" 317
"../../../Engine/Content/EditorMaterials/MatineeGroups/MAT_Groups_Vector.uexp" 318
"../../../Engine/Content/EditorMaterials/ParticleSystems/PSysThumbnail_NoImage.uasset" 319
"../../../Engine/Content/EditorMaterials/ParticleSystems/PSysThumbnail_NoImage.uexp" 320
"../../../Engine/Content/EditorMaterials/ParticleSystems/PSysThumbnail_NoImage.ubulk" 321
"../../../Engine/Content/EditorMaterials/ParticleSystems/PSysThumbnail_OOD.uasset" 322
"../../../Engine/Content/EditorMaterials/ParticleSystems/PSysThumbnail_OOD.uexp" 323
"../../../Engine/Content/EditorMaterials/ParticleSystems/PSysThumbnail_OOD.ubulk" 324
"../../../Engine/Content/EditorMaterials/Camera/CineMat.uasset" 325
"../../../Engine/Content/EditorMaterials/Camera/CineMat.uexp" 326
"../../../Engine/Content/EditorMaterials/Camera/MI_CineMat_Rig.uasset" 327
"../../../Engine/Content/EditorMaterials/Camera/MI_CineMat_Rig.uexp" 328
"../../../Engine/Content/EditorMeshes/Camera/SM_CraneRig_Arm.uasset" 329
"../../../Engine/Content/EditorMeshes/Camera/SM_CraneRig_Arm.uexp" 330
"../../../Engine/Content/EditorMeshes/Camera/SM_CraneRig_Base.uasset" 331
"../../../Engine/Content/EditorMeshes/Camera/SM_CraneRig_Base.uexp" 332
"../../../Engine/Content/EditorMeshes/Camera/SM_CraneRig_Body.uasset" 333
"../../../Engine/Content/EditorMeshes/Camera/SM_CraneRig_Body.uexp" 334
"../../../Engine/Content/EditorMeshes/Camera/SM_CraneRig_Mount.uasset" 335
"../../../Engine/Content/EditorMeshes/Camera/SM_CraneRig_Mount.uexp" 336
"../../../Engine/Content/EditorMeshes/Camera/SM_RailRig_Mount.uasset" 337
"../../../Engine/Content/EditorMeshes/Camera/SM_RailRig_Mount.uexp" 338
"../../../Engine/Content/EditorMeshes/Camera/SM_RailRig_Track.uasset" 339
"../../../Engine/Content/EditorMeshes/Camera/SM_RailRig_Track.uexp" 340
"../../../Engine/Content/EditorResources/BSPVertex.uasset" 341
"../../../Engine/Content/EditorResources/BSPVertex.uexp" 342
"../../../Engine/Content/EditorResources/EmptyActor.uasset" 343
"../../../Engine/Content/EditorResources/EmptyActor.uexp" 344
"../../../Engine/Content/EditorResources/S_Actor.uasset" 345
"../../../Engine/Content/EditorResources/S_Actor.uexp" 346
"../../../Engine/Content/EditorResources/S_Actor.ubulk" 347
"../../../Engine/Content/EditorResources/S_Note.uasset" 348
"../../../Engine/Content/EditorResources/S_Note.uexp" 349
"../../../Engine/Content/EditorResources/S_Note.ubulk" 350
"../../../Engine/Content/EditorResources/S_Solver.uasset" 351
"../../../Engine/Content/EditorResources/S_Solver.uexp" 352
"../../../Engine/Content/EditorResources/S_Solver.ubulk" 353
"../../../Engine/Content/EditorResources/S_Terrain.uasset" 354
"../../../Engine/Content/EditorResources/S_Terrain.uexp" 355
"../../../Engine/Content/EditorResources/S_Terrain.ubulk" 356
"../../../Engine/Content/EditorResources/S_Trigger.uasset" 357
"../../../Engine/Content/EditorResources/S_Trigger.uexp" 358
"../../../Engine/Content/EditorResources/S_Trigger.ubulk" 359
"../../../Engine/Content/EditorResources/AudioIcons/S_AudioComponent_AutoActivate.uasset" 360
"../../../Engine/Content/EditorResources/AudioIcons/S_AudioComponent_AutoActivate.uexp" 361
"../../../Engine/Content/EditorResources/AudioIcons/S_AudioComponent_AutoActivate.ubulk" 362
"../../../Engine/Content/EditorResources/LightIcons/S_LightError.uasset" 363
"../../../Engine/Content/EditorResources/LightIcons/S_LightError.uexp" 364
"../../../Engine/Content/EditorResources/SequenceRecorder/Countdown.uasset" 365
"../../../Engine/Content/EditorResources/SequenceRecorder/Countdown.uexp" 366
"../../../Engine/Content/EditorResources/SequenceRecorder/RecordingIndicator.uasset" 367
"../../../Engine/Content/EditorResources/SequenceRecorder/RecordingIndicator.uexp" 368
"../../../Engine/Content/EngineDamageTypes/DmgTypeBP_Environmental.uasset" 369
"../../../Engine/Content/EngineDamageTypes/DmgTypeBP_Environmental.uexp" 370
"../../../Engine/Content/EngineDebugMaterials/DebugEditorMaterial.uasset" 371
"../../../Engine/Content/EngineDebugMaterials/DebugEditorMaterial.uexp" 372
"../../../Engine/Content/EngineDebugMaterials/DebugMeshMaterial.uasset" 373
"../../../Engine/Content/EngineDebugMaterials/DebugMeshMaterial.uexp" 374
"../../../Engine/Content/EngineDebugMaterials/M_SimpleUnlitTranslucent.uasset" 375
"../../../Engine/Content/EngineDebugMaterials/M_SimpleUnlitTranslucent.uexp" 376
"../../../Engine/Content/EngineDebugMaterials/VolumeToRender.uasset" 377
"../../../Engine/Content/EngineDebugMaterials/VolumeToRender.uexp" 378
"../../../Engine/Content/Functions/Engine_MaterialFunctions02/Utility/CameraDirectionVector.uasset" 379
"../../../Engine/Content/Functions/Engine_MaterialFunctions02/Utility/CameraDirectionVector.uexp" 380
"../../../Engine/Content/EngineDebugMaterials/M_VolumeRenderSphereTracePP.uasset" 381
"../../../Engine/Content/EngineDebugMaterials/M_VolumeRenderSphereTracePP.uexp" 382
"../../../Engine/Content/Functions/Engine_MaterialFunctions01/Shading/ConvertFromDiffSpec.uasset" 383
"../../../Engine/Content/Functions/Engine_MaterialFunctions01/Shading/ConvertFromDiffSpec.uexp" 384
"../../../Engine/Content/EngineDebugMaterials/VertexColorMaterial.uasset" 385
"../../../Engine/Content/EngineDebugMaterials/VertexColorMaterial.uexp" 386
"../../../Engine/Content/EngineDebugMaterials/WireframeMaterial.uasset" 387
"../../../Engine/Content/EngineDebugMaterials/WireframeMaterial.uexp" 388
"../../../Engine/Content/EngineFonts/Faces/RobotoRegular.uasset" 389
"../../../Engine/Content/EngineFonts/Faces/RobotoRegular.uexp" 390
"../../../Engine/Content/EngineFonts/Faces/RobotoRegular.ufont" 391
"../../../Engine/Content/EngineFonts/Faces/RobotoLight.uasset" 392
"../../../Engine/Content/EngineFonts/Faces/RobotoLight.uexp" 393
"../../../Engine/Content/EngineFonts/Faces/RobotoLight.ufont" 394
"../../../Engine/Content/EngineFonts/Faces/RobotoItalic.uasset" 395
"../../../Engine/Content/EngineFonts/Faces/RobotoItalic.uexp" 396
"../../../Engine/Content/EngineFonts/Faces/RobotoItalic.ufont" 397
"../../../Engine/Content/EngineFonts/Faces/RobotoBoldItalic.uasset" 398
"../../../Engine/Content/EngineFonts/Faces/RobotoBoldItalic.uexp" 399
"../../../Engine/Content/EngineFonts/Faces/RobotoBoldItalic.ufont" 400
"../../../Engine/Content/EngineFonts/Faces/RobotoBold.uasset" 401
"../../../Engine/Content/EngineFonts/Faces/RobotoBold.uexp" 402
"../../../Engine/Content/EngineFonts/Faces/RobotoBold.ufont" 403
"../../../Engine/Content/EngineFonts/Faces/DroidSansFallback.uasset" 404
"../../../Engine/Content/EngineFonts/Faces/DroidSansFallback.uexp" 405
"../../../Engine/Content/EngineFonts/Faces/DroidSansFallback.ufont" 406
"../../../Engine/Content/EngineFonts/Roboto.uasset" 407
"../../../Engine/Content/EngineFonts/Roboto.uexp" 408
"../../../Engine/Content/EngineMaterials/BaseFlattenNormalMap.uasset" 409
"../../../Engine/Content/EngineMaterials/BaseFlattenNormalMap.uexp" 410
"../../../Engine/Content/EngineMaterials/BaseFlattenGrayscaleMap.uasset" 411
"../../../Engine/Content/EngineMaterials/BaseFlattenGrayscaleMap.uexp" 412
"../../../Engine/Content/EngineMaterials/BaseFlattenEmissiveMap.uasset" 413
"../../../Engine/Content/EngineMaterials/BaseFlattenEmissiveMap.uexp" 414
"../../../Engine/Content/EngineMaterials/BaseFlattenDiffuseMap.uasset" 415
"../../../Engine/Content/EngineMaterials/BaseFlattenDiffuseMap.uexp" 416
"../../../Engine/Content/EngineMaterials/BaseFlattenMaterial.uasset" 417
"../../../Engine/Content/EngineMaterials/BaseFlattenMaterial.uexp" 418
"../../../Engine/Content/EngineMaterials/BlueNoise.uasset" 419
"../../../Engine/Content/EngineMaterials/BlueNoise.uexp" 420
"../../../Engine/Content/EngineMaterials/DefaultBloomKernel.uasset" 421
"../../../Engine/Content/EngineMaterials/DefaultBloomKernel.uexp" 422
"../../../Engine/Content/EngineMaterials/DefaultBokeh.uasset" 423
"../../../Engine/Content/EngineMaterials/DefaultBokeh.uexp" 424
"../../../Engine/Content/EngineMaterials/DefaultDiffuse.uasset" 425
"../../../Engine/Content/EngineMaterials/DefaultDiffuse.uexp" 426
"../../../Engine/Content/EngineMaterials/DefaultDiffuse.ubulk" 427
"../../../Engine/Content/EngineMaterials/DefaultDeferredDecalMaterial.uasset" 428
"../../../Engine/Content/EngineMaterials/DefaultDeferredDecalMaterial.uexp" 429
"../../../Engine/Content/EngineMaterials/DefaultLightFunctionMaterial.uasset" 430
"../../../Engine/Content/EngineMaterials/DefaultLightFunctionMaterial.uexp" 431
"../../../Engine/Content/EngineMaterials/DefaultPhysicalMaterial.uasset" 432
"../../../Engine/Content/EngineMaterials/DefaultPhysicalMaterial.uexp" 433
"../../../Engine/Content/Functions/Engine_MaterialFunctions02/Utility/BreakOutFloat2Components.uasset" 434
"../../../Engine/Content/Functions/Engine_MaterialFunctions02/Utility/BreakOutFloat2Components.uexp" 435
"../../../Engine/Content/EngineMaterials/DefaultPostProcessMaterial.uasset" 436
"../../../Engine/Content/EngineMaterials/DefaultPostProcessMaterial.uexp" 437
"../../../Engine/Content/EngineFonts/RobotoDistanceField.uasset" 438
"../../../Engine/Content/EngineFonts/RobotoDistanceField.uexp" 439
"../../../Engine/Content/EngineMaterials/DefaultTextMaterialOpaque.uasset" 440
"../../../Engine/Content/EngineMaterials/DefaultTextMaterialOpaque.uexp" 441
"../../../Engine/Content/EngineMaterials/DefaultWhiteGrid.uasset" 442
"../../../Engine/Content/EngineMaterials/DefaultWhiteGrid.uexp" 443
"../../../Engine/Content/EngineMaterials/DefaultWhiteGrid.ubulk" 444
"../../../Engine/Content/EngineMaterials/DefaultWhiteGrid_Low.uasset" 445
"../../../Engine/Content/EngineMaterials/DefaultWhiteGrid_Low.uexp" 446
"../../../Engine/Content/EngineMaterials/EmissiveMeshMaterial.uasset" 447
"../../../Engine/Content/EngineMaterials/EmissiveMeshMaterial.uexp" 448
"../../../Engine/Content/EngineMaterials/GizmoMaterial.uasset" 449
"../../../Engine/Content/EngineMaterials/GizmoMaterial.uexp" 450
"../../../Engine/Content/EngineMaterials/Good64x64TilingNoiseHighFreq.uasset" 451
"../../../Engine/Content/EngineMaterials/Good64x64TilingNoiseHighFreq.uexp" 452
"../../../Engine/Content/EngineMaterials/MiniFont.uasset" 453
"../../../Engine/Content/EngineMaterials/MiniFont.uexp" 454
"../../../Engine/Content/EngineMaterials/InvalidLightmapSettings.uasset" 455
"../../../Engine/Content/EngineMaterials/InvalidLightmapSettings.uexp" 456
"../../../Engine/Content/EngineMaterials/InvalidLightmapSettings.ubulk" 457
"../../../Engine/Content/EngineMaterials/M_InvalidLightmapSettings.uasset" 458
"../../../Engine/Content/EngineMaterials/M_InvalidLightmapSettings.uexp" 459
"../../../Engine/Content/Functions/Engine_MaterialFunctions02/WorldPositionOffset/CameraOffset.uasset" 460
"../../../Engine/Content/Functions/Engine_MaterialFunctions02/WorldPositionOffset/CameraOffset.uexp" 461
"../../../Engine/Content/EngineMaterials/PhAT_JointLimitMaterial.uasset" 462
"../../../Engine/Content/EngineMaterials/PhAT_JointLimitMaterial.uexp" 463
"../../../Engine/Content/EngineMaterials/DefaultCalibrationColor.uasset" 464
"../../../Engine/Content/EngineMaterials/DefaultCalibrationColor.uexp" 465
"../../../Engine/Content/EngineMaterials/PPM_DefaultCalibrationColor.uasset" 466
"../../../Engine/Content/EngineMaterials/PPM_DefaultCalibrationColor.uexp" 467
"../../../Engine/Content/EngineMaterials/DefaultCalibrationGrayscale.uasset" 468
"../../../Engine/Content/EngineMaterials/DefaultCalibrationGrayscale.uexp" 469
"../../../Engine/Content/EngineMaterials/PPM_DefaultCalibrationGrayscale.uasset" 470
"../../../Engine/Content/EngineMaterials/PPM_DefaultCalibrationGrayscale.uexp" 471
"../../../Engine/Content/EngineMaterials/PreintegratedSkinBRDF.uasset" 472
"../../../Engine/Content/EngineMaterials/PreintegratedSkinBRDF.uexp" 473
"../../../Engine/Content/EngineMaterials/RemoveSurfaceMaterial.uasset" 474
"../../../Engine/Content/EngineMaterials/RemoveSurfaceMaterial.uexp" 475
"../../../Engine/Content/EngineMaterials/WeightMapPlaceholderTexture.uasset" 476
"../../../Engine/Content/EngineMaterials/WeightMapPlaceholderTexture.uexp" 477
"../../../Engine/Content/EngineResources/WhiteSquareTexture.uasset" 478
"../../../Engine/Content/EngineResources/WhiteSquareTexture.uexp" 479
"../../../Engine/Content/EngineMaterials/Widget3DPassThrough.uasset" 480
"../../../Engine/Content/EngineMaterials/Widget3DPassThrough.uexp" 481
"../../../Engine/Content/EngineMaterials/Widget3DPassThrough_Masked.uasset" 482
"../../../Engine/Content/EngineMaterials/Widget3DPassThrough_Masked.uexp" 483
"../../../Engine/Content/EngineMaterials/Widget3DPassThrough_Opaque.uasset" 484
"../../../Engine/Content/EngineMaterials/Widget3DPassThrough_Opaque.uexp" 485
"../../../Engine/Content/EngineMaterials/Widget3DPassThrough_Masked_OneSided.uasset" 486
"../../../Engine/Content/EngineMaterials/Widget3DPassThrough_Masked_OneSided.uexp" 487
"../../../Engine/Content/EngineMaterials/Widget3DPassThrough_Opaque_OneSided.uasset" 488
"../../../Engine/Content/EngineMaterials/Widget3DPassThrough_Opaque_OneSided.uexp" 489
"../../../Engine/Content/EngineMaterials/Widget3DPassThrough_Translucent.uasset" 490
"../../../Engine/Content/EngineMaterials/Widget3DPassThrough_Translucent.uexp" 491
"../../../Engine/Content/EngineMaterials/Widget3DPassThrough_Translucent_OneSided.uasset" 492
"../../../Engine/Content/EngineMaterials/Widget3DPassThrough_Translucent_OneSided.uexp" 493
"../../../Engine/Content/EngineMeshes/Cylinder.uasset" 494
"../../../Engine/Content/EngineMeshes/Cylinder.uexp" 495
"../../../Engine/Content/EngineMeshes/Sphere.uasset" 496
"../../../Engine/Content/EngineMeshes/Sphere.uexp" 497
"../../../Engine/Content/EngineResources/DefaultTexture.uasset" 498
"../../../Engine/Content/EngineResources/DefaultTexture.uexp" 499
"../../../Engine/Content/EngineResources/DefaultTexture.ubulk" 500
"../../../Engine/Content/EngineResources/DefaultTextureCube.uasset" 501
"../../../Engine/Content/EngineResources/DefaultTextureCube.uexp" 502
"../../../Engine/Content/EngineResources/DefaultVolumeTexture2D.uasset" 503
"../../../Engine/Content/EngineResources/DefaultVolumeTexture2D.uexp" 504
"../../../Engine/Content/EngineResources/DefaultVolumeTexture.uasset" 505
"../../../Engine/Content/EngineResources/DefaultVolumeTexture.uexp" 506
"../../../Engine/Content/EngineResources/GradientTexture0.uasset" 507
"../../../Engine/Content/EngineResources/GradientTexture0.uexp" 508
"../../../Engine/Content/EngineSky/VolumetricClouds/T_NoiseShape64.uasset" 509
"../../../Engine/Content/EngineSky/VolumetricClouds/T_NoiseShape64.uexp" 510
"../../../Engine/Content/EngineSky/VolumetricClouds/T_NoiseShape64.ubulk" 511
"../../../Engine/Content/EngineSky/VolumetricClouds/T_VolumeNoiseShape64.uasset" 512
"../../../Engine/Content/EngineSky/VolumetricClouds/T_VolumeNoiseShape64.uexp" 513
"../../../Engine/Content/EngineSky/VolumetricClouds/T_NoiseErosion.uasset" 514
"../../../Engine/Content/EngineSky/VolumetricClouds/T_NoiseErosion.uexp" 515
"../../../Engine/Content/EngineSky/VolumetricClouds/T_NoiseErosion.ubulk" 516
"../../../Engine/Content/EngineSky/VolumetricClouds/T_VolumeNoiseErosion32.uasset" 517
"../../../Engine/Content/EngineSky/VolumetricClouds/T_VolumeNoiseErosion32.uexp" 518
"../../../Engine/Content/EngineSky/VolumetricClouds/CloudWeatherTexture.uasset" 519
"../../../Engine/Content/EngineSky/VolumetricClouds/CloudWeatherTexture.uexp" 520
"../../../Engine/Content/EngineSky/VolumetricClouds/CloudGradientTexture.uasset" 521
"../../../Engine/Content/EngineSky/VolumetricClouds/CloudGradientTexture.uexp" 522
"../../../Engine/Content/Functions/Engine_MaterialFunctions02/Utility/MakeFloat2.uasset" 523
"../../../Engine/Content/Functions/Engine_MaterialFunctions02/Utility/MakeFloat2.uexp" 524
"../../../Engine/Content/EngineSky/VolumetricClouds/m_SimpleVolumetricCloud.uasset" 525
"../../../Engine/Content/EngineSky/VolumetricClouds/m_SimpleVolumetricCloud.uexp" 526
"../../../Engine/Content/EngineSky/VolumetricClouds/m_SimpleVolumetricCloud_Inst.uasset" 527
"../../../Engine/Content/EngineSky/VolumetricClouds/m_SimpleVolumetricCloud_Inst.uexp" 528
"../../../Engine/Content/Functions/Engine_MaterialFunctions01/Shading/PowerToRoughness.uasset" 529
"../../../Engine/Content/Functions/Engine_MaterialFunctions01/Shading/PowerToRoughness.uexp" 530
"../../../Engine/Content/Maps/Templates/Thumbnails/Default.uasset" 531
"../../../Engine/Content/Maps/Templates/Thumbnails/Default.uexp" 532
"../../../Engine/Content/Maps/Templates/Thumbnails/TimeOfDay.uasset" 533
"../../../Engine/Content/Maps/Templates/Thumbnails/TimeOfDay.uexp" 534
"../../../Engine/Content/Maps/Templates/Thumbnails/VR-Basic.uasset" 535
"../../../Engine/Content/Maps/Templates/Thumbnails/VR-Basic.uexp" 536
"../../../Engine/Content/MobileResources/T_MobileControls_texture.uasset" 537
"../../../Engine/Content/MobileResources/T_MobileControls_texture.uexp" 538
"../../../Engine/Content/MobileResources/T_MobileMenu2.uasset" 539
"../../../Engine/Content/MobileResources/T_MobileMenu2.uexp" 540
"../../../Engine/Content/MobileResources/HUD/AnalogHat.uasset" 541
"../../../Engine/Content/MobileResources/HUD/AnalogHat.uexp" 542
"../../../Engine/Content/MobileResources/HUD/VirtualJoystick_Thumb.uasset" 543
"../../../Engine/Content/MobileResources/HUD/VirtualJoystick_Thumb.uexp" 544
"../../../Engine/Content/MobileResources/HUD/VirtualJoystick_Background.uasset" 545
"../../../Engine/Content/MobileResources/HUD/VirtualJoystick_Background.uexp" 546
"../../../Engine/Content/MobileResources/HUD/DefaultVirtualJoysticks.uasset" 547
"../../../Engine/Content/MobileResources/HUD/DefaultVirtualJoysticks.uexp" 548
"../../../Engine/Content/MobileResources/HUD/LeftVirtualJoystickOnly.uasset" 549
"../../../Engine/Content/MobileResources/HUD/LeftVirtualJoystickOnly.uexp" 550
"../../../Engine/Content/MobileResources/HUD/MobileHUDButton1_off.uasset" 551
"../../../Engine/Content/MobileResources/HUD/MobileHUDButton1_off.uexp" 552
"../../../Engine/Content/MobileResources/HUD/MobileHUDButton1_on.uasset" 553
"../../../Engine/Content/MobileResources/HUD/MobileHUDButton1_on.uexp" 554
"../../../Engine/Content/MobileResources/HUD/MobileHUDButton2_off.uasset" 555
"../../../Engine/Content/MobileResources/HUD/MobileHUDButton2_off.uexp" 556
"../../../Engine/Content/MobileResources/HUD/MobileHUDButton2_on.uasset" 557
"../../../Engine/Content/MobileResources/HUD/MobileHUDButton2_on.uexp" 558
"../../../Engine/Content/MobileResources/HUD/MobileHUDButton3.uasset" 559
"../../../Engine/Content/MobileResources/HUD/MobileHUDButton3.uexp" 560
"../../../Engine/Content/MobileResources/HUD/MobileHUDButtonFire.uasset" 561
"../../../Engine/Content/MobileResources/HUD/MobileHUDButtonFire.uexp" 562
"../../../Engine/Content/MobileResources/HUD/MobileHUDDirectionPad.uasset" 563
"../../../Engine/Content/MobileResources/HUD/MobileHUDDirectionPad.uexp" 564
"../../../Engine/Content/MobileResources/HUD/MobileHUDDirectionPad2.uasset" 565
"../../../Engine/Content/MobileResources/HUD/MobileHUDDirectionPad2.uexp" 566
"../../../Engine/Content/MobileResources/HUD/MobileHUDDirectionPad3.uasset" 567
"../../../Engine/Content/MobileResources/HUD/MobileHUDDirectionPad3.uexp" 568
"../../../Engine/Content/MobileResources/HUD/MobileHUDDirectionStick.uasset" 569
"../../../Engine/Content/MobileResources/HUD/MobileHUDDirectionStick.uexp" 570
"../../../Engine/Content/MobileResources/HUD/T_Castle_ThumbstickInner.uasset" 571
"../../../Engine/Content/MobileResources/HUD/T_Castle_ThumbstickInner.uexp" 572
"../../../Engine/Content/MobileResources/HUD/T_Castle_ThumbstickOutter.uasset" 573
"../../../Engine/Content/MobileResources/HUD/T_Castle_ThumbstickOutter.uexp" 574
"../../../Engine/Content/Tutorial/ContentIntroCurve.uasset" 575
"../../../Engine/Content/Tutorial/ContentIntroCurve.uexp" 576
"../../../Engine/Content/Tutorial/Basics/TutorialAssets/icon_tab_Levels_40x.uasset" 577
"../../../Engine/Content/Tutorial/Basics/TutorialAssets/icon_tab_Levels_40x.uexp" 578
"../../../Engine/Content/VREditor/TransformGizmo/TranslucentTransformGizmoMaterial.uasset" 579
"../../../Engine/Content/VREditor/TransformGizmo/TranslucentTransformGizmoMaterial.uexp" 580
"../../../Engine/Content/VREditor/LaserPointer/VR_LaserPower_01.uasset" 581
"../../../Engine/Content/VREditor/LaserPointer/VR_LaserPower_01.uexp" 582
"../../../Engine/Content/VREditor/LaserPointer/VR_LaserPower_01.ubulk" 583
"../../../Engine/Content/VREditor/TransformGizmo/TransformGizmoMaterial.uasset" 584
"../../../Engine/Content/VREditor/TransformGizmo/TransformGizmoMaterial.uexp" 585
"../../../Engine/Content/VREditor/TransformGizmo/BoundingBoxCorner.uasset" 586
"../../../Engine/Content/VREditor/TransformGizmo/BoundingBoxCorner.uexp" 587
"../../../Engine/Content/VREditor/TransformGizmo/BoundingBoxEdge.uasset" 588
"../../../Engine/Content/VREditor/TransformGizmo/BoundingBoxEdge.uexp" 589
"../../../Engine/Content/VREditor/TransformGizmo/PlaneTranslationHandle.uasset" 590
"../../../Engine/Content/VREditor/TransformGizmo/PlaneTranslationHandle.uexp" 591
"../../../Engine/Content/VREditor/TransformGizmo/Xray.uasset" 592
"../../../Engine/Content/VREditor/TransformGizmo/Xray.uexp" 593
"../../../Engine/Content/VREditor/TransformGizmo/Main.uasset" 594
"../../../Engine/Content/VREditor/TransformGizmo/Main.uexp" 595
"../../../Engine/Content/VREditor/TransformGizmo/SM_Sequencer_Key.uasset" 596
"../../../Engine/Content/VREditor/TransformGizmo/SM_Sequencer_Key.uexp" 597
"../../../Engine/Content/VREditor/TransformGizmo/SM_Sequencer_Node.uasset" 598
"../../../Engine/Content/VREditor/TransformGizmo/SM_Sequencer_Node.uexp" 599
"../../../Engine/Plugins/2D/Paper2D/Content/PlaceholderTextures/DummySpriteTexture.uasset" 600
"../../../Engine/Plugins/2D/Paper2D/Content/PlaceholderTextures/DummySpriteTexture.uexp" 601
"../../../Engine/Plugins/2D/Paper2D/Content/PlaceholderTextures/DummySpriteTexture.ubulk" 602
"../../../Engine/Plugins/2D/Paper2D/Content/DummySprite.uasset" 603
"../../../Engine/Plugins/2D/Paper2D/Content/DummySprite.uexp" 604
"../../../Engine/Plugins/2D/Paper2D/Content/DefaultPaperTerrainMaterial.uasset" 605
"../../../Engine/Plugins/2D/Paper2D/Content/DefaultPaperTerrainMaterial.uexp" 606
"../../../Engine/Plugins/2D/Paper2D/Content/DefaultSpriteMaterial.uasset" 607
"../../../Engine/Plugins/2D/Paper2D/Content/DefaultSpriteMaterial.uexp" 608
"../../../Engine/Plugins/2D/Paper2D/Content/MaskedUnlitSpriteMaterial.uasset" 609
"../../../Engine/Plugins/2D/Paper2D/Content/MaskedUnlitSpriteMaterial.uexp" 610
"../../../Engine/Plugins/2D/Paper2D/Content/OpaqueUnlitSpriteMaterial.uasset" 611
"../../../Engine/Plugins/2D/Paper2D/Content/OpaqueUnlitSpriteMaterial.uexp" 612
"../../../Engine/Content/Functions/Engine_MaterialFunctions02/Utility/VectorLength.uasset" 613
"../../../Engine/Content/Functions/Engine_MaterialFunctions02/Utility/VectorLength.uexp" 614
"../../../Engine/Content/Functions/Engine_MaterialFunctions02/WorldPositionOffset/ObjectScale.uasset" 615
"../../../Engine/Content/Functions/Engine_MaterialFunctions02/WorldPositionOffset/ObjectScale.uexp" 616
"../../../Engine/Content/Functions/Engine_MaterialFunctions02/Utility/BreakOutFloat3Components.uasset" 617
"../../../Engine/Content/Functions/Engine_MaterialFunctions02/Utility/BreakOutFloat3Components.uexp" 618
"../../../Engine/Content/Functions/Engine_MaterialFunctions02/ObjectLocalBounds.uasset" 619
"../../../Engine/Content/Functions/Engine_MaterialFunctions02/ObjectLocalBounds.uexp" 620
"../../../Engine/Plugins/Editor/SpeedTreeImporter/Content/SpeedTree9/UnpackInteger3.uasset" 621
"../../../Engine/Plugins/Editor/SpeedTreeImporter/Content/SpeedTree9/UnpackInteger3.uexp" 622
"../../../Engine/Plugins/Editor/SpeedTreeImporter/Content/SpeedTree9/UnpackDirection.uasset" 623
"../../../Engine/Plugins/Editor/SpeedTreeImporter/Content/SpeedTree9/UnpackDirection.uexp" 624
"../../../Engine/Plugins/Editor/SpeedTreeImporter/Content/SpeedTree9/game_wind_noise.uasset" 625
"../../../Engine/Plugins/Editor/SpeedTreeImporter/Content/SpeedTree9/game_wind_noise.uexp" 626
"../../../Engine/Plugins/Editor/SpeedTreeImporter/Content/SpeedTree9/game_wind_noise.ubulk" 627
"../../../Engine/Content/Functions/Engine_MaterialFunctions02/SafeNormalize.uasset" 628
"../../../Engine/Content/Functions/Engine_MaterialFunctions02/SafeNormalize.uexp" 629
"../../../Engine/Plugins/Editor/SpeedTreeImporter/Content/SpeedTree9/SpeedTreeWindMotion.uasset" 630
"../../../Engine/Plugins/Editor/SpeedTreeImporter/Content/SpeedTree9/SpeedTreeWindMotion.uexp" 631
"../../../Engine/Plugins/Editor/SpeedTreeImporter/Content/SpeedTree9/SpeedTreeBranchMotion.uasset" 632
"../../../Engine/Plugins/Editor/SpeedTreeImporter/Content/SpeedTree9/SpeedTreeBranchMotion.uexp" 633
"../../../Engine/Content/Functions/Engine_MaterialFunctions02/UVs/BoundingBoxBased_0-1_UVW.uasset" 634
"../../../Engine/Content/Functions/Engine_MaterialFunctions02/UVs/BoundingBoxBased_0-1_UVW.uexp" 635
"../../../Engine/Plugins/Editor/SpeedTreeImporter/Content/SpeedTree9/SpeedTreeWind.uasset" 636
"../../../Engine/Plugins/Editor/SpeedTreeImporter/Content/SpeedTree9/SpeedTreeWind.uexp" 637
"../../../Engine/Plugins/Editor/SpeedTreeImporter/Content/SpeedTree9/SpeedTreeBillboard.uasset" 638
"../../../Engine/Plugins/Editor/SpeedTreeImporter/Content/SpeedTree9/SpeedTreeBillboard.uexp" 639
"../../../Engine/Plugins/Editor/SpeedTreeImporter/Content/SpeedTree9/EmptyNormal.uasset" 640
"../../../Engine/Plugins/Editor/SpeedTreeImporter/Content/SpeedTree9/EmptyNormal.uexp" 641
"../../../Engine/Plugins/Editor/SpeedTreeImporter/Content/SpeedTree9/Empty.uasset" 642
"../../../Engine/Plugins/Editor/SpeedTreeImporter/Content/SpeedTree9/Empty.uexp" 643
"../../../Engine/Plugins/Editor/SpeedTreeImporter/Content/SpeedTree9/SpeedTreeBillboardMaster.uasset" 644
"../../../Engine/Plugins/Editor/SpeedTreeImporter/Content/SpeedTree9/SpeedTreeBillboardMaster.uexp" 645
"../../../Engine/Plugins/Editor/SpeedTreeImporter/Content/SpeedTree9/SpeedTreeCameraFacing.uasset" 646
"../../../Engine/Plugins/Editor/SpeedTreeImporter/Content/SpeedTree9/SpeedTreeCameraFacing.uexp" 647
"../../../Engine/Plugins/Editor/SpeedTreeImporter/Content/SpeedTree9/SpeedTreeMaster.uasset" 648
"../../../Engine/Plugins/Editor/SpeedTreeImporter/Content/SpeedTree9/SpeedTreeMaster.uexp" 649
"../../../Engine/Content/BasicShapes/Cylinder.uasset" 650
"../../../Engine/Content/BasicShapes/Cylinder.uexp" 651
"../../../Engine/Content/ArtTools/RenderToTexture/Materials/Debug/M_Emissive_Color.uasset" 652
"../../../Engine/Content/ArtTools/RenderToTexture/Materials/Debug/M_Emissive_Color.uexp" 653
"../../../Engine/Plugins/Lumin/MagicLeapPassableWorld/Content/MagicLeapARPinInfoActor.uasset" 654
"../../../Engine/Plugins/Lumin/MagicLeapPassableWorld/Content/MagicLeapARPinInfoActor.uexp" 655
"../../../Engine/Plugins/Runtime/OpenXR/Content/Devices/GoogleDaydream/MRTexture.uasset" 656
"../../../Engine/Plugins/Runtime/OpenXR/Content/Devices/GoogleDaydream/MRTexture.uexp" 657
"../../../Engine/Plugins/Runtime/OpenXR/Content/Devices/GoogleDaydream/MRTexture.ubulk" 658
"../../../Engine/Plugins/Runtime/OpenXR/Content/Devices/GoogleDaydream/BaseTexture.uasset" 659
"../../../Engine/Plugins/Runtime/OpenXR/Content/Devices/GoogleDaydream/BaseTexture.uexp" 660
"../../../Engine/Plugins/Runtime/OpenXR/Content/Devices/GoogleDaydream/BaseTexture.ubulk" 661
"../../../Engine/Content/EngineResources/Black.uasset" 662
"../../../Engine/Content/EngineResources/Black.uexp" 663
"../../../Engine/Plugins/Runtime/OpenXR/Content/Devices/M_XRController.uasset" 664
"../../../Engine/Plugins/Runtime/OpenXR/Content/Devices/M_XRController.uexp" 665
"../../../Engine/Plugins/Runtime/OpenXR/Content/Devices/GoogleDaydream/MI_GoogleDaydream.uasset" 666
"../../../Engine/Plugins/Runtime/OpenXR/Content/Devices/GoogleDaydream/MI_GoogleDaydream.uexp" 667
"../../../Engine/Plugins/Runtime/OpenXR/Content/Devices/GoogleDaydream/GoogleDaydreamController.uasset" 668
"../../../Engine/Plugins/Runtime/OpenXR/Content/Devices/GoogleDaydream/GoogleDaydreamController.uexp" 669
"../../../Engine/Plugins/Runtime/OpenXR/Content/Devices/HTCVive/BaseTexture.uasset" 670
"../../../Engine/Plugins/Runtime/OpenXR/Content/Devices/HTCVive/BaseTexture.uexp" 671
"../../../Engine/Plugins/Runtime/OpenXR/Content/Devices/HTCVive/BaseTexture.ubulk" 672
"../../../Engine/Plugins/Runtime/OpenXR/Content/Devices/HTCVive/MI_HTCVive.uasset" 673
"../../../Engine/Plugins/Runtime/OpenXR/Content/Devices/HTCVive/MI_HTCVive.uexp" 674
"../../../Engine/Plugins/Runtime/OpenXR/Content/Devices/HTCVive/HTCViveController.uasset" 675
"../../../Engine/Plugins/Runtime/OpenXR/Content/Devices/HTCVive/HTCViveController.uexp" 676
"../../../Engine/Plugins/Runtime/OpenXR/Content/Devices/MicrosoftMixedReality/NormalTexture.uasset" 677
"../../../Engine/Plugins/Runtime/OpenXR/Content/Devices/MicrosoftMixedReality/NormalTexture.uexp" 678
"../../../Engine/Plugins/Runtime/OpenXR/Content/Devices/MicrosoftMixedReality/NormalTexture.ubulk" 679
"../../../Engine/Plugins/Runtime/OpenXR/Content/Devices/MicrosoftMixedReality/MRTexture.uasset" 680
"../../../Engine/Plugins/Runtime/OpenXR/Content/Devices/MicrosoftMixedReality/MRTexture.uexp" 681
"../../../Engine/Plugins/Runtime/OpenXR/Content/Devices/MicrosoftMixedReality/MRTexture.ubulk" 682
"../../../Engine/Plugins/Runtime/OpenXR/Content/Devices/MicrosoftMixedReality/EmissiveTexture.uasset" 683
"../../../Engine/Plugins/Runtime/OpenXR/Content/Devices/MicrosoftMixedReality/EmissiveTexture.uexp" 684
"../../../Engine/Plugins/Runtime/OpenXR/Content/Devices/MicrosoftMixedReality/EmissiveTexture.ubulk" 685
"../../../Engine/Plugins/Runtime/OpenXR/Content/Devices/MicrosoftMixedReality/BaseTexture.uasset" 686
"../../../Engine/Plugins/Runtime/OpenXR/Content/Devices/MicrosoftMixedReality/BaseTexture.uexp" 687
"../../../Engine/Plugins/Runtime/OpenXR/Content/Devices/MicrosoftMixedReality/BaseTexture.ubulk" 688
"../../../Engine/Plugins/Runtime/OpenXR/Content/Devices/MicrosoftMixedReality/MI_MicrosoftMixedReality.uasset" 689
"../../../Engine/Plugins/Runtime/OpenXR/Content/Devices/MicrosoftMixedReality/MI_MicrosoftMixedReality.uexp" 690
"../../../Engine/Plugins/Runtime/OpenXR/Content/Devices/MicrosoftMixedReality/Left/left_MicrosoftMixedRealityController.uasset" 691
"../../../Engine/Plugins/Runtime/OpenXR/Content/Devices/MicrosoftMixedReality/Left/left_MicrosoftMixedRealityController.uexp" 692
"../../../Engine/Plugins/Runtime/OpenXR/Content/Devices/MicrosoftMixedReality/Right/right_MicrosoftMixedRealityController.uasset" 693
"../../../Engine/Plugins/Runtime/OpenXR/Content/Devices/MicrosoftMixedReality/Right/right_MicrosoftMixedRealityController.uexp" 694
"../../../Engine/Plugins/Runtime/OpenXR/Content/Devices/OculusGo/BaseTexture.uasset" 695
"../../../Engine/Plugins/Runtime/OpenXR/Content/Devices/OculusGo/BaseTexture.uexp" 696
"../../../Engine/Plugins/Runtime/OpenXR/Content/Devices/OculusGo/BaseTexture.ubulk" 697
"../../../Engine/Plugins/Runtime/OpenXR/Content/Devices/OculusGo/MI_OculusGo.uasset" 698
"../../../Engine/Plugins/Runtime/OpenXR/Content/Devices/OculusGo/MI_OculusGo.uexp" 699
"../../../Engine/Plugins/Runtime/OpenXR/Content/Devices/OculusGo/OculusGoController.uasset" 700
"../../../Engine/Plugins/Runtime/OpenXR/Content/Devices/OculusGo/OculusGoController.uexp" 701
"../../../Engine/Plugins/Runtime/OpenXR/Content/Devices/OculusTouch/MRTexture.uasset" 702
"../../../Engine/Plugins/Runtime/OpenXR/Content/Devices/OculusTouch/MRTexture.uexp" 703
"../../../Engine/Plugins/Runtime/OpenXR/Content/Devices/OculusTouch/MRTexture.ubulk" 704
"../../../Engine/Plugins/Runtime/OpenXR/Content/Devices/OculusTouch/BaseTexture.uasset" 705
"../../../Engine/Plugins/Runtime/OpenXR/Content/Devices/OculusTouch/BaseTexture.uexp" 706
"../../../Engine/Plugins/Runtime/OpenXR/Content/Devices/OculusTouch/BaseTexture.ubulk" 707
"../../../Engine/Plugins/Runtime/OpenXR/Content/Devices/OculusTouch/MI_OculusTouch.uasset" 708
"../../../Engine/Plugins/Runtime/OpenXR/Content/Devices/OculusTouch/MI_OculusTouch.uexp" 709
"../../../Engine/Plugins/Runtime/OpenXR/Content/Devices/OculusTouch/Left/left_OculusTouchController.uasset" 710
"../../../Engine/Plugins/Runtime/OpenXR/Content/Devices/OculusTouch/Left/left_OculusTouchController.uexp" 711
"../../../Engine/Plugins/Runtime/OpenXR/Content/Devices/OculusTouch/Right/right_OculusTouchController.uasset" 712
"../../../Engine/Plugins/Runtime/OpenXR/Content/Devices/OculusTouch/Right/right_OculusTouchController.uexp" 713
"../../../Engine/Plugins/Runtime/OpenXR/Content/Devices/OculusTouch_v2/MRTexture.uasset" 714
"../../../Engine/Plugins/Runtime/OpenXR/Content/Devices/OculusTouch_v2/MRTexture.uexp" 715
"../../../Engine/Plugins/Runtime/OpenXR/Content/Devices/OculusTouch_v2/MRTexture.ubulk" 716
"../../../Engine/Plugins/Runtime/OpenXR/Content/Devices/OculusTouch_v2/BaseTexture.uasset" 717
"../../../Engine/Plugins/Runtime/OpenXR/Content/Devices/OculusTouch_v2/BaseTexture.uexp" 718
"../../../Engine/Plugins/Runtime/OpenXR/Content/Devices/OculusTouch_v2/BaseTexture.ubulk" 719
"../../../Engine/Plugins/Runtime/OpenXR/Content/Devices/OculusTouch_v2/MI_OculusTouch_v2.uasset" 720
"../../../Engine/Plugins/Runtime/OpenXR/Content/Devices/OculusTouch_v2/MI_OculusTouch_v2.uexp" 721
"../../../Engine/Plugins/Runtime/OpenXR/Content/Devices/OculusTouch_v2/Left/left_OculusTouch_v2Controller.uasset" 722
"../../../Engine/Plugins/Runtime/OpenXR/Content/Devices/OculusTouch_v2/Left/left_OculusTouch_v2Controller.uexp" 723
"../../../Engine/Plugins/Runtime/OpenXR/Content/Devices/OculusTouch_v2/Right/right_OculusTouch_v2Controller.uasset" 724
"../../../Engine/Plugins/Runtime/OpenXR/Content/Devices/OculusTouch_v2/Right/right_OculusTouch_v2Controller.uexp" 725
"../../../Engine/Plugins/Runtime/OpenXR/Content/Devices/OculusTouch_v3/MRTexture.uasset" 726
"../../../Engine/Plugins/Runtime/OpenXR/Content/Devices/OculusTouch_v3/MRTexture.uexp" 727
"../../../Engine/Plugins/Runtime/OpenXR/Content/Devices/OculusTouch_v3/MRTexture.ubulk" 728
"../../../Engine/Plugins/Runtime/OpenXR/Content/Devices/OculusTouch_v3/BaseTexture.uasset" 729
"../../../Engine/Plugins/Runtime/OpenXR/Content/Devices/OculusTouch_v3/BaseTexture.uexp" 730
"../../../Engine/Plugins/Runtime/OpenXR/Content/Devices/OculusTouch_v3/BaseTexture.ubulk" 731
"../../../Engine/Plugins/Runtime/OpenXR/Content/Devices/OculusTouch_v3/MI_OculusTouch_v3.uasset" 732
"../../../Engine/Plugins/Runtime/OpenXR/Content/Devices/OculusTouch_v3/MI_OculusTouch_v3.uexp" 733
"../../../Engine/Plugins/Runtime/OpenXR/Content/Devices/OculusTouch_v3/Left/left_OculusTouch_v3Controller.uasset" 734
"../../../Engine/Plugins/Runtime/OpenXR/Content/Devices/OculusTouch_v3/Left/left_OculusTouch_v3Controller.uexp" 735
"../../../Engine/Plugins/Runtime/OpenXR/Content/Devices/OculusTouch_v3/Right/right_OculusTouch_v3Controller.uasset" 736
"../../../Engine/Plugins/Runtime/OpenXR/Content/Devices/OculusTouch_v3/Right/right_OculusTouch_v3Controller.uexp" 737
"../../../Engine/Plugins/Runtime/OpenXR/Content/Devices/ValveIndex/MRTexture.uasset" 738
"../../../Engine/Plugins/Runtime/OpenXR/Content/Devices/ValveIndex/MRTexture.uexp" 739
"../../../Engine/Plugins/Runtime/OpenXR/Content/Devices/ValveIndex/MRTexture.ubulk" 740
"../../../Engine/Plugins/Runtime/OpenXR/Content/Devices/ValveIndex/BaseTexture.uasset" 741
"../../../Engine/Plugins/Runtime/OpenXR/Content/Devices/ValveIndex/BaseTexture.uexp" 742
"../../../Engine/Plugins/Runtime/OpenXR/Content/Devices/ValveIndex/BaseTexture.ubulk" 743
"../../../Engine/Plugins/Runtime/OpenXR/Content/Devices/ValveIndex/Left/MI_left_ValveIndex.uasset" 744
"../../../Engine/Plugins/Runtime/OpenXR/Content/Devices/ValveIndex/Left/MI_left_ValveIndex.uexp" 745
"../../../Engine/Plugins/Runtime/OpenXR/Content/Devices/ValveIndex/Left/left_ValveIndexController.uasset" 746
"../../../Engine/Plugins/Runtime/OpenXR/Content/Devices/ValveIndex/Left/left_ValveIndexController.uexp" 747
"../../../Engine/Plugins/Runtime/OpenXR/Content/Devices/ValveIndex/Right/MI_right_ValveIndex.uasset" 748
"../../../Engine/Plugins/Runtime/OpenXR/Content/Devices/ValveIndex/Right/MI_right_ValveIndex.uexp" 749
"../../../Engine/Plugins/Runtime/OpenXR/Content/Devices/ValveIndex/Right/right_ValveIndexController.uasset" 750
"../../../Engine/Plugins/Runtime/OpenXR/Content/Devices/ValveIndex/Right/right_ValveIndexController.uexp" 751
"../../../Engine/Content/Functions/Engine_MaterialFunctions02/Utility/BreakOutFloat4Components.uasset" 752
"../../../Engine/Content/Functions/Engine_MaterialFunctions02/Utility/BreakOutFloat4Components.uexp" 753
"../../../Engine/Content/Functions/Engine_MaterialFunctions02/Utility/MakeFloat3.uasset" 754
"../../../Engine/Content/Functions/Engine_MaterialFunctions02/Utility/MakeFloat3.uexp" 755
"../../../Engine/Plugins/Runtime/Oculus/OculusVR/Content/Materials/OculusMR_ChromaKey.uasset" 756
"../../../Engine/Plugins/Runtime/Oculus/OculusVR/Content/Materials/OculusMR_ChromaKey.uexp" 757
"../../../Engine/Plugins/Runtime/Oculus/OculusVR/Content/Materials/OculusMR_OpaqueColoredMaterial.uasset" 758
"../../../Engine/Plugins/Runtime/Oculus/OculusVR/Content/Materials/OculusMR_OpaqueColoredMaterial.uexp" 759
"../../../Engine/Plugins/Runtime/Oculus/OculusVR/Content/Materials/PokeAHoleMaterial.uasset" 760
"../../../Engine/Plugins/Runtime/Oculus/OculusVR/Content/Materials/PokeAHoleMaterial.uexp" 761
"../../../Engine/Plugins/Runtime/Oculus/OculusVR/Content/Textures/touchController_controlmap.uasset" 762
"../../../Engine/Plugins/Runtime/Oculus/OculusVR/Content/Textures/touchController_controlmap.uexp" 763
"../../../Engine/Plugins/Runtime/Oculus/OculusVR/Content/Textures/touchController_controlmap.ubulk" 764
"../../../Engine/Plugins/Runtime/Oculus/OculusVR/Content/Textures/touchController_albedo.uasset" 765
"../../../Engine/Plugins/Runtime/Oculus/OculusVR/Content/Textures/touchController_albedo.uexp" 766
"../../../Engine/Plugins/Runtime/Oculus/OculusVR/Content/Textures/touchController_albedo.ubulk" 767
"../../../Engine/Plugins/Runtime/Oculus/OculusVR/Content/Materials/touchController_mat.uasset" 768
"../../../Engine/Plugins/Runtime/Oculus/OculusVR/Content/Materials/touchController_mat.uexp" 769
"../../../Engine/Plugins/Runtime/Oculus/OculusVR/Content/Meshes/LeftTouchController.uasset" 770
"../../../Engine/Plugins/Runtime/Oculus/OculusVR/Content/Meshes/LeftTouchController.uexp" 771
"../../../Engine/Plugins/Runtime/Oculus/OculusVR/Content/Textures/TouchForQuestRiftSController_albedo.uasset" 772
"../../../Engine/Plugins/Runtime/Oculus/OculusVR/Content/Textures/TouchForQuestRiftSController_albedo.uexp" 773
"../../../Engine/Plugins/Runtime/Oculus/OculusVR/Content/Textures/TouchForQuestRiftSController_albedo.ubulk" 774
"../../../Engine/Plugins/Runtime/Oculus/OculusVR/Content/Materials/TouchForQuestRiftSControllerMaterial.uasset" 775
"../../../Engine/Plugins/Runtime/Oculus/OculusVR/Content/Materials/TouchForQuestRiftSControllerMaterial.uexp" 776
"../../../Engine/Plugins/Runtime/Oculus/OculusVR/Content/Meshes/LeftTouchForQuestRiftSController.uasset" 777
"../../../Engine/Plugins/Runtime/Oculus/OculusVR/Content/Meshes/LeftTouchForQuestRiftSController.uexp" 778
"../../../Engine/Plugins/Runtime/Oculus/OculusVR/Content/Meshes/RiftHMD.uasset" 779
"../../../Engine/Plugins/Runtime/Oculus/OculusVR/Content/Meshes/RiftHMD.uexp" 780
"../../../Engine/Plugins/Runtime/Oculus/OculusVR/Content/Meshes/RightTouchController.uasset" 781
"../../../Engine/Plugins/Runtime/Oculus/OculusVR/Content/Meshes/RightTouchController.uexp" 782
"../../../Engine/Plugins/Runtime/Oculus/OculusVR/Content/Meshes/RightTouchForQuestRiftSController.uasset" 783
"../../../Engine/Plugins/Runtime/Oculus/OculusVR/Content/Meshes/RightTouchForQuestRiftSController.uexp" 784
"../../../Engine/Content/BasicShapes/Cube.uasset" 785
"../../../Engine/Content/BasicShapes/Cube.uexp" 786
"C:/Users/Melih/Documents/GitHub/MyProject/platkasoyun/Content/SideScrollerBP/sound/room-with-buzz-incandescent-light-bulb-23892.uasset" 787
"C:/Users/Melih/Documents/GitHub/MyProject/platkasoyun/Content/SideScrollerBP/sound/room-with-buzz-incandescent-light-bulb-23892.uexp" 788
"C:/Users/Melih/Documents/GitHub/MyProject/platkasoyun/Content/SideScrollerBP/sound/NewSoundCue.uasset" 789
"C:/Users/Melih/Documents/GitHub/MyProject/platkasoyun/Content/SideScrollerBP/sound/NewSoundCue.uexp" 790
"../../../Engine/Content/EngineSounds/Submixes/MasterReverbEffectPreset.uasset" 791
"../../../Engine/Content/EngineSounds/Submixes/MasterReverbEffectPreset.uexp" 792
"../../../Engine/Content/EngineSounds/Submixes/MasterReverbSubmixDefault.uasset" 793
"../../../Engine/Content/EngineSounds/Submixes/MasterReverbSubmixDefault.uexp" 794
"../../../Engine/Content/EngineSounds/Submixes/MasterSubmixDefault.uasset" 795
"../../../Engine/Content/EngineSounds/Submixes/MasterSubmixDefault.uexp" 796
"../../../Engine/Content/EngineSounds/Submixes/MasterEQEffectPreset.uasset" 797
"../../../Engine/Content/EngineSounds/Submixes/MasterEQEffectPreset.uexp" 798
"../../../Engine/Content/EngineSounds/Submixes/MasterEQSubmixDefault.uasset" 799
"../../../Engine/Content/EngineSounds/Submixes/MasterEQSubmixDefault.uexp" 800
"../../../Engine/Content/EngineSounds/Master.uasset" 801
"../../../Engine/Content/EngineSounds/Master.uexp" 802
"../../../Engine/Content/EngineSounds/Music.uasset" 803
"../../../Engine/Content/EngineSounds/Music.uexp" 804
"C:/Users/Melih/Documents/GitHub/MyProject/platkasoyun/Content/SideScrollerBP/sound/AIMUSIC.uasset" 805
"C:/Users/Melih/Documents/GitHub/MyProject/platkasoyun/Content/SideScrollerBP/sound/AIMUSIC.uexp" 806
"C:/Users/Melih/Documents/GitHub/MyProject/platkasoyun/Content/SideScrollerBP/sound/menumuzu.uasset" 807
"C:/Users/Melih/Documents/GitHub/MyProject/platkasoyun/Content/SideScrollerBP/sound/menumuzu.uexp" 808
"C:/Users/Melih/Documents/GitHub/MyProject/platkasoyun/Content/SideScrollerBP/sound/fluro_on_warmup-73670.uasset" 809
"C:/Users/Melih/Documents/GitHub/MyProject/platkasoyun/Content/SideScrollerBP/sound/fluro_on_warmup-73670.uexp" 810
"C:/Users/Melih/Documents/GitHub/MyProject/platkasoyun/Content/SideScrollerBP/sound/flickeringlight-90411.uasset" 811
"C:/Users/Melih/Documents/GitHub/MyProject/platkasoyun/Content/SideScrollerBP/sound/flickeringlight-90411.uexp" 812
"C:/Users/Melih/Documents/GitHub/MyProject/platkasoyun/Content/SideScrollerBP/sound/buzz.uasset" 813
"C:/Users/Melih/Documents/GitHub/MyProject/platkasoyun/Content/SideScrollerBP/sound/buzz.uexp" 814
"C:/Users/Melih/Documents/GitHub/MyProject/platkasoyun/Content/SideScrollerBP/Maps/SideScrollerExampleMap_BuiltData.uasset" 815
"C:/Users/Melih/Documents/GitHub/MyProject/platkasoyun/Content/SideScrollerBP/Maps/SideScrollerExampleMap_BuiltData.uexp" 816
"C:/Users/Melih/Documents/GitHub/MyProject/platkasoyun/Content/SideScrollerBP/Maps/SideScrollerExampleMap_BuiltData.ubulk" 817
"../../../Engine/Content/VREditor/Sounds/VR_objectRotateLoop_01.uasset" 818
"../../../Engine/Content/VREditor/Sounds/VR_objectRotateLoop_01.uexp" 819
"../../../Engine/Content/EngineSounds/Normal_Attack.uasset" 820
"../../../Engine/Content/EngineSounds/Normal_Attack.uexp" 821
"../../../Engine/Content/EngineSounds/Duck_Normal_Attack_MixMod.uasset" 822
"../../../Engine/Content/EngineSounds/Duck_Normal_Attack_MixMod.uexp" 823
"../../../Engine/Content/EngineSounds/Special_Attack_PSM.uasset" 824
"../../../Engine/Content/EngineSounds/Special_Attack_PSM.uexp" 825
"../../../Engine/Content/EngineSounds/SFX.uasset" 826
"../../../Engine/Content/EngineSounds/SFX.uexp" 827
"C:/Users/Melih/Documents/GitHub/MyProject/platkasoyun/Content/SideScrollerBP/sound/platform.uasset" 828
"C:/Users/Melih/Documents/GitHub/MyProject/platkasoyun/Content/SideScrollerBP/sound/platform.uexp" 829
"C:/Users/Melih/Documents/GitHub/MyProject/platkasoyun/Content/SideScrollerBP/sound/NewSoundAttenuation.uasset" 830
"C:/Users/Melih/Documents/GitHub/MyProject/platkasoyun/Content/SideScrollerBP/sound/NewSoundAttenuation.uexp" 831
"../../../Engine/Content/VREditor/Sounds/VR_objectRotateLoop_01_Cue.uasset" 832
"../../../Engine/Content/VREditor/Sounds/VR_objectRotateLoop_01_Cue.uexp" 833
"C:/Users/Melih/Documents/GitHub/MyProject/platkasoyun/Content/SideScrollerBP/Blueprints/MovingPlatform.uasset" 834
"C:/Users/Melih/Documents/GitHub/MyProject/platkasoyun/Content/SideScrollerBP/Blueprints/MovingPlatform.uexp" 835
"C:/Users/Melih/Documents/GitHub/MyProject/platkasoyun/Content/SideScrollerBP/sound/spaceship-door-opening-43604.uasset" 836
"C:/Users/Melih/Documents/GitHub/MyProject/platkasoyun/Content/SideScrollerBP/sound/spaceship-door-opening-43604.uexp" 837
"../../../Engine/Content/VREditor/Sounds/UI/Flashlight_Switch.uasset" 838
"../../../Engine/Content/VREditor/Sounds/UI/Flashlight_Switch.uexp" 839
"C:/Users/Melih/Documents/GitHub/MyProject/platkasoyun/Content/SideScrollerBP/Blueprints/DoorBP.uasset" 840
"C:/Users/Melih/Documents/GitHub/MyProject/platkasoyun/Content/SideScrollerBP/Blueprints/DoorBP.uexp" 841
"C:/Users/Melih/Documents/GitHub/MyProject/platkasoyun/Content/SideScrollerBP/BuildFiles/trimsheetscifi_button.uasset" 842
"C:/Users/Melih/Documents/GitHub/MyProject/platkasoyun/Content/SideScrollerBP/BuildFiles/trimsheetscifi_button.uexp" 843
"C:/Users/Melih/Documents/GitHub/MyProject/platkasoyun/Content/SideScrollerBP/Blueprints/ButtonBP.uasset" 844
"C:/Users/Melih/Documents/GitHub/MyProject/platkasoyun/Content/SideScrollerBP/Blueprints/ButtonBP.uexp" 845
"C:/Users/Melih/Documents/GitHub/MyProject/platkasoyun/Content/SideScrollerBP/Maps/SideScrollerExampleMap.uexp" 846
"C:/Users/Melih/Documents/GitHub/MyProject/platkasoyun/Content/SideScrollerBP/Maps/SideScrollerExampleMap.umap" 847
"../../../Engine/Content/Maps/Entry_BuiltData.uasset" 848
"../../../Engine/Content/Maps/Entry_BuiltData.uexp" 849
"../../../Engine/Content/Maps/Entry.uexp" 850
"../../../Engine/Content/Maps/Entry.umap" 851
