Log file open, 05/05/24 21:22:20
LogWindows: Failed to load 'aqProf.dll' (GetLastError=126)
LogWindows: File 'aqProf.dll' does not exist
LogWindows: Failed to load 'VtuneApi.dll' (GetLastError=126)
LogWindows: File 'VtuneApi.dll' does not exist
LogWindows: Failed to load 'VtuneApi32e.dll' (GetLastError=126)
LogWindows: File 'VtuneApi32e.dll' does not exist
LogConsoleResponse: Display: Failed to find resolution value strings in scalability ini. Falling back to default.
LogConsoleResponse: Display: Failed to find resolution value strings in scalability ini. Falling back to default.
LogInit: Display: Running engine for game: MyProject
LogPlatformFile: Not using cached read wrapper
LogTaskGraph: Started task graph with 5 named threads and 35 total threads with 3 sets of task threads.
LogStats: Stats thread started at 0.322744
LogICUInternationalization: ICU TimeZone Detection - Raw Offset: +2:00, Platform Override: ''
LogInit: Display: Loading text-based GConfig....
LogPluginManager: Mounting plugin MeshPainting
LogPluginManager: Mounting plugin XGEController
LogPluginManager: Mounting plugin Paper2D
LogPluginManager: Mounting plugin LiveLink
LogPluginManager: Mounting plugin EnvironmentQueryEditor
LogPluginManager: Mounting plugin AISupport
LogPluginManager: Mounting plugin LightPropagationVolume
LogPluginManager: Mounting plugin GameplayCameras
LogPluginManager: Mounting plugin CameraShakePreviewer
LogPluginManager: Mounting plugin OodleNetwork
LogPluginManager: Mounting plugin AnimationSharing
LogPluginManager: Mounting plugin OodleData
LogPluginManager: Mounting plugin CLionSourceCodeAccess
LogPluginManager: Mounting plugin GitSourceControl
LogPluginManager: Mounting plugin CodeLiteSourceCodeAccess
LogPluginManager: Mounting plugin NullSourceCodeAccess
LogPluginManager: Mounting plugin KDevelopSourceCodeAccess
LogPluginManager: Mounting plugin PixWinPlugin
LogPluginManager: Mounting plugin PropertyAccessNode
LogPluginManager: Mounting plugin PerforceSourceControl
LogPluginManager: Mounting plugin PluginUtils
LogPluginManager: Mounting plugin PlasticSourceControl
LogPluginManager: Mounting plugin RiderSourceCodeAccess
LogPluginManager: Mounting plugin TextureFormatOodle
LogPluginManager: Mounting plugin UObjectPlugin
LogPluginManager: Mounting plugin SubversionSourceControl
LogPluginManager: Mounting plugin VisualStudioCodeSourceCodeAccess
LogPluginManager: Mounting plugin VisualStudioSourceCodeAccess
LogPluginManager: Mounting plugin AssetManagerEditor
LogPluginManager: Mounting plugin XCodeSourceCodeAccess
LogPluginManager: Mounting plugin CryptoKeys
LogPluginManager: Mounting plugin CurveEditorTools
LogPluginManager: Mounting plugin DataValidation
LogPluginManager: Mounting plugin GeometryMode
LogPluginManager: Mounting plugin FacialAnimation
LogPluginManager: Mounting plugin GameplayTagsEditor
LogPluginManager: Mounting plugin MaterialAnalyzer
LogPluginManager: Mounting plugin MacGraphicsSwitching
LogPluginManager: Mounting plugin MobileLauncherProfileWizard
LogPluginManager: Mounting plugin SpeedTreeImporter
LogPluginManager: Mounting plugin PluginBrowser
LogPluginManager: Mounting plugin Niagara
LogPluginManager: Mounting plugin AlembicImporter
LogPluginManager: Mounting plugin AutomationUtils
LogPluginManager: Mounting plugin BackChannel
LogPluginManager: Mounting plugin ChaosCloth
LogPluginManager: Mounting plugin ChaosClothEditor
LogPluginManager: Mounting plugin ChaosNiagara
LogPluginManager: Mounting plugin ChaosSolverPlugin
LogPluginManager: Mounting plugin CharacterAI
LogPluginManager: Mounting plugin ChaosEditor
LogPluginManager: Mounting plugin LuminPlatformFeatures
LogPluginManager: Mounting plugin MagicLeap
LogPluginManager: Mounting plugin MagicLeapLightEstimation
LogPluginManager: Mounting plugin MagicLeapPassableWorld
LogPluginManager: Mounting plugin MagicLeapMedia
LogPluginManager: Mounting plugin MLSDK
LogPluginManager: Mounting plugin GeometryCache
LogPluginManager: Mounting plugin GeometryCollectionPlugin
LogPluginManager: Mounting plugin GeometryProcessing
LogPluginManager: Mounting plugin MotoSynth
LogPluginManager: Mounting plugin PlanarCut
LogPluginManager: Mounting plugin PlatformCrypto
LogPluginManager: Mounting plugin ProxyLODPlugin
LogPluginManager: Mounting plugin PythonScriptPlugin
LogPluginManager: Mounting plugin OpenImageDenoise
LogPluginManager: Mounting plugin AndroidMedia
LogPluginManager: Mounting plugin AvfMedia
LogPluginManager: Mounting plugin SkeletalReduction
LogPluginManager: Mounting plugin ImgMedia
LogPluginManager: Mounting plugin MediaCompositing
LogPluginManager: Mounting plugin MediaPlayerEditor
LogPluginManager: Mounting plugin DatasmithContent
LogPluginManager: Mounting plugin WmfMedia
LogPluginManager: Mounting plugin WebMMedia
LogPluginManager: Mounting plugin TcpMessaging
LogPluginManager: Mounting plugin UdpMessaging
LogPluginManager: Mounting plugin VariantManagerContent
LogPluginManager: Mounting plugin ActorSequence
LogPluginManager: Mounting plugin MatineeToLevelSequence
LogPluginManager: Mounting plugin LevelSequenceEditor
LogPluginManager: Mounting plugin LauncherChunkInstaller
LogPluginManager: Mounting plugin TemplateSequence
LogPluginManager: Mounting plugin ActorLayerUtilities
LogPluginManager: Mounting plugin AndroidDeviceProfileSelector
LogPluginManager: Mounting plugin AndroidMoviePlayer
LogPluginManager: Mounting plugin AndroidPermission
LogPluginManager: Mounting plugin AppleImageUtils
LogPluginManager: Mounting plugin AppleMoviePlayer
LogPluginManager: Mounting plugin ArchVisCharacter
LogPluginManager: Mounting plugin AudioCapture
LogPluginManager: Mounting plugin AudioSynesthesia
LogPluginManager: Mounting plugin AssetTags
LogPluginManager: Mounting plugin CableComponent
LogPluginManager: Mounting plugin ChunkDownloader
LogPluginManager: Mounting plugin CustomMeshComponent
LogPluginManager: Mounting plugin EditableMesh
LogPluginManager: Mounting plugin ExampleDeviceProfileSelector
LogPluginManager: Mounting plugin OnlineSubsystem
LogPluginManager: Mounting plugin ScreenshotTools
LogPluginManager: Mounting plugin OnlineSubsystemNull
LogPluginManager: Mounting plugin OnlineSubsystemUtils
LogPluginManager: Mounting plugin GoogleCloudMessaging
LogPluginManager: Mounting plugin GooglePAD
LogPluginManager: Mounting plugin IOSDeviceProfileSelector
LogPluginManager: Mounting plugin LinuxDeviceProfileSelector
LogPluginManager: Mounting plugin LocationServicesBPLibrary
LogPluginManager: Mounting plugin MobilePatchingUtils
LogPluginManager: Mounting plugin OpenXR
LogPluginManager: Mounting plugin OpenXREyeTracker
LogPluginManager: Mounting plugin Takes
LogPluginManager: Mounting plugin OpenXRHandTracking
LogPluginManager: Mounting plugin PostSplashScreen
LogPluginManager: Mounting plugin ProceduralMeshComponent
LogPluginManager: Mounting plugin RuntimePhysXCooking
LogPluginManager: Mounting plugin SignificanceManager
LogPluginManager: Mounting plugin PhysXVehicles
LogPluginManager: Mounting plugin SoundFields
LogPluginManager: Mounting plugin Synthesis
LogPluginManager: Mounting plugin PropertyAccessEditor
LogPluginManager: Mounting plugin WindowsMoviePlayer
LogPluginManager: Mounting plugin WebMMoviePlayer
LogPluginManager: Mounting plugin ContentBrowserClassDataSource
LogPluginManager: Mounting plugin ContentBrowserAssetDataSource
LogPluginManager: Mounting plugin ContentBrowserFileDataSource
LogPluginManager: Mounting plugin OnlineSubsystemGooglePlay
LogPluginManager: Mounting plugin OnlineSubsystemIOS
LogPluginManager: Mounting plugin OculusVR
LogPluginManager: Mounting plugin SteamVR
PixWinPlugin: PIX capture plugin failed to initialize! Check that the process is launched from PIX.
LogInit: Using libcurl 7.55.1-DEV
LogInit:  - built for x86_64-pc-win32
LogInit:  - supports SSL with OpenSSL/1.1.1
LogInit:  - supports HTTP deflate (compression) using libz 1.2.8
LogInit:  - other features:
LogInit:      CURL_VERSION_SSL
LogInit:      CURL_VERSION_LIBZ
LogInit:      CURL_VERSION_IPV6
LogInit:      CURL_VERSION_ASYNCHDNS
LogInit:      CURL_VERSION_LARGEFILE
LogInit:      CURL_VERSION_IDN
LogInit:  CurlRequestOptions (configurable via config and command line):
LogInit:  - bVerifyPeer = true  - Libcurl will verify peer certificate
LogInit:  - bUseHttpProxy = false  - Libcurl will NOT use HTTP proxy
LogInit:  - bDontReuseConnections = false  - Libcurl will reuse connections
LogInit:  - MaxHostConnections = 16  - Libcurl will limit the number of connections to a host
LogInit:  - LocalHostAddr = Default
LogInit:  - BufferSize = 65536
LogOnline: OSS: Creating online subsystem instance for: NULL
LogInit: WinSock: version 1.1 (2.2), MaxSocks=32767, MaxUdp=65467
LogOnline: OSS: TryLoadSubsystemAndSetDefault: Loaded subsystem for module [NULL]
LogOculusPluginWrapper: OculusPlugin initialized successfully
LogHMD: Failed initializing OVRPlugin 1.59.0
LogInit: Build: ++UE4+Release-4.27-CL-18319896
LogInit: Engine Version: 4.27.2-18319896+++UE4+Release-4.27
LogInit: Compatible Engine Version: 4.27.0-17155196+++UE4+Release-4.27
LogInit: Net CL: 17155196
LogInit: OS: Windows 10 (Release 2009) (), CPU: AMD Ryzen 5 4600H with Radeon Graphics         , GPU: AMD Radeon(TM) Graphics
LogInit: Compiled (64-bit): Nov 30 2021 07:12:08
LogInit: Compiled with Visual C++: 19.24.28315.00
LogInit: Build Configuration: Development
LogInit: Branch Name: ++UE4+Release-4.27
LogInit: Command Line:  /Game/SideScrollerBP/Maps/SideScrollerExampleMap -game -PIEVIACONSOLE -Multiprocess GameUserSettingsINI=C:/Users/Melih/Desktop/MyProject/Saved/Config/Windows/PIEGameUserSettings0.ini -MultiprocessSaveConfig -forcepassthrough -messaging -SessionName="Play in Standalone Game" -windowed -ResX=1280 -ResY=720
LogInit: Base Directory: C:/Program Files/Epic Games/UE_4.27/Engine/Binaries/Win64/
LogInit: Allocator: TBB
LogInit: Installed Engine Build: 1
LogDevObjectVersion: Number of dev versions registered: 29
LogDevObjectVersion:   Dev-Blueprints (B0D832E4-1F89-4F0D-ACCF-7EB736FD4AA2): 10
LogDevObjectVersion:   Dev-Build (E1C64328-A22C-4D53-A36C-8E866417BD8C): 0
LogDevObjectVersion:   Dev-Core (375EC13C-06E4-48FB-B500-84F0262A717E): 4
LogDevObjectVersion:   Dev-Editor (E4B068ED-F494-42E9-A231-DA0B2E46BB41): 40
LogDevObjectVersion:   Dev-Framework (CFFC743F-43B0-4480-9391-14DF171D2073): 37
LogDevObjectVersion:   Dev-Mobile (B02B49B5-BB20-44E9-A304-32B752E40360): 3
LogDevObjectVersion:   Dev-Networking (A4E4105C-59A1-49B5-A7C5-40C4547EDFEE): 0
LogDevObjectVersion:   Dev-Online (39C831C9-5AE6-47DC-9A44-9C173E1C8E7C): 0
LogDevObjectVersion:   Dev-Physics (78F01B33-EBEA-4F98-B9B4-84EACCB95AA2): 14
LogDevObjectVersion:   Dev-Platform (6631380F-2D4D-43E0-8009-CF276956A95A): 0
LogDevObjectVersion:   Dev-Rendering (12F88B9F-8875-4AFC-A67C-D90C383ABD29): 45
LogDevObjectVersion:   Dev-Sequencer (7B5AE74C-D270-4C10-A958-57980B212A5A): 13
LogDevObjectVersion:   Dev-VR (D7296918-1DD6-4BDD-9DE2-64A83CC13884): 3
LogDevObjectVersion:   Dev-LoadTimes (C2A15278-BFE7-4AFE-6C17-90FF531DF755): 1
LogDevObjectVersion:   Private-Geometry (6EACA3D4-40EC-4CC1-B786-8BED09428FC5): 3
LogDevObjectVersion:   Dev-AnimPhys (29E575DD-E0A3-4627-9D10-D276232CDCEA): 17
LogDevObjectVersion:   Dev-Anim (AF43A65D-7FD3-4947-9873-3E8ED9C1BB05): 15
LogDevObjectVersion:   Dev-ReflectionCapture (6B266CEC-1EC7-4B8F-A30B-E4D90942FC07): 1
LogDevObjectVersion:   Dev-Automation (0DF73D61-A23F-47EA-B727-89E90C41499A): 1
LogDevObjectVersion:   FortniteMain (601D1886-AC64-4F84-AA16-D3DE0DEAC7D6): 47
LogDevObjectVersion:   FortniteRelease (E7086368-6B23-4C58-8439-1B7016265E91): 1
LogDevObjectVersion:   Dev-Enterprise (9DFFBCD6-494F-0158-E221-12823C92A888): 10
LogDevObjectVersion:   Dev-Niagara (F2AED0AC-9AFE-416F-8664-AA7FFA26D6FC): 1
LogDevObjectVersion:   Dev-Destruction (174F1F0B-B4C6-45A5-B13F-2EE8D0FB917D): 10
LogDevObjectVersion:   Dev-Physics-Ext (35F94A83-E258-406C-A318-09F59610247C): 41
LogDevObjectVersion:   Dev-PhysicsMaterial-Chaos (B68FC16E-8B1B-42E2-B453-215C058844FE): 1
LogDevObjectVersion:   Dev-CineCamera (B2E18506-4273-CFC2-A54E-F4BB758BBA07): 1
LogDevObjectVersion:   Dev-VirtualProduction (64F58936-FD1B-42BA-BA96-7289D5D0FA4E): 1
LogDevObjectVersion:   Dev-MediaFramework (6F0ED827-A609-4895-9C91-998D90180EA4): 2
LogInit: Presizing for max 25165824 objects, including 0 objects not considered by GC, pre-allocating 0 bytes for permanent pool.
LogConfig: Applying CVar settings from Section [/Script/Engine.StreamingSettings] File [C:/Users/Melih/Desktop/MyProject/Saved/Config/Windows/Engine.ini]
LogConfig: Setting CVar [[s.MinBulkDataSizeForAsyncLoading:131072]]
LogConfig: Setting CVar [[s.AsyncLoadingThreadEnabled:0]]
LogConfig: Setting CVar [[s.EventDrivenLoaderEnabled:1]]
LogConfig: Setting CVar [[s.WarnIfTimeLimitExceeded:0]]
LogConfig: Setting CVar [[s.TimeLimitExceededMultiplier:1.5]]
LogConfig: Setting CVar [[s.TimeLimitExceededMinTime:0.005]]
LogConfig: Setting CVar [[s.UseBackgroundLevelStreaming:1]]
LogConfig: Setting CVar [[s.PriorityAsyncLoadingExtraTime:15.0]]
LogConfig: Setting CVar [[s.LevelStreamingActorsUpdateTimeLimit:5.0]]
LogConfig: Setting CVar [[s.PriorityLevelStreamingActorsUpdateExtraTime:5.0]]
LogConfig: Setting CVar [[s.LevelStreamingComponentsRegistrationGranularity:10]]
LogConfig: Setting CVar [[s.UnregisterComponentsTimeLimit:1.0]]
LogConfig: Setting CVar [[s.LevelStreamingComponentsUnregistrationGranularity:5]]
LogConfig: Setting CVar [[s.FlushStreamingOnExit:1]]
LogInit: Object subsystem initialized
LogConfig: Setting CVar [[con.DebugEarlyDefault:1]]
LogConfig: Setting CVar [[r.setres:1280x720]]
[2024.05.05-18.22.21:368][  0]LogConfig: Setting CVar [[con.DebugEarlyDefault:1]]
[2024.05.05-18.22.21:368][  0]LogConfig: Setting CVar [[r.setres:1280x720]]
[2024.05.05-18.22.21:368][  0]LogConfig: Applying CVar settings from Section [/Script/Engine.RendererSettings] File [C:/Users/Melih/Desktop/MyProject/Saved/Config/Windows/Engine.ini]
[2024.05.05-18.22.21:368][  0]LogConfig: Setting CVar [[r.GPUCrashDebugging:0]]
[2024.05.05-18.22.21:368][  0]LogConfig: Setting CVar [[r.DefaultFeature.AntiAliasing:1]]
[2024.05.05-18.22.21:368][  0]LogConfig: Applying CVar settings from Section [/Script/Engine.RendererOverrideSettings] File [C:/Users/Melih/Desktop/MyProject/Saved/Config/Windows/Engine.ini]
[2024.05.05-18.22.21:368][  0]LogConfig: Applying CVar settings from Section [/Script/Engine.StreamingSettings] File [C:/Users/Melih/Desktop/MyProject/Saved/Config/Windows/Engine.ini]
[2024.05.05-18.22.21:368][  0]LogConfig: Setting CVar [[s.MinBulkDataSizeForAsyncLoading:131072]]
[2024.05.05-18.22.21:368][  0]LogConfig: Setting CVar [[s.AsyncLoadingThreadEnabled:0]]
[2024.05.05-18.22.21:368][  0]LogConfig: Setting CVar [[s.EventDrivenLoaderEnabled:1]]
[2024.05.05-18.22.21:369][  0]LogConfig: Setting CVar [[s.WarnIfTimeLimitExceeded:0]]
[2024.05.05-18.22.21:369][  0]LogConfig: Setting CVar [[s.TimeLimitExceededMultiplier:1.5]]
[2024.05.05-18.22.21:369][  0]LogConfig: Setting CVar [[s.TimeLimitExceededMinTime:0.005]]
[2024.05.05-18.22.21:369][  0]LogConfig: Setting CVar [[s.UseBackgroundLevelStreaming:1]]
[2024.05.05-18.22.21:369][  0]LogConfig: Setting CVar [[s.PriorityAsyncLoadingExtraTime:15.0]]
[2024.05.05-18.22.21:369][  0]LogConfig: Setting CVar [[s.LevelStreamingActorsUpdateTimeLimit:5.0]]
[2024.05.05-18.22.21:369][  0]LogConfig: Setting CVar [[s.PriorityLevelStreamingActorsUpdateExtraTime:5.0]]
[2024.05.05-18.22.21:369][  0]LogConfig: Setting CVar [[s.LevelStreamingComponentsRegistrationGranularity:10]]
[2024.05.05-18.22.21:369][  0]LogConfig: Setting CVar [[s.UnregisterComponentsTimeLimit:1.0]]
[2024.05.05-18.22.21:369][  0]LogConfig: Setting CVar [[s.LevelStreamingComponentsUnregistrationGranularity:5]]
[2024.05.05-18.22.21:369][  0]LogConfig: Setting CVar [[s.FlushStreamingOnExit:1]]
[2024.05.05-18.22.21:369][  0]LogConfig: Applying CVar settings from Section [/Script/Engine.GarbageCollectionSettings] File [C:/Users/Melih/Desktop/MyProject/Saved/Config/Windows/Engine.ini]
[2024.05.05-18.22.21:369][  0]LogConfig: Setting CVar [[gc.MaxObjectsNotConsideredByGC:1]]
[2024.05.05-18.22.21:369][  0]LogConfig: Setting CVar [[gc.SizeOfPermanentObjectPool:0]]
[2024.05.05-18.22.21:369][  0]LogConfig: Setting CVar [[gc.FlushStreamingOnGC:0]]
[2024.05.05-18.22.21:369][  0]LogConfig: Setting CVar [[gc.NumRetriesBeforeForcingGC:10]]
[2024.05.05-18.22.21:369][  0]LogConfig: Setting CVar [[gc.AllowParallelGC:1]]
[2024.05.05-18.22.21:369][  0]LogConfig: Setting CVar [[gc.TimeBetweenPurgingPendingKillObjects:61.1]]
[2024.05.05-18.22.21:369][  0]LogConfig: Setting CVar [[gc.MaxObjectsInEditor:25165824]]
[2024.05.05-18.22.21:369][  0]LogConfig: Setting CVar [[gc.IncrementalBeginDestroyEnabled:1]]
[2024.05.05-18.22.21:369][  0]LogConfig: Setting CVar [[gc.CreateGCClusters:1]]
[2024.05.05-18.22.21:369][  0]LogConfig: Setting CVar [[gc.MinGCClusterSize:5]]
[2024.05.05-18.22.21:369][  0]LogConfig: Setting CVar [[gc.ActorClusteringEnabled:0]]
[2024.05.05-18.22.21:369][  0]LogConfig: Setting CVar [[gc.BlueprintClusteringEnabled:0]]
[2024.05.05-18.22.21:369][  0]LogConfig: Setting CVar [[gc.UseDisregardForGCOnDedicatedServers:0]]
[2024.05.05-18.22.21:369][  0]LogConfig: Setting CVar [[gc.MultithreadedDestructionEnabled:1]]
[2024.05.05-18.22.21:369][  0]LogConfig: Applying CVar settings from Section [/Script/Engine.NetworkSettings] File [C:/Users/Melih/Desktop/MyProject/Saved/Config/Windows/Engine.ini]
[2024.05.05-18.22.21:369][  0]LogConfig: Applying CVar settings from Section [/Script/UnrealEd.CookerSettings] File [C:/Users/Melih/Desktop/MyProject/Saved/Config/Windows/Engine.ini]
[2024.05.05-18.22.21:377][  0]LogConfig: Applying CVar settings from Section [ViewDistanceQuality@3] File [C:/Users/Melih/Desktop/MyProject/Saved/Config/Windows/Scalability.ini]
[2024.05.05-18.22.21:377][  0]LogConfig: Setting CVar [[r.SkeletalMeshLODBias:0]]
[2024.05.05-18.22.21:377][  0]LogConfig: Setting CVar [[r.ViewDistanceScale:1.0]]
[2024.05.05-18.22.21:377][  0]LogConfig: Applying CVar settings from Section [AntiAliasingQuality@3] File [C:/Users/Melih/Desktop/MyProject/Saved/Config/Windows/Scalability.ini]
[2024.05.05-18.22.21:377][  0]LogConfig: Setting CVar [[r.PostProcessAAQuality:4]]
[2024.05.05-18.22.21:377][  0]LogConfig: Applying CVar settings from Section [ShadowQuality@3] File [C:/Users/Melih/Desktop/MyProject/Saved/Config/Windows/Scalability.ini]
[2024.05.05-18.22.21:377][  0]LogConfig: Setting CVar [[r.LightFunctionQuality:1]]
[2024.05.05-18.22.21:377][  0]LogConfig: Setting CVar [[r.ShadowQuality:5]]
[2024.05.05-18.22.21:377][  0]LogConfig: Setting CVar [[r.Shadow.CSM.MaxCascades:10]]
[2024.05.05-18.22.21:377][  0]LogConfig: Setting CVar [[r.Shadow.MaxResolution:2048]]
[2024.05.05-18.22.21:377][  0]LogConfig: Setting CVar [[r.Shadow.MaxCSMResolution:2048]]
[2024.05.05-18.22.21:377][  0]LogConfig: Setting CVar [[r.Shadow.RadiusThreshold:0.01]]
[2024.05.05-18.22.21:377][  0]LogConfig: Setting CVar [[r.Shadow.DistanceScale:1.0]]
[2024.05.05-18.22.21:377][  0]LogConfig: Setting CVar [[r.Shadow.CSM.TransitionScale:1.0]]
[2024.05.05-18.22.21:377][  0]LogConfig: Setting CVar [[r.Shadow.PreShadowResolutionFactor:1.0]]
[2024.05.05-18.22.21:377][  0]LogConfig: Setting CVar [[r.DistanceFieldShadowing:1]]
[2024.05.05-18.22.21:377][  0]LogConfig: Setting CVar [[r.DistanceFieldAO:1]]
[2024.05.05-18.22.21:377][  0]LogConfig: Setting CVar [[r.AOQuality:2]]
[2024.05.05-18.22.21:377][  0]LogConfig: Setting CVar [[r.VolumetricFog:1]]
[2024.05.05-18.22.21:378][  0]LogConfig: Setting CVar [[r.VolumetricFog.GridPixelSize:8]]
[2024.05.05-18.22.21:378][  0]LogConfig: Setting CVar [[r.VolumetricFog.GridSizeZ:128]]
[2024.05.05-18.22.21:378][  0]LogConfig: Setting CVar [[r.VolumetricFog.HistoryMissSupersampleCount:4]]
[2024.05.05-18.22.21:378][  0]LogConfig: Setting CVar [[r.LightMaxDrawDistanceScale:1]]
[2024.05.05-18.22.21:378][  0]LogConfig: Setting CVar [[r.CapsuleShadows:1]]
[2024.05.05-18.22.21:378][  0]LogConfig: Applying CVar settings from Section [PostProcessQuality@3] File [C:/Users/Melih/Desktop/MyProject/Saved/Config/Windows/Scalability.ini]
[2024.05.05-18.22.21:378][  0]LogConfig: Setting CVar [[r.MotionBlurQuality:4]]
[2024.05.05-18.22.21:378][  0]LogConfig: Setting CVar [[r.AmbientOcclusionMipLevelFactor:0.4]]
[2024.05.05-18.22.21:378][  0]LogConfig: Setting CVar [[r.AmbientOcclusionMaxQuality:100]]
[2024.05.05-18.22.21:378][  0]LogConfig: Setting CVar [[r.AmbientOcclusionLevels:-1]]
[2024.05.05-18.22.21:378][  0]LogConfig: Setting CVar [[r.AmbientOcclusionRadiusScale:1.0]]
[2024.05.05-18.22.21:378][  0]LogConfig: Setting CVar [[r.DepthOfFieldQuality:2]]
[2024.05.05-18.22.21:378][  0]LogConfig: Setting CVar [[r.RenderTargetPoolMin:400]]
[2024.05.05-18.22.21:378][  0]LogConfig: Setting CVar [[r.LensFlareQuality:2]]
[2024.05.05-18.22.21:378][  0]LogConfig: Setting CVar [[r.SceneColorFringeQuality:1]]
[2024.05.05-18.22.21:378][  0]LogConfig: Setting CVar [[r.EyeAdaptationQuality:2]]
[2024.05.05-18.22.21:378][  0]LogConfig: Setting CVar [[r.BloomQuality:5]]
[2024.05.05-18.22.21:378][  0]LogConfig: Setting CVar [[r.FastBlurThreshold:100]]
[2024.05.05-18.22.21:378][  0]LogConfig: Setting CVar [[r.Upscale.Quality:3]]
[2024.05.05-18.22.21:378][  0]LogConfig: Setting CVar [[r.Tonemapper.GrainQuantization:1]]
[2024.05.05-18.22.21:378][  0]LogConfig: Setting CVar [[r.LightShaftQuality:1]]
[2024.05.05-18.22.21:378][  0]LogConfig: Setting CVar [[r.Filter.SizeScale:1]]
[2024.05.05-18.22.21:378][  0]LogConfig: Setting CVar [[r.Tonemapper.Quality:5]]
[2024.05.05-18.22.21:378][  0]LogConfig: Setting CVar [[r.DOF.Gather.AccumulatorQuality:1        ; higher gathering accumulator quality]]
[2024.05.05-18.22.21:378][  0]LogConfig: Setting CVar [[r.DOF.Gather.PostfilterMethod:1          ; Median3x3 postfilering method]]
[2024.05.05-18.22.21:378][  0]LogConfig: Setting CVar [[r.DOF.Gather.EnableBokehSettings:0       ; no bokeh simulation when gathering]]
[2024.05.05-18.22.21:378][  0]LogConfig: Setting CVar [[r.DOF.Gather.RingCount:4                 ; medium number of samples when gathering]]
[2024.05.05-18.22.21:378][  0]LogConfig: Setting CVar [[r.DOF.Scatter.ForegroundCompositing:1    ; additive foreground scattering]]
[2024.05.05-18.22.21:379][  0]LogConfig: Setting CVar [[r.DOF.Scatter.BackgroundCompositing:2    ; additive background scattering]]
[2024.05.05-18.22.21:379][  0]LogConfig: Setting CVar [[r.DOF.Scatter.EnableBokehSettings:1      ; bokeh simulation when scattering]]
[2024.05.05-18.22.21:379][  0]LogConfig: Setting CVar [[r.DOF.Scatter.MaxSpriteRatio:0.1         ; only a maximum of 10% of scattered bokeh]]
[2024.05.05-18.22.21:379][  0]LogConfig: Setting CVar [[r.DOF.Recombine.Quality:1                ; cheap slight out of focus]]
[2024.05.05-18.22.21:379][  0]LogConfig: Setting CVar [[r.DOF.Recombine.EnableBokehSettings:0    ; no bokeh simulation on slight out of focus]]
[2024.05.05-18.22.21:379][  0]LogConfig: Setting CVar [[r.DOF.TemporalAAQuality:1                ; more stable temporal accumulation]]
[2024.05.05-18.22.21:379][  0]LogConfig: Setting CVar [[r.DOF.Kernel.MaxForegroundRadius:0.025]]
[2024.05.05-18.22.21:379][  0]LogConfig: Setting CVar [[r.DOF.Kernel.MaxBackgroundRadius:0.025]]
[2024.05.05-18.22.21:379][  0]LogConfig: Applying CVar settings from Section [TextureQuality@3] File [C:/Users/Melih/Desktop/MyProject/Saved/Config/Windows/Scalability.ini]
[2024.05.05-18.22.21:379][  0]LogConfig: Setting CVar [[r.Streaming.MipBias:0]]
[2024.05.05-18.22.21:379][  0]LogConfig: Setting CVar [[r.Streaming.AmortizeCPUToGPUCopy:0]]
[2024.05.05-18.22.21:379][  0]LogConfig: Setting CVar [[r.Streaming.MaxNumTexturesToStreamPerFrame:0]]
[2024.05.05-18.22.21:379][  0]LogConfig: Setting CVar [[r.Streaming.Boost:1]]
[2024.05.05-18.22.21:379][  0]LogConfig: Setting CVar [[r.MaxAnisotropy:8]]
[2024.05.05-18.22.21:379][  0]LogConfig: Setting CVar [[r.VT.MaxAnisotropy:8]]
[2024.05.05-18.22.21:379][  0]LogConfig: Setting CVar [[r.Streaming.LimitPoolSizeToVRAM:0]]
[2024.05.05-18.22.21:379][  0]LogConfig: Setting CVar [[r.Streaming.PoolSize:1000]]
[2024.05.05-18.22.21:379][  0]LogConfig: Setting CVar [[r.Streaming.MaxEffectiveScreenSize:0]]
[2024.05.05-18.22.21:379][  0]LogConfig: Applying CVar settings from Section [EffectsQuality@3] File [C:/Users/Melih/Desktop/MyProject/Saved/Config/Windows/Scalability.ini]
[2024.05.05-18.22.21:379][  0]LogConfig: Setting CVar [[r.TranslucencyLightingVolumeDim:64]]
[2024.05.05-18.22.21:379][  0]LogConfig: Setting CVar [[r.RefractionQuality:2]]
[2024.05.05-18.22.21:379][  0]LogConfig: Setting CVar [[r.SSR.Quality:3]]
[2024.05.05-18.22.21:379][  0]LogConfig: Setting CVar [[r.SSR.HalfResSceneColor:0]]
[2024.05.05-18.22.21:379][  0]LogConfig: Setting CVar [[r.SceneColorFormat:4]]
[2024.05.05-18.22.21:379][  0]LogConfig: Setting CVar [[r.DetailMode:2]]
[2024.05.05-18.22.21:379][  0]LogConfig: Setting CVar [[r.TranslucencyVolumeBlur:1]]
[2024.05.05-18.22.21:379][  0]LogConfig: Setting CVar [[r.MaterialQualityLevel:1 ; High quality]]
[2024.05.05-18.22.21:379][  0]LogConfig: Setting CVar [[r.AnisotropicMaterials:1]]
[2024.05.05-18.22.21:379][  0]LogConfig: Setting CVar [[r.SSS.Scale:1]]
[2024.05.05-18.22.21:379][  0]LogConfig: Setting CVar [[r.SSS.SampleSet:2]]
[2024.05.05-18.22.21:379][  0]LogConfig: Setting CVar [[r.SSS.Quality:1]]
[2024.05.05-18.22.21:379][  0]LogConfig: Setting CVar [[r.SSS.HalfRes:0]]
[2024.05.05-18.22.21:379][  0]LogConfig: Setting CVar [[r.SSGI.Quality:3]]
[2024.05.05-18.22.21:379][  0]LogConfig: Setting CVar [[r.EmitterSpawnRateScale:1.0]]
[2024.05.05-18.22.21:379][  0]LogConfig: Setting CVar [[r.ParticleLightQuality:2]]
[2024.05.05-18.22.21:379][  0]LogConfig: Setting CVar [[r.SkyAtmosphere.AerialPerspectiveLUT.FastApplyOnOpaque:1 ; Always have FastSkyLUT 1 in this case to avoid wrong sky]]
[2024.05.05-18.22.21:379][  0]LogConfig: Setting CVar [[r.SkyAtmosphere.AerialPerspectiveLUT.SampleCountMaxPerSlice:4]]
[2024.05.05-18.22.21:379][  0]LogConfig: Setting CVar [[r.SkyAtmosphere.AerialPerspectiveLUT.DepthResolution:16.0]]
[2024.05.05-18.22.21:379][  0]LogConfig: Setting CVar [[r.SkyAtmosphere.FastSkyLUT:1]]
[2024.05.05-18.22.21:379][  0]LogConfig: Setting CVar [[r.SkyAtmosphere.FastSkyLUT.SampleCountMin:4.0]]
[2024.05.05-18.22.21:379][  0]LogConfig: Setting CVar [[r.SkyAtmosphere.FastSkyLUT.SampleCountMax:128.0]]
[2024.05.05-18.22.21:379][  0]LogConfig: Setting CVar [[r.SkyAtmosphere.SampleCountMin:4.0]]
[2024.05.05-18.22.21:379][  0]LogConfig: Setting CVar [[r.SkyAtmosphere.SampleCountMax:128.0]]
[2024.05.05-18.22.21:379][  0]LogConfig: Setting CVar [[r.SkyAtmosphere.TransmittanceLUT.UseSmallFormat:0]]
[2024.05.05-18.22.21:379][  0]LogConfig: Setting CVar [[r.SkyAtmosphere.TransmittanceLUT.SampleCount:10.0]]
[2024.05.05-18.22.21:379][  0]LogConfig: Setting CVar [[r.SkyAtmosphere.MultiScatteringLUT.SampleCount:15.0]]
[2024.05.05-18.22.21:379][  0]LogConfig: Setting CVar [[r.SkyLight.RealTimeReflectionCapture:1]]
[2024.05.05-18.22.21:379][  0]LogConfig: Applying CVar settings from Section [FoliageQuality@3] File [C:/Users/Melih/Desktop/MyProject/Saved/Config/Windows/Scalability.ini]
[2024.05.05-18.22.21:379][  0]LogConfig: Setting CVar [[foliage.DensityScale:1.0]]
[2024.05.05-18.22.21:379][  0]LogConfig: Setting CVar [[grass.DensityScale:1.0]]
[2024.05.05-18.22.21:379][  0]LogConfig: Applying CVar settings from Section [ShadingQuality@3] File [C:/Users/Melih/Desktop/MyProject/Saved/Config/Windows/Scalability.ini]
[2024.05.05-18.22.21:380][  0]LogConfig: Setting CVar [[r.HairStrands.SkyLighting.IntegrationType:2]]
[2024.05.05-18.22.21:380][  0]LogConfig: Setting CVar [[r.HairStrands.SkyAO.SampleCount:4]]
[2024.05.05-18.22.21:380][  0]LogConfig: Setting CVar [[r.HairStrands.Visibility.MSAA.SamplePerPixel:4]]
[2024.05.05-18.22.21:380][  0]LogInit: Selected Device Profile: [Windows]
[2024.05.05-18.22.21:380][  0]LogInit: Applying CVar settings loaded from the selected device profile: [Windows]
[2024.05.05-18.22.21:380][  0]LogHAL: Display: Platform has ~ 16 GB [16556597248 / 17179869184 / 16], which maps to Larger [LargestMinGB=32, LargerMinGB=12, DefaultMinGB=8, SmallerMinGB=6, SmallestMinGB=0)
[2024.05.05-18.22.21:380][  0]LogInit: Going up to parent DeviceProfile []
[2024.05.05-18.22.21:380][  0]LogConfig: Applying CVar settings from Section [ViewDistanceQuality@3] File [C:/Users/Melih/Desktop/MyProject/Saved/Config/Windows/Scalability.ini]
[2024.05.05-18.22.21:380][  0]LogConfig: Setting CVar [[r.SkeletalMeshLODBias:0]]
[2024.05.05-18.22.21:380][  0]LogConfig: Setting CVar [[r.ViewDistanceScale:1.0]]
[2024.05.05-18.22.21:380][  0]LogConfig: Applying CVar settings from Section [AntiAliasingQuality@3] File [C:/Users/Melih/Desktop/MyProject/Saved/Config/Windows/Scalability.ini]
[2024.05.05-18.22.21:380][  0]LogConfig: Setting CVar [[r.PostProcessAAQuality:4]]
[2024.05.05-18.22.21:380][  0]LogConfig: Applying CVar settings from Section [ShadowQuality@3] File [C:/Users/Melih/Desktop/MyProject/Saved/Config/Windows/Scalability.ini]
[2024.05.05-18.22.21:380][  0]LogConfig: Setting CVar [[r.LightFunctionQuality:1]]
[2024.05.05-18.22.21:380][  0]LogConfig: Setting CVar [[r.ShadowQuality:5]]
[2024.05.05-18.22.21:380][  0]LogConfig: Setting CVar [[r.Shadow.CSM.MaxCascades:10]]
[2024.05.05-18.22.21:380][  0]LogConfig: Setting CVar [[r.Shadow.MaxResolution:2048]]
[2024.05.05-18.22.21:380][  0]LogConfig: Setting CVar [[r.Shadow.MaxCSMResolution:2048]]
[2024.05.05-18.22.21:380][  0]LogConfig: Setting CVar [[r.Shadow.RadiusThreshold:0.01]]
[2024.05.05-18.22.21:380][  0]LogConfig: Setting CVar [[r.Shadow.DistanceScale:1.0]]
[2024.05.05-18.22.21:380][  0]LogConfig: Setting CVar [[r.Shadow.CSM.TransitionScale:1.0]]
[2024.05.05-18.22.21:380][  0]LogConfig: Setting CVar [[r.Shadow.PreShadowResolutionFactor:1.0]]
[2024.05.05-18.22.21:380][  0]LogConfig: Setting CVar [[r.DistanceFieldShadowing:1]]
[2024.05.05-18.22.21:380][  0]LogConfig: Setting CVar [[r.DistanceFieldAO:1]]
[2024.05.05-18.22.21:380][  0]LogConfig: Setting CVar [[r.AOQuality:2]]
[2024.05.05-18.22.21:380][  0]LogConfig: Setting CVar [[r.VolumetricFog:1]]
[2024.05.05-18.22.21:380][  0]LogConfig: Setting CVar [[r.VolumetricFog.GridPixelSize:8]]
[2024.05.05-18.22.21:380][  0]LogConfig: Setting CVar [[r.VolumetricFog.GridSizeZ:128]]
[2024.05.05-18.22.21:380][  0]LogConfig: Setting CVar [[r.VolumetricFog.HistoryMissSupersampleCount:4]]
[2024.05.05-18.22.21:380][  0]LogConfig: Setting CVar [[r.LightMaxDrawDistanceScale:1]]
[2024.05.05-18.22.21:380][  0]LogConfig: Setting CVar [[r.CapsuleShadows:1]]
[2024.05.05-18.22.21:380][  0]LogConfig: Applying CVar settings from Section [PostProcessQuality@3] File [C:/Users/Melih/Desktop/MyProject/Saved/Config/Windows/Scalability.ini]
[2024.05.05-18.22.21:380][  0]LogConfig: Setting CVar [[r.MotionBlurQuality:4]]
[2024.05.05-18.22.21:380][  0]LogConfig: Setting CVar [[r.AmbientOcclusionMipLevelFactor:0.4]]
[2024.05.05-18.22.21:380][  0]LogConfig: Setting CVar [[r.AmbientOcclusionMaxQuality:100]]
[2024.05.05-18.22.21:380][  0]LogConfig: Setting CVar [[r.AmbientOcclusionLevels:-1]]
[2024.05.05-18.22.21:380][  0]LogConfig: Setting CVar [[r.AmbientOcclusionRadiusScale:1.0]]
[2024.05.05-18.22.21:380][  0]LogConfig: Setting CVar [[r.DepthOfFieldQuality:2]]
[2024.05.05-18.22.21:380][  0]LogConfig: Setting CVar [[r.RenderTargetPoolMin:400]]
[2024.05.05-18.22.21:380][  0]LogConfig: Setting CVar [[r.LensFlareQuality:2]]
[2024.05.05-18.22.21:380][  0]LogConfig: Setting CVar [[r.SceneColorFringeQuality:1]]
[2024.05.05-18.22.21:380][  0]LogConfig: Setting CVar [[r.EyeAdaptationQuality:2]]
[2024.05.05-18.22.21:380][  0]LogConfig: Setting CVar [[r.BloomQuality:5]]
[2024.05.05-18.22.21:380][  0]LogConfig: Setting CVar [[r.FastBlurThreshold:100]]
[2024.05.05-18.22.21:380][  0]LogConfig: Setting CVar [[r.Upscale.Quality:3]]
[2024.05.05-18.22.21:380][  0]LogConfig: Setting CVar [[r.Tonemapper.GrainQuantization:1]]
[2024.05.05-18.22.21:380][  0]LogConfig: Setting CVar [[r.LightShaftQuality:1]]
[2024.05.05-18.22.21:380][  0]LogConfig: Setting CVar [[r.Filter.SizeScale:1]]
[2024.05.05-18.22.21:380][  0]LogConfig: Setting CVar [[r.Tonemapper.Quality:5]]
[2024.05.05-18.22.21:380][  0]LogConfig: Setting CVar [[r.DOF.Gather.AccumulatorQuality:1        ; higher gathering accumulator quality]]
[2024.05.05-18.22.21:380][  0]LogConfig: Setting CVar [[r.DOF.Gather.PostfilterMethod:1          ; Median3x3 postfilering method]]
[2024.05.05-18.22.21:380][  0]LogConfig: Setting CVar [[r.DOF.Gather.EnableBokehSettings:0       ; no bokeh simulation when gathering]]
[2024.05.05-18.22.21:380][  0]LogConfig: Setting CVar [[r.DOF.Gather.RingCount:4                 ; medium number of samples when gathering]]
[2024.05.05-18.22.21:380][  0]LogConfig: Setting CVar [[r.DOF.Scatter.ForegroundCompositing:1    ; additive foreground scattering]]
[2024.05.05-18.22.21:380][  0]LogConfig: Setting CVar [[r.DOF.Scatter.BackgroundCompositing:2    ; additive background scattering]]
[2024.05.05-18.22.21:380][  0]LogConfig: Setting CVar [[r.DOF.Scatter.EnableBokehSettings:1      ; bokeh simulation when scattering]]
[2024.05.05-18.22.21:380][  0]LogConfig: Setting CVar [[r.DOF.Scatter.MaxSpriteRatio:0.1         ; only a maximum of 10% of scattered bokeh]]
[2024.05.05-18.22.21:380][  0]LogConfig: Setting CVar [[r.DOF.Recombine.Quality:1                ; cheap slight out of focus]]
[2024.05.05-18.22.21:380][  0]LogConfig: Setting CVar [[r.DOF.Recombine.EnableBokehSettings:0    ; no bokeh simulation on slight out of focus]]
[2024.05.05-18.22.21:380][  0]LogConfig: Setting CVar [[r.DOF.TemporalAAQuality:1                ; more stable temporal accumulation]]
[2024.05.05-18.22.21:380][  0]LogConfig: Setting CVar [[r.DOF.Kernel.MaxForegroundRadius:0.025]]
[2024.05.05-18.22.21:380][  0]LogConfig: Setting CVar [[r.DOF.Kernel.MaxBackgroundRadius:0.025]]
[2024.05.05-18.22.21:381][  0]LogConfig: Applying CVar settings from Section [TextureQuality@3] File [C:/Users/Melih/Desktop/MyProject/Saved/Config/Windows/Scalability.ini]
[2024.05.05-18.22.21:381][  0]LogConfig: Setting CVar [[r.Streaming.MipBias:0]]
[2024.05.05-18.22.21:381][  0]LogConfig: Setting CVar [[r.Streaming.AmortizeCPUToGPUCopy:0]]
[2024.05.05-18.22.21:381][  0]LogConfig: Setting CVar [[r.Streaming.MaxNumTexturesToStreamPerFrame:0]]
[2024.05.05-18.22.21:381][  0]LogConfig: Setting CVar [[r.Streaming.Boost:1]]
[2024.05.05-18.22.21:381][  0]LogConfig: Setting CVar [[r.MaxAnisotropy:8]]
[2024.05.05-18.22.21:381][  0]LogConfig: Setting CVar [[r.VT.MaxAnisotropy:8]]
[2024.05.05-18.22.21:381][  0]LogConfig: Setting CVar [[r.Streaming.LimitPoolSizeToVRAM:0]]
[2024.05.05-18.22.21:381][  0]LogConfig: Setting CVar [[r.Streaming.PoolSize:1000]]
[2024.05.05-18.22.21:381][  0]LogConfig: Setting CVar [[r.Streaming.MaxEffectiveScreenSize:0]]
[2024.05.05-18.22.21:381][  0]LogConfig: Applying CVar settings from Section [EffectsQuality@3] File [C:/Users/Melih/Desktop/MyProject/Saved/Config/Windows/Scalability.ini]
[2024.05.05-18.22.21:381][  0]LogConfig: Setting CVar [[r.TranslucencyLightingVolumeDim:64]]
[2024.05.05-18.22.21:381][  0]LogConfig: Setting CVar [[r.RefractionQuality:2]]
[2024.05.05-18.22.21:381][  0]LogConfig: Setting CVar [[r.SSR.Quality:3]]
[2024.05.05-18.22.21:381][  0]LogConfig: Setting CVar [[r.SSR.HalfResSceneColor:0]]
[2024.05.05-18.22.21:381][  0]LogConfig: Setting CVar [[r.SceneColorFormat:4]]
[2024.05.05-18.22.21:381][  0]LogConfig: Setting CVar [[r.DetailMode:2]]
[2024.05.05-18.22.21:381][  0]LogConfig: Setting CVar [[r.TranslucencyVolumeBlur:1]]
[2024.05.05-18.22.21:381][  0]LogConfig: Setting CVar [[r.MaterialQualityLevel:1 ; High quality]]
[2024.05.05-18.22.21:381][  0]LogConfig: Setting CVar [[r.AnisotropicMaterials:1]]
[2024.05.05-18.22.21:381][  0]LogConfig: Setting CVar [[r.SSS.Scale:1]]
[2024.05.05-18.22.21:381][  0]LogConfig: Setting CVar [[r.SSS.SampleSet:2]]
[2024.05.05-18.22.21:381][  0]LogConfig: Setting CVar [[r.SSS.Quality:1]]
[2024.05.05-18.22.21:381][  0]LogConfig: Setting CVar [[r.SSS.HalfRes:0]]
[2024.05.05-18.22.21:381][  0]LogConfig: Setting CVar [[r.SSGI.Quality:3]]
[2024.05.05-18.22.21:381][  0]LogConfig: Setting CVar [[r.EmitterSpawnRateScale:1.0]]
[2024.05.05-18.22.21:381][  0]LogConfig: Setting CVar [[r.ParticleLightQuality:2]]
[2024.05.05-18.22.21:381][  0]LogConfig: Setting CVar [[r.SkyAtmosphere.AerialPerspectiveLUT.FastApplyOnOpaque:1 ; Always have FastSkyLUT 1 in this case to avoid wrong sky]]
[2024.05.05-18.22.21:381][  0]LogConfig: Setting CVar [[r.SkyAtmosphere.AerialPerspectiveLUT.SampleCountMaxPerSlice:4]]
[2024.05.05-18.22.21:381][  0]LogConfig: Setting CVar [[r.SkyAtmosphere.AerialPerspectiveLUT.DepthResolution:16.0]]
[2024.05.05-18.22.21:381][  0]LogConfig: Setting CVar [[r.SkyAtmosphere.FastSkyLUT:1]]
[2024.05.05-18.22.21:381][  0]LogConfig: Setting CVar [[r.SkyAtmosphere.FastSkyLUT.SampleCountMin:4.0]]
[2024.05.05-18.22.21:381][  0]LogConfig: Setting CVar [[r.SkyAtmosphere.FastSkyLUT.SampleCountMax:128.0]]
[2024.05.05-18.22.21:381][  0]LogConfig: Setting CVar [[r.SkyAtmosphere.SampleCountMin:4.0]]
[2024.05.05-18.22.21:381][  0]LogConfig: Setting CVar [[r.SkyAtmosphere.SampleCountMax:128.0]]
[2024.05.05-18.22.21:381][  0]LogConfig: Setting CVar [[r.SkyAtmosphere.TransmittanceLUT.UseSmallFormat:0]]
[2024.05.05-18.22.21:381][  0]LogConfig: Setting CVar [[r.SkyAtmosphere.TransmittanceLUT.SampleCount:10.0]]
[2024.05.05-18.22.21:381][  0]LogConfig: Setting CVar [[r.SkyAtmosphere.MultiScatteringLUT.SampleCount:15.0]]
[2024.05.05-18.22.21:381][  0]LogConfig: Setting CVar [[r.SkyLight.RealTimeReflectionCapture:1]]
[2024.05.05-18.22.21:381][  0]LogConfig: Applying CVar settings from Section [FoliageQuality@3] File [C:/Users/Melih/Desktop/MyProject/Saved/Config/Windows/Scalability.ini]
[2024.05.05-18.22.21:381][  0]LogConfig: Setting CVar [[foliage.DensityScale:1.0]]
[2024.05.05-18.22.21:381][  0]LogConfig: Setting CVar [[grass.DensityScale:1.0]]
[2024.05.05-18.22.21:381][  0]LogConfig: Applying CVar settings from Section [ShadingQuality@3] File [C:/Users/Melih/Desktop/MyProject/Saved/Config/Windows/Scalability.ini]
[2024.05.05-18.22.21:381][  0]LogConfig: Setting CVar [[r.HairStrands.SkyLighting.IntegrationType:2]]
[2024.05.05-18.22.21:381][  0]LogConfig: Setting CVar [[r.HairStrands.SkyAO.SampleCount:4]]
[2024.05.05-18.22.21:381][  0]LogConfig: Setting CVar [[r.HairStrands.Visibility.MSAA.SamplePerPixel:4]]
[2024.05.05-18.22.21:381][  0]LogConfig: Applying CVar settings from Section [Startup] File [../../../Engine/Config/ConsoleVariables.ini]
[2024.05.05-18.22.21:382][  0]LogConfig: Setting CVar [[net.UseAdaptiveNetUpdateFrequency:0]]
[2024.05.05-18.22.21:382][  0]LogConfig: Setting CVar [[p.chaos.AllowCreatePhysxBodies:1]]
[2024.05.05-18.22.21:382][  0]LogConfig: Setting CVar [[fx.SkipVectorVMBackendOptimizations:1]]
[2024.05.05-18.22.21:382][  0]LogConfig: Applying CVar settings from Section [ConsoleVariables] File [C:/Users/Melih/Desktop/MyProject/Saved/Config/Windows/Engine.ini]
[2024.05.05-18.22.21:382][  0]LogConfig: Applying CVar settings from Section [ConsoleVariables] File [C:/Users/Melih/Desktop/MyProject/Saved/Config/Windows/Editor.ini]
[2024.05.05-18.22.21:382][  0]LogInit: Computer: PERKELE
[2024.05.05-18.22.21:382][  0]LogInit: User: Melih
[2024.05.05-18.22.21:382][  0]LogInit: CPU Page size=4096, Cores=6
[2024.05.05-18.22.21:382][  0]LogInit: High frequency timer resolution =10.000000 MHz
[2024.05.05-18.22.21:382][  0]LogMemory: Memory total: Physical=15.4GB (16GB approx)
[2024.05.05-18.22.21:382][  0]LogMemory: Platform Memory Stats for Windows
[2024.05.05-18.22.21:382][  0]LogMemory: Process Physical Memory: 149.48 MB used, 149.48 MB peak
[2024.05.05-18.22.21:382][  0]LogMemory: Process Virtual Memory: 130.11 MB used, 130.11 MB peak
[2024.05.05-18.22.21:382][  0]LogMemory: Physical Memory: 11064.51 MB used,  4725.09 MB free, 15789.60 MB total
[2024.05.05-18.22.21:382][  0]LogMemory: Virtual Memory: 134212384.00 MB used,  5344.49 MB free, 134217728.00 MB total
[2024.05.05-18.22.21:416][  0]LogWindows: WindowsPlatformFeatures enabled
[2024.05.05-18.22.21:479][  0]LogInit: Physics initialised using underlying interface: PhysX
[2024.05.05-18.22.21:480][  0]LogInit: Using OS detected language (en-GB).
[2024.05.05-18.22.21:480][  0]LogInit: Using OS detected locale (en-FI).
[2024.05.05-18.22.21:485][  0]LogTextLocalizationManager: No specific localization for 'en-GB' exists, so the 'en' localization will be used.
[2024.05.05-18.22.21:793][  0]LogWindowsTextInputMethodSystem: Display: IME system deactivated.
[2024.05.05-18.22.21:824][  0]LogSlate: New Slate User Created.  User Index 0, Is Virtual User: 0
[2024.05.05-18.22.21:824][  0]LogSlate: Slate User Registered.  User Index 0, Is Virtual User: 0
[2024.05.05-18.22.21:848][  0]LogD3D11RHI: Loaded GFSDK_Aftermath_Lib.x64.dll
[2024.05.05-18.22.21:906][  0]LogHMD: Failed to initialize OpenVR with code 110
[2024.05.05-18.22.21:906][  0]LogD3D11RHI: D3D11 min allowed feature level: 11_0
[2024.05.05-18.22.21:906][  0]LogD3D11RHI: D3D11 max allowed feature level: 11_0
[2024.05.05-18.22.21:906][  0]LogD3D11RHI: D3D11 adapters:
[2024.05.05-18.22.22:055][  0]LogD3D11RHI:    0. 'NVIDIA GeForce RTX 3050 Laptop GPU' (Feature Level 11_0)
[2024.05.05-18.22.22:055][  0]LogD3D11RHI:       3964/0/7894 MB DedicatedVideo/DedicatedSystem/SharedSystem, Outputs:1, VendorId:0x10de
[2024.05.05-18.22.22:114][  0]LogD3D11RHI:    1. 'AMD Radeon(TM) Graphics' (Feature Level 11_0)
[2024.05.05-18.22.22:114][  0]LogD3D11RHI:       495/0/7894 MB DedicatedVideo/DedicatedSystem/SharedSystem, Outputs:0, VendorId:0x1002
[2024.05.05-18.22.22:118][  0]LogD3D11RHI:    2. 'Microsoft Basic Render Driver' (Feature Level 11_0)
[2024.05.05-18.22.22:118][  0]LogD3D11RHI:       0/0/7894 MB DedicatedVideo/DedicatedSystem/SharedSystem, Outputs:0, VendorId:0x1414
[2024.05.05-18.22.22:118][  0]LogD3D11RHI: Chosen D3D11 Adapter:
[2024.05.05-18.22.22:118][  0]LogD3D11RHI:     Description : NVIDIA GeForce RTX 3050 Laptop GPU
[2024.05.05-18.22.22:118][  0]LogD3D11RHI:     VendorId    : 10de
[2024.05.05-18.22.22:118][  0]LogD3D11RHI:     DeviceId    : 25a2
[2024.05.05-18.22.22:118][  0]LogD3D11RHI:     SubSysId    : 16ad1043
[2024.05.05-18.22.22:118][  0]LogD3D11RHI:     Revision    : 00a1
[2024.05.05-18.22.22:118][  0]LogD3D11RHI:     DedicatedVideoMemory : 4156555264 bytes
[2024.05.05-18.22.22:118][  0]LogD3D11RHI:     DedicatedSystemMemory : 0 bytes
[2024.05.05-18.22.22:118][  0]LogD3D11RHI:     SharedSystemMemory : 8278298624 bytes
[2024.05.05-18.22.22:118][  0]LogD3D11RHI:     AdapterLuid : 0 70303
[2024.05.05-18.22.22:125][  0]LogD3D11RHI: Creating new Direct3DDevice
[2024.05.05-18.22.22:125][  0]LogD3D11RHI:     GPU DeviceId: 0x25a2 (for the marketing name, search the web for "GPU Device Id")
[2024.05.05-18.22.22:125][  0]LogWindows: EnumDisplayDevices:
[2024.05.05-18.22.22:125][  0]LogWindows:    0. 'AMD Radeon(TM) Graphics' (P:1 D:1)
[2024.05.05-18.22.22:126][  0]LogWindows:    1. 'AMD Radeon(TM) Graphics' (P:0 D:0)
[2024.05.05-18.22.22:126][  0]LogWindows:    2. 'AMD Radeon(TM) Graphics' (P:0 D:0)
[2024.05.05-18.22.22:126][  0]LogWindows:    3. 'NVIDIA GeForce RTX 3050 Laptop GPU' (P:0 D:0)
[2024.05.05-18.22.22:128][  0]LogWindows:    4. 'NVIDIA GeForce RTX 3050 Laptop GPU' (P:0 D:0)
[2024.05.05-18.22.22:128][  0]LogWindows:    5. 'NVIDIA GeForce RTX 3050 Laptop GPU' (P:0 D:0)
[2024.05.05-18.22.22:128][  0]LogWindows:    6. 'NVIDIA GeForce RTX 3050 Laptop GPU' (P:0 D:0)
[2024.05.05-18.22.22:128][  0]LogWindows: DebugString: PrimaryIsNotTheChoosenAdapter PrimaryIsNotTheChoosenAdapter PrimaryIsNotTheChoosenAdapter FoundDriverCount:4 
[2024.05.05-18.22.22:128][  0]LogD3D11RHI:     Adapter Name: NVIDIA GeForce RTX 3050 Laptop GPU
[2024.05.05-18.22.22:128][  0]LogD3D11RHI:   Driver Version: 552.22 (internal:31.0.15.5222, unified:552.22)
[2024.05.05-18.22.22:128][  0]LogD3D11RHI:      Driver Date: 4-11-2024
[2024.05.05-18.22.22:128][  0]LogRHI: Texture pool is 2774 MB (70% of 3964 MB)
[2024.05.05-18.22.22:128][  0]LogD3D11RHI: Creating D3DDevice using adapter:
[2024.05.05-18.22.22:128][  0]LogD3D11RHI:     Description : NVIDIA GeForce RTX 3050 Laptop GPU
[2024.05.05-18.22.22:128][  0]LogD3D11RHI:     VendorId    : 10de
[2024.05.05-18.22.22:128][  0]LogD3D11RHI:     DeviceId    : 25a2
[2024.05.05-18.22.22:128][  0]LogD3D11RHI:     SubSysId    : 16ad1043
[2024.05.05-18.22.22:128][  0]LogD3D11RHI:     Revision    : 00a1
[2024.05.05-18.22.22:128][  0]LogD3D11RHI:     DedicatedVideoMemory : 4156555264 bytes
[2024.05.05-18.22.22:128][  0]LogD3D11RHI:     DedicatedSystemMemory : 0 bytes
[2024.05.05-18.22.22:128][  0]LogD3D11RHI:     SharedSystemMemory : 8278298624 bytes
[2024.05.05-18.22.22:128][  0]LogD3D11RHI:     AdapterLuid : 0 70303
[2024.05.05-18.22.22:226][  0]LogD3D11RHI: RHI has support for 64 bit atomics
[2024.05.05-18.22.22:226][  0]LogD3D11RHI: Async texture creation enabled
[2024.05.05-18.22.22:226][  0]LogD3D11RHI: Array index from any shader is supported
[2024.05.05-18.22.22:249][  0]LogD3D11RHI: GPU Timing Frequency: 1000.000000 (Debug: 2 1)
[2024.05.05-18.22.22:282][  0]LogRHI: GeForceNow SDK initialized: 1
[2024.05.05-18.22.22:689][  0]LogTargetPlatformManager: Display: Loaded TargetPlatform 'WindowsNoEditor'
[2024.05.05-18.22.22:696][  0]LogTargetPlatformManager: Display: Loaded TargetPlatform 'Windows'
[2024.05.05-18.22.22:702][  0]LogTargetPlatformManager: Display: Loaded TargetPlatform 'WindowsClient'
[2024.05.05-18.22.22:708][  0]LogTargetPlatformManager: Display: Loaded TargetPlatform 'WindowsServer'
[2024.05.05-18.22.22:708][  0]LogTargetPlatformManager: Display: Building Assets For Windows
[2024.05.05-18.22.22:720][  0]LogAudioDebug: Display: Lib vorbis DLL was dynamically loaded.
[2024.05.05-18.22.22:766][  0]LogTextureFormatOodle: Display: Oodle Texture 2.9.0 init RDO Off
[2024.05.05-18.22.22:810][  0]LogRendererCore: Ray tracing is disabled. Reason: r.RayTracing=0.
[2024.05.05-18.22.22:810][  0]LogShaderCompilers: Guid format shader working directory is -2 characters bigger than the processId version (../../../../../../Users/Melih/Desktop/MyProject/Intermediate/Shaders/WorkingDirectory/19516/).
[2024.05.05-18.22.22:810][  0]LogShaderCompilers: Cleaned the shader compiler working directory 'C:/Users/Melih/AppData/Local/Temp/UnrealShaderWorkingDir/04BA88B44C32DA308632C7BA82985E7C/'.
[2024.05.05-18.22.22:811][  0]LogXGEController: Cannot use XGE Controller as Incredibuild is not installed on this machine.
[2024.05.05-18.22.22:811][  0]LogShaderCompilers: Cannot use XGE Shader Compiler as Incredibuild is not installed on this machine.
[2024.05.05-18.22.22:811][  0]LogShaderCompilers: Display: Using Local Shader Compiler.
[2024.05.05-18.22.23:741][  0]LogDerivedDataCache: Display: Max Cache Size: 512 MB
[2024.05.05-18.22.23:815][  0]LogDerivedDataCache: Loaded boot cache 0.07s 114MB C:/Users/Melih/AppData/Local/UnrealEngine/4.27/DerivedDataCache/Boot.ddc.
[2024.05.05-18.22.23:815][  0]LogDerivedDataCache: Display: Loaded Boot cache: C:/Users/Melih/AppData/Local/UnrealEngine/4.27/DerivedDataCache/Boot.ddc
[2024.05.05-18.22.23:815][  0]LogDerivedDataCache: FDerivedDataBackendGraph:  Pak pak cache file ../../../../../../Users/Melih/Desktop/MyProject/DerivedDataCache/DDC.ddp not found, will not use a pak cache.
[2024.05.05-18.22.23:815][  0]LogDerivedDataCache: Unable to find inner node Pak for hierarchical cache Hierarchy.
[2024.05.05-18.22.23:815][  0]LogDerivedDataCache: FDerivedDataBackendGraph:  CompressedPak pak cache file ../../../../../../Users/Melih/Desktop/MyProject/DerivedDataCache/Compressed.ddp not found, will not use a pak cache.
[2024.05.05-18.22.23:815][  0]LogDerivedDataCache: Unable to find inner node CompressedPak for hierarchical cache Hierarchy.
[2024.05.05-18.22.23:842][  0]LogDerivedDataCache: Display: Pak cache opened for reading ../../../Engine/DerivedDataCache/Compressed.ddp.
[2024.05.05-18.22.23:842][  0]LogDerivedDataCache: FDerivedDataBackendGraph:  EnterprisePak pak cache file ../../../Enterprise/DerivedDataCache/Compressed.ddp not found, will not use a pak cache.
[2024.05.05-18.22.23:842][  0]LogDerivedDataCache: Unable to find inner node EnterprisePak for hierarchical cache Hierarchy.
[2024.05.05-18.22.23:853][  0]LogDerivedDataCache: Speed tests for C:/Users/Melih/AppData/Local/UnrealEngine/Common/DerivedDataCache took 0.01 seconds
[2024.05.05-18.22.23:853][  0]LogDerivedDataCache: Display: Performance to C:/Users/Melih/AppData/Local/UnrealEngine/Common/DerivedDataCache: Latency=0.04ms. RandomReadSpeed=991.77MBs, RandomWriteSpeed=99.67MBs. Assigned SpeedClass 'Local'
[2024.05.05-18.22.23:854][  0]LogDerivedDataCache: Using Local data cache path C:/Users/Melih/AppData/Local/UnrealEngine/Common/DerivedDataCache: Writable
[2024.05.05-18.22.23:854][  0]LogDerivedDataCache: Shared data cache path not found in *engine.ini, will not use an Shared cache.
[2024.05.05-18.22.23:854][  0]LogDerivedDataCache: Unable to find inner node Shared for hierarchical cache Hierarchy.
[2024.05.05-18.22.23:903][  0]LogSlate: Using FreeType 2.10.0
[2024.05.05-18.22.23:903][  0]LogSlate: SlateFontServices - WITH_FREETYPE: 1, WITH_HARFBUZZ: 1
[2024.05.05-18.22.24:079][  0]LogInit: Using OS detected language (en-GB).
[2024.05.05-18.22.24:079][  0]LogInit: Using OS detected locale (en-FI).
[2024.05.05-18.22.24:079][  0]LogTextLocalizationManager: No localization for 'en-GB' exists, so 'en' will be used for the language.
[2024.05.05-18.22.24:079][  0]LogTextLocalizationManager: No localization for 'en-FI' exists, so 'en' will be used for the locale.
[2024.05.05-18.22.24:079][  0]LogSlate: FontCache flush requested. Reason: Culture for localization was changed
[2024.05.05-18.22.24:079][  0]LogSlate: FontCache flush requested. Reason: Culture for localization was changed
[2024.05.05-18.22.24:083][  0]LogTextLocalizationManager: Compacting localization data took   0.01ms
[2024.05.05-18.22.24:083][  0]LogAssetRegistry: FAssetRegistry took 0.0022 seconds to start up
[2024.05.05-18.22.24:283][  0]LogPackageLocalizationCache: Processed 27 localized package path(s) for 1 prioritized culture(s) in 0.001220 seconds
[2024.05.05-18.22.24:376][  0]LogInit: Selected Device Profile: [Windows]
[2024.05.05-18.22.24:376][  0]LogInit: Active device profile: [00000288F320DB00][00000288E7EFB900 49] Windows
[2024.05.05-18.22.24:377][  0]LogInit: Profiles: [00000288F320DB00][00000288E7EFB900 49] Windows, [00000288F41C7200][00000288E7EFFA40 49] WindowsNoEditor, [00000288F320F900][00000288E7F07BC0 49] WindowsServer, [00000288F41C4A00][00000288E823A1C0 49] WindowsClient, [00000288F320CB00][00000288E823E340 49] IOS, [00000288F41C6A00][00000288E82424C0 49] iPadAir, [00000288F320F300][00000288E8246640 49] iPadAir2, [00000288F4169300][00000288E824E900 49] IPadPro, [00000288F4169400][00000288E824A940 49] iPadAir3, [00000288F41C5B00][00000288E8252AC0 49] iPadAir4, [00000288F416BA00][00000288E8256C40 49] iPadMini2, [00000288F41C6500][00000288E825ADC0 49] iPadMini3, [00000288F416BF00][00000288E825EF40 49] iPadMini4, [00000288F41C4900][00000288E82630C0 49] iPadMini5, [00000288F4175000][00000288E826B380 49] iPhone6, [00000288F4175100][00000288E82673C0 49] iPodTouch6, [00000288F320F400][00000288E8273680 49] iPhone7, [00000288F320C500][00000288E826F6C0 49] iPodTouch7, [00000288F4174100][00000288E8277840 49] iPhone5S, [00000288F4168700][00000288E7F03980 49] iPhone6Plus, [00000288F4176F00][00000288E827BAC0 49] iPhone6S, [00000288F4169A00][00000288E827FC00 49] iPhone6SPlus, [00000288F4174A00][00000288E82821C0 49] iPhone7Plus, [00000288F416BE00][00000288F2510340 49] iPhoneSE, [00000288F320C200][00000288F25144C0 49] iPhone8, [00000288F4168600][00000288F2518640 49] iPhone8Plus, [00000288F320E300][00000288F251C7C0 49] iPhoneX, [00000288F416BC00][00000288F2520940 49] iPhoneXS, [00000288F320FE00][00000288F2524AC0 49] iPhoneXSMax, [00000288F416B400][00000288F2528C40 49] iPhoneXR, [00000288F320EE00][00000288F252CDC0 49] iPhone11, [00000288F416A500][00000288F2530F40 49] iPhone11Pro, [00000288F320EC00][00000288F25350C0 49] iPhone11ProMax, [00000288F416BB00][00000288F2539240 49] iPhoneSE2, [00000288F320CE00][00000288F253D3C0 49] iPhone12Mini, [00000288F416A600][00000288F2541540 49] iPhone12, [00000288F320D800][00000288F25456C0 49] iPhone12Pro, [00000288F4169B00][00000288F2549840 49] iPhone12ProMax, [00000288F320D000][00000288F254D9C0 49] iPadPro105, [00000288F4169E00][00000288F250DB00 49] iPadPro129, [00000288F320C400][00000288F25500C0 49] iPadPro97, [00000288F4168F00][00000288F2554200 49] iPadPro2_129, [00000288F320CF00][00000288F2558340 49] iPad5, [00000288F416B800][00000288F25604C0 49] iPad6, [00000288F320FF00][00000288F2564640 49] iPad7, [00000288F416AF00][00000288F25687C0 49] iPad8, [00000288F320D900][00000288F256C940 49] iPadPro11, [00000288F4168100][00000288F2570AC0 49] iPadPro2_11, [00000288F320FD00][00000288F2574C40 49] iPadPro3_129, [00000288F4168D00][00000288F2578DC0 49] iPadPro4_129, [00000288F320C300][00000288F257CF40 49] AppleTV, [00000288F416AA00][00000288F25810C0 49] AppleTV4K, [00000288F320ED00][00000288F2585240 49] TVOS, [00000288F416A300][00000288F25893C0 49] Mac, [00000288F320DD00][00000288F258D540 49] MacClient, [00000288F416AC00][00000288F25916C0 49] MacNoEditor, [00000288F320C100][00000288F2595840 49] MacServer, [00000288F4169200][00000288F25999C0 49] Linux, [00000288F320CD00][00000288F259DB40 49] LinuxAArch64, [00000288F416A800][00000288F2ED2140 49] LinuxNoEditor, [00000288F320DC00][00000288F255C280 49] LinuxAArch64NoEditor, [00000288F4169000][00000288F2ED63C0 49] LinuxClient, [00000288F320E700][00000288F2EDA500 49] LinuxAArch64Client, [00000288F416A900][00000288F2EE2680 49] LinuxServer, [00000288F320F700][00000288F2EE6800 49] LinuxAArch64Server, [00000288F4169700][00000288F2EEA980 49] Android, [00000288F320E100][00000288F2EEEB00 49] Android_Low, [00000288F4168500][00000288F2EF2C80 49] Android_Mid, [00000288F320F600][00000288F2EF6E00 49] Android_High, [00000288F4168C00][00000288F2EFAF80 49] Android_Default, [00000288F320C600][00000288F2EFF100 49] Android_Adreno4xx, [00000288F3254400][00000288F2F03280 49] Android_Adreno5xx_Low, [00000288F320D500][00000288F2F07400 49] Android_Adreno5xx, [00000288F41C5800][00000288F2F0B580 49] Android_Adreno6xx, [00000288F4176E00][00000288F2F0F700 49] Android_Adreno6xx_Vulkan, [00000288F41C5400][00000288F2F13880 49] Android_Mali_T6xx, [00000288F4177100][00000288F2F17A00 49] Android_Mali_T7xx, [00000288F41C6F00][00000288F2F1BB80 49] Android_Mali_T8xx, [00000288F4175500][00000288F2F1E180 49] Android_Mali_G71, [00000288F41C6200][00000288F2F22300 49] Android_Mali_G72, [00000288F4175900][00000288F2EDE440 49] Android_Mali_G72_Vulkan, [00000288F41C6B00][00000288F2F26580 49] Android_Mali_G76, [00000288F4176900][00000288F2F2A6C0 49] Android_Mali_G76_Vulkan, [00000288F41C5200][00000288F2F32840 49] Android_Mali_G77, [00000288F4175700][00000288F2F369C0 49] Android_Mali_G77_Vulkan, [00000288F41C4500][00000288F2F3AB40 49] Android_Mali_G78, [00000288F4177400][00000288F2F3ECC0 49] Android_Mali_G78_Vulkan, [00000288F41C7700][00000288F2F42E40 49] Android_Mali_G710, [00000288F4176100][00000288F2F46FC0 49] Android_Mali_G710_Vulkan, [00000288F41C6600][00000288F2F4B140 49] Android_Vulkan_SM5, [00000288F4176400][00000288F2F4F2C0 49] Android_PowerVR_G6xxx, [00000288F41C7100][00000288F2F53440 49] Android_PowerVR_GT7xxx, [00000288F4174700][00000288F2F575C0 49] Android_PowerVR_GE8xxx, [00000288F41C5500][00000288F2F5B740 49] Android_PowerVR_GM9xxx, [00000288F4174C00][00000288F2F5F8C0 49] Android_PowerVR_GM9xxx_Vulkan, [00000288F41C4E00][00000288F2F63A40 49] Android_TegraK1, [00000288F4174500][00000288F2F67BC0 49] Android_Unknown_Vulkan, [00000288F41C6900][00000288F2F6A1C0 49] Lumin, [00000288F4177E00][00000288F2F6E340 49] Lumin_Desktop, [00000288F41C7300][00000288F2F724C0 49] HoloLens, 
[2024.05.05-18.22.24:536][  0]LogMeshReduction: Using QuadricMeshReduction for automatic static mesh reduction
[2024.05.05-18.22.24:536][  0]LogMeshReduction: Using SimplygonMeshReduction for automatic skeletal mesh reduction
[2024.05.05-18.22.24:536][  0]LogMeshReduction: Using ProxyLODMeshReduction for automatic mesh merging
[2024.05.05-18.22.24:536][  0]LogMeshReduction: No distributed automatic mesh merging module available
[2024.05.05-18.22.24:536][  0]LogMeshMerging: No distributed automatic mesh merging module available
[2024.05.05-18.22.24:563][  0]LogNetVersion: MyProject 1.0.0, NetCL: 17155196, EngineNetVer: 17, GameNetVer: 0 (Checksum: 3629800737)
[2024.05.05-18.22.24:880][  0]LogTexture: Default maximum texture size for cubemaps generated from long-lat sources has been changed from 512 to unlimited. In order to preserve old behaiour for '/Engine/MapTemplates/Sky/DaylightAmbientCubemap.DaylightAmbientCubemap', its maximum texture size has been explicitly set to 512.
[2024.05.05-18.22.24:937][  0]LogHMD: PokeAHoleMaterial loaded successfully
[2024.05.05-18.22.25:087][  0]LogMoviePlayer: Initializing movie player
[2024.05.05-18.22.25:237][  0]LogNiagaraDebuggerClient: Niagara Debugger Client Initialized | Session: 74FD23904F6C3C3C947A95B19EC6AE8A | Instance: 996990EB4EA75921292B5D98E3A6DE59 (PERKELE-19516).
[2024.05.05-18.22.25:266][  0]LogCollectionManager: Loaded 0 collections in 0.002441 seconds
[2024.05.05-18.22.25:270][  0]LogFileCache: Scanning file cache for directory 'C:/Users/Melih/Desktop/MyProject/Saved/Collections/' took 0.00s
[2024.05.05-18.22.25:270][  0]LogFileCache: Scanning file cache for directory 'C:/Users/Melih/Desktop/MyProject/Content/Developers/Melih/Collections/' took 0.00s
[2024.05.05-18.22.25:270][  0]LogFileCache: Scanning file cache for directory 'C:/Users/Melih/Desktop/MyProject/Content/Collections/' took 0.00s
[2024.05.05-18.22.25:270][  0]LogCollectionManager: Fixed up redirectors for 0 collections in 0.000002 seconds (updated 0 objects)
[2024.05.05-18.22.25:400][  0]LogPython: Using Python 3.7.7
[2024.05.05-18.22.25:962][  0]LogTcpMessaging: Initializing TcpMessaging bridge
[2024.05.05-18.22.25:968][  0]LogUdpMessaging: Initializing bridge on interface 0.0.0.0:0 to multicast group 230.0.0.1:6666.
[2024.05.05-18.22.26:095][  0]SourceControl: Source control is disabled
[2024.05.05-18.22.26:095][  0]SourceControl: Source control is disabled
[2024.05.05-18.22.26:104][  0]SourceControl: Source control is disabled
[2024.05.05-18.22.26:108][  0]LogUProjectInfo: Found projects:
[2024.05.05-18.22.26:119][  0]LogVSAccessor: Display: Unable to create Visual Studio setup instance: 80040154
[2024.05.05-18.22.26:120][  0]LogVSAccessor: Display: Unable to create Visual Studio setup instance: 80040154
[2024.05.05-18.22.26:121][  0]LogVSAccessor: Display: Unable to create Visual Studio setup instance: 80040154
[2024.05.05-18.22.26:239][  0]LogOpenImageDenoise: OIDN starting up
[2024.05.05-18.22.26:269][  0]LogAndroidPermission: UAndroidPermissionCallbackProxy::GetInstance
[2024.05.05-18.22.26:293][  0]LogAudioCaptureCore: Display: No Audio Capture implementations found. Audio input will be silent.
[2024.05.05-18.22.26:293][  0]LogAudioCaptureCore: Display: No Audio Capture implementations found. Audio input will be silent.
[2024.05.05-18.22.26:389][  0]LogOcInput: OculusInput pre-init called
[2024.05.05-18.22.26:399][  0]LogUObjectArray: 22121 objects as part of root set at end of initial load.
[2024.05.05-18.22.26:399][  0]LogUObjectAllocator: 5975632 out of 0 bytes used by permanent object pool.
[2024.05.05-18.22.26:399][  0]LogUObjectArray: CloseDisregardForGC: 0/0 objects in disregard for GC pool
[2024.05.05-18.22.26:469][  0]LogEngine: Initializing Engine...
[2024.05.05-18.22.26:472][  0]LogHMD: Failed to enumerate extensions. Please check that you have a valid OpenXR runtime installed.
[2024.05.05-18.22.26:473][  0]LogHMD: Failed to initialize OpenVR with code 110
[2024.05.05-18.22.26:473][  0]LogMagicLeap: Warning: VR disabled because ZI is not enabled.  To enable, in the editor, Edit -> Project Settings -> Plugins -> Magic Leap Plugin -> Enable Zero Iteration
[2024.05.05-18.22.26:475][  0]LogStats: UGameplayTagsManager::InitializeManager -  0.000 s
[2024.05.05-18.22.26:578][  0]LogInit: Initializing FReadOnlyCVARCache
[2024.05.05-18.22.26:578][  0]LogAudio: Display: Initializing Audio Device Manager...
[2024.05.05-18.22.26:583][  0]LogAudio: Display: Loading Default Audio Settings Objects...
[2024.05.05-18.22.26:584][  0]LogAudio: Display: No default SoundConcurrencyObject specified (or failed to load).
[2024.05.05-18.22.26:584][  0]LogAudio: Display: Audio Device Manager Initialized
[2024.05.05-18.22.26:584][  0]LogAudio: Display: Creating Audio Device:                 Id: 1, Scope: Shared, Realtime: True
[2024.05.05-18.22.26:584][  0]LogAudioMixer: Display: Audio Mixer Platform Settings:
[2024.05.05-18.22.26:584][  0]LogAudioMixer: Display: 	Sample Rate:						  48000
[2024.05.05-18.22.26:584][  0]LogAudioMixer: Display: 	Callback Buffer Frame Size Requested: 1024
[2024.05.05-18.22.26:584][  0]LogAudioMixer: Display: 	Callback Buffer Frame Size To Use:	  1024
[2024.05.05-18.22.26:584][  0]LogAudioMixer: Display: 	Number of buffers to queue:			  2
[2024.05.05-18.22.26:584][  0]LogAudioMixer: Display: 	Max Channels (voices):				  32
[2024.05.05-18.22.26:584][  0]LogAudioMixer: Display: 	Number of Async Source Workers:		  0
[2024.05.05-18.22.26:584][  0]LogAudio: Display: AudioDevice MaxSources: 32
[2024.05.05-18.22.26:584][  0]LogAudio: Display: Audio Spatialization Plugin: None (built-in).
[2024.05.05-18.22.26:584][  0]LogAudio: Display: Audio Reverb Plugin: None (built-in).
[2024.05.05-18.22.26:584][  0]LogAudio: Display: Audio Occlusion Plugin: None (built-in).
[2024.05.05-18.22.26:584][  0]LogAudioMixer: Display: Initializing audio mixer.
[2024.05.05-18.22.26:601][  0]LogAudioMixer: Display: 0: FrontLeft
[2024.05.05-18.22.26:601][  0]LogAudioMixer: Display: 1: FrontRight
[2024.05.05-18.22.26:770][  0]LogAudioMixer: Display: Using Audio Device Headphones (Realtek(R) Audio)
[2024.05.05-18.22.26:772][  0]LogAudioMixer: Display: Initializing Sound Submixes...
[2024.05.05-18.22.26:774][  0]LogAudioMixer: Display: Creating Master Submix 'MasterSubmixDefault'
[2024.05.05-18.22.26:774][  0]LogAudioMixer: Display: Creating Master Submix 'MasterReverbSubmixDefault'
[2024.05.05-18.22.26:776][  0]LogAudioMixer: Display: Creating Master Submix 'MasterEQSubmixDefault'
[2024.05.05-18.22.26:776][  0]LogAudioMixer: FMixerPlatformXAudio2::StartAudioStream() called
[2024.05.05-18.22.26:776][  0]LogAudioMixer: Display: Output buffers initialized: Frames=1024, Channels=2, Samples=2048
[2024.05.05-18.22.26:777][  0]LogAudioMixer: Display: Starting AudioMixerPlatformInterface::RunInternal()
[2024.05.05-18.22.26:777][  0]LogAudioMixer: Display: FMixerPlatformXAudio2::SubmitBuffer() called for the first time
[2024.05.05-18.22.26:777][  0]LogInit: FAudioDevice initialized.
[2024.05.05-18.22.26:779][  0]LogNetVersion: Set ProjectVersion to 1.0.0.0. Version Checksum will be recalculated on next use.
[2024.05.05-18.22.26:784][  0]LogInit: Texture streaming: Enabled
[2024.05.05-18.22.26:867][  0]LogAudio: Display: Audio Device (ID: 1) registered with world 'Untitled'.
[2024.05.05-18.22.26:867][  0]LogSlate: Updating window title bar state: overlay mode, drag disabled, window buttons hidden, title bar hidden
[2024.05.05-18.22.26:869][  0]LogInit: Display: Game Engine Initialized.
[2024.05.05-18.22.26:869][  0]LogNiagaraEditor: GEditor isn't valid! Particle reset commands will not work for Niagara components!
[2024.05.05-18.22.27:014][  0]LogInit: Display: Starting Game.
[2024.05.05-18.22.27:014][  0]LogNet: Browse: /Game/SideScrollerBP/Maps/SideScrollerExampleMap?Name=Player
[2024.05.05-18.22.27:014][  0]LogLoad: LoadMap: /Game/SideScrollerBP/Maps/SideScrollerExampleMap?Name=Player
[2024.05.05-18.22.27:014][  0]LogWorld: BeginTearingDown for /Temp/Untitled_0
[2024.05.05-18.22.27:016][  0]LogWorld: UWorld::CleanupWorld for Untitled, bSessionEnded=true, bCleanupResources=true
[2024.05.05-18.22.27:016][  0]LogSlate: InvalidateAllWidgets triggered.  All widgets were invalidated
[2024.05.05-18.22.27:020][  0]LogAudio: Display: Audio Device unregistered from world 'None'.
[2024.05.05-18.22.27:024][  0]LogUObjectHash: Compacting FUObjectHashTables data took   1.08ms
[2024.05.05-18.22.27:332][  0]LogAudio: Display: Audio Device (ID: 1) registered with world 'SideScrollerExampleMap'.
[2024.05.05-18.22.27:346][  0]LogAIModule: Creating AISystem for world SideScrollerExampleMap
[2024.05.05-18.22.27:349][  0]LogLoad: Game class is 'SideScrollerGameMode_C'
[2024.05.05-18.22.27:356][  0]LogWorld: Bringing World /Game/SideScrollerBP/Maps/SideScrollerExampleMap.SideScrollerExampleMap up for play (max tick rate 0) at 2024.05.05-21.22.27
[2024.05.05-18.22.27:356][  0]LogWorld: Bringing up level for play took: 0.005152
[2024.05.05-18.22.27:358][  0]LogLoad: Took 0.343636 seconds to LoadMap(/Game/SideScrollerBP/Maps/SideScrollerExampleMap)
[2024.05.05-18.22.27:392][  0]LogSlate: Took 0.000309 seconds to synchronously load lazily loaded font '../../../Engine/Content/Slate/Fonts/Roboto-Regular.ttf' (155K)
[2024.05.05-18.22.27:419][  0]LogRenderer: Reallocating scene render targets to support 1280x720 Format 10 NumSamples 1 (Frame:1).
[2024.05.05-18.22.27:419][  0]LogInit: Display: Engine is initialized. Leaving FEngineLoop::Init()
[2024.05.05-18.22.27:421][  0]LogLoad: (Engine Initialization) Total time: 7.60 seconds
[2024.05.05-18.22.27:421][  0]LogLoad: (Engine Initialization) Total Blueprint compile time: 0.00 seconds
[2024.05.05-18.22.27:477][  0]LogContentStreaming: Texture pool size now 1000 MB
[2024.05.05-18.22.27:479][  0]LogSlate: InvalidateAllWidgets triggered.  All widgets were invalidated
[2024.05.05-18.22.27:716][  1]LogSlate: Took 0.000205 seconds to synchronously load lazily loaded font '../../../Engine/Content/Slate/Fonts/Roboto-Regular.ttf' (155K)
[2024.05.05-18.22.43:106][998]LogSlate: Window 'MyProject (64-bit Development PCD3D_SM5) ' being destroyed
[2024.05.05-18.22.43:106][998]LogWindowsTextInputMethodSystem: Display: IME system deactivated.
[2024.05.05-18.22.43:115][999]LogSlate: Updating window title bar state: overlay mode, drag disabled, window buttons hidden, title bar hidden
[2024.05.05-18.22.43:115][999]LogEngine: All Windows Closed
[2024.05.05-18.22.43:115][999]LogWindows: FPlatformMisc::RequestExit(0)
[2024.05.05-18.22.43:115][999]LogWindows: FPlatformMisc::RequestExitWithStatus(0, 0)
[2024.05.05-18.22.43:115][999]LogCore: Engine exit requested (reason: Win RequestExit)
[2024.05.05-18.22.43:116][  0]LogCore: Engine exit requested (reason: EngineExit() was called; note: exit was already requested)
[2024.05.05-18.22.43:116][  0]LogInit: Display: PreExit Game.
[2024.05.05-18.22.43:134][  0]LogWorld: BeginTearingDown for /Game/SideScrollerBP/Maps/SideScrollerExampleMap
[2024.05.05-18.22.43:135][  0]LogWorld: UWorld::CleanupWorld for SideScrollerExampleMap, bSessionEnded=true, bCleanupResources=true
[2024.05.05-18.22.43:135][  0]LogSlate: InvalidateAllWidgets triggered.  All widgets were invalidated
[2024.05.05-18.22.43:485][  0]LogAudio: Display: Beginning Audio Device Manager Shutdown (Module: AudioMixerXAudio2)...
[2024.05.05-18.22.43:485][  0]LogAudio: Display: Destroying 1 Remaining Audio Device(s)...
[2024.05.05-18.22.43:485][  0]LogAudio: Display: Audio Device unregistered from world 'SideScrollerExampleMap'.
[2024.05.05-18.22.43:513][  0]LogAudioMixer: FMixerPlatformXAudio2::StopAudioStream() called
[2024.05.05-18.22.43:513][  0]LogAudioMixer: FMixerPlatformXAudio2::StopAudioStream() called
[2024.05.05-18.22.43:517][  0]LogAudio: Display: Audio Device Manager Shutdown
[2024.05.05-18.22.43:522][  0]LogExit: Preparing to exit.
[2024.05.05-18.22.43:990][  0]LogSlate: Updating window title bar state: overlay mode, drag disabled, window buttons hidden, title bar hidden
[2024.05.05-18.22.43:992][  0]LogUObjectHash: Compacting FUObjectHashTables data took   1.12ms
[2024.05.05-18.22.44:030][  0]LogMoviePlayer: Shutting down movie player
[2024.05.05-18.22.44:116][  0]LogDemo: Cleaned up 0 splitscreen connections with owner deletion
[2024.05.05-18.22.44:120][  0]LogExit: Game engine shut down
[2024.05.05-18.22.44:171][  0]LogExit: Object subsystem successfully closed.
[2024.05.05-18.22.44:192][  0]LogShaderCompilers: Display: === FShaderJobCache stats ===
[2024.05.05-18.22.44:192][  0]LogShaderCompilers: Display: Total job queries 0, among them cache hits 0 (0.00%)
[2024.05.05-18.22.44:192][  0]LogShaderCompilers: Display: Tracking 0 distinct input hashes that result in 0 distinct outputs (0.00%)
[2024.05.05-18.22.44:192][  0]LogShaderCompilers: Display: RAM used: 0.00 MB (0.00 GB) of 819.20 MB (0.80 GB) budget. Usage: 0.00%
[2024.05.05-18.22.44:192][  0]LogShaderCompilers: Display: ================================================
[2024.05.05-18.22.44:202][  0]LogShaderCompilers: Display: Shaders left to compile 0
[2024.05.05-18.22.44:229][  0]LogModuleManager: Shutting down and abandoning module SequenceRecorderSections (560)
[2024.05.05-18.22.44:229][  0]LogModuleManager: Shutting down and abandoning module SequenceRecorder (558)
[2024.05.05-18.22.44:229][  0]LogModuleManager: Shutting down and abandoning module AutomationController (556)
[2024.05.05-18.22.44:229][  0]LogModuleManager: Shutting down and abandoning module AutomationWorker (554)
[2024.05.05-18.22.44:230][  0]LogModuleManager: Shutting down and abandoning module Voice (552)
[2024.05.05-18.22.44:230][  0]LogModuleManager: Shutting down and abandoning module AIModule (550)
[2024.05.05-18.22.44:230][  0]LogModuleManager: Shutting down and abandoning module GameplayDebugger (549)
[2024.05.05-18.22.44:230][  0]LogModuleManager: Shutting down and abandoning module AITestSuite (547)
[2024.05.05-18.22.44:230][  0]LogModuleManager: Shutting down and abandoning module NavigationSystem (545)
[2024.05.05-18.22.44:230][  0]LogModuleManager: Shutting down and abandoning module AnimGraph (542)
[2024.05.05-18.22.44:230][  0]LogModuleManager: Shutting down and abandoning module SteamVREditor (540)
[2024.05.05-18.22.44:230][  0]LogModuleManager: Shutting down and abandoning module ToolMenus (539)
[2024.05.05-18.22.44:230][  0]LogModuleManager: Shutting down and abandoning module OculusMR (536)
[2024.05.05-18.22.44:230][  0]LogModuleManager: Shutting down and abandoning module TakeRecorderSources (534)
[2024.05.05-18.22.44:230][  0]LogModuleManager: Shutting down and abandoning module TakeRecorder (533)
[2024.05.05-18.22.44:230][  0]LogModuleManager: Shutting down and abandoning module TakeTrackRecorders (530)
[2024.05.05-18.22.44:230][  0]LogModuleManager: Shutting down and abandoning module TakesCore (528)
[2024.05.05-18.22.44:230][  0]LogModuleManager: Shutting down and abandoning module OpenXRInput (526)
[2024.05.05-18.22.44:230][  0]LogModuleManager: Shutting down and abandoning module WebMMediaFactory (524)
[2024.05.05-18.22.44:230][  0]LogModuleManager: Shutting down and abandoning module WebMMedia (522)
[2024.05.05-18.22.44:230][  0]LogModuleManager: Shutting down and abandoning module WmfMediaFactory (520)
[2024.05.05-18.22.44:230][  0]LogModuleManager: Shutting down and abandoning module OpenExrWrapper (518)
[2024.05.05-18.22.44:230][  0]LogModuleManager: Shutting down and abandoning module ImgMediaFactory (516)
[2024.05.05-18.22.44:230][  0]LogModuleManager: Shutting down and abandoning module AvfMediaFactory (514)
[2024.05.05-18.22.44:230][  0]LogModuleManager: Shutting down and abandoning module PlanarCut (512)
[2024.05.05-18.22.44:230][  0]LogModuleManager: Shutting down and abandoning module MagicLeapMediaCodecFactory (510)
[2024.05.05-18.22.44:230][  0]LogModuleManager: Shutting down and abandoning module MagicLeapMediaFactory (508)
[2024.05.05-18.22.44:230][  0]LogModuleManager: Shutting down and abandoning module CharacterAI (506)
[2024.05.05-18.22.44:230][  0]LogModuleManager: Shutting down and abandoning module SessionServices (504)
[2024.05.05-18.22.44:230][  0]LogModuleManager: Shutting down and abandoning module MovieSceneCapture (502)
[2024.05.05-18.22.44:230][  0]LogModuleManager: Shutting down and abandoning module LiveCoding (500)
[2024.05.05-18.22.44:230][  0]LogModuleManager: Shutting down and abandoning module LevelSequence (498)
[2024.05.05-18.22.44:230][  0]LogModuleManager: Shutting down and abandoning module MovieSceneTracks (496)
[2024.05.05-18.22.44:230][  0]LogModuleManager: Shutting down and abandoning module MovieScene (494)
[2024.05.05-18.22.44:230][  0]LogModuleManager: Shutting down and abandoning module StreamingPauseRendering (492)
[2024.05.05-18.22.44:230][  0]LogModuleManager: Shutting down and abandoning module PortalServices (490)
[2024.05.05-18.22.44:230][  0]LogModuleManager: Shutting down and abandoning module PortalRpc (488)
[2024.05.05-18.22.44:230][  0]LogModuleManager: Shutting down and abandoning module MessagingRpc (486)
[2024.05.05-18.22.44:230][  0]LogModuleManager: Shutting down and abandoning module AudioMixerXAudio2 (484)
[2024.05.05-18.22.44:230][  0]LogModuleManager: Shutting down and abandoning module AudioMixerCore (483)
[2024.05.05-18.22.44:230][  0]LogModuleManager: Shutting down and abandoning module ImageWriteQueue (480)
[2024.05.05-18.22.44:236][  0]LogModuleManager: Shutting down and abandoning module ProfilerService (478)
[2024.05.05-18.22.44:462][  0]LogModuleManager: Shutting down and abandoning module TaskGraph (476)
[2024.05.05-18.22.44:462][  0]LogModuleManager: Shutting down and abandoning module OculusInput (474)
[2024.05.05-18.22.44:462][  0]LogModuleManager: Shutting down and abandoning module Synthesis (472)
[2024.05.05-18.22.44:462][  0]LogModuleManager: Shutting down and abandoning module ProceduralMeshComponent (470)
[2024.05.05-18.22.44:462][  0]LogModuleManager: Shutting down and abandoning module TakeMovieScene (468)
[2024.05.05-18.22.44:462][  0]LogModuleManager: Shutting down and abandoning module MobilePatchingUtils (466)
[2024.05.05-18.22.44:462][  0]LogModuleManager: Shutting down and abandoning module GooglePAD (464)
[2024.05.05-18.22.44:462][  0]LogModuleManager: Shutting down and abandoning module EditableMesh (462)
[2024.05.05-18.22.44:462][  0]LogModuleManager: Shutting down and abandoning module CustomMeshComponent (460)
[2024.05.05-18.22.44:462][  0]LogModuleManager: Shutting down and abandoning module CableComponent (458)
[2024.05.05-18.22.44:462][  0]LogModuleManager: Shutting down and abandoning module AssetTags (456)
[2024.05.05-18.22.44:462][  0]LogModuleManager: Shutting down and abandoning module AudioCapture (454)
[2024.05.05-18.22.44:462][  0]LogModuleManager: Shutting down and abandoning module AudioCaptureRtAudio (453)
[2024.05.05-18.22.44:462][  0]LogModuleManager: Shutting down and abandoning module ArchVisCharacter (450)
[2024.05.05-18.22.44:462][  0]LogModuleManager: Shutting down and abandoning module AppleImageUtilsBlueprintSupport (448)
[2024.05.05-18.22.44:462][  0]LogModuleManager: Shutting down and abandoning module AppleImageUtils (446)
[2024.05.05-18.22.44:462][  0]LogModuleManager: Shutting down and abandoning module AndroidPermission (444)
[2024.05.05-18.22.44:462][  0]LogModuleManager: Shutting down and abandoning module ActorLayerUtilities (442)
[2024.05.05-18.22.44:462][  0]LogModuleManager: Shutting down and abandoning module TemplateSequence (440)
[2024.05.05-18.22.44:462][  0]LogModuleManager: Shutting down and abandoning module MediaCompositing (438)
[2024.05.05-18.22.44:462][  0]LogModuleManager: Shutting down and abandoning module ImgMedia (436)
[2024.05.05-18.22.44:462][  0]LogModuleManager: Shutting down and abandoning module OpenImageDenoise (434)
[2024.05.05-18.22.44:462][  0]LogOpenImageDenoise: OIDN shutting down
[2024.05.05-18.22.44:462][  0]LogModuleManager: Shutting down and abandoning module MotoSynth (432)
[2024.05.05-18.22.44:462][  0]LogModuleManager: Shutting down and abandoning module MeshConversion (430)
[2024.05.05-18.22.44:462][  0]LogModuleManager: Shutting down and abandoning module DynamicMesh (428)
[2024.05.05-18.22.44:462][  0]LogModuleManager: Shutting down and abandoning module GeometryAlgorithms (426)
[2024.05.05-18.22.44:462][  0]LogModuleManager: Shutting down and abandoning module GeometricObjects (424)
[2024.05.05-18.22.44:462][  0]LogModuleManager: Shutting down and abandoning module GeometryCollectionTracks (422)
[2024.05.05-18.22.44:462][  0]LogModuleManager: Shutting down and abandoning module GeometryCollectionSequencer (421)
[2024.05.05-18.22.44:462][  0]LogModuleManager: Shutting down and abandoning module GeometryCacheTracks (418)
[2024.05.05-18.22.44:462][  0]LogModuleManager: Shutting down and abandoning module GeometryCacheSequencer (417)
[2024.05.05-18.22.44:464][  0]LogModuleManager: Shutting down and abandoning module GeometryCache (414)
[2024.05.05-18.22.44:464][  0]LogModuleManager: Shutting down and abandoning module GeometryCacheEd (413)
[2024.05.05-18.22.44:464][  0]LogModuleManager: Shutting down and abandoning module MagicLeapSharedWorld (410)
[2024.05.05-18.22.44:464][  0]LogModuleManager: Shutting down and abandoning module MagicLeapLightEstimation (408)
[2024.05.05-18.22.44:464][  0]LogModuleManager: Shutting down and abandoning module MagicLeapHelperVulkan (406)
[2024.05.05-18.22.44:464][  0]LogModuleManager: Shutting down and abandoning module MagicLeapHelperOpenGL (404)
[2024.05.05-18.22.44:464][  0]LogModuleManager: Shutting down and abandoning module MagicLeapAudio (402)
[2024.05.05-18.22.44:464][  0]LogModuleManager: Shutting down and abandoning module ChaosNiagara (400)
[2024.05.05-18.22.44:464][  0]LogModuleManager: Shutting down and abandoning module FieldSystemEngine (399)
[2024.05.05-18.22.44:464][  0]LogModuleManager: Shutting down and abandoning module BackChannel (396)
[2024.05.05-18.22.44:464][  0]LogModuleManager: Shutting down and abandoning module AutomationUtils (394)
[2024.05.05-18.22.44:464][  0]LogModuleManager: Shutting down and abandoning module VisualStudioSourceCodeAccess (392)
[2024.05.05-18.22.44:464][  0]LogModuleManager: Shutting down and abandoning module HotReload (391)
[2024.05.05-18.22.44:464][  0]LogModuleManager: Shutting down and abandoning module VisualStudioCodeSourceCodeAccess (388)
[2024.05.05-18.22.44:464][  0]LogModuleManager: Shutting down and abandoning module SubversionSourceControl (386)
[2024.05.05-18.22.44:464][  0]LogModuleManager: Shutting down and abandoning module UObjectPlugin (384)
[2024.05.05-18.22.44:464][  0]LogModuleManager: Shutting down and abandoning module PerforceSourceControl (382)
[2024.05.05-18.22.44:464][  0]LogModuleManager: Shutting down and abandoning module SourceControl (381)
[2024.05.05-18.22.44:464][  0]LogModuleManager: Shutting down and abandoning module CLionSourceCodeAccess (378)
[2024.05.05-18.22.44:464][  0]LogModuleManager: Shutting down and abandoning module OodleNetworkHandlerComponent (376)
[2024.05.05-18.22.44:464][  0]LogModuleManager: Shutting down and abandoning module LiveLinkSequencer (374)
[2024.05.05-18.22.44:464][  0]LogModuleManager: Shutting down and abandoning module LiveLinkMovieScene (372)
[2024.05.05-18.22.44:464][  0]LogModuleManager: Shutting down and abandoning module LiveLinkGraphNode (370)
[2024.05.05-18.22.44:464][  0]LogModuleManager: Shutting down and abandoning module LiveLinkComponents (368)
[2024.05.05-18.22.44:464][  0]LogModuleManager: Shutting down and abandoning module LiveLink (366)
[2024.05.05-18.22.45:036][  0]LogModuleManager: Shutting down and abandoning module PropertyAccessEditor (364)
[2024.05.05-18.22.45:036][  0]LogModuleManager: Shutting down and abandoning module SoundFields (362)
[2024.05.05-18.22.45:036][  0]LogModuleManager: Shutting down and abandoning module PhysXVehiclesEditor (360)
[2024.05.05-18.22.45:036][  0]LogModuleManager: Shutting down and abandoning module SignificanceManager (356)
[2024.05.05-18.22.45:036][  0]LogModuleManager: Shutting down and abandoning module RuntimePhysXCooking (354)
[2024.05.05-18.22.45:036][  0]LogModuleManager: Shutting down and abandoning module LocationServicesBPLibrary (352)
[2024.05.05-18.22.45:036][  0]LogModuleManager: Shutting down and abandoning module AudioSynesthesia (350)
[2024.05.05-18.22.45:036][  0]LogModuleManager: Shutting down and abandoning module AudioSynesthesiaCore (348)
[2024.05.05-18.22.45:036][  0]LogModuleManager: Shutting down and abandoning module ActorSequence (346)
[2024.05.05-18.22.45:036][  0]LogModuleManager: Shutting down and abandoning module UdpMessaging (344)
[2024.05.05-18.22.45:137][  0]LogModuleManager: Shutting down and abandoning module TcpMessaging (342)
[2024.05.05-18.22.45:238][  0]LogModuleManager: Shutting down and abandoning module ImgMediaEngine (340)
[2024.05.05-18.22.45:238][  0]LogModuleManager: Shutting down and abandoning module PythonScriptPlugin (338)
[2024.05.05-18.22.45:238][  0]LogModuleManager: Shutting down and abandoning module MagicLeapARPin (336)
[2024.05.05-18.22.45:238][  0]LogModuleManager: Shutting down and abandoning module MagicLeapHandMeshing (334)
[2024.05.05-18.22.45:238][  0]LogModuleManager: Shutting down and abandoning module MagicLeapSecureStorage (332)
[2024.05.05-18.22.45:238][  0]LogModuleManager: Shutting down and abandoning module MagicLeapPrivileges (330)
[2024.05.05-18.22.45:238][  0]LogModuleManager: Shutting down and abandoning module MagicLeapPlanes (328)
[2024.05.05-18.22.45:238][  0]LogMagicLeapPlanes: Planes tracker already destroyed.
[2024.05.05-18.22.45:238][  0]LogModuleManager: Shutting down and abandoning module MagicLeapImageTracker (326)
[2024.05.05-18.22.45:238][  0]LogModuleManager: Shutting down and abandoning module MagicLeapIdentity (324)
[2024.05.05-18.22.45:238][  0]LogModuleManager: Shutting down and abandoning module MagicLeapHandTracking (322)
[2024.05.05-18.22.45:238][  0]LogModuleManager: Shutting down and abandoning module MagicLeapEyeTracker (320)
[2024.05.05-18.22.45:238][  0]LogModuleManager: Shutting down and abandoning module MagicLeapController (318)
[2024.05.05-18.22.45:238][  0]LogModuleManager: Shutting down and abandoning module MagicLeapARPinImpl (316)
[2024.05.05-18.22.45:238][  0]LogModuleManager: Shutting down and abandoning module MagicLeapAR (314)
[2024.05.05-18.22.45:238][  0]LogModuleManager: Shutting down and abandoning module NiagaraAnimNotifies (312)
[2024.05.05-18.22.45:238][  0]LogModuleManager: Shutting down and abandoning module Niagara (310)
[2024.05.05-18.22.45:238][  0]LogModuleManager: Shutting down and abandoning module SignalProcessing (309)
[2024.05.05-18.22.45:238][  0]LogModuleManager: Shutting down and abandoning module NiagaraEditor (307)
[2024.05.05-18.22.45:238][  0]LogModuleManager: Shutting down and abandoning module ContentBrowser (306)
[2024.05.05-18.22.45:238][  0]LogModuleManager: Shutting down and abandoning module CollectionManager (305)
[2024.05.05-18.22.45:240][  0]LogModuleManager: Shutting down and abandoning module DirectoryWatcher (304)
[2024.05.05-18.22.45:240][  0]LogModuleManager: Shutting down and abandoning module ContentBrowserData (301)
[2024.05.05-18.22.45:240][  0]LogModuleManager: Shutting down and abandoning module NiagaraCore (296)
[2024.05.05-18.22.45:240][  0]LogModuleManager: Shutting down and abandoning module GameplayTagsEditor (294)
[2024.05.05-18.22.45:240][  0]LogModuleManager: Shutting down and abandoning module FacialAnimation (292)
[2024.05.05-18.22.45:240][  0]LogModuleManager: Shutting down and abandoning module AssetManagerEditor (290)
[2024.05.05-18.22.45:240][  0]LogModuleManager: Shutting down and abandoning module TreeMap (289)
[2024.05.05-18.22.45:240][  0]LogModuleManager: Shutting down and abandoning module PropertyAccessNode (286)
[2024.05.05-18.22.45:240][  0]LogModuleManager: Shutting down and abandoning module AnimationSharing (284)
[2024.05.05-18.22.45:240][  0]LogModuleManager: Shutting down and abandoning module GameplayCameras (282)
[2024.05.05-18.22.45:240][  0]LogModuleManager: Shutting down and abandoning module LightPropagationVolumeRuntime (280)
[2024.05.05-18.22.45:240][  0]LogModuleManager: Shutting down and abandoning module EnvironmentQueryEditor (278)
[2024.05.05-18.22.45:240][  0]LogModuleManager: Shutting down and abandoning module Paper2D (276)
[2024.05.05-18.22.45:240][  0]LogModuleManager: Shutting down and abandoning module WebMMoviePlayer (274)
[2024.05.05-18.22.45:240][  0]LogModuleManager: Shutting down and abandoning module WindowsMoviePlayer (272)
[2024.05.05-18.22.45:240][  0]LogModuleManager: Shutting down and abandoning module NetworkReplayStreaming (270)
[2024.05.05-18.22.45:240][  0]LogModuleManager: Shutting down and abandoning module PacketHandler (268)
[2024.05.05-18.22.45:240][  0]LogModuleManager: Shutting down and abandoning module ClothingSystemEditor (266)
[2024.05.05-18.22.45:240][  0]LogModuleManager: Shutting down and abandoning module ClothingSystemRuntimeNv (264)
[2024.05.05-18.22.45:240][  0]LogModuleManager: Shutting down and abandoning module MediaAssets (262)
[2024.05.05-18.22.45:240][  0]LogModuleManager: Shutting down and abandoning module Overlay (260)
[2024.05.05-18.22.45:240][  0]LogModuleManager: Shutting down and abandoning module OverlayEditor (259)
[2024.05.05-18.22.45:240][  0]LogModuleManager: Shutting down and abandoning module VREditor (256)
[2024.05.05-18.22.45:240][  0]LogModuleManager: Shutting down and abandoning module StringTableEditor (254)
[2024.05.05-18.22.45:240][  0]LogModuleManager: Shutting down and abandoning module GameplayTasksEditor (252)
[2024.05.05-18.22.45:240][  0]LogModuleManager: Shutting down and abandoning module BehaviorTreeEditor (250)
[2024.05.05-18.22.45:240][  0]LogModuleManager: Shutting down and abandoning module FunctionalTesting (248)
[2024.05.05-18.22.45:240][  0]LogModuleManager: Shutting down and abandoning module CollisionAnalyzer (246)
[2024.05.05-18.22.45:240][  0]LogModuleManager: Shutting down and abandoning module WorkspaceMenuStructure (245)
[2024.05.05-18.22.45:240][  0]LogModuleManager: Shutting down and abandoning module UMG (242)
[2024.05.05-18.22.45:240][  0]LogModuleManager: Shutting down and abandoning module UMGEditor (241)
[2024.05.05-18.22.45:240][  0]LogModuleManager: Shutting down and abandoning module Sequencer (240)
[2024.05.05-18.22.45:240][  0]LogModuleManager: Shutting down and abandoning module MessageLog (237)
[2024.05.05-18.22.45:240][  0]LogModuleManager: Shutting down and abandoning module SlateReflector (232)
[2024.05.05-18.22.45:240][  0]LogModuleManager: Shutting down and abandoning module Slate (230)
[2024.05.05-18.22.45:240][  0]LogModuleManager: Shutting down and abandoning module SlateCore (228)
[2024.05.05-18.22.45:241][  0]LogModuleManager: Shutting down and abandoning module LandscapeEditorUtilities (226)
[2024.05.05-18.22.45:241][  0]LogModuleManager: Shutting down and abandoning module UnrealEd (224)
[2024.05.05-18.22.45:241][  0]LogModuleManager: Shutting down and abandoning module MRMesh (222)
[2024.05.05-18.22.45:241][  0]LogModuleManager: Shutting down and abandoning module Messaging (220)
[2024.05.05-18.22.45:241][  0]LogModuleManager: Shutting down and abandoning module SourceCodeAccess (218)
[2024.05.05-18.22.45:242][  0]LogModuleManager: Shutting down and abandoning module HeadMountedDisplay (216)
[2024.05.05-18.22.45:242][  0]LogModuleManager: Shutting down and abandoning module XAudio2 (214)
[2024.05.05-18.22.45:242][  0]LogModuleManager: Shutting down and abandoning module Networking (212)
[2024.05.05-18.22.45:242][  0]LogModuleManager: Shutting down and abandoning module Core (210)
[2024.05.05-18.22.45:242][  0]LogModuleManager: Shutting down and abandoning module MaterialEditor (208)
[2024.05.05-18.22.45:242][  0]LogModuleManager: Shutting down and abandoning module MovieSceneTools (206)
[2024.05.05-18.22.45:242][  0]LogModuleManager: Shutting down and abandoning module EditorStyle (205)
[2024.05.05-18.22.45:242][  0]LogModuleManager: Shutting down and abandoning module KismetCompiler (202)
[2024.05.05-18.22.45:243][  0]LogModuleManager: Shutting down and abandoning module MeshBuilder (200)
[2024.05.05-18.22.45:243][  0]LogModuleManager: Shutting down and abandoning module MeshUtilities (198)
[2024.05.05-18.22.45:243][  0]LogModuleManager: Shutting down and abandoning module MeshMergeUtilities (197)
[2024.05.05-18.22.45:243][  0]LogModuleManager: Shutting down and abandoning module MeshReductionInterface (196)
[2024.05.05-18.22.45:243][  0]LogModuleManager: Shutting down and abandoning module MeshBoneReduction (195)
[2024.05.05-18.22.45:243][  0]LogModuleManager: Shutting down and abandoning module SkeletalMeshReduction (193)
[2024.05.05-18.22.45:243][  0]LogModuleManager: Shutting down and abandoning module ProxyLODMeshReduction (191)
[2024.05.05-18.22.45:243][  0]LogModuleManager: Shutting down and abandoning module QuadricMeshReduction (189)
[2024.05.05-18.22.45:243][  0]LogModuleManager: Shutting down and abandoning module MaterialBaking (185)
[2024.05.05-18.22.45:243][  0]LogModuleManager: Shutting down and abandoning module NullInstallBundleManager (180)
[2024.05.05-18.22.45:243][  0]LogModuleManager: Shutting down and abandoning module PIEPreviewDeviceProfileSelector (178)
[2024.05.05-18.22.45:243][  0]LogModuleManager: Shutting down and abandoning module DerivedDataCache (176)
[2024.05.05-18.22.45:243][  0]LogModuleManager: Shutting down and abandoning module TargetPlatform (174)
[2024.05.05-18.22.45:243][  0]LogModuleManager: Shutting down and abandoning module VulkanShaderFormat (173)
[2024.05.05-18.22.45:243][  0]LogModuleManager: Shutting down and abandoning module ShaderFormatVectorVM (171)
[2024.05.05-18.22.45:243][  0]LogModuleManager: Shutting down and abandoning module ShaderFormatOpenGL (169)
[2024.05.05-18.22.45:243][  0]LogModuleManager: Shutting down and abandoning module ShaderFormatD3D (167)
[2024.05.05-18.22.45:243][  0]LogModuleManager: Shutting down and abandoning module MetalShaderFormat (165)
[2024.05.05-18.22.45:243][  0]LogModuleManager: Shutting down and abandoning module TextureFormatOodle (163)
[2024.05.05-18.22.45:243][  0]LogModuleManager: Shutting down and abandoning module TextureFormatUncompressed (161)
[2024.05.05-18.22.45:243][  0]LogModuleManager: Shutting down and abandoning module TextureFormatPVR (159)
[2024.05.05-18.22.45:243][  0]LogModuleManager: Shutting down and abandoning module TextureFormatETC2 (157)
[2024.05.05-18.22.45:243][  0]LogModuleManager: Shutting down and abandoning module TextureFormatDXT (155)
[2024.05.05-18.22.45:243][  0]LogModuleManager: Shutting down and abandoning module TextureFormatIntelISPCTexComp (153)
[2024.05.05-18.22.45:243][  0]LogModuleManager: Shutting down and abandoning module TextureFormatASTC (151)
[2024.05.05-18.22.45:243][  0]LogModuleManager: Shutting down and abandoning module ImageWrapper (150)
[2024.05.05-18.22.45:243][  0]LogModuleManager: Shutting down and abandoning module AudioFormatOpus (147)
[2024.05.05-18.22.45:243][  0]LogModuleManager: Shutting down and abandoning module AudioFormatOgg (145)
[2024.05.05-18.22.45:243][  0]LogModuleManager: Shutting down and abandoning module AudioFormatADPCM (143)
[2024.05.05-18.22.45:243][  0]LogModuleManager: Shutting down and abandoning module WindowsServerTargetPlatform (141)
[2024.05.05-18.22.45:243][  0]LogModuleManager: Shutting down and abandoning module WindowsClientTargetPlatform (139)
[2024.05.05-18.22.45:243][  0]LogModuleManager: Shutting down and abandoning module WindowsTargetPlatform (137)
[2024.05.05-18.22.45:243][  0]LogModuleManager: Shutting down and abandoning module WindowsNoEditorTargetPlatform (135)
[2024.05.05-18.22.45:243][  0]LogModuleManager: Shutting down and abandoning module D3D11RHI (132)
[2024.05.05-18.22.45:243][  0]LogModuleManager: Shutting down and abandoning module InputCore (130)
[2024.05.05-18.22.45:243][  0]LogModuleManager: Shutting down and abandoning module Settings (128)
[2024.05.05-18.22.45:243][  0]LogModuleManager: Shutting down and abandoning module PhysXCooking (126)
[2024.05.05-18.22.45:243][  0]LogModuleManager: Shutting down and abandoning module Chaos (124)
[2024.05.05-18.22.45:243][  0]LogModuleManager: Shutting down and abandoning module WindowsPlatformFeatures (122)
[2024.05.05-18.22.45:243][  0]LogModuleManager: Shutting down and abandoning module GameplayMediaEncoder (121)
[2024.05.05-18.22.45:243][  0]LogModuleManager: Shutting down and abandoning module AVEncoder (120)
[2024.05.05-18.22.45:243][  0]LogModuleManager: Shutting down and abandoning module SteamVRInputDevice (116)
[2024.05.05-18.22.45:243][  0]LogModuleManager: Shutting down and abandoning module SteamVRInput (114)
[2024.05.05-18.22.45:243][  0]LogModuleManager: Shutting down and abandoning module SteamVR (112)
[2024.05.05-18.22.45:243][  0]LogHMD: Freeing OpenVRDLLHandle.
[2024.05.05-18.22.45:243][  0]LogModuleManager: Shutting down and abandoning module OculusHMD (110)
[2024.05.05-18.22.45:243][  0]LogModuleManager: Shutting down and abandoning module OpenXRHandTracking (108)
[2024.05.05-18.22.45:244][  0]LogSlate: Slate User Destroyed.  User Index 0, Is Virtual User: 0
[2024.05.05-18.22.45:244][  0]LogModuleManager: Shutting down and abandoning module OpenXREyeTracker (106)
[2024.05.05-18.22.45:244][  0]LogModuleManager: Shutting down and abandoning module OpenXRAR (104)
[2024.05.05-18.22.45:244][  0]LogModuleManager: Shutting down and abandoning module AugmentedReality (103)
[2024.05.05-18.22.45:244][  0]LogModuleManager: Shutting down and abandoning module OpenXRHMD (100)
[2024.05.05-18.22.45:244][  0]LogModuleManager: Shutting down and abandoning module OnlineBlueprintSupport (98)
[2024.05.05-18.22.45:244][  0]LogModuleManager: Shutting down and abandoning module OnlineSubsystem (94)
[2024.05.05-18.22.45:245][  0]LogModuleManager: Shutting down and abandoning module XMPP (89)
[2024.05.05-18.22.45:245][  0]LogModuleManager: Shutting down and abandoning module WebSockets (88)
[2024.05.05-18.22.45:260][  0]LogModuleManager: Shutting down and abandoning module HTTP (85)
[2024.05.05-18.22.45:260][  0]LogHttp: Display: cleaning up 0 outstanding Http requests.
[2024.05.05-18.22.45:282][  0]LogModuleManager: Shutting down and abandoning module SSL (84)
[2024.05.05-18.22.45:283][  0]LogModuleManager: Shutting down and abandoning module ExampleDeviceProfileSelector (80)
[2024.05.05-18.22.45:284][  0]LogModuleManager: Shutting down and abandoning module ChunkDownloader (78)
[2024.05.05-18.22.45:284][  0]LogModuleManager: Shutting down and abandoning module LauncherChunkInstaller (76)
[2024.05.05-18.22.45:284][  0]LogModuleManager: Shutting down and abandoning module VariantManagerContent (74)
[2024.05.05-18.22.45:284][  0]LogModuleManager: Shutting down and abandoning module WmfMedia (72)
[2024.05.05-18.22.45:286][  0]LogModuleManager: Shutting down and abandoning module Media (71)
[2024.05.05-18.22.45:287][  0]LogModuleManager: Shutting down and abandoning module MediaInfo (70)
[2024.05.05-18.22.45:287][  0]LogModuleManager: Shutting down and abandoning module DatasmithContent (66)
[2024.05.05-18.22.45:287][  0]LogModuleManager: Shutting down and abandoning module ExrReaderGpu (64)
[2024.05.05-18.22.45:287][  0]LogModuleManager: Shutting down and abandoning module MLSDK (62)
[2024.05.05-18.22.45:287][  0]LogModuleManager: Shutting down and abandoning module MagicLeap (60)
[2024.05.05-18.22.45:287][  0]LogModuleManager: Shutting down and abandoning module ChaosCloth (58)
[2024.05.05-18.22.45:287][  0]LogModuleManager: Shutting down and abandoning module NiagaraVertexFactories (56)
[2024.05.05-18.22.45:287][  0]LogModuleManager: Shutting down and abandoning module NiagaraShader (54)
[2024.05.05-18.22.45:287][  0]LogModuleManager: Shutting down and abandoning module PixWinPlugin (52)
[2024.05.05-18.22.45:287][  0]LogModuleManager: Shutting down and abandoning module AISupportModule (50)
[2024.05.05-18.22.45:287][  0]LogModuleManager: Shutting down and abandoning module DesktopPlatform (48)
[2024.05.05-18.22.45:287][  0]LogModuleManager: Shutting down and abandoning module PythonScriptPluginPreload (46)
[2024.05.05-18.22.45:287][  0]LogModuleManager: Shutting down and abandoning module PlatformCryptoOpenSSL (44)
[2024.05.05-18.22.45:287][  0]LogModuleManager: Shutting down and abandoning module PlatformCryptoTypes (42)
[2024.05.05-18.22.45:288][  0]LogModuleManager: Shutting down and abandoning module PlatformCrypto (40)
[2024.05.05-18.22.45:288][  0]LogModuleManager: Shutting down and abandoning module OodleDataCompressionFormat (38)
[2024.05.05-18.22.45:288][  0]LogModuleManager: Shutting down and abandoning module XGEController (36)
[2024.05.05-18.22.45:288][  0]LogModuleManager: Shutting down and abandoning module AnimationModifiers (34)
[2024.05.05-18.22.45:288][  0]LogModuleManager: Shutting down and abandoning module AudioEditor (32)
[2024.05.05-18.22.45:288][  0]LogModuleManager: Shutting down and abandoning module PropertyEditor (31)
[2024.05.05-18.22.45:288][  0]LogModuleManager: Shutting down and abandoning module TextureCompressor (28)
[2024.05.05-18.22.45:288][  0]LogModuleManager: Shutting down and abandoning module RenderCore (26)
[2024.05.05-18.22.45:288][  0]LogModuleManager: Shutting down and abandoning module Landscape (24)
[2024.05.05-18.22.45:288][  0]LogModuleManager: Shutting down and abandoning module SlateRHIRenderer (22)
[2024.05.05-18.22.45:288][  0]LogModuleManager: Shutting down and abandoning module AnimGraphRuntime (20)
[2024.05.05-18.22.45:288][  0]LogModuleManager: Shutting down and abandoning module Renderer (18)
[2024.05.05-18.22.45:288][  0]LogModuleManager: Shutting down and abandoning module Engine (16)
[2024.05.05-18.22.45:288][  0]LogModuleManager: Shutting down and abandoning module CoreUObject (14)
[2024.05.05-18.22.45:288][  0]LogModuleManager: Shutting down and abandoning module NetworkFile (12)
[2024.05.05-18.22.45:288][  0]LogModuleManager: Shutting down and abandoning module CookedIterativeFile (10)
[2024.05.05-18.22.45:288][  0]LogModuleManager: Shutting down and abandoning module StreamingFile (8)
[2024.05.05-18.22.45:288][  0]LogModuleManager: Shutting down and abandoning module SandboxFile (6)
[2024.05.05-18.22.45:288][  0]LogModuleManager: Shutting down and abandoning module PakFile (4)
[2024.05.05-18.22.45:288][  0]LogModuleManager: Shutting down and abandoning module RSA (3)
[2024.05.05-18.22.45:406][  0]LogContentStreaming: Display: There are 1 unreleased StreamingManagers
[2024.05.05-18.22.45:430][  0]LogD3D11RHI: Shutdown
[2024.05.05-18.22.45:430][  0]LogD3D11RHI: CleanupD3DDevice
[2024.05.05-18.22.45:432][  0]LogExit: Exiting.
[2024.05.05-18.22.45:440][  0]Log file closed, 05/05/24 21:22:45
