Log file open, 05/05/24 21:23:08
LogWindows: Failed to load 'aqProf.dll' (GetLastError=126)
LogWindows: File 'aqProf.dll' does not exist
LogWindows: Failed to load 'VtuneApi.dll' (GetLastError=126)
LogWindows: File 'VtuneApi.dll' does not exist
LogWindows: Failed to load 'VtuneApi32e.dll' (GetLastError=126)
LogWindows: File 'VtuneApi32e.dll' does not exist
LogConsoleResponse: Display: Failed to find resolution value strings in scalability ini. Falling back to default.
LogConsoleResponse: Display: Failed to find resolution value strings in scalability ini. Falling back to default.
LogInit: Display: Running engine for game: MyProject
LogPlatformFile: Not using cached read wrapper
LogTaskGraph: Started task graph with 5 named threads and 35 total threads with 3 sets of task threads.
LogStats: Stats thread started at 0.330649
LogICUInternationalization: ICU TimeZone Detection - Raw Offset: +2:00, Platform Override: ''
LogInit: Display: Loading text-based GConfig....
LogPluginManager: Mounting plugin MeshPainting
LogPluginManager: Mounting plugin XGEController
LogPluginManager: Mounting plugin Paper2D
LogPluginManager: Mounting plugin AISupport
LogPluginManager: Mounting plugin EnvironmentQueryEditor
LogPluginManager: Mounting plugin LightPropagationVolume
LogPluginManager: Mounting plugin LiveLink
LogPluginManager: Mounting plugin CameraShakePreviewer
LogPluginManager: Mounting plugin GameplayCameras
LogPluginManager: Mounting plugin BackChannel
LogPluginManager: Mounting plugin AlembicImporter
LogPluginManager: Mounting plugin AutomationUtils
LogPluginManager: Mounting plugin ChaosCloth
LogPluginManager: Mounting plugin ChaosEditor
LogPluginManager: Mounting plugin ChaosNiagara
LogPluginManager: Mounting plugin ChaosSolverPlugin
LogPluginManager: Mounting plugin CharacterAI
LogPluginManager: Mounting plugin ChaosClothEditor
LogPluginManager: Mounting plugin AssetManagerEditor
LogPluginManager: Mounting plugin CryptoKeys
LogPluginManager: Mounting plugin CurveEditorTools
LogPluginManager: Mounting plugin FacialAnimation
LogPluginManager: Mounting plugin GameplayTagsEditor
LogPluginManager: Mounting plugin GeometryMode
LogPluginManager: Mounting plugin MacGraphicsSwitching
LogPluginManager: Mounting plugin MaterialAnalyzer
LogPluginManager: Mounting plugin PluginBrowser
LogPluginManager: Mounting plugin DataValidation
LogPluginManager: Mounting plugin MobileLauncherProfileWizard
LogPluginManager: Mounting plugin SpeedTreeImporter
LogPluginManager: Mounting plugin DatasmithContent
LogPluginManager: Mounting plugin VariantManagerContent
LogPluginManager: Mounting plugin GeometryCollectionPlugin
LogPluginManager: Mounting plugin GeometryProcessing
LogPluginManager: Mounting plugin MotoSynth
LogPluginManager: Mounting plugin OpenImageDenoise
LogPluginManager: Mounting plugin PlanarCut
LogPluginManager: Mounting plugin PlatformCrypto
LogPluginManager: Mounting plugin PythonScriptPlugin
LogPluginManager: Mounting plugin ProxyLODPlugin
LogPluginManager: Mounting plugin GeometryCache
LogPluginManager: Mounting plugin SkeletalReduction
LogPluginManager: Mounting plugin Niagara
LogPluginManager: Mounting plugin AndroidMedia
LogPluginManager: Mounting plugin AvfMedia
LogPluginManager: Mounting plugin ImgMedia
LogPluginManager: Mounting plugin MediaCompositing
LogPluginManager: Mounting plugin MediaPlayerEditor
LogPluginManager: Mounting plugin WmfMedia
LogPluginManager: Mounting plugin UdpMessaging
LogPluginManager: Mounting plugin TcpMessaging
LogPluginManager: Mounting plugin ActorSequence
LogPluginManager: Mounting plugin WebMMedia
LogPluginManager: Mounting plugin MatineeToLevelSequence
LogPluginManager: Mounting plugin TemplateSequence
LogPluginManager: Mounting plugin LauncherChunkInstaller
LogPluginManager: Mounting plugin OnlineSubsystem
LogPluginManager: Mounting plugin LevelSequenceEditor
LogPluginManager: Mounting plugin OnlineSubsystemUtils
LogPluginManager: Mounting plugin ActorLayerUtilities
LogPluginManager: Mounting plugin AndroidDeviceProfileSelector
LogPluginManager: Mounting plugin AndroidMoviePlayer
LogPluginManager: Mounting plugin AndroidPermission
LogPluginManager: Mounting plugin AppleImageUtils
LogPluginManager: Mounting plugin AppleMoviePlayer
LogPluginManager: Mounting plugin AudioCapture
LogPluginManager: Mounting plugin AssetTags
LogPluginManager: Mounting plugin ArchVisCharacter
LogPluginManager: Mounting plugin ChunkDownloader
LogPluginManager: Mounting plugin AudioSynesthesia
LogPluginManager: Mounting plugin CableComponent
LogPluginManager: Mounting plugin CustomMeshComponent
LogPluginManager: Mounting plugin ExampleDeviceProfileSelector
LogPluginManager: Mounting plugin OnlineSubsystemNull
LogPluginManager: Mounting plugin EditableMesh
LogPluginManager: Mounting plugin GoogleCloudMessaging
LogPluginManager: Mounting plugin GooglePAD
LogPluginManager: Mounting plugin LuminPlatformFeatures
LogPluginManager: Mounting plugin LinuxDeviceProfileSelector
LogPluginManager: Mounting plugin MagicLeap
LogPluginManager: Mounting plugin LocationServicesBPLibrary
LogPluginManager: Mounting plugin MagicLeapLightEstimation
LogPluginManager: Mounting plugin MobilePatchingUtils
LogPluginManager: Mounting plugin IOSDeviceProfileSelector
LogPluginManager: Mounting plugin MagicLeapPassableWorld
LogPluginManager: Mounting plugin OpenXR
LogPluginManager: Mounting plugin MLSDK
LogPluginManager: Mounting plugin OpenXREyeTracker
LogPluginManager: Mounting plugin ScreenshotTools
LogPluginManager: Mounting plugin MagicLeapMedia
LogPluginManager: Mounting plugin OodleData
LogPluginManager: Mounting plugin OpenXRHandTracking
LogPluginManager: Mounting plugin OodleNetwork
LogPluginManager: Mounting plugin PostSplashScreen
LogPluginManager: Mounting plugin PhysXVehicles
LogPluginManager: Mounting plugin PropertyAccessEditor
LogPluginManager: Mounting plugin RuntimePhysXCooking
LogPluginManager: Mounting plugin SignificanceManager
LogPluginManager: Mounting plugin ProceduralMeshComponent
LogPluginManager: Mounting plugin SoundFields
LogPluginManager: Mounting plugin Synthesis
LogPluginManager: Mounting plugin Takes
LogPluginManager: Mounting plugin WebMMoviePlayer
LogPluginManager: Mounting plugin WindowsMoviePlayer
LogPluginManager: Mounting plugin AnimationSharing
LogPluginManager: Mounting plugin CLionSourceCodeAccess
LogPluginManager: Mounting plugin CodeLiteSourceCodeAccess
LogPluginManager: Mounting plugin GitSourceControl
LogPluginManager: Mounting plugin PerforceSourceControl
LogPluginManager: Mounting plugin PlasticSourceControl
LogPluginManager: Mounting plugin NullSourceCodeAccess
LogPluginManager: Mounting plugin KDevelopSourceCodeAccess
LogPluginManager: Mounting plugin PixWinPlugin
LogPluginManager: Mounting plugin PluginUtils
LogPluginManager: Mounting plugin PropertyAccessNode
LogPluginManager: Mounting plugin RiderSourceCodeAccess
LogPluginManager: Mounting plugin SubversionSourceControl
LogPluginManager: Mounting plugin TextureFormatOodle
LogPluginManager: Mounting plugin UObjectPlugin
LogPluginManager: Mounting plugin VisualStudioSourceCodeAccess
LogPluginManager: Mounting plugin VisualStudioCodeSourceCodeAccess
LogPluginManager: Mounting plugin XCodeSourceCodeAccess
LogPluginManager: Mounting plugin ContentBrowserFileDataSource
LogPluginManager: Mounting plugin ContentBrowserAssetDataSource
LogPluginManager: Mounting plugin ContentBrowserClassDataSource
LogPluginManager: Mounting plugin OnlineSubsystemIOS
LogPluginManager: Mounting plugin OnlineSubsystemGooglePlay
LogPluginManager: Mounting plugin OculusVR
LogPluginManager: Mounting plugin SteamVR
LogInit: Using libcurl 7.55.1-DEV
LogInit:  - built for x86_64-pc-win32
LogInit:  - supports SSL with OpenSSL/1.1.1
LogInit:  - supports HTTP deflate (compression) using libz 1.2.8
LogInit:  - other features:
LogInit:      CURL_VERSION_SSL
LogInit:      CURL_VERSION_LIBZ
LogInit:      CURL_VERSION_IPV6
LogInit:      CURL_VERSION_ASYNCHDNS
LogInit:      CURL_VERSION_LARGEFILE
LogInit:      CURL_VERSION_IDN
LogInit:  CurlRequestOptions (configurable via config and command line):
LogInit:  - bVerifyPeer = true  - Libcurl will verify peer certificate
LogInit:  - bUseHttpProxy = false  - Libcurl will NOT use HTTP proxy
LogInit:  - bDontReuseConnections = false  - Libcurl will reuse connections
LogInit:  - MaxHostConnections = 16  - Libcurl will limit the number of connections to a host
LogInit:  - LocalHostAddr = Default
LogInit:  - BufferSize = 65536
LogOnline: OSS: Creating online subsystem instance for: NULL
LogInit: WinSock: version 1.1 (2.2), MaxSocks=32767, MaxUdp=65467
LogOnline: OSS: TryLoadSubsystemAndSetDefault: Loaded subsystem for module [NULL]
PixWinPlugin: PIX capture plugin failed to initialize! Check that the process is launched from PIX.
LogOculusPluginWrapper: OculusPlugin initialized successfully
LogHMD: Failed initializing OVRPlugin 1.59.0
LogInit: Build: ++UE4+Release-4.27-CL-18319896
LogInit: Engine Version: 4.27.2-18319896+++UE4+Release-4.27
LogInit: Compatible Engine Version: 4.27.0-17155196+++UE4+Release-4.27
LogInit: Net CL: 17155196
LogInit: OS: Windows 10 (Release 2009) (), CPU: AMD Ryzen 5 4600H with Radeon Graphics         , GPU: AMD Radeon(TM) Graphics
LogInit: Compiled (64-bit): Nov 30 2021 07:12:08
LogInit: Compiled with Visual C++: 19.24.28315.00
LogInit: Build Configuration: Development
LogInit: Branch Name: ++UE4+Release-4.27
LogInit: Command Line:  /Game/SideScrollerBP/Maps/SideScrollerExampleMap -game -PIEVIACONSOLE -Multiprocess GameUserSettingsINI=C:/Users/Melih/Desktop/MyProject/Saved/Config/Windows/PIEGameUserSettings0.ini -MultiprocessSaveConfig -forcepassthrough -messaging -SessionName="Play in Standalone Game" -windowed -ResX=1280 -ResY=720
LogInit: Base Directory: C:/Program Files/Epic Games/UE_4.27/Engine/Binaries/Win64/
LogInit: Allocator: TBB
LogInit: Installed Engine Build: 1
LogDevObjectVersion: Number of dev versions registered: 29
LogDevObjectVersion:   Dev-Blueprints (B0D832E4-1F89-4F0D-ACCF-7EB736FD4AA2): 10
LogDevObjectVersion:   Dev-Build (E1C64328-A22C-4D53-A36C-8E866417BD8C): 0
LogDevObjectVersion:   Dev-Core (375EC13C-06E4-48FB-B500-84F0262A717E): 4
LogDevObjectVersion:   Dev-Editor (E4B068ED-F494-42E9-A231-DA0B2E46BB41): 40
LogDevObjectVersion:   Dev-Framework (CFFC743F-43B0-4480-9391-14DF171D2073): 37
LogDevObjectVersion:   Dev-Mobile (B02B49B5-BB20-44E9-A304-32B752E40360): 3
LogDevObjectVersion:   Dev-Networking (A4E4105C-59A1-49B5-A7C5-40C4547EDFEE): 0
LogDevObjectVersion:   Dev-Online (39C831C9-5AE6-47DC-9A44-9C173E1C8E7C): 0
LogDevObjectVersion:   Dev-Physics (78F01B33-EBEA-4F98-B9B4-84EACCB95AA2): 14
LogDevObjectVersion:   Dev-Platform (6631380F-2D4D-43E0-8009-CF276956A95A): 0
LogDevObjectVersion:   Dev-Rendering (12F88B9F-8875-4AFC-A67C-D90C383ABD29): 45
LogDevObjectVersion:   Dev-Sequencer (7B5AE74C-D270-4C10-A958-57980B212A5A): 13
LogDevObjectVersion:   Dev-VR (D7296918-1DD6-4BDD-9DE2-64A83CC13884): 3
LogDevObjectVersion:   Dev-LoadTimes (C2A15278-BFE7-4AFE-6C17-90FF531DF755): 1
LogDevObjectVersion:   Private-Geometry (6EACA3D4-40EC-4CC1-B786-8BED09428FC5): 3
LogDevObjectVersion:   Dev-AnimPhys (29E575DD-E0A3-4627-9D10-D276232CDCEA): 17
LogDevObjectVersion:   Dev-Anim (AF43A65D-7FD3-4947-9873-3E8ED9C1BB05): 15
LogDevObjectVersion:   Dev-ReflectionCapture (6B266CEC-1EC7-4B8F-A30B-E4D90942FC07): 1
LogDevObjectVersion:   Dev-Automation (0DF73D61-A23F-47EA-B727-89E90C41499A): 1
LogDevObjectVersion:   FortniteMain (601D1886-AC64-4F84-AA16-D3DE0DEAC7D6): 47
LogDevObjectVersion:   FortniteRelease (E7086368-6B23-4C58-8439-1B7016265E91): 1
LogDevObjectVersion:   Dev-Enterprise (9DFFBCD6-494F-0158-E221-12823C92A888): 10
LogDevObjectVersion:   Dev-Niagara (F2AED0AC-9AFE-416F-8664-AA7FFA26D6FC): 1
LogDevObjectVersion:   Dev-Destruction (174F1F0B-B4C6-45A5-B13F-2EE8D0FB917D): 10
LogDevObjectVersion:   Dev-Physics-Ext (35F94A83-E258-406C-A318-09F59610247C): 41
LogDevObjectVersion:   Dev-PhysicsMaterial-Chaos (B68FC16E-8B1B-42E2-B453-215C058844FE): 1
LogDevObjectVersion:   Dev-CineCamera (B2E18506-4273-CFC2-A54E-F4BB758BBA07): 1
LogDevObjectVersion:   Dev-VirtualProduction (64F58936-FD1B-42BA-BA96-7289D5D0FA4E): 1
LogDevObjectVersion:   Dev-MediaFramework (6F0ED827-A609-4895-9C91-998D90180EA4): 2
LogInit: Presizing for max 25165824 objects, including 0 objects not considered by GC, pre-allocating 0 bytes for permanent pool.
LogConfig: Applying CVar settings from Section [/Script/Engine.StreamingSettings] File [C:/Users/Melih/Desktop/MyProject/Saved/Config/Windows/Engine.ini]
LogConfig: Setting CVar [[s.MinBulkDataSizeForAsyncLoading:131072]]
LogConfig: Setting CVar [[s.AsyncLoadingThreadEnabled:0]]
LogConfig: Setting CVar [[s.EventDrivenLoaderEnabled:1]]
LogConfig: Setting CVar [[s.WarnIfTimeLimitExceeded:0]]
LogConfig: Setting CVar [[s.TimeLimitExceededMultiplier:1.5]]
LogConfig: Setting CVar [[s.TimeLimitExceededMinTime:0.005]]
LogConfig: Setting CVar [[s.UseBackgroundLevelStreaming:1]]
LogConfig: Setting CVar [[s.PriorityAsyncLoadingExtraTime:15.0]]
LogConfig: Setting CVar [[s.LevelStreamingActorsUpdateTimeLimit:5.0]]
LogConfig: Setting CVar [[s.PriorityLevelStreamingActorsUpdateExtraTime:5.0]]
LogConfig: Setting CVar [[s.LevelStreamingComponentsRegistrationGranularity:10]]
LogConfig: Setting CVar [[s.UnregisterComponentsTimeLimit:1.0]]
LogConfig: Setting CVar [[s.LevelStreamingComponentsUnregistrationGranularity:5]]
LogConfig: Setting CVar [[s.FlushStreamingOnExit:1]]
LogInit: Object subsystem initialized
LogConfig: Setting CVar [[con.DebugEarlyDefault:1]]
LogConfig: Setting CVar [[r.setres:1280x720]]
[2024.05.05-18.23.09:255][  0]LogConfig: Setting CVar [[con.DebugEarlyDefault:1]]
[2024.05.05-18.23.09:255][  0]LogConfig: Setting CVar [[r.setres:1280x720]]
[2024.05.05-18.23.09:255][  0]LogConfig: Applying CVar settings from Section [/Script/Engine.RendererSettings] File [C:/Users/Melih/Desktop/MyProject/Saved/Config/Windows/Engine.ini]
[2024.05.05-18.23.09:255][  0]LogConfig: Setting CVar [[r.GPUCrashDebugging:0]]
[2024.05.05-18.23.09:255][  0]LogConfig: Setting CVar [[r.DefaultFeature.AntiAliasing:1]]
[2024.05.05-18.23.09:255][  0]LogConfig: Applying CVar settings from Section [/Script/Engine.RendererOverrideSettings] File [C:/Users/Melih/Desktop/MyProject/Saved/Config/Windows/Engine.ini]
[2024.05.05-18.23.09:255][  0]LogConfig: Applying CVar settings from Section [/Script/Engine.StreamingSettings] File [C:/Users/Melih/Desktop/MyProject/Saved/Config/Windows/Engine.ini]
[2024.05.05-18.23.09:255][  0]LogConfig: Setting CVar [[s.MinBulkDataSizeForAsyncLoading:131072]]
[2024.05.05-18.23.09:255][  0]LogConfig: Setting CVar [[s.AsyncLoadingThreadEnabled:0]]
[2024.05.05-18.23.09:255][  0]LogConfig: Setting CVar [[s.EventDrivenLoaderEnabled:1]]
[2024.05.05-18.23.09:255][  0]LogConfig: Setting CVar [[s.WarnIfTimeLimitExceeded:0]]
[2024.05.05-18.23.09:255][  0]LogConfig: Setting CVar [[s.TimeLimitExceededMultiplier:1.5]]
[2024.05.05-18.23.09:255][  0]LogConfig: Setting CVar [[s.TimeLimitExceededMinTime:0.005]]
[2024.05.05-18.23.09:255][  0]LogConfig: Setting CVar [[s.UseBackgroundLevelStreaming:1]]
[2024.05.05-18.23.09:255][  0]LogConfig: Setting CVar [[s.PriorityAsyncLoadingExtraTime:15.0]]
[2024.05.05-18.23.09:255][  0]LogConfig: Setting CVar [[s.LevelStreamingActorsUpdateTimeLimit:5.0]]
[2024.05.05-18.23.09:255][  0]LogConfig: Setting CVar [[s.PriorityLevelStreamingActorsUpdateExtraTime:5.0]]
[2024.05.05-18.23.09:255][  0]LogConfig: Setting CVar [[s.LevelStreamingComponentsRegistrationGranularity:10]]
[2024.05.05-18.23.09:255][  0]LogConfig: Setting CVar [[s.UnregisterComponentsTimeLimit:1.0]]
[2024.05.05-18.23.09:255][  0]LogConfig: Setting CVar [[s.LevelStreamingComponentsUnregistrationGranularity:5]]
[2024.05.05-18.23.09:255][  0]LogConfig: Setting CVar [[s.FlushStreamingOnExit:1]]
[2024.05.05-18.23.09:255][  0]LogConfig: Applying CVar settings from Section [/Script/Engine.GarbageCollectionSettings] File [C:/Users/Melih/Desktop/MyProject/Saved/Config/Windows/Engine.ini]
[2024.05.05-18.23.09:255][  0]LogConfig: Setting CVar [[gc.MaxObjectsNotConsideredByGC:1]]
[2024.05.05-18.23.09:255][  0]LogConfig: Setting CVar [[gc.SizeOfPermanentObjectPool:0]]
[2024.05.05-18.23.09:255][  0]LogConfig: Setting CVar [[gc.FlushStreamingOnGC:0]]
[2024.05.05-18.23.09:255][  0]LogConfig: Setting CVar [[gc.NumRetriesBeforeForcingGC:10]]
[2024.05.05-18.23.09:255][  0]LogConfig: Setting CVar [[gc.AllowParallelGC:1]]
[2024.05.05-18.23.09:255][  0]LogConfig: Setting CVar [[gc.TimeBetweenPurgingPendingKillObjects:61.1]]
[2024.05.05-18.23.09:255][  0]LogConfig: Setting CVar [[gc.MaxObjectsInEditor:25165824]]
[2024.05.05-18.23.09:255][  0]LogConfig: Setting CVar [[gc.IncrementalBeginDestroyEnabled:1]]
[2024.05.05-18.23.09:255][  0]LogConfig: Setting CVar [[gc.CreateGCClusters:1]]
[2024.05.05-18.23.09:255][  0]LogConfig: Setting CVar [[gc.MinGCClusterSize:5]]
[2024.05.05-18.23.09:255][  0]LogConfig: Setting CVar [[gc.ActorClusteringEnabled:0]]
[2024.05.05-18.23.09:255][  0]LogConfig: Setting CVar [[gc.BlueprintClusteringEnabled:0]]
[2024.05.05-18.23.09:256][  0]LogConfig: Setting CVar [[gc.UseDisregardForGCOnDedicatedServers:0]]
[2024.05.05-18.23.09:256][  0]LogConfig: Setting CVar [[gc.MultithreadedDestructionEnabled:1]]
[2024.05.05-18.23.09:256][  0]LogConfig: Applying CVar settings from Section [/Script/Engine.NetworkSettings] File [C:/Users/Melih/Desktop/MyProject/Saved/Config/Windows/Engine.ini]
[2024.05.05-18.23.09:256][  0]LogConfig: Applying CVar settings from Section [/Script/UnrealEd.CookerSettings] File [C:/Users/Melih/Desktop/MyProject/Saved/Config/Windows/Engine.ini]
[2024.05.05-18.23.09:262][  0]LogConfig: Applying CVar settings from Section [ViewDistanceQuality@3] File [C:/Users/Melih/Desktop/MyProject/Saved/Config/Windows/Scalability.ini]
[2024.05.05-18.23.09:262][  0]LogConfig: Setting CVar [[r.SkeletalMeshLODBias:0]]
[2024.05.05-18.23.09:262][  0]LogConfig: Setting CVar [[r.ViewDistanceScale:1.0]]
[2024.05.05-18.23.09:262][  0]LogConfig: Applying CVar settings from Section [AntiAliasingQuality@3] File [C:/Users/Melih/Desktop/MyProject/Saved/Config/Windows/Scalability.ini]
[2024.05.05-18.23.09:262][  0]LogConfig: Setting CVar [[r.PostProcessAAQuality:4]]
[2024.05.05-18.23.09:262][  0]LogConfig: Applying CVar settings from Section [ShadowQuality@3] File [C:/Users/Melih/Desktop/MyProject/Saved/Config/Windows/Scalability.ini]
[2024.05.05-18.23.09:262][  0]LogConfig: Setting CVar [[r.LightFunctionQuality:1]]
[2024.05.05-18.23.09:262][  0]LogConfig: Setting CVar [[r.ShadowQuality:5]]
[2024.05.05-18.23.09:262][  0]LogConfig: Setting CVar [[r.Shadow.CSM.MaxCascades:10]]
[2024.05.05-18.23.09:262][  0]LogConfig: Setting CVar [[r.Shadow.MaxResolution:2048]]
[2024.05.05-18.23.09:262][  0]LogConfig: Setting CVar [[r.Shadow.MaxCSMResolution:2048]]
[2024.05.05-18.23.09:262][  0]LogConfig: Setting CVar [[r.Shadow.RadiusThreshold:0.01]]
[2024.05.05-18.23.09:262][  0]LogConfig: Setting CVar [[r.Shadow.DistanceScale:1.0]]
[2024.05.05-18.23.09:262][  0]LogConfig: Setting CVar [[r.Shadow.CSM.TransitionScale:1.0]]
[2024.05.05-18.23.09:262][  0]LogConfig: Setting CVar [[r.Shadow.PreShadowResolutionFactor:1.0]]
[2024.05.05-18.23.09:262][  0]LogConfig: Setting CVar [[r.DistanceFieldShadowing:1]]
[2024.05.05-18.23.09:262][  0]LogConfig: Setting CVar [[r.DistanceFieldAO:1]]
[2024.05.05-18.23.09:262][  0]LogConfig: Setting CVar [[r.AOQuality:2]]
[2024.05.05-18.23.09:262][  0]LogConfig: Setting CVar [[r.VolumetricFog:1]]
[2024.05.05-18.23.09:262][  0]LogConfig: Setting CVar [[r.VolumetricFog.GridPixelSize:8]]
[2024.05.05-18.23.09:262][  0]LogConfig: Setting CVar [[r.VolumetricFog.GridSizeZ:128]]
[2024.05.05-18.23.09:262][  0]LogConfig: Setting CVar [[r.VolumetricFog.HistoryMissSupersampleCount:4]]
[2024.05.05-18.23.09:263][  0]LogConfig: Setting CVar [[r.LightMaxDrawDistanceScale:1]]
[2024.05.05-18.23.09:263][  0]LogConfig: Setting CVar [[r.CapsuleShadows:1]]
[2024.05.05-18.23.09:263][  0]LogConfig: Applying CVar settings from Section [PostProcessQuality@3] File [C:/Users/Melih/Desktop/MyProject/Saved/Config/Windows/Scalability.ini]
[2024.05.05-18.23.09:263][  0]LogConfig: Setting CVar [[r.MotionBlurQuality:4]]
[2024.05.05-18.23.09:263][  0]LogConfig: Setting CVar [[r.AmbientOcclusionMipLevelFactor:0.4]]
[2024.05.05-18.23.09:263][  0]LogConfig: Setting CVar [[r.AmbientOcclusionMaxQuality:100]]
[2024.05.05-18.23.09:263][  0]LogConfig: Setting CVar [[r.AmbientOcclusionLevels:-1]]
[2024.05.05-18.23.09:263][  0]LogConfig: Setting CVar [[r.AmbientOcclusionRadiusScale:1.0]]
[2024.05.05-18.23.09:263][  0]LogConfig: Setting CVar [[r.DepthOfFieldQuality:2]]
[2024.05.05-18.23.09:263][  0]LogConfig: Setting CVar [[r.RenderTargetPoolMin:400]]
[2024.05.05-18.23.09:263][  0]LogConfig: Setting CVar [[r.LensFlareQuality:2]]
[2024.05.05-18.23.09:263][  0]LogConfig: Setting CVar [[r.SceneColorFringeQuality:1]]
[2024.05.05-18.23.09:263][  0]LogConfig: Setting CVar [[r.EyeAdaptationQuality:2]]
[2024.05.05-18.23.09:263][  0]LogConfig: Setting CVar [[r.BloomQuality:5]]
[2024.05.05-18.23.09:263][  0]LogConfig: Setting CVar [[r.FastBlurThreshold:100]]
[2024.05.05-18.23.09:263][  0]LogConfig: Setting CVar [[r.Upscale.Quality:3]]
[2024.05.05-18.23.09:263][  0]LogConfig: Setting CVar [[r.Tonemapper.GrainQuantization:1]]
[2024.05.05-18.23.09:263][  0]LogConfig: Setting CVar [[r.LightShaftQuality:1]]
[2024.05.05-18.23.09:263][  0]LogConfig: Setting CVar [[r.Filter.SizeScale:1]]
[2024.05.05-18.23.09:263][  0]LogConfig: Setting CVar [[r.Tonemapper.Quality:5]]
[2024.05.05-18.23.09:263][  0]LogConfig: Setting CVar [[r.DOF.Gather.AccumulatorQuality:1        ; higher gathering accumulator quality]]
[2024.05.05-18.23.09:263][  0]LogConfig: Setting CVar [[r.DOF.Gather.PostfilterMethod:1          ; Median3x3 postfilering method]]
[2024.05.05-18.23.09:263][  0]LogConfig: Setting CVar [[r.DOF.Gather.EnableBokehSettings:0       ; no bokeh simulation when gathering]]
[2024.05.05-18.23.09:263][  0]LogConfig: Setting CVar [[r.DOF.Gather.RingCount:4                 ; medium number of samples when gathering]]
[2024.05.05-18.23.09:263][  0]LogConfig: Setting CVar [[r.DOF.Scatter.ForegroundCompositing:1    ; additive foreground scattering]]
[2024.05.05-18.23.09:263][  0]LogConfig: Setting CVar [[r.DOF.Scatter.BackgroundCompositing:2    ; additive background scattering]]
[2024.05.05-18.23.09:263][  0]LogConfig: Setting CVar [[r.DOF.Scatter.EnableBokehSettings:1      ; bokeh simulation when scattering]]
[2024.05.05-18.23.09:263][  0]LogConfig: Setting CVar [[r.DOF.Scatter.MaxSpriteRatio:0.1         ; only a maximum of 10% of scattered bokeh]]
[2024.05.05-18.23.09:263][  0]LogConfig: Setting CVar [[r.DOF.Recombine.Quality:1                ; cheap slight out of focus]]
[2024.05.05-18.23.09:263][  0]LogConfig: Setting CVar [[r.DOF.Recombine.EnableBokehSettings:0    ; no bokeh simulation on slight out of focus]]
[2024.05.05-18.23.09:263][  0]LogConfig: Setting CVar [[r.DOF.TemporalAAQuality:1                ; more stable temporal accumulation]]
[2024.05.05-18.23.09:263][  0]LogConfig: Setting CVar [[r.DOF.Kernel.MaxForegroundRadius:0.025]]
[2024.05.05-18.23.09:263][  0]LogConfig: Setting CVar [[r.DOF.Kernel.MaxBackgroundRadius:0.025]]
[2024.05.05-18.23.09:263][  0]LogConfig: Applying CVar settings from Section [TextureQuality@3] File [C:/Users/Melih/Desktop/MyProject/Saved/Config/Windows/Scalability.ini]
[2024.05.05-18.23.09:263][  0]LogConfig: Setting CVar [[r.Streaming.MipBias:0]]
[2024.05.05-18.23.09:263][  0]LogConfig: Setting CVar [[r.Streaming.AmortizeCPUToGPUCopy:0]]
[2024.05.05-18.23.09:263][  0]LogConfig: Setting CVar [[r.Streaming.MaxNumTexturesToStreamPerFrame:0]]
[2024.05.05-18.23.09:263][  0]LogConfig: Setting CVar [[r.Streaming.Boost:1]]
[2024.05.05-18.23.09:263][  0]LogConfig: Setting CVar [[r.MaxAnisotropy:8]]
[2024.05.05-18.23.09:263][  0]LogConfig: Setting CVar [[r.VT.MaxAnisotropy:8]]
[2024.05.05-18.23.09:263][  0]LogConfig: Setting CVar [[r.Streaming.LimitPoolSizeToVRAM:0]]
[2024.05.05-18.23.09:263][  0]LogConfig: Setting CVar [[r.Streaming.PoolSize:1000]]
[2024.05.05-18.23.09:263][  0]LogConfig: Setting CVar [[r.Streaming.MaxEffectiveScreenSize:0]]
[2024.05.05-18.23.09:263][  0]LogConfig: Applying CVar settings from Section [EffectsQuality@3] File [C:/Users/Melih/Desktop/MyProject/Saved/Config/Windows/Scalability.ini]
[2024.05.05-18.23.09:263][  0]LogConfig: Setting CVar [[r.TranslucencyLightingVolumeDim:64]]
[2024.05.05-18.23.09:263][  0]LogConfig: Setting CVar [[r.RefractionQuality:2]]
[2024.05.05-18.23.09:263][  0]LogConfig: Setting CVar [[r.SSR.Quality:3]]
[2024.05.05-18.23.09:263][  0]LogConfig: Setting CVar [[r.SSR.HalfResSceneColor:0]]
[2024.05.05-18.23.09:263][  0]LogConfig: Setting CVar [[r.SceneColorFormat:4]]
[2024.05.05-18.23.09:263][  0]LogConfig: Setting CVar [[r.DetailMode:2]]
[2024.05.05-18.23.09:263][  0]LogConfig: Setting CVar [[r.TranslucencyVolumeBlur:1]]
[2024.05.05-18.23.09:263][  0]LogConfig: Setting CVar [[r.MaterialQualityLevel:1 ; High quality]]
[2024.05.05-18.23.09:263][  0]LogConfig: Setting CVar [[r.AnisotropicMaterials:1]]
[2024.05.05-18.23.09:263][  0]LogConfig: Setting CVar [[r.SSS.Scale:1]]
[2024.05.05-18.23.09:263][  0]LogConfig: Setting CVar [[r.SSS.SampleSet:2]]
[2024.05.05-18.23.09:263][  0]LogConfig: Setting CVar [[r.SSS.Quality:1]]
[2024.05.05-18.23.09:263][  0]LogConfig: Setting CVar [[r.SSS.HalfRes:0]]
[2024.05.05-18.23.09:263][  0]LogConfig: Setting CVar [[r.SSGI.Quality:3]]
[2024.05.05-18.23.09:263][  0]LogConfig: Setting CVar [[r.EmitterSpawnRateScale:1.0]]
[2024.05.05-18.23.09:263][  0]LogConfig: Setting CVar [[r.ParticleLightQuality:2]]
[2024.05.05-18.23.09:263][  0]LogConfig: Setting CVar [[r.SkyAtmosphere.AerialPerspectiveLUT.FastApplyOnOpaque:1 ; Always have FastSkyLUT 1 in this case to avoid wrong sky]]
[2024.05.05-18.23.09:263][  0]LogConfig: Setting CVar [[r.SkyAtmosphere.AerialPerspectiveLUT.SampleCountMaxPerSlice:4]]
[2024.05.05-18.23.09:263][  0]LogConfig: Setting CVar [[r.SkyAtmosphere.AerialPerspectiveLUT.DepthResolution:16.0]]
[2024.05.05-18.23.09:263][  0]LogConfig: Setting CVar [[r.SkyAtmosphere.FastSkyLUT:1]]
[2024.05.05-18.23.09:263][  0]LogConfig: Setting CVar [[r.SkyAtmosphere.FastSkyLUT.SampleCountMin:4.0]]
[2024.05.05-18.23.09:263][  0]LogConfig: Setting CVar [[r.SkyAtmosphere.FastSkyLUT.SampleCountMax:128.0]]
[2024.05.05-18.23.09:263][  0]LogConfig: Setting CVar [[r.SkyAtmosphere.SampleCountMin:4.0]]
[2024.05.05-18.23.09:263][  0]LogConfig: Setting CVar [[r.SkyAtmosphere.SampleCountMax:128.0]]
[2024.05.05-18.23.09:263][  0]LogConfig: Setting CVar [[r.SkyAtmosphere.TransmittanceLUT.UseSmallFormat:0]]
[2024.05.05-18.23.09:263][  0]LogConfig: Setting CVar [[r.SkyAtmosphere.TransmittanceLUT.SampleCount:10.0]]
[2024.05.05-18.23.09:263][  0]LogConfig: Setting CVar [[r.SkyAtmosphere.MultiScatteringLUT.SampleCount:15.0]]
[2024.05.05-18.23.09:263][  0]LogConfig: Setting CVar [[r.SkyLight.RealTimeReflectionCapture:1]]
[2024.05.05-18.23.09:263][  0]LogConfig: Applying CVar settings from Section [FoliageQuality@3] File [C:/Users/Melih/Desktop/MyProject/Saved/Config/Windows/Scalability.ini]
[2024.05.05-18.23.09:263][  0]LogConfig: Setting CVar [[foliage.DensityScale:1.0]]
[2024.05.05-18.23.09:264][  0]LogConfig: Setting CVar [[grass.DensityScale:1.0]]
[2024.05.05-18.23.09:264][  0]LogConfig: Applying CVar settings from Section [ShadingQuality@3] File [C:/Users/Melih/Desktop/MyProject/Saved/Config/Windows/Scalability.ini]
[2024.05.05-18.23.09:264][  0]LogConfig: Setting CVar [[r.HairStrands.SkyLighting.IntegrationType:2]]
[2024.05.05-18.23.09:264][  0]LogConfig: Setting CVar [[r.HairStrands.SkyAO.SampleCount:4]]
[2024.05.05-18.23.09:264][  0]LogConfig: Setting CVar [[r.HairStrands.Visibility.MSAA.SamplePerPixel:4]]
[2024.05.05-18.23.09:264][  0]LogInit: Selected Device Profile: [Windows]
[2024.05.05-18.23.09:264][  0]LogInit: Applying CVar settings loaded from the selected device profile: [Windows]
[2024.05.05-18.23.09:264][  0]LogHAL: Display: Platform has ~ 16 GB [16556597248 / 17179869184 / 16], which maps to Larger [LargestMinGB=32, LargerMinGB=12, DefaultMinGB=8, SmallerMinGB=6, SmallestMinGB=0)
[2024.05.05-18.23.09:264][  0]LogInit: Going up to parent DeviceProfile []
[2024.05.05-18.23.09:264][  0]LogConfig: Applying CVar settings from Section [ViewDistanceQuality@3] File [C:/Users/Melih/Desktop/MyProject/Saved/Config/Windows/Scalability.ini]
[2024.05.05-18.23.09:264][  0]LogConfig: Setting CVar [[r.SkeletalMeshLODBias:0]]
[2024.05.05-18.23.09:264][  0]LogConfig: Setting CVar [[r.ViewDistanceScale:1.0]]
[2024.05.05-18.23.09:264][  0]LogConfig: Applying CVar settings from Section [AntiAliasingQuality@3] File [C:/Users/Melih/Desktop/MyProject/Saved/Config/Windows/Scalability.ini]
[2024.05.05-18.23.09:264][  0]LogConfig: Setting CVar [[r.PostProcessAAQuality:4]]
[2024.05.05-18.23.09:264][  0]LogConfig: Applying CVar settings from Section [ShadowQuality@3] File [C:/Users/Melih/Desktop/MyProject/Saved/Config/Windows/Scalability.ini]
[2024.05.05-18.23.09:264][  0]LogConfig: Setting CVar [[r.LightFunctionQuality:1]]
[2024.05.05-18.23.09:264][  0]LogConfig: Setting CVar [[r.ShadowQuality:5]]
[2024.05.05-18.23.09:264][  0]LogConfig: Setting CVar [[r.Shadow.CSM.MaxCascades:10]]
[2024.05.05-18.23.09:264][  0]LogConfig: Setting CVar [[r.Shadow.MaxResolution:2048]]
[2024.05.05-18.23.09:264][  0]LogConfig: Setting CVar [[r.Shadow.MaxCSMResolution:2048]]
[2024.05.05-18.23.09:264][  0]LogConfig: Setting CVar [[r.Shadow.RadiusThreshold:0.01]]
[2024.05.05-18.23.09:264][  0]LogConfig: Setting CVar [[r.Shadow.DistanceScale:1.0]]
[2024.05.05-18.23.09:264][  0]LogConfig: Setting CVar [[r.Shadow.CSM.TransitionScale:1.0]]
[2024.05.05-18.23.09:264][  0]LogConfig: Setting CVar [[r.Shadow.PreShadowResolutionFactor:1.0]]
[2024.05.05-18.23.09:264][  0]LogConfig: Setting CVar [[r.DistanceFieldShadowing:1]]
[2024.05.05-18.23.09:264][  0]LogConfig: Setting CVar [[r.DistanceFieldAO:1]]
[2024.05.05-18.23.09:264][  0]LogConfig: Setting CVar [[r.AOQuality:2]]
[2024.05.05-18.23.09:264][  0]LogConfig: Setting CVar [[r.VolumetricFog:1]]
[2024.05.05-18.23.09:264][  0]LogConfig: Setting CVar [[r.VolumetricFog.GridPixelSize:8]]
[2024.05.05-18.23.09:264][  0]LogConfig: Setting CVar [[r.VolumetricFog.GridSizeZ:128]]
[2024.05.05-18.23.09:264][  0]LogConfig: Setting CVar [[r.VolumetricFog.HistoryMissSupersampleCount:4]]
[2024.05.05-18.23.09:264][  0]LogConfig: Setting CVar [[r.LightMaxDrawDistanceScale:1]]
[2024.05.05-18.23.09:264][  0]LogConfig: Setting CVar [[r.CapsuleShadows:1]]
[2024.05.05-18.23.09:264][  0]LogConfig: Applying CVar settings from Section [PostProcessQuality@3] File [C:/Users/Melih/Desktop/MyProject/Saved/Config/Windows/Scalability.ini]
[2024.05.05-18.23.09:264][  0]LogConfig: Setting CVar [[r.MotionBlurQuality:4]]
[2024.05.05-18.23.09:264][  0]LogConfig: Setting CVar [[r.AmbientOcclusionMipLevelFactor:0.4]]
[2024.05.05-18.23.09:264][  0]LogConfig: Setting CVar [[r.AmbientOcclusionMaxQuality:100]]
[2024.05.05-18.23.09:264][  0]LogConfig: Setting CVar [[r.AmbientOcclusionLevels:-1]]
[2024.05.05-18.23.09:264][  0]LogConfig: Setting CVar [[r.AmbientOcclusionRadiusScale:1.0]]
[2024.05.05-18.23.09:264][  0]LogConfig: Setting CVar [[r.DepthOfFieldQuality:2]]
[2024.05.05-18.23.09:264][  0]LogConfig: Setting CVar [[r.RenderTargetPoolMin:400]]
[2024.05.05-18.23.09:264][  0]LogConfig: Setting CVar [[r.LensFlareQuality:2]]
[2024.05.05-18.23.09:264][  0]LogConfig: Setting CVar [[r.SceneColorFringeQuality:1]]
[2024.05.05-18.23.09:264][  0]LogConfig: Setting CVar [[r.EyeAdaptationQuality:2]]
[2024.05.05-18.23.09:264][  0]LogConfig: Setting CVar [[r.BloomQuality:5]]
[2024.05.05-18.23.09:264][  0]LogConfig: Setting CVar [[r.FastBlurThreshold:100]]
[2024.05.05-18.23.09:264][  0]LogConfig: Setting CVar [[r.Upscale.Quality:3]]
[2024.05.05-18.23.09:264][  0]LogConfig: Setting CVar [[r.Tonemapper.GrainQuantization:1]]
[2024.05.05-18.23.09:264][  0]LogConfig: Setting CVar [[r.LightShaftQuality:1]]
[2024.05.05-18.23.09:264][  0]LogConfig: Setting CVar [[r.Filter.SizeScale:1]]
[2024.05.05-18.23.09:264][  0]LogConfig: Setting CVar [[r.Tonemapper.Quality:5]]
[2024.05.05-18.23.09:264][  0]LogConfig: Setting CVar [[r.DOF.Gather.AccumulatorQuality:1        ; higher gathering accumulator quality]]
[2024.05.05-18.23.09:264][  0]LogConfig: Setting CVar [[r.DOF.Gather.PostfilterMethod:1          ; Median3x3 postfilering method]]
[2024.05.05-18.23.09:264][  0]LogConfig: Setting CVar [[r.DOF.Gather.EnableBokehSettings:0       ; no bokeh simulation when gathering]]
[2024.05.05-18.23.09:264][  0]LogConfig: Setting CVar [[r.DOF.Gather.RingCount:4                 ; medium number of samples when gathering]]
[2024.05.05-18.23.09:264][  0]LogConfig: Setting CVar [[r.DOF.Scatter.ForegroundCompositing:1    ; additive foreground scattering]]
[2024.05.05-18.23.09:264][  0]LogConfig: Setting CVar [[r.DOF.Scatter.BackgroundCompositing:2    ; additive background scattering]]
[2024.05.05-18.23.09:264][  0]LogConfig: Setting CVar [[r.DOF.Scatter.EnableBokehSettings:1      ; bokeh simulation when scattering]]
[2024.05.05-18.23.09:264][  0]LogConfig: Setting CVar [[r.DOF.Scatter.MaxSpriteRatio:0.1         ; only a maximum of 10% of scattered bokeh]]
[2024.05.05-18.23.09:265][  0]LogConfig: Setting CVar [[r.DOF.Recombine.Quality:1                ; cheap slight out of focus]]
[2024.05.05-18.23.09:265][  0]LogConfig: Setting CVar [[r.DOF.Recombine.EnableBokehSettings:0    ; no bokeh simulation on slight out of focus]]
[2024.05.05-18.23.09:265][  0]LogConfig: Setting CVar [[r.DOF.TemporalAAQuality:1                ; more stable temporal accumulation]]
[2024.05.05-18.23.09:265][  0]LogConfig: Setting CVar [[r.DOF.Kernel.MaxForegroundRadius:0.025]]
[2024.05.05-18.23.09:265][  0]LogConfig: Setting CVar [[r.DOF.Kernel.MaxBackgroundRadius:0.025]]
[2024.05.05-18.23.09:265][  0]LogConfig: Applying CVar settings from Section [TextureQuality@3] File [C:/Users/Melih/Desktop/MyProject/Saved/Config/Windows/Scalability.ini]
[2024.05.05-18.23.09:265][  0]LogConfig: Setting CVar [[r.Streaming.MipBias:0]]
[2024.05.05-18.23.09:265][  0]LogConfig: Setting CVar [[r.Streaming.AmortizeCPUToGPUCopy:0]]
[2024.05.05-18.23.09:265][  0]LogConfig: Setting CVar [[r.Streaming.MaxNumTexturesToStreamPerFrame:0]]
[2024.05.05-18.23.09:265][  0]LogConfig: Setting CVar [[r.Streaming.Boost:1]]
[2024.05.05-18.23.09:265][  0]LogConfig: Setting CVar [[r.MaxAnisotropy:8]]
[2024.05.05-18.23.09:265][  0]LogConfig: Setting CVar [[r.VT.MaxAnisotropy:8]]
[2024.05.05-18.23.09:265][  0]LogConfig: Setting CVar [[r.Streaming.LimitPoolSizeToVRAM:0]]
[2024.05.05-18.23.09:265][  0]LogConfig: Setting CVar [[r.Streaming.PoolSize:1000]]
[2024.05.05-18.23.09:265][  0]LogConfig: Setting CVar [[r.Streaming.MaxEffectiveScreenSize:0]]
[2024.05.05-18.23.09:265][  0]LogConfig: Applying CVar settings from Section [EffectsQuality@3] File [C:/Users/Melih/Desktop/MyProject/Saved/Config/Windows/Scalability.ini]
[2024.05.05-18.23.09:265][  0]LogConfig: Setting CVar [[r.TranslucencyLightingVolumeDim:64]]
[2024.05.05-18.23.09:265][  0]LogConfig: Setting CVar [[r.RefractionQuality:2]]
[2024.05.05-18.23.09:265][  0]LogConfig: Setting CVar [[r.SSR.Quality:3]]
[2024.05.05-18.23.09:265][  0]LogConfig: Setting CVar [[r.SSR.HalfResSceneColor:0]]
[2024.05.05-18.23.09:265][  0]LogConfig: Setting CVar [[r.SceneColorFormat:4]]
[2024.05.05-18.23.09:265][  0]LogConfig: Setting CVar [[r.DetailMode:2]]
[2024.05.05-18.23.09:265][  0]LogConfig: Setting CVar [[r.TranslucencyVolumeBlur:1]]
[2024.05.05-18.23.09:265][  0]LogConfig: Setting CVar [[r.MaterialQualityLevel:1 ; High quality]]
[2024.05.05-18.23.09:265][  0]LogConfig: Setting CVar [[r.AnisotropicMaterials:1]]
[2024.05.05-18.23.09:265][  0]LogConfig: Setting CVar [[r.SSS.Scale:1]]
[2024.05.05-18.23.09:265][  0]LogConfig: Setting CVar [[r.SSS.SampleSet:2]]
[2024.05.05-18.23.09:265][  0]LogConfig: Setting CVar [[r.SSS.Quality:1]]
[2024.05.05-18.23.09:265][  0]LogConfig: Setting CVar [[r.SSS.HalfRes:0]]
[2024.05.05-18.23.09:265][  0]LogConfig: Setting CVar [[r.SSGI.Quality:3]]
[2024.05.05-18.23.09:265][  0]LogConfig: Setting CVar [[r.EmitterSpawnRateScale:1.0]]
[2024.05.05-18.23.09:265][  0]LogConfig: Setting CVar [[r.ParticleLightQuality:2]]
[2024.05.05-18.23.09:265][  0]LogConfig: Setting CVar [[r.SkyAtmosphere.AerialPerspectiveLUT.FastApplyOnOpaque:1 ; Always have FastSkyLUT 1 in this case to avoid wrong sky]]
[2024.05.05-18.23.09:265][  0]LogConfig: Setting CVar [[r.SkyAtmosphere.AerialPerspectiveLUT.SampleCountMaxPerSlice:4]]
[2024.05.05-18.23.09:265][  0]LogConfig: Setting CVar [[r.SkyAtmosphere.AerialPerspectiveLUT.DepthResolution:16.0]]
[2024.05.05-18.23.09:265][  0]LogConfig: Setting CVar [[r.SkyAtmosphere.FastSkyLUT:1]]
[2024.05.05-18.23.09:265][  0]LogConfig: Setting CVar [[r.SkyAtmosphere.FastSkyLUT.SampleCountMin:4.0]]
[2024.05.05-18.23.09:265][  0]LogConfig: Setting CVar [[r.SkyAtmosphere.FastSkyLUT.SampleCountMax:128.0]]
[2024.05.05-18.23.09:265][  0]LogConfig: Setting CVar [[r.SkyAtmosphere.SampleCountMin:4.0]]
[2024.05.05-18.23.09:265][  0]LogConfig: Setting CVar [[r.SkyAtmosphere.SampleCountMax:128.0]]
[2024.05.05-18.23.09:265][  0]LogConfig: Setting CVar [[r.SkyAtmosphere.TransmittanceLUT.UseSmallFormat:0]]
[2024.05.05-18.23.09:265][  0]LogConfig: Setting CVar [[r.SkyAtmosphere.TransmittanceLUT.SampleCount:10.0]]
[2024.05.05-18.23.09:265][  0]LogConfig: Setting CVar [[r.SkyAtmosphere.MultiScatteringLUT.SampleCount:15.0]]
[2024.05.05-18.23.09:265][  0]LogConfig: Setting CVar [[r.SkyLight.RealTimeReflectionCapture:1]]
[2024.05.05-18.23.09:265][  0]LogConfig: Applying CVar settings from Section [FoliageQuality@3] File [C:/Users/Melih/Desktop/MyProject/Saved/Config/Windows/Scalability.ini]
[2024.05.05-18.23.09:265][  0]LogConfig: Setting CVar [[foliage.DensityScale:1.0]]
[2024.05.05-18.23.09:265][  0]LogConfig: Setting CVar [[grass.DensityScale:1.0]]
[2024.05.05-18.23.09:265][  0]LogConfig: Applying CVar settings from Section [ShadingQuality@3] File [C:/Users/Melih/Desktop/MyProject/Saved/Config/Windows/Scalability.ini]
[2024.05.05-18.23.09:265][  0]LogConfig: Setting CVar [[r.HairStrands.SkyLighting.IntegrationType:2]]
[2024.05.05-18.23.09:265][  0]LogConfig: Setting CVar [[r.HairStrands.SkyAO.SampleCount:4]]
[2024.05.05-18.23.09:265][  0]LogConfig: Setting CVar [[r.HairStrands.Visibility.MSAA.SamplePerPixel:4]]
[2024.05.05-18.23.09:265][  0]LogConfig: Applying CVar settings from Section [Startup] File [../../../Engine/Config/ConsoleVariables.ini]
[2024.05.05-18.23.09:267][  0]LogConfig: Setting CVar [[net.UseAdaptiveNetUpdateFrequency:0]]
[2024.05.05-18.23.09:267][  0]LogConfig: Setting CVar [[p.chaos.AllowCreatePhysxBodies:1]]
[2024.05.05-18.23.09:267][  0]LogConfig: Setting CVar [[fx.SkipVectorVMBackendOptimizations:1]]
[2024.05.05-18.23.09:267][  0]LogConfig: Applying CVar settings from Section [ConsoleVariables] File [C:/Users/Melih/Desktop/MyProject/Saved/Config/Windows/Engine.ini]
[2024.05.05-18.23.09:267][  0]LogConfig: Applying CVar settings from Section [ConsoleVariables] File [C:/Users/Melih/Desktop/MyProject/Saved/Config/Windows/Editor.ini]
[2024.05.05-18.23.09:267][  0]LogInit: Computer: PERKELE
[2024.05.05-18.23.09:267][  0]LogInit: User: Melih
[2024.05.05-18.23.09:267][  0]LogInit: CPU Page size=4096, Cores=6
[2024.05.05-18.23.09:267][  0]LogInit: High frequency timer resolution =10.000000 MHz
[2024.05.05-18.23.09:267][  0]LogMemory: Memory total: Physical=15.4GB (16GB approx)
[2024.05.05-18.23.09:267][  0]LogMemory: Platform Memory Stats for Windows
[2024.05.05-18.23.09:267][  0]LogMemory: Process Physical Memory: 149.55 MB used, 149.55 MB peak
[2024.05.05-18.23.09:267][  0]LogMemory: Process Virtual Memory: 130.17 MB used, 130.17 MB peak
[2024.05.05-18.23.09:267][  0]LogMemory: Physical Memory: 10910.64 MB used,  4878.96 MB free, 15789.60 MB total
[2024.05.05-18.23.09:267][  0]LogMemory: Virtual Memory: 134212320.00 MB used,  5410.98 MB free, 134217728.00 MB total
[2024.05.05-18.23.09:300][  0]LogWindows: WindowsPlatformFeatures enabled
[2024.05.05-18.23.09:362][  0]LogInit: Physics initialised using underlying interface: PhysX
[2024.05.05-18.23.09:363][  0]LogInit: Using OS detected language (en-GB).
[2024.05.05-18.23.09:363][  0]LogInit: Using OS detected locale (en-FI).
[2024.05.05-18.23.09:366][  0]LogTextLocalizationManager: No specific localization for 'en-GB' exists, so the 'en' localization will be used.
[2024.05.05-18.23.09:662][  0]LogWindowsTextInputMethodSystem: Display: IME system deactivated.
[2024.05.05-18.23.09:704][  0]LogSlate: New Slate User Created.  User Index 0, Is Virtual User: 0
[2024.05.05-18.23.09:704][  0]LogSlate: Slate User Registered.  User Index 0, Is Virtual User: 0
[2024.05.05-18.23.09:724][  0]LogD3D11RHI: Loaded GFSDK_Aftermath_Lib.x64.dll
[2024.05.05-18.23.09:790][  0]LogHMD: Failed to initialize OpenVR with code 110
[2024.05.05-18.23.09:790][  0]LogD3D11RHI: D3D11 min allowed feature level: 11_0
[2024.05.05-18.23.09:790][  0]LogD3D11RHI: D3D11 max allowed feature level: 11_0
[2024.05.05-18.23.09:790][  0]LogD3D11RHI: D3D11 adapters:
[2024.05.05-18.23.09:981][  0]LogD3D11RHI:    0. 'NVIDIA GeForce RTX 3050 Laptop GPU' (Feature Level 11_0)
[2024.05.05-18.23.09:981][  0]LogD3D11RHI:       3964/0/7894 MB DedicatedVideo/DedicatedSystem/SharedSystem, Outputs:1, VendorId:0x10de
[2024.05.05-18.23.10:042][  0]LogD3D11RHI:    1. 'AMD Radeon(TM) Graphics' (Feature Level 11_0)
[2024.05.05-18.23.10:042][  0]LogD3D11RHI:       495/0/7894 MB DedicatedVideo/DedicatedSystem/SharedSystem, Outputs:0, VendorId:0x1002
[2024.05.05-18.23.10:047][  0]LogD3D11RHI:    2. 'Microsoft Basic Render Driver' (Feature Level 11_0)
[2024.05.05-18.23.10:047][  0]LogD3D11RHI:       0/0/7894 MB DedicatedVideo/DedicatedSystem/SharedSystem, Outputs:0, VendorId:0x1414
[2024.05.05-18.23.10:047][  0]LogD3D11RHI: Chosen D3D11 Adapter:
[2024.05.05-18.23.10:047][  0]LogD3D11RHI:     Description : NVIDIA GeForce RTX 3050 Laptop GPU
[2024.05.05-18.23.10:047][  0]LogD3D11RHI:     VendorId    : 10de
[2024.05.05-18.23.10:047][  0]LogD3D11RHI:     DeviceId    : 25a2
[2024.05.05-18.23.10:047][  0]LogD3D11RHI:     SubSysId    : 16ad1043
[2024.05.05-18.23.10:047][  0]LogD3D11RHI:     Revision    : 00a1
[2024.05.05-18.23.10:047][  0]LogD3D11RHI:     DedicatedVideoMemory : 4156555264 bytes
[2024.05.05-18.23.10:047][  0]LogD3D11RHI:     DedicatedSystemMemory : 0 bytes
[2024.05.05-18.23.10:047][  0]LogD3D11RHI:     SharedSystemMemory : 8278298624 bytes
[2024.05.05-18.23.10:047][  0]LogD3D11RHI:     AdapterLuid : 0 70303
[2024.05.05-18.23.10:055][  0]LogD3D11RHI: Creating new Direct3DDevice
[2024.05.05-18.23.10:055][  0]LogD3D11RHI:     GPU DeviceId: 0x25a2 (for the marketing name, search the web for "GPU Device Id")
[2024.05.05-18.23.10:055][  0]LogWindows: EnumDisplayDevices:
[2024.05.05-18.23.10:055][  0]LogWindows:    0. 'AMD Radeon(TM) Graphics' (P:1 D:1)
[2024.05.05-18.23.10:056][  0]LogWindows:    1. 'AMD Radeon(TM) Graphics' (P:0 D:0)
[2024.05.05-18.23.10:056][  0]LogWindows:    2. 'AMD Radeon(TM) Graphics' (P:0 D:0)
[2024.05.05-18.23.10:057][  0]LogWindows:    3. 'NVIDIA GeForce RTX 3050 Laptop GPU' (P:0 D:0)
[2024.05.05-18.23.10:057][  0]LogWindows:    4. 'NVIDIA GeForce RTX 3050 Laptop GPU' (P:0 D:0)
[2024.05.05-18.23.10:057][  0]LogWindows:    5. 'NVIDIA GeForce RTX 3050 Laptop GPU' (P:0 D:0)
[2024.05.05-18.23.10:057][  0]LogWindows:    6. 'NVIDIA GeForce RTX 3050 Laptop GPU' (P:0 D:0)
[2024.05.05-18.23.10:057][  0]LogWindows: DebugString: PrimaryIsNotTheChoosenAdapter PrimaryIsNotTheChoosenAdapter PrimaryIsNotTheChoosenAdapter FoundDriverCount:4 
[2024.05.05-18.23.10:057][  0]LogD3D11RHI:     Adapter Name: NVIDIA GeForce RTX 3050 Laptop GPU
[2024.05.05-18.23.10:057][  0]LogD3D11RHI:   Driver Version: 552.22 (internal:31.0.15.5222, unified:552.22)
[2024.05.05-18.23.10:057][  0]LogD3D11RHI:      Driver Date: 4-11-2024
[2024.05.05-18.23.10:057][  0]LogRHI: Texture pool is 2774 MB (70% of 3964 MB)
[2024.05.05-18.23.10:057][  0]LogD3D11RHI: Creating D3DDevice using adapter:
[2024.05.05-18.23.10:057][  0]LogD3D11RHI:     Description : NVIDIA GeForce RTX 3050 Laptop GPU
[2024.05.05-18.23.10:057][  0]LogD3D11RHI:     VendorId    : 10de
[2024.05.05-18.23.10:058][  0]LogD3D11RHI:     DeviceId    : 25a2
[2024.05.05-18.23.10:058][  0]LogD3D11RHI:     SubSysId    : 16ad1043
[2024.05.05-18.23.10:058][  0]LogD3D11RHI:     Revision    : 00a1
[2024.05.05-18.23.10:058][  0]LogD3D11RHI:     DedicatedVideoMemory : 4156555264 bytes
[2024.05.05-18.23.10:058][  0]LogD3D11RHI:     DedicatedSystemMemory : 0 bytes
[2024.05.05-18.23.10:058][  0]LogD3D11RHI:     SharedSystemMemory : 8278298624 bytes
[2024.05.05-18.23.10:058][  0]LogD3D11RHI:     AdapterLuid : 0 70303
[2024.05.05-18.23.10:170][  0]LogD3D11RHI: RHI has support for 64 bit atomics
[2024.05.05-18.23.10:171][  0]LogD3D11RHI: Async texture creation enabled
[2024.05.05-18.23.10:171][  0]LogD3D11RHI: Array index from any shader is supported
[2024.05.05-18.23.10:196][  0]LogD3D11RHI: GPU Timing Frequency: 1000.000000 (Debug: 2 1)
[2024.05.05-18.23.10:235][  0]LogRHI: GeForceNow SDK initialized: 1
[2024.05.05-18.23.10:705][  0]LogTargetPlatformManager: Display: Loaded TargetPlatform 'WindowsNoEditor'
[2024.05.05-18.23.10:713][  0]LogTargetPlatformManager: Display: Loaded TargetPlatform 'Windows'
[2024.05.05-18.23.10:720][  0]LogTargetPlatformManager: Display: Loaded TargetPlatform 'WindowsClient'
[2024.05.05-18.23.10:728][  0]LogTargetPlatformManager: Display: Loaded TargetPlatform 'WindowsServer'
[2024.05.05-18.23.10:728][  0]LogTargetPlatformManager: Display: Building Assets For Windows
[2024.05.05-18.23.10:739][  0]LogAudioDebug: Display: Lib vorbis DLL was dynamically loaded.
[2024.05.05-18.23.10:790][  0]LogTextureFormatOodle: Display: Oodle Texture 2.9.0 init RDO Off
[2024.05.05-18.23.10:841][  0]LogRendererCore: Ray tracing is disabled. Reason: r.RayTracing=0.
[2024.05.05-18.23.10:841][  0]LogShaderCompilers: Guid format shader working directory is -2 characters bigger than the processId version (../../../../../../Users/Melih/Desktop/MyProject/Intermediate/Shaders/WorkingDirectory/20736/).
[2024.05.05-18.23.10:842][  0]LogShaderCompilers: Cleaned the shader compiler working directory 'C:/Users/Melih/AppData/Local/Temp/UnrealShaderWorkingDir/9116FA8B48D5247BF4EEEB9EBC1A748B/'.
[2024.05.05-18.23.10:842][  0]LogXGEController: Cannot use XGE Controller as Incredibuild is not installed on this machine.
[2024.05.05-18.23.10:842][  0]LogShaderCompilers: Cannot use XGE Shader Compiler as Incredibuild is not installed on this machine.
[2024.05.05-18.23.10:842][  0]LogShaderCompilers: Display: Using Local Shader Compiler.
[2024.05.05-18.23.11:802][  0]LogDerivedDataCache: Display: Max Cache Size: 512 MB
[2024.05.05-18.23.11:873][  0]LogDerivedDataCache: Loaded boot cache 0.07s 114MB C:/Users/Melih/AppData/Local/UnrealEngine/4.27/DerivedDataCache/Boot.ddc.
[2024.05.05-18.23.11:873][  0]LogDerivedDataCache: Display: Loaded Boot cache: C:/Users/Melih/AppData/Local/UnrealEngine/4.27/DerivedDataCache/Boot.ddc
[2024.05.05-18.23.11:873][  0]LogDerivedDataCache: FDerivedDataBackendGraph:  Pak pak cache file ../../../../../../Users/Melih/Desktop/MyProject/DerivedDataCache/DDC.ddp not found, will not use a pak cache.
[2024.05.05-18.23.11:873][  0]LogDerivedDataCache: Unable to find inner node Pak for hierarchical cache Hierarchy.
[2024.05.05-18.23.11:873][  0]LogDerivedDataCache: FDerivedDataBackendGraph:  CompressedPak pak cache file ../../../../../../Users/Melih/Desktop/MyProject/DerivedDataCache/Compressed.ddp not found, will not use a pak cache.
[2024.05.05-18.23.11:873][  0]LogDerivedDataCache: Unable to find inner node CompressedPak for hierarchical cache Hierarchy.
[2024.05.05-18.23.11:898][  0]LogDerivedDataCache: Display: Pak cache opened for reading ../../../Engine/DerivedDataCache/Compressed.ddp.
[2024.05.05-18.23.11:898][  0]LogDerivedDataCache: FDerivedDataBackendGraph:  EnterprisePak pak cache file ../../../Enterprise/DerivedDataCache/Compressed.ddp not found, will not use a pak cache.
[2024.05.05-18.23.11:898][  0]LogDerivedDataCache: Unable to find inner node EnterprisePak for hierarchical cache Hierarchy.
[2024.05.05-18.23.11:913][  0]LogDerivedDataCache: Speed tests for C:/Users/Melih/AppData/Local/UnrealEngine/Common/DerivedDataCache took 0.01 seconds
[2024.05.05-18.23.11:913][  0]LogDerivedDataCache: Display: Performance to C:/Users/Melih/AppData/Local/UnrealEngine/Common/DerivedDataCache: Latency=0.04ms. RandomReadSpeed=978.93MBs, RandomWriteSpeed=73.27MBs. Assigned SpeedClass 'Local'
[2024.05.05-18.23.11:914][  0]LogDerivedDataCache: Using Local data cache path C:/Users/Melih/AppData/Local/UnrealEngine/Common/DerivedDataCache: Writable
[2024.05.05-18.23.11:914][  0]LogDerivedDataCache: Shared data cache path not found in *engine.ini, will not use an Shared cache.
[2024.05.05-18.23.11:914][  0]LogDerivedDataCache: Unable to find inner node Shared for hierarchical cache Hierarchy.
[2024.05.05-18.23.11:964][  0]LogSlate: Using FreeType 2.10.0
[2024.05.05-18.23.11:965][  0]LogSlate: SlateFontServices - WITH_FREETYPE: 1, WITH_HARFBUZZ: 1
[2024.05.05-18.23.12:148][  0]LogInit: Using OS detected language (en-GB).
[2024.05.05-18.23.12:148][  0]LogInit: Using OS detected locale (en-FI).
[2024.05.05-18.23.12:148][  0]LogTextLocalizationManager: No localization for 'en-GB' exists, so 'en' will be used for the language.
[2024.05.05-18.23.12:148][  0]LogTextLocalizationManager: No localization for 'en-FI' exists, so 'en' will be used for the locale.
[2024.05.05-18.23.12:148][  0]LogSlate: FontCache flush requested. Reason: Culture for localization was changed
[2024.05.05-18.23.12:148][  0]LogSlate: FontCache flush requested. Reason: Culture for localization was changed
[2024.05.05-18.23.12:152][  0]LogTextLocalizationManager: Compacting localization data took   0.01ms
[2024.05.05-18.23.12:152][  0]LogAssetRegistry: FAssetRegistry took 0.0023 seconds to start up
[2024.05.05-18.23.12:365][  0]LogPackageLocalizationCache: Processed 27 localized package path(s) for 1 prioritized culture(s) in 0.001653 seconds
[2024.05.05-18.23.12:470][  0]LogInit: Selected Device Profile: [Windows]
[2024.05.05-18.23.12:470][  0]LogInit: Active device profile: [0000023C3E305B00][0000023C32AB1480 49] Windows
[2024.05.05-18.23.12:470][  0]LogInit: Profiles: [0000023C3E305B00][0000023C32AB1480 49] Windows, [0000023C3E2CF200][0000023C32AB9600 49] WindowsNoEditor, [0000023C3E307900][0000023C32AB5740 49] WindowsServer, [0000023C3E2CCA00][0000023C32ABD880 49] WindowsClient, [0000023C3E304B00][0000023C33C259C0 49] IOS, [0000023C3E2CEA00][0000023C33C29B00 49] iPadAir, [0000023C3E307300][0000023C33C30100 49] iPadAir2, [0000023C3E26D300][0000023C33C383C0 49] IPadPro, [0000023C3E26D400][0000023C33C34400 49] iPadAir3, [0000023C3E2CDB00][0000023C33C3C580 49] iPadAir4, [0000023C3E26FA00][0000023C33C40700 49] iPadMini2, [0000023C3E2CE500][0000023C33C44880 49] iPadMini3, [0000023C3E26FF00][0000023C33C48A00 49] iPadMini4, [0000023C3E2CC900][0000023C33C4CB80 49] iPadMini5, [0000023C3E2B9000][0000023C33C54E40 49] iPhone6, [0000023C3E2B9100][0000023C33C50E80 49] iPodTouch6, [0000023C3E307400][0000023C33C5D140 49] iPhone7, [0000023C3E304500][0000023C33C59180 49] iPodTouch7, [0000023C3E2B8100][0000023C33C61300 49] iPhone5S, [0000023C3E26C700][0000023C33C65480 49] iPhone6Plus, [0000023C3E2BAF00][0000023C33C69600 49] iPhone6S, [0000023C3E26DA00][0000023C33C6D780 49] iPhone6SPlus, [0000023C3E2B8A00][0000023C33C2D8C0 49] iPhone7Plus, [0000023C3E26FE00][0000023C32DAFA00 49] iPhoneSE, [0000023C3E304200][0000023C32DB3B40 49] iPhone8, [0000023C3E26C600][0000023C32DB6100 49] iPhone8Plus, [0000023C3E306300][0000023C32DBE280 49] iPhoneX, [0000023C3E26FC00][0000023C32DC2400 49] iPhoneXS, [0000023C3E307E00][0000023C32DC6580 49] iPhoneXSMax, [0000023C3E26F400][0000023C32DCA700 49] iPhoneXR, [0000023C3E306E00][0000023C32DCE880 49] iPhone11, [0000023C3E26E500][0000023C32DD2A00 49] iPhone11Pro, [0000023C3E306C00][0000023C32DD6B80 49] iPhone11ProMax, [0000023C3E26FB00][0000023C32DDAD00 49] iPhoneSE2, [0000023C3E304E00][0000023C32DDEE80 49] iPhone12Mini, [0000023C3E26E600][0000023C32DE3000 49] iPhone12, [0000023C3E305800][0000023C32DE7180 49] iPhone12Pro, [0000023C3E26DB00][0000023C32DEB300 49] iPhone12ProMax, [0000023C3E305000][0000023C32DEF480 49] iPadPro105, [0000023C3E26DE00][0000023C32DF3600 49] iPadPro129, [0000023C3E304400][0000023C32DF7780 49] iPadPro97, [0000023C3E26CF00][0000023C3361F900 49] iPadPro2_129, [0000023C3E304F00][0000023C33623A80 49] iPad5, [0000023C3E26F800][0000023C32DBBBC0 49] iPad6, [0000023C3E307F00][0000023C33626180 49] iPad7, [0000023C3E26EF00][0000023C3362A2C0 49] iPad8, [0000023C3E305900][0000023C33632440 49] iPadPro11, [0000023C3E26C100][0000023C336365C0 49] iPadPro2_11, [0000023C3E307D00][0000023C3363A740 49] iPadPro3_129, [0000023C3E26CD00][0000023C3363E8C0 49] iPadPro4_129, [0000023C3E304300][0000023C33642A40 49] AppleTV, [0000023C3E26EA00][0000023C33646BC0 49] AppleTV4K, [0000023C3E306D00][0000023C3364AD40 49] TVOS, [0000023C3E26E300][0000023C3364EEC0 49] Mac, [0000023C3E305D00][0000023C33653040 49] MacClient, [0000023C3E26EC00][0000023C336571C0 49] MacNoEditor, [0000023C3E304100][0000023C3365B340 49] MacServer, [0000023C3E26D200][0000023C3365F4C0 49] Linux, [0000023C3E304D00][0000023C33663640 49] LinuxAArch64, [0000023C3E26E800][0000023C336677C0 49] LinuxNoEditor, [0000023C3E305C00][0000023C3366B940 49] LinuxAArch64NoEditor, [0000023C3E26D000][0000023C3366FAC0 49] LinuxClient, [0000023C3E306700][0000023C336720C0 49] LinuxAArch64Client, [0000023C3E26E900][0000023C3362E200 49] LinuxServer, [0000023C3E307700][0000023C33676340 49] LinuxAArch64Server, [0000023C3E26D700][0000023C3367A480 49] Android, [0000023C3E306100][0000023C3367E5C0 49] Android_Low, [0000023C3E26C500][0000023C33686740 49] Android_Mid, [0000023C3E307600][0000023C3368A8C0 49] Android_High, [0000023C3E26CC00][0000023C3368EA40 49] Android_Default, [0000023C3E304600][0000023C33692BC0 49] Android_Adreno4xx, [0000023C3D368400][0000023C33696D40 49] Android_Adreno5xx_Low, [0000023C3E305500][0000023C3369AEC0 49] Android_Adreno5xx, [0000023C3E2CD800][0000023C3369F040 49] Android_Adreno6xx, [0000023C3E2BAE00][0000023C336A31C0 49] Android_Adreno6xx_Vulkan, [0000023C3E2CD400][0000023C336A7340 49] Android_Mali_T6xx, [0000023C3E2BB100][0000023C336AB4C0 49] Android_Mali_T7xx, [0000023C3E2CEF00][0000023C336AF640 49] Android_Mali_T8xx, [0000023C3E2B9500][0000023C336B37C0 49] Android_Mali_G71, [0000023C3E2CE200][0000023C336B7940 49] Android_Mali_G72, [0000023C3E2B9900][0000023C336BBAC0 49] Android_Mali_G72_Vulkan, [0000023C3E2CEB00][0000023C336BE0C0 49] Android_Mali_G76, [0000023C3E2BA900][0000023C336C2240 49] Android_Mali_G76_Vulkan, [0000023C3E2CD200][0000023C33682380 49] Android_Mali_G77, [0000023C3E2B9700][0000023C336C64C0 49] Android_Mali_G77_Vulkan, [0000023C3E2CC500][0000023C336CA600 49] Android_Mali_G78, [0000023C3E2BB400][0000023C336CE740 49] Android_Mali_G78_Vulkan, [0000023C3E2CF700][0000023C336D68C0 49] Android_Mali_G710, [0000023C3E2BA100][0000023C336DAA40 49] Android_Mali_G710_Vulkan, [0000023C3E2CE600][0000023C336DEBC0 49] Android_Vulkan_SM5, [0000023C3E2BA400][0000023C336E2D40 49] Android_PowerVR_G6xxx, [0000023C3E2CF100][0000023C336E6EC0 49] Android_PowerVR_GT7xxx, [0000023C3E2B8700][0000023C336EB040 49] Android_PowerVR_GE8xxx, [0000023C3E2CD500][0000023C336EF1C0 49] Android_PowerVR_GM9xxx, [0000023C3E2B8C00][0000023C336F3340 49] Android_PowerVR_GM9xxx_Vulkan, [0000023C3E2CCE00][0000023C336F74C0 49] Android_TegraK1, [0000023C3E2B8500][0000023C336FB640 49] Android_Unknown_Vulkan, [0000023C3E2CE900][0000023C336FF7C0 49] Lumin, [0000023C3E2BBE00][0000023C33703940 49] Lumin_Desktop, [0000023C3E2CF300][0000023C33707AC0 49] HoloLens, 
[2024.05.05-18.23.12:534][  0]LogMeshReduction: Using QuadricMeshReduction for automatic static mesh reduction
[2024.05.05-18.23.12:534][  0]LogMeshReduction: Using SimplygonMeshReduction for automatic skeletal mesh reduction
[2024.05.05-18.23.12:534][  0]LogMeshReduction: Using ProxyLODMeshReduction for automatic mesh merging
[2024.05.05-18.23.12:534][  0]LogMeshReduction: No distributed automatic mesh merging module available
[2024.05.05-18.23.12:535][  0]LogMeshMerging: No distributed automatic mesh merging module available
[2024.05.05-18.23.12:664][  0]LogNetVersion: MyProject 1.0.0, NetCL: 17155196, EngineNetVer: 17, GameNetVer: 0 (Checksum: 3629800737)
[2024.05.05-18.23.12:997][  0]LogTexture: Default maximum texture size for cubemaps generated from long-lat sources has been changed from 512 to unlimited. In order to preserve old behaiour for '/Engine/MapTemplates/Sky/DaylightAmbientCubemap.DaylightAmbientCubemap', its maximum texture size has been explicitly set to 512.
[2024.05.05-18.23.13:060][  0]LogHMD: PokeAHoleMaterial loaded successfully
[2024.05.05-18.23.13:219][  0]LogMoviePlayer: Initializing movie player
[2024.05.05-18.23.13:332][  0]LogPython: Using Python 3.7.7
[2024.05.05-18.23.13:924][  0]LogNiagaraDebuggerClient: Niagara Debugger Client Initialized | Session: 1AD95A3F4E74181BAB0F05B234A193D6 | Instance: E46815EF4D96F786439ECEA783B9A2DB (PERKELE-20736).
[2024.05.05-18.23.13:958][  0]LogCollectionManager: Loaded 0 collections in 0.002720 seconds
[2024.05.05-18.23.13:960][  0]LogFileCache: Scanning file cache for directory 'C:/Users/Melih/Desktop/MyProject/Saved/Collections/' took 0.00s
[2024.05.05-18.23.13:960][  0]LogFileCache: Scanning file cache for directory 'C:/Users/Melih/Desktop/MyProject/Content/Developers/Melih/Collections/' took 0.00s
[2024.05.05-18.23.13:960][  0]LogFileCache: Scanning file cache for directory 'C:/Users/Melih/Desktop/MyProject/Content/Collections/' took 0.00s
[2024.05.05-18.23.13:960][  0]LogCollectionManager: Fixed up redirectors for 0 collections in 0.000003 seconds (updated 0 objects)
[2024.05.05-18.23.14:008][  0]LogUdpMessaging: Initializing bridge on interface 0.0.0.0:0 to multicast group 230.0.0.1:6666.
[2024.05.05-18.23.14:018][  0]LogTcpMessaging: Initializing TcpMessaging bridge
[2024.05.05-18.23.14:380][  0]LogOpenImageDenoise: OIDN starting up
[2024.05.05-18.23.14:438][  0]LogAndroidPermission: UAndroidPermissionCallbackProxy::GetInstance
[2024.05.05-18.23.14:458][  0]LogAudioCaptureCore: Display: No Audio Capture implementations found. Audio input will be silent.
[2024.05.05-18.23.14:458][  0]LogAudioCaptureCore: Display: No Audio Capture implementations found. Audio input will be silent.
[2024.05.05-18.23.14:592][  0]SourceControl: Source control is disabled
[2024.05.05-18.23.14:593][  0]SourceControl: Source control is disabled
[2024.05.05-18.23.14:598][  0]SourceControl: Source control is disabled
[2024.05.05-18.23.14:616][  0]LogUProjectInfo: Found projects:
[2024.05.05-18.23.14:617][  0]LogVSAccessor: Display: Unable to create Visual Studio setup instance: 80040154
[2024.05.05-18.23.14:618][  0]LogVSAccessor: Display: Unable to create Visual Studio setup instance: 80040154
[2024.05.05-18.23.14:619][  0]LogVSAccessor: Display: Unable to create Visual Studio setup instance: 80040154
[2024.05.05-18.23.14:646][  0]LogOcInput: OculusInput pre-init called
[2024.05.05-18.23.14:659][  0]LogUObjectArray: 22121 objects as part of root set at end of initial load.
[2024.05.05-18.23.14:659][  0]LogUObjectAllocator: 5975632 out of 0 bytes used by permanent object pool.
[2024.05.05-18.23.14:659][  0]LogUObjectArray: CloseDisregardForGC: 0/0 objects in disregard for GC pool
[2024.05.05-18.23.14:731][  0]LogEngine: Initializing Engine...
[2024.05.05-18.23.14:733][  0]LogHMD: Failed to enumerate extensions. Please check that you have a valid OpenXR runtime installed.
[2024.05.05-18.23.14:734][  0]LogHMD: Failed to initialize OpenVR with code 110
[2024.05.05-18.23.14:734][  0]LogMagicLeap: Warning: VR disabled because ZI is not enabled.  To enable, in the editor, Edit -> Project Settings -> Plugins -> Magic Leap Plugin -> Enable Zero Iteration
[2024.05.05-18.23.14:736][  0]LogStats: UGameplayTagsManager::InitializeManager -  0.000 s
[2024.05.05-18.23.14:854][  0]LogInit: Initializing FReadOnlyCVARCache
[2024.05.05-18.23.14:854][  0]LogAudio: Display: Initializing Audio Device Manager...
[2024.05.05-18.23.14:861][  0]LogAudio: Display: Loading Default Audio Settings Objects...
[2024.05.05-18.23.14:862][  0]LogAudio: Display: No default SoundConcurrencyObject specified (or failed to load).
[2024.05.05-18.23.14:862][  0]LogAudio: Display: Audio Device Manager Initialized
[2024.05.05-18.23.14:862][  0]LogAudio: Display: Creating Audio Device:                 Id: 1, Scope: Shared, Realtime: True
[2024.05.05-18.23.14:862][  0]LogAudioMixer: Display: Audio Mixer Platform Settings:
[2024.05.05-18.23.14:862][  0]LogAudioMixer: Display: 	Sample Rate:						  48000
[2024.05.05-18.23.14:862][  0]LogAudioMixer: Display: 	Callback Buffer Frame Size Requested: 1024
[2024.05.05-18.23.14:862][  0]LogAudioMixer: Display: 	Callback Buffer Frame Size To Use:	  1024
[2024.05.05-18.23.14:862][  0]LogAudioMixer: Display: 	Number of buffers to queue:			  2
[2024.05.05-18.23.14:862][  0]LogAudioMixer: Display: 	Max Channels (voices):				  32
[2024.05.05-18.23.14:862][  0]LogAudioMixer: Display: 	Number of Async Source Workers:		  0
[2024.05.05-18.23.14:863][  0]LogAudio: Display: AudioDevice MaxSources: 32
[2024.05.05-18.23.14:863][  0]LogAudio: Display: Audio Spatialization Plugin: None (built-in).
[2024.05.05-18.23.14:863][  0]LogAudio: Display: Audio Reverb Plugin: None (built-in).
[2024.05.05-18.23.14:863][  0]LogAudio: Display: Audio Occlusion Plugin: None (built-in).
[2024.05.05-18.23.14:863][  0]LogAudioMixer: Display: Initializing audio mixer.
[2024.05.05-18.23.14:886][  0]LogAudioMixer: Display: 0: FrontLeft
[2024.05.05-18.23.14:886][  0]LogAudioMixer: Display: 1: FrontRight
[2024.05.05-18.23.15:086][  0]LogAudioMixer: Display: Using Audio Device Headphones (Realtek(R) Audio)
[2024.05.05-18.23.15:089][  0]LogAudioMixer: Display: Initializing Sound Submixes...
[2024.05.05-18.23.15:091][  0]LogAudioMixer: Display: Creating Master Submix 'MasterSubmixDefault'
[2024.05.05-18.23.15:091][  0]LogAudioMixer: Display: Creating Master Submix 'MasterReverbSubmixDefault'
[2024.05.05-18.23.15:093][  0]LogAudioMixer: Display: Creating Master Submix 'MasterEQSubmixDefault'
[2024.05.05-18.23.15:093][  0]LogAudioMixer: FMixerPlatformXAudio2::StartAudioStream() called
[2024.05.05-18.23.15:093][  0]LogAudioMixer: Display: Output buffers initialized: Frames=1024, Channels=2, Samples=2048
[2024.05.05-18.23.15:094][  0]LogAudioMixer: Display: Starting AudioMixerPlatformInterface::RunInternal()
[2024.05.05-18.23.15:095][  0]LogAudioMixer: Display: FMixerPlatformXAudio2::SubmitBuffer() called for the first time
[2024.05.05-18.23.15:095][  0]LogInit: FAudioDevice initialized.
[2024.05.05-18.23.15:097][  0]LogNetVersion: Set ProjectVersion to 1.0.0.0. Version Checksum will be recalculated on next use.
[2024.05.05-18.23.15:101][  0]LogInit: Texture streaming: Enabled
[2024.05.05-18.23.15:201][  0]LogAudio: Display: Audio Device (ID: 1) registered with world 'Untitled'.
[2024.05.05-18.23.15:201][  0]LogSlate: Updating window title bar state: overlay mode, drag disabled, window buttons hidden, title bar hidden
[2024.05.05-18.23.15:202][  0]LogInit: Display: Game Engine Initialized.
[2024.05.05-18.23.15:202][  0]LogNiagaraEditor: GEditor isn't valid! Particle reset commands will not work for Niagara components!
[2024.05.05-18.23.15:371][  0]LogInit: Display: Starting Game.
[2024.05.05-18.23.15:371][  0]LogNet: Browse: /Game/SideScrollerBP/Maps/SideScrollerExampleMap?Name=Player
[2024.05.05-18.23.15:371][  0]LogLoad: LoadMap: /Game/SideScrollerBP/Maps/SideScrollerExampleMap?Name=Player
[2024.05.05-18.23.15:371][  0]LogWorld: BeginTearingDown for /Temp/Untitled_0
[2024.05.05-18.23.15:373][  0]LogWorld: UWorld::CleanupWorld for Untitled, bSessionEnded=true, bCleanupResources=true
[2024.05.05-18.23.15:373][  0]LogSlate: InvalidateAllWidgets triggered.  All widgets were invalidated
[2024.05.05-18.23.15:378][  0]LogAudio: Display: Audio Device unregistered from world 'None'.
[2024.05.05-18.23.15:381][  0]LogUObjectHash: Compacting FUObjectHashTables data took   1.19ms
[2024.05.05-18.23.15:758][  0]LogAudio: Display: Audio Device (ID: 1) registered with world 'SideScrollerExampleMap'.
[2024.05.05-18.23.15:769][  0]LogAIModule: Creating AISystem for world SideScrollerExampleMap
[2024.05.05-18.23.15:775][  0]LogLoad: Game class is 'SideScrollerGameMode_C'
[2024.05.05-18.23.15:782][  0]LogWorld: Bringing World /Game/SideScrollerBP/Maps/SideScrollerExampleMap.SideScrollerExampleMap up for play (max tick rate 0) at 2024.05.05-21.23.15
[2024.05.05-18.23.15:782][  0]LogWorld: Bringing up level for play took: 0.006087
[2024.05.05-18.23.15:785][  0]LogLoad: Took 0.413424 seconds to LoadMap(/Game/SideScrollerBP/Maps/SideScrollerExampleMap)
[2024.05.05-18.23.15:825][  0]LogSlate: Took 0.000553 seconds to synchronously load lazily loaded font '../../../Engine/Content/Slate/Fonts/Roboto-Regular.ttf' (155K)
[2024.05.05-18.23.15:872][  0]LogRenderer: Reallocating scene render targets to support 1280x720 Format 10 NumSamples 1 (Frame:1).
[2024.05.05-18.23.15:872][  0]LogInit: Display: Engine is initialized. Leaving FEngineLoop::Init()
[2024.05.05-18.23.15:872][  0]LogLoad: (Engine Initialization) Total time: 8.19 seconds
[2024.05.05-18.23.15:872][  0]LogLoad: (Engine Initialization) Total Blueprint compile time: 0.00 seconds
[2024.05.05-18.23.15:908][  0]LogContentStreaming: Texture pool size now 1000 MB
[2024.05.05-18.23.15:910][  0]LogSlate: InvalidateAllWidgets triggered.  All widgets were invalidated
[2024.05.05-18.23.15:994][  1]LogSlate: Took 0.000435 seconds to synchronously load lazily loaded font '../../../Engine/Content/Slate/Fonts/Roboto-Regular.ttf' (155K)
[2024.05.05-18.23.16:232][ 12]LogSlate: Window 'MyProject (64-bit Development PCD3D_SM5) ' being destroyed
[2024.05.05-18.23.16:233][ 12]LogWindowsTextInputMethodSystem: Display: IME system deactivated.
[2024.05.05-18.23.16:238][ 13]LogSlate: Updating window title bar state: overlay mode, drag disabled, window buttons hidden, title bar hidden
[2024.05.05-18.23.16:238][ 13]LogEngine: All Windows Closed
[2024.05.05-18.23.16:238][ 13]LogWindows: FPlatformMisc::RequestExit(0)
[2024.05.05-18.23.16:238][ 13]LogWindows: FPlatformMisc::RequestExitWithStatus(0, 0)
[2024.05.05-18.23.16:238][ 13]LogCore: Engine exit requested (reason: Win RequestExit)
[2024.05.05-18.23.16:240][ 14]LogCore: Engine exit requested (reason: EngineExit() was called; note: exit was already requested)
[2024.05.05-18.23.16:240][ 14]LogInit: Display: PreExit Game.
[2024.05.05-18.23.16:257][ 14]LogWorld: BeginTearingDown for /Game/SideScrollerBP/Maps/SideScrollerExampleMap
[2024.05.05-18.23.16:257][ 14]LogWorld: UWorld::CleanupWorld for SideScrollerExampleMap, bSessionEnded=true, bCleanupResources=true
[2024.05.05-18.23.16:258][ 14]LogSlate: InvalidateAllWidgets triggered.  All widgets were invalidated
[2024.05.05-18.23.16:750][ 14]LogAudio: Display: Beginning Audio Device Manager Shutdown (Module: AudioMixerXAudio2)...
[2024.05.05-18.23.16:750][ 14]LogAudio: Display: Destroying 1 Remaining Audio Device(s)...
[2024.05.05-18.23.16:750][ 14]LogAudio: Display: Audio Device unregistered from world 'SideScrollerExampleMap'.
[2024.05.05-18.23.16:751][ 14]LogAudioMixer: FMixerPlatformXAudio2::StopAudioStream() called
[2024.05.05-18.23.16:752][ 14]LogAudioMixer: FMixerPlatformXAudio2::StopAudioStream() called
[2024.05.05-18.23.16:761][ 14]LogAudio: Display: Audio Device Manager Shutdown
[2024.05.05-18.23.16:769][ 14]LogExit: Preparing to exit.
[2024.05.05-18.23.17:018][ 14]LogSlate: Updating window title bar state: overlay mode, drag disabled, window buttons hidden, title bar hidden
[2024.05.05-18.23.17:021][ 14]LogUObjectHash: Compacting FUObjectHashTables data took   1.10ms
[2024.05.05-18.23.17:049][ 14]LogMoviePlayer: Shutting down movie player
[2024.05.05-18.23.17:178][ 14]LogDemo: Cleaned up 0 splitscreen connections with owner deletion
[2024.05.05-18.23.17:185][ 14]LogExit: Game engine shut down
[2024.05.05-18.23.17:244][ 14]LogExit: Object subsystem successfully closed.
[2024.05.05-18.23.17:270][ 14]LogShaderCompilers: Display: === FShaderJobCache stats ===
[2024.05.05-18.23.17:270][ 14]LogShaderCompilers: Display: Total job queries 0, among them cache hits 0 (0.00%)
[2024.05.05-18.23.17:270][ 14]LogShaderCompilers: Display: Tracking 0 distinct input hashes that result in 0 distinct outputs (0.00%)
[2024.05.05-18.23.17:270][ 14]LogShaderCompilers: Display: RAM used: 0.00 MB (0.00 GB) of 819.20 MB (0.80 GB) budget. Usage: 0.00%
[2024.05.05-18.23.17:270][ 14]LogShaderCompilers: Display: ================================================
[2024.05.05-18.23.17:275][ 14]LogShaderCompilers: Display: Shaders left to compile 0
[2024.05.05-18.23.17:305][ 14]LogModuleManager: Shutting down and abandoning module SequenceRecorderSections (560)
[2024.05.05-18.23.17:305][ 14]LogModuleManager: Shutting down and abandoning module SequenceRecorder (558)
[2024.05.05-18.23.17:305][ 14]LogModuleManager: Shutting down and abandoning module AutomationController (556)
[2024.05.05-18.23.17:305][ 14]LogModuleManager: Shutting down and abandoning module AutomationWorker (554)
[2024.05.05-18.23.17:305][ 14]LogModuleManager: Shutting down and abandoning module Voice (552)
[2024.05.05-18.23.17:305][ 14]LogModuleManager: Shutting down and abandoning module AIModule (550)
[2024.05.05-18.23.17:305][ 14]LogModuleManager: Shutting down and abandoning module GameplayDebugger (549)
[2024.05.05-18.23.17:305][ 14]LogModuleManager: Shutting down and abandoning module AITestSuite (547)
[2024.05.05-18.23.17:305][ 14]LogModuleManager: Shutting down and abandoning module NavigationSystem (545)
[2024.05.05-18.23.17:305][ 14]LogModuleManager: Shutting down and abandoning module AnimGraph (542)
[2024.05.05-18.23.17:305][ 14]LogModuleManager: Shutting down and abandoning module SteamVREditor (540)
[2024.05.05-18.23.17:305][ 14]LogModuleManager: Shutting down and abandoning module ToolMenus (539)
[2024.05.05-18.23.17:305][ 14]LogModuleManager: Shutting down and abandoning module OculusMR (536)
[2024.05.05-18.23.17:305][ 14]LogModuleManager: Shutting down and abandoning module TakeRecorderSources (534)
[2024.05.05-18.23.17:305][ 14]LogModuleManager: Shutting down and abandoning module TakeRecorder (533)
[2024.05.05-18.23.17:305][ 14]LogModuleManager: Shutting down and abandoning module TakeTrackRecorders (530)
[2024.05.05-18.23.17:305][ 14]LogModuleManager: Shutting down and abandoning module TakesCore (528)
[2024.05.05-18.23.17:305][ 14]LogModuleManager: Shutting down and abandoning module MagicLeapMediaCodecFactory (526)
[2024.05.05-18.23.17:305][ 14]LogModuleManager: Shutting down and abandoning module MagicLeapMediaFactory (524)
[2024.05.05-18.23.17:305][ 14]LogModuleManager: Shutting down and abandoning module OpenXRInput (522)
[2024.05.05-18.23.17:305][ 14]LogModuleManager: Shutting down and abandoning module WebMMediaFactory (520)
[2024.05.05-18.23.17:305][ 14]LogModuleManager: Shutting down and abandoning module WebMMedia (518)
[2024.05.05-18.23.17:305][ 14]LogModuleManager: Shutting down and abandoning module WmfMediaFactory (516)
[2024.05.05-18.23.17:305][ 14]LogModuleManager: Shutting down and abandoning module OpenExrWrapper (514)
[2024.05.05-18.23.17:305][ 14]LogModuleManager: Shutting down and abandoning module ImgMediaFactory (512)
[2024.05.05-18.23.17:305][ 14]LogModuleManager: Shutting down and abandoning module AvfMediaFactory (510)
[2024.05.05-18.23.17:305][ 14]LogModuleManager: Shutting down and abandoning module PlanarCut (508)
[2024.05.05-18.23.17:305][ 14]LogModuleManager: Shutting down and abandoning module CharacterAI (506)
[2024.05.05-18.23.17:305][ 14]LogModuleManager: Shutting down and abandoning module SessionServices (504)
[2024.05.05-18.23.17:305][ 14]LogModuleManager: Shutting down and abandoning module MovieSceneCapture (502)
[2024.05.05-18.23.17:305][ 14]LogModuleManager: Shutting down and abandoning module LiveCoding (500)
[2024.05.05-18.23.17:306][ 14]LogModuleManager: Shutting down and abandoning module LevelSequence (498)
[2024.05.05-18.23.17:306][ 14]LogModuleManager: Shutting down and abandoning module MovieSceneTracks (496)
[2024.05.05-18.23.17:306][ 14]LogModuleManager: Shutting down and abandoning module MovieScene (494)
[2024.05.05-18.23.17:306][ 14]LogModuleManager: Shutting down and abandoning module StreamingPauseRendering (492)
[2024.05.05-18.23.17:306][ 14]LogModuleManager: Shutting down and abandoning module PortalServices (490)
[2024.05.05-18.23.17:306][ 14]LogModuleManager: Shutting down and abandoning module PortalRpc (488)
[2024.05.05-18.23.17:306][ 14]LogModuleManager: Shutting down and abandoning module MessagingRpc (486)
[2024.05.05-18.23.17:306][ 14]LogModuleManager: Shutting down and abandoning module AudioMixerXAudio2 (484)
[2024.05.05-18.23.17:306][ 14]LogModuleManager: Shutting down and abandoning module AudioMixerCore (483)
[2024.05.05-18.23.17:306][ 14]LogModuleManager: Shutting down and abandoning module ImageWriteQueue (480)
[2024.05.05-18.23.17:312][ 14]LogModuleManager: Shutting down and abandoning module ProfilerService (478)
[2024.05.05-18.23.17:433][ 14]LogModuleManager: Shutting down and abandoning module TaskGraph (476)
[2024.05.05-18.23.17:433][ 14]LogModuleManager: Shutting down and abandoning module OculusInput (474)
[2024.05.05-18.23.17:433][ 14]LogModuleManager: Shutting down and abandoning module VisualStudioCodeSourceCodeAccess (472)
[2024.05.05-18.23.17:433][ 14]LogModuleManager: Shutting down and abandoning module VisualStudioSourceCodeAccess (470)
[2024.05.05-18.23.17:433][ 14]LogModuleManager: Shutting down and abandoning module HotReload (469)
[2024.05.05-18.23.17:433][ 14]LogModuleManager: Shutting down and abandoning module UObjectPlugin (466)
[2024.05.05-18.23.17:433][ 14]LogModuleManager: Shutting down and abandoning module SubversionSourceControl (464)
[2024.05.05-18.23.17:433][ 14]LogModuleManager: Shutting down and abandoning module PerforceSourceControl (462)
[2024.05.05-18.23.17:433][ 14]LogModuleManager: Shutting down and abandoning module SourceControl (461)
[2024.05.05-18.23.17:433][ 14]LogModuleManager: Shutting down and abandoning module CLionSourceCodeAccess (458)
[2024.05.05-18.23.17:433][ 14]LogModuleManager: Shutting down and abandoning module TakeMovieScene (456)
[2024.05.05-18.23.17:433][ 14]LogModuleManager: Shutting down and abandoning module Synthesis (454)
[2024.05.05-18.23.17:433][ 14]LogModuleManager: Shutting down and abandoning module ProceduralMeshComponent (452)
[2024.05.05-18.23.17:433][ 14]LogModuleManager: Shutting down and abandoning module OodleNetworkHandlerComponent (450)
[2024.05.05-18.23.17:433][ 14]LogModuleManager: Shutting down and abandoning module MagicLeapSharedWorld (448)
[2024.05.05-18.23.17:433][ 14]LogModuleManager: Shutting down and abandoning module MobilePatchingUtils (446)
[2024.05.05-18.23.17:433][ 14]LogModuleManager: Shutting down and abandoning module MagicLeapLightEstimation (444)
[2024.05.05-18.23.17:433][ 14]LogModuleManager: Shutting down and abandoning module MagicLeapHelperVulkan (442)
[2024.05.05-18.23.17:433][ 14]LogModuleManager: Shutting down and abandoning module MagicLeapHelperOpenGL (440)
[2024.05.05-18.23.17:433][ 14]LogModuleManager: Shutting down and abandoning module MagicLeapAudio (438)
[2024.05.05-18.23.17:433][ 14]LogModuleManager: Shutting down and abandoning module GooglePAD (436)
[2024.05.05-18.23.17:433][ 14]LogModuleManager: Shutting down and abandoning module EditableMesh (434)
[2024.05.05-18.23.17:433][ 14]LogModuleManager: Shutting down and abandoning module CustomMeshComponent (432)
[2024.05.05-18.23.17:433][ 14]LogModuleManager: Shutting down and abandoning module CableComponent (430)
[2024.05.05-18.23.17:433][ 14]LogModuleManager: Shutting down and abandoning module ArchVisCharacter (428)
[2024.05.05-18.23.17:433][ 14]LogModuleManager: Shutting down and abandoning module AssetTags (426)
[2024.05.05-18.23.17:433][ 14]LogModuleManager: Shutting down and abandoning module AudioCapture (424)
[2024.05.05-18.23.17:433][ 14]LogModuleManager: Shutting down and abandoning module AudioCaptureRtAudio (423)
[2024.05.05-18.23.17:433][ 14]LogModuleManager: Shutting down and abandoning module AppleImageUtilsBlueprintSupport (420)
[2024.05.05-18.23.17:433][ 14]LogModuleManager: Shutting down and abandoning module AppleImageUtils (418)
[2024.05.05-18.23.17:433][ 14]LogModuleManager: Shutting down and abandoning module AndroidPermission (416)
[2024.05.05-18.23.17:433][ 14]LogModuleManager: Shutting down and abandoning module ActorLayerUtilities (414)
[2024.05.05-18.23.17:433][ 14]LogModuleManager: Shutting down and abandoning module TemplateSequence (412)
[2024.05.05-18.23.17:433][ 14]LogModuleManager: Shutting down and abandoning module MediaCompositing (410)
[2024.05.05-18.23.17:433][ 14]LogModuleManager: Shutting down and abandoning module ImgMedia (408)
[2024.05.05-18.23.17:433][ 14]LogModuleManager: Shutting down and abandoning module GeometryCacheTracks (406)
[2024.05.05-18.23.17:433][ 14]LogModuleManager: Shutting down and abandoning module GeometryCacheSequencer (405)
[2024.05.05-18.23.17:433][ 14]LogModuleManager: Shutting down and abandoning module GeometryCache (402)
[2024.05.05-18.23.17:433][ 14]LogModuleManager: Shutting down and abandoning module GeometryCacheEd (401)
[2024.05.05-18.23.17:433][ 14]LogModuleManager: Shutting down and abandoning module OpenImageDenoise (398)
[2024.05.05-18.23.17:433][ 14]LogOpenImageDenoise: OIDN shutting down
[2024.05.05-18.23.17:433][ 14]LogModuleManager: Shutting down and abandoning module MotoSynth (396)
[2024.05.05-18.23.17:433][ 14]LogModuleManager: Shutting down and abandoning module MeshConversion (394)
[2024.05.05-18.23.17:433][ 14]LogModuleManager: Shutting down and abandoning module DynamicMesh (392)
[2024.05.05-18.23.17:433][ 14]LogModuleManager: Shutting down and abandoning module GeometryAlgorithms (390)
[2024.05.05-18.23.17:434][ 14]LogModuleManager: Shutting down and abandoning module GeometricObjects (388)
[2024.05.05-18.23.17:434][ 14]LogModuleManager: Shutting down and abandoning module GeometryCollectionTracks (386)
[2024.05.05-18.23.17:434][ 14]LogModuleManager: Shutting down and abandoning module GeometryCollectionSequencer (385)
[2024.05.05-18.23.17:434][ 14]LogModuleManager: Shutting down and abandoning module ChaosNiagara (382)
[2024.05.05-18.23.17:434][ 14]LogModuleManager: Shutting down and abandoning module FieldSystemEngine (381)
[2024.05.05-18.23.17:434][ 14]LogModuleManager: Shutting down and abandoning module AutomationUtils (378)
[2024.05.05-18.23.17:434][ 14]LogModuleManager: Shutting down and abandoning module BackChannel (376)
[2024.05.05-18.23.17:434][ 14]LogModuleManager: Shutting down and abandoning module LiveLinkSequencer (374)
[2024.05.05-18.23.17:434][ 14]LogModuleManager: Shutting down and abandoning module LiveLinkMovieScene (372)
[2024.05.05-18.23.17:434][ 14]LogModuleManager: Shutting down and abandoning module LiveLinkGraphNode (370)
[2024.05.05-18.23.17:434][ 14]LogModuleManager: Shutting down and abandoning module LiveLinkComponents (368)
[2024.05.05-18.23.17:434][ 14]LogModuleManager: Shutting down and abandoning module LiveLink (366)
[2024.05.05-18.23.18:239][ 14]LogModuleManager: Shutting down and abandoning module PropertyAccessNode (364)
[2024.05.05-18.23.18:239][ 14]LogModuleManager: Shutting down and abandoning module AnimationSharing (362)
[2024.05.05-18.23.18:239][ 14]LogModuleManager: Shutting down and abandoning module SoundFields (360)
[2024.05.05-18.23.18:239][ 14]LogModuleManager: Shutting down and abandoning module SignificanceManager (358)
[2024.05.05-18.23.18:239][ 14]LogModuleManager: Shutting down and abandoning module RuntimePhysXCooking (356)
[2024.05.05-18.23.18:239][ 14]LogModuleManager: Shutting down and abandoning module PropertyAccessEditor (354)
[2024.05.05-18.23.18:239][ 14]LogModuleManager: Shutting down and abandoning module PhysXVehiclesEditor (352)
[2024.05.05-18.23.18:239][ 14]LogModuleManager: Shutting down and abandoning module MagicLeapARPin (348)
[2024.05.05-18.23.18:239][ 14]LogModuleManager: Shutting down and abandoning module LocationServicesBPLibrary (346)
[2024.05.05-18.23.18:239][ 14]LogModuleManager: Shutting down and abandoning module MagicLeapHandMeshing (344)
[2024.05.05-18.23.18:239][ 14]LogModuleManager: Shutting down and abandoning module MagicLeapSecureStorage (342)
[2024.05.05-18.23.18:239][ 14]LogModuleManager: Shutting down and abandoning module MagicLeapPrivileges (340)
[2024.05.05-18.23.18:239][ 14]LogModuleManager: Shutting down and abandoning module MagicLeapPlanes (338)
[2024.05.05-18.23.18:239][ 14]LogMagicLeapPlanes: Planes tracker already destroyed.
[2024.05.05-18.23.18:239][ 14]LogModuleManager: Shutting down and abandoning module MagicLeapImageTracker (336)
[2024.05.05-18.23.18:239][ 14]LogModuleManager: Shutting down and abandoning module MagicLeapIdentity (334)
[2024.05.05-18.23.18:239][ 14]LogModuleManager: Shutting down and abandoning module MagicLeapHandTracking (332)
[2024.05.05-18.23.18:239][ 14]LogModuleManager: Shutting down and abandoning module MagicLeapEyeTracker (330)
[2024.05.05-18.23.18:239][ 14]LogModuleManager: Shutting down and abandoning module MagicLeapController (328)
[2024.05.05-18.23.18:239][ 14]LogModuleManager: Shutting down and abandoning module MagicLeapARPinImpl (326)
[2024.05.05-18.23.18:239][ 14]LogModuleManager: Shutting down and abandoning module MagicLeapAR (324)
[2024.05.05-18.23.18:239][ 14]LogModuleManager: Shutting down and abandoning module AudioSynesthesia (322)
[2024.05.05-18.23.18:239][ 14]LogModuleManager: Shutting down and abandoning module AudioSynesthesiaCore (320)
[2024.05.05-18.23.18:239][ 14]LogModuleManager: Shutting down and abandoning module ActorSequence (318)
[2024.05.05-18.23.18:239][ 14]LogModuleManager: Shutting down and abandoning module TcpMessaging (316)
[2024.05.05-18.23.18:340][ 14]LogModuleManager: Shutting down and abandoning module UdpMessaging (314)
[2024.05.05-18.23.18:441][ 14]LogModuleManager: Shutting down and abandoning module ImgMediaEngine (312)
[2024.05.05-18.23.18:441][ 14]LogModuleManager: Shutting down and abandoning module NiagaraAnimNotifies (310)
[2024.05.05-18.23.18:441][ 14]LogModuleManager: Shutting down and abandoning module Niagara (308)
[2024.05.05-18.23.18:441][ 14]LogModuleManager: Shutting down and abandoning module SignalProcessing (307)
[2024.05.05-18.23.18:441][ 14]LogModuleManager: Shutting down and abandoning module NiagaraEditor (305)
[2024.05.05-18.23.18:441][ 14]LogModuleManager: Shutting down and abandoning module ContentBrowser (304)
[2024.05.05-18.23.18:441][ 14]LogModuleManager: Shutting down and abandoning module CollectionManager (303)
[2024.05.05-18.23.18:442][ 14]LogModuleManager: Shutting down and abandoning module DirectoryWatcher (302)
[2024.05.05-18.23.18:442][ 14]LogModuleManager: Shutting down and abandoning module ContentBrowserData (299)
[2024.05.05-18.23.18:442][ 14]LogModuleManager: Shutting down and abandoning module NiagaraCore (294)
[2024.05.05-18.23.18:442][ 14]LogModuleManager: Shutting down and abandoning module PythonScriptPlugin (292)
[2024.05.05-18.23.18:442][ 14]LogModuleManager: Shutting down and abandoning module GameplayTagsEditor (290)
[2024.05.05-18.23.18:442][ 14]LogModuleManager: Shutting down and abandoning module FacialAnimation (288)
[2024.05.05-18.23.18:442][ 14]LogModuleManager: Shutting down and abandoning module AssetManagerEditor (286)
[2024.05.05-18.23.18:442][ 14]LogModuleManager: Shutting down and abandoning module TreeMap (285)
[2024.05.05-18.23.18:442][ 14]LogModuleManager: Shutting down and abandoning module GameplayCameras (282)
[2024.05.05-18.23.18:442][ 14]LogModuleManager: Shutting down and abandoning module LightPropagationVolumeRuntime (280)
[2024.05.05-18.23.18:442][ 14]LogModuleManager: Shutting down and abandoning module EnvironmentQueryEditor (278)
[2024.05.05-18.23.18:442][ 14]LogModuleManager: Shutting down and abandoning module Paper2D (276)
[2024.05.05-18.23.18:442][ 14]LogModuleManager: Shutting down and abandoning module WindowsMoviePlayer (274)
[2024.05.05-18.23.18:442][ 14]LogModuleManager: Shutting down and abandoning module WebMMoviePlayer (272)
[2024.05.05-18.23.18:442][ 14]LogModuleManager: Shutting down and abandoning module NetworkReplayStreaming (270)
[2024.05.05-18.23.18:442][ 14]LogModuleManager: Shutting down and abandoning module PacketHandler (268)
[2024.05.05-18.23.18:442][ 14]LogModuleManager: Shutting down and abandoning module ClothingSystemEditor (266)
[2024.05.05-18.23.18:442][ 14]LogModuleManager: Shutting down and abandoning module ClothingSystemRuntimeNv (264)
[2024.05.05-18.23.18:442][ 14]LogModuleManager: Shutting down and abandoning module MediaAssets (262)
[2024.05.05-18.23.18:442][ 14]LogModuleManager: Shutting down and abandoning module Overlay (260)
[2024.05.05-18.23.18:442][ 14]LogModuleManager: Shutting down and abandoning module OverlayEditor (259)
[2024.05.05-18.23.18:442][ 14]LogModuleManager: Shutting down and abandoning module VREditor (256)
[2024.05.05-18.23.18:443][ 14]LogModuleManager: Shutting down and abandoning module StringTableEditor (254)
[2024.05.05-18.23.18:443][ 14]LogModuleManager: Shutting down and abandoning module GameplayTasksEditor (252)
[2024.05.05-18.23.18:443][ 14]LogModuleManager: Shutting down and abandoning module BehaviorTreeEditor (250)
[2024.05.05-18.23.18:443][ 14]LogModuleManager: Shutting down and abandoning module FunctionalTesting (248)
[2024.05.05-18.23.18:443][ 14]LogModuleManager: Shutting down and abandoning module CollisionAnalyzer (246)
[2024.05.05-18.23.18:443][ 14]LogModuleManager: Shutting down and abandoning module WorkspaceMenuStructure (245)
[2024.05.05-18.23.18:443][ 14]LogModuleManager: Shutting down and abandoning module UMG (242)
[2024.05.05-18.23.18:443][ 14]LogModuleManager: Shutting down and abandoning module UMGEditor (241)
[2024.05.05-18.23.18:443][ 14]LogModuleManager: Shutting down and abandoning module Sequencer (240)
[2024.05.05-18.23.18:443][ 14]LogModuleManager: Shutting down and abandoning module MessageLog (237)
[2024.05.05-18.23.18:443][ 14]LogModuleManager: Shutting down and abandoning module SlateReflector (232)
[2024.05.05-18.23.18:443][ 14]LogModuleManager: Shutting down and abandoning module Slate (230)
[2024.05.05-18.23.18:443][ 14]LogModuleManager: Shutting down and abandoning module SlateCore (228)
[2024.05.05-18.23.18:444][ 14]LogModuleManager: Shutting down and abandoning module LandscapeEditorUtilities (226)
[2024.05.05-18.23.18:444][ 14]LogModuleManager: Shutting down and abandoning module UnrealEd (224)
[2024.05.05-18.23.18:444][ 14]LogModuleManager: Shutting down and abandoning module MRMesh (222)
[2024.05.05-18.23.18:444][ 14]LogModuleManager: Shutting down and abandoning module Messaging (220)
[2024.05.05-18.23.18:445][ 14]LogModuleManager: Shutting down and abandoning module SourceCodeAccess (218)
[2024.05.05-18.23.18:445][ 14]LogModuleManager: Shutting down and abandoning module HeadMountedDisplay (216)
[2024.05.05-18.23.18:445][ 14]LogModuleManager: Shutting down and abandoning module XAudio2 (214)
[2024.05.05-18.23.18:445][ 14]LogModuleManager: Shutting down and abandoning module Networking (212)
[2024.05.05-18.23.18:445][ 14]LogModuleManager: Shutting down and abandoning module Core (210)
[2024.05.05-18.23.18:445][ 14]LogModuleManager: Shutting down and abandoning module MaterialEditor (208)
[2024.05.05-18.23.18:445][ 14]LogModuleManager: Shutting down and abandoning module MovieSceneTools (206)
[2024.05.05-18.23.18:445][ 14]LogModuleManager: Shutting down and abandoning module EditorStyle (205)
[2024.05.05-18.23.18:445][ 14]LogModuleManager: Shutting down and abandoning module KismetCompiler (202)
[2024.05.05-18.23.18:446][ 14]LogModuleManager: Shutting down and abandoning module MeshBuilder (200)
[2024.05.05-18.23.18:446][ 14]LogModuleManager: Shutting down and abandoning module MeshUtilities (198)
[2024.05.05-18.23.18:446][ 14]LogModuleManager: Shutting down and abandoning module MeshMergeUtilities (197)
[2024.05.05-18.23.18:446][ 14]LogModuleManager: Shutting down and abandoning module MeshReductionInterface (196)
[2024.05.05-18.23.18:446][ 14]LogModuleManager: Shutting down and abandoning module MeshBoneReduction (195)
[2024.05.05-18.23.18:446][ 14]LogModuleManager: Shutting down and abandoning module SkeletalMeshReduction (193)
[2024.05.05-18.23.18:446][ 14]LogModuleManager: Shutting down and abandoning module ProxyLODMeshReduction (191)
[2024.05.05-18.23.18:446][ 14]LogModuleManager: Shutting down and abandoning module QuadricMeshReduction (189)
[2024.05.05-18.23.18:446][ 14]LogModuleManager: Shutting down and abandoning module MaterialBaking (185)
[2024.05.05-18.23.18:446][ 14]LogModuleManager: Shutting down and abandoning module NullInstallBundleManager (180)
[2024.05.05-18.23.18:446][ 14]LogModuleManager: Shutting down and abandoning module PIEPreviewDeviceProfileSelector (178)
[2024.05.05-18.23.18:446][ 14]LogModuleManager: Shutting down and abandoning module DerivedDataCache (176)
[2024.05.05-18.23.18:446][ 14]LogModuleManager: Shutting down and abandoning module TargetPlatform (174)
[2024.05.05-18.23.18:446][ 14]LogModuleManager: Shutting down and abandoning module VulkanShaderFormat (173)
[2024.05.05-18.23.18:446][ 14]LogModuleManager: Shutting down and abandoning module ShaderFormatVectorVM (171)
[2024.05.05-18.23.18:446][ 14]LogModuleManager: Shutting down and abandoning module ShaderFormatOpenGL (169)
[2024.05.05-18.23.18:446][ 14]LogModuleManager: Shutting down and abandoning module ShaderFormatD3D (167)
[2024.05.05-18.23.18:446][ 14]LogModuleManager: Shutting down and abandoning module MetalShaderFormat (165)
[2024.05.05-18.23.18:446][ 14]LogModuleManager: Shutting down and abandoning module TextureFormatOodle (163)
[2024.05.05-18.23.18:446][ 14]LogModuleManager: Shutting down and abandoning module TextureFormatUncompressed (161)
[2024.05.05-18.23.18:446][ 14]LogModuleManager: Shutting down and abandoning module TextureFormatPVR (159)
[2024.05.05-18.23.18:446][ 14]LogModuleManager: Shutting down and abandoning module TextureFormatETC2 (157)
[2024.05.05-18.23.18:446][ 14]LogModuleManager: Shutting down and abandoning module TextureFormatDXT (155)
[2024.05.05-18.23.18:446][ 14]LogModuleManager: Shutting down and abandoning module TextureFormatIntelISPCTexComp (153)
[2024.05.05-18.23.18:446][ 14]LogModuleManager: Shutting down and abandoning module TextureFormatASTC (151)
[2024.05.05-18.23.18:446][ 14]LogModuleManager: Shutting down and abandoning module ImageWrapper (150)
[2024.05.05-18.23.18:446][ 14]LogModuleManager: Shutting down and abandoning module AudioFormatOpus (147)
[2024.05.05-18.23.18:446][ 14]LogModuleManager: Shutting down and abandoning module AudioFormatOgg (145)
[2024.05.05-18.23.18:446][ 14]LogModuleManager: Shutting down and abandoning module AudioFormatADPCM (143)
[2024.05.05-18.23.18:446][ 14]LogModuleManager: Shutting down and abandoning module WindowsServerTargetPlatform (141)
[2024.05.05-18.23.18:446][ 14]LogModuleManager: Shutting down and abandoning module WindowsClientTargetPlatform (139)
[2024.05.05-18.23.18:446][ 14]LogModuleManager: Shutting down and abandoning module WindowsTargetPlatform (137)
[2024.05.05-18.23.18:446][ 14]LogModuleManager: Shutting down and abandoning module WindowsNoEditorTargetPlatform (135)
[2024.05.05-18.23.18:446][ 14]LogModuleManager: Shutting down and abandoning module D3D11RHI (132)
[2024.05.05-18.23.18:446][ 14]LogModuleManager: Shutting down and abandoning module InputCore (130)
[2024.05.05-18.23.18:446][ 14]LogModuleManager: Shutting down and abandoning module Settings (128)
[2024.05.05-18.23.18:446][ 14]LogModuleManager: Shutting down and abandoning module PhysXCooking (126)
[2024.05.05-18.23.18:446][ 14]LogModuleManager: Shutting down and abandoning module Chaos (124)
[2024.05.05-18.23.18:446][ 14]LogModuleManager: Shutting down and abandoning module WindowsPlatformFeatures (122)
[2024.05.05-18.23.18:446][ 14]LogModuleManager: Shutting down and abandoning module GameplayMediaEncoder (121)
[2024.05.05-18.23.18:446][ 14]LogModuleManager: Shutting down and abandoning module AVEncoder (120)
[2024.05.05-18.23.18:446][ 14]LogModuleManager: Shutting down and abandoning module SteamVRInputDevice (116)
[2024.05.05-18.23.18:446][ 14]LogModuleManager: Shutting down and abandoning module SteamVRInput (114)
[2024.05.05-18.23.18:446][ 14]LogModuleManager: Shutting down and abandoning module SteamVR (112)
[2024.05.05-18.23.18:446][ 14]LogHMD: Freeing OpenVRDLLHandle.
[2024.05.05-18.23.18:447][ 14]LogModuleManager: Shutting down and abandoning module OculusHMD (110)
[2024.05.05-18.23.18:447][ 14]LogModuleManager: Shutting down and abandoning module PixWinPlugin (108)
[2024.05.05-18.23.18:447][ 14]LogModuleManager: Shutting down and abandoning module OpenXRHandTracking (106)
[2024.05.05-18.23.18:447][ 14]LogSlate: Slate User Destroyed.  User Index 0, Is Virtual User: 0
[2024.05.05-18.23.18:447][ 14]LogModuleManager: Shutting down and abandoning module OpenXREyeTracker (104)
[2024.05.05-18.23.18:447][ 14]LogModuleManager: Shutting down and abandoning module MLSDK (102)
[2024.05.05-18.23.18:447][ 14]LogModuleManager: Shutting down and abandoning module OpenXRAR (100)
[2024.05.05-18.23.18:447][ 14]LogModuleManager: Shutting down and abandoning module AugmentedReality (99)
[2024.05.05-18.23.18:447][ 14]LogModuleManager: Shutting down and abandoning module OpenXRHMD (96)
[2024.05.05-18.23.18:447][ 14]LogModuleManager: Shutting down and abandoning module MagicLeap (94)
[2024.05.05-18.23.18:447][ 14]LogModuleManager: Shutting down and abandoning module ExampleDeviceProfileSelector (92)
[2024.05.05-18.23.18:447][ 14]LogModuleManager: Shutting down and abandoning module ChunkDownloader (90)
[2024.05.05-18.23.18:447][ 14]LogModuleManager: Shutting down and abandoning module OnlineBlueprintSupport (88)
[2024.05.05-18.23.18:447][ 14]LogModuleManager: Shutting down and abandoning module OnlineSubsystem (84)
[2024.05.05-18.23.18:448][ 14]LogModuleManager: Shutting down and abandoning module XMPP (79)
[2024.05.05-18.23.18:448][ 14]LogModuleManager: Shutting down and abandoning module WebSockets (78)
[2024.05.05-18.23.18:469][ 14]LogModuleManager: Shutting down and abandoning module HTTP (75)
[2024.05.05-18.23.18:469][ 14]LogHttp: Display: cleaning up 0 outstanding Http requests.
[2024.05.05-18.23.18:502][ 14]LogModuleManager: Shutting down and abandoning module SSL (74)
[2024.05.05-18.23.18:503][ 14]LogModuleManager: Shutting down and abandoning module LauncherChunkInstaller (70)
[2024.05.05-18.23.18:503][ 14]LogModuleManager: Shutting down and abandoning module WmfMedia (68)
[2024.05.05-18.23.18:505][ 14]LogModuleManager: Shutting down and abandoning module Media (67)
[2024.05.05-18.23.18:506][ 14]LogModuleManager: Shutting down and abandoning module MediaInfo (66)
[2024.05.05-18.23.18:506][ 14]LogModuleManager: Shutting down and abandoning module ExrReaderGpu (62)
[2024.05.05-18.23.18:506][ 14]LogModuleManager: Shutting down and abandoning module NiagaraVertexFactories (60)
[2024.05.05-18.23.18:506][ 14]LogModuleManager: Shutting down and abandoning module NiagaraShader (58)
[2024.05.05-18.23.18:506][ 14]LogModuleManager: Shutting down and abandoning module VariantManagerContent (56)
[2024.05.05-18.23.18:506][ 14]LogModuleManager: Shutting down and abandoning module DatasmithContent (54)
[2024.05.05-18.23.18:506][ 14]LogModuleManager: Shutting down and abandoning module ChaosCloth (52)
[2024.05.05-18.23.18:506][ 14]LogModuleManager: Shutting down and abandoning module AISupportModule (50)
[2024.05.05-18.23.18:506][ 14]LogModuleManager: Shutting down and abandoning module DesktopPlatform (48)
[2024.05.05-18.23.18:506][ 14]LogModuleManager: Shutting down and abandoning module OodleDataCompressionFormat (46)
[2024.05.05-18.23.18:506][ 14]LogModuleManager: Shutting down and abandoning module PythonScriptPluginPreload (44)
[2024.05.05-18.23.18:506][ 14]LogModuleManager: Shutting down and abandoning module PlatformCryptoOpenSSL (42)
[2024.05.05-18.23.18:506][ 14]LogModuleManager: Shutting down and abandoning module PlatformCryptoTypes (40)
[2024.05.05-18.23.18:506][ 14]LogModuleManager: Shutting down and abandoning module PlatformCrypto (38)
[2024.05.05-18.23.18:506][ 14]LogModuleManager: Shutting down and abandoning module XGEController (36)
[2024.05.05-18.23.18:507][ 14]LogModuleManager: Shutting down and abandoning module AnimationModifiers (34)
[2024.05.05-18.23.18:507][ 14]LogModuleManager: Shutting down and abandoning module AudioEditor (32)
[2024.05.05-18.23.18:507][ 14]LogModuleManager: Shutting down and abandoning module PropertyEditor (31)
[2024.05.05-18.23.18:507][ 14]LogModuleManager: Shutting down and abandoning module TextureCompressor (28)
[2024.05.05-18.23.18:507][ 14]LogModuleManager: Shutting down and abandoning module RenderCore (26)
[2024.05.05-18.23.18:507][ 14]LogModuleManager: Shutting down and abandoning module Landscape (24)
[2024.05.05-18.23.18:507][ 14]LogModuleManager: Shutting down and abandoning module SlateRHIRenderer (22)
[2024.05.05-18.23.18:507][ 14]LogModuleManager: Shutting down and abandoning module AnimGraphRuntime (20)
[2024.05.05-18.23.18:507][ 14]LogModuleManager: Shutting down and abandoning module Renderer (18)
[2024.05.05-18.23.18:507][ 14]LogModuleManager: Shutting down and abandoning module Engine (16)
[2024.05.05-18.23.18:507][ 14]LogModuleManager: Shutting down and abandoning module CoreUObject (14)
[2024.05.05-18.23.18:507][ 14]LogModuleManager: Shutting down and abandoning module NetworkFile (12)
[2024.05.05-18.23.18:507][ 14]LogModuleManager: Shutting down and abandoning module CookedIterativeFile (10)
[2024.05.05-18.23.18:507][ 14]LogModuleManager: Shutting down and abandoning module StreamingFile (8)
[2024.05.05-18.23.18:507][ 14]LogModuleManager: Shutting down and abandoning module SandboxFile (6)
[2024.05.05-18.23.18:507][ 14]LogModuleManager: Shutting down and abandoning module PakFile (4)
[2024.05.05-18.23.18:507][ 14]LogModuleManager: Shutting down and abandoning module RSA (3)
[2024.05.05-18.23.18:985][ 14]LogContentStreaming: Display: There are 1 unreleased StreamingManagers
[2024.05.05-18.23.19:009][ 14]LogD3D11RHI: Shutdown
[2024.05.05-18.23.19:009][ 14]LogD3D11RHI: CleanupD3DDevice
[2024.05.05-18.23.19:011][ 14]LogExit: Exiting.
[2024.05.05-18.23.19:022][ 14]Log file closed, 05/05/24 21:23:19
