Log file open, 05/14/24 13:58:05
LogWindows: Failed to load 'aqProf.dll' (GetLastError=126)
LogWindows: File 'aqProf.dll' does not exist
LogWindows: Failed to load 'VtuneApi.dll' (GetLastError=126)
LogWindows: File 'VtuneApi.dll' does not exist
LogWindows: Failed to load 'VtuneApi32e.dll' (GetLastError=126)
LogWindows: File 'VtuneApi32e.dll' does not exist
LogConsoleResponse: Display: Failed to find resolution value strings in scalability ini. Falling back to default.
LogConsoleResponse: Display: Failed to find resolution value strings in scalability ini. Falling back to default.
LogInit: Display: Running engine for game: MyProject
LogPlatformFile: Not using cached read wrapper
LogTaskGraph: Started task graph with 5 named threads and 35 total threads with 3 sets of task threads.
LogStats: Stats thread started at 0.271674
LogICUInternationalization: ICU TimeZone Detection - Raw Offset: +2:00, Platform Override: ''
LogInit: Display: Loading text-based GConfig....
LogPluginManager: Mounting plugin MeshPainting
LogPluginManager: Mounting plugin XGEController
LogPluginManager: Mounting plugin Paper2D
LogPluginManager: Mounting plugin LiveLink
LogPluginManager: Mounting plugin AISupport
LogPluginManager: Mounting plugin EnvironmentQueryEditor
LogPluginManager: Mounting plugin LightPropagationVolume
LogPluginManager: Mounting plugin GameplayCameras
LogPluginManager: Mounting plugin CameraShakePreviewer
LogPluginManager: Mounting plugin DatasmithContent
LogPluginManager: Mounting plugin VariantManagerContent
LogPluginManager: Mounting plugin OodleData
LogPluginManager: Mounting plugin OodleNetwork
LogPluginManager: Mounting plugin AnimationSharing
LogPluginManager: Mounting plugin CLionSourceCodeAccess
LogPluginManager: Mounting plugin CodeLiteSourceCodeAccess
LogPluginManager: Mounting plugin GitSourceControl
LogPluginManager: Mounting plugin KDevelopSourceCodeAccess
LogPluginManager: Mounting plugin NullSourceCodeAccess
LogPluginManager: Mounting plugin PerforceSourceControl
LogPluginManager: Mounting plugin PixWinPlugin
LogPluginManager: Mounting plugin PlasticSourceControl
LogPluginManager: Mounting plugin PropertyAccessNode
LogPluginManager: Mounting plugin PluginUtils
LogPluginManager: Mounting plugin TextureFormatOodle
LogPluginManager: Mounting plugin RiderSourceCodeAccess
LogPluginManager: Mounting plugin UObjectPlugin
LogPluginManager: Mounting plugin Niagara
LogPluginManager: Mounting plugin VisualStudioSourceCodeAccess
LogPluginManager: Mounting plugin SubversionSourceControl
LogPluginManager: Mounting plugin VisualStudioCodeSourceCodeAccess
LogPluginManager: Mounting plugin XCodeSourceCodeAccess
LogPluginManager: Mounting plugin AssetManagerEditor
LogPluginManager: Mounting plugin CurveEditorTools
LogPluginManager: Mounting plugin DataValidation
LogPluginManager: Mounting plugin CryptoKeys
LogPluginManager: Mounting plugin FacialAnimation
LogPluginManager: Mounting plugin GameplayTagsEditor
LogPluginManager: Mounting plugin MacGraphicsSwitching
LogPluginManager: Mounting plugin GeometryMode
LogPluginManager: Mounting plugin MaterialAnalyzer
LogPluginManager: Mounting plugin MobileLauncherProfileWizard
LogPluginManager: Mounting plugin PluginBrowser
LogPluginManager: Mounting plugin SpeedTreeImporter
LogPluginManager: Mounting plugin AlembicImporter
LogPluginManager: Mounting plugin BackChannel
LogPluginManager: Mounting plugin AutomationUtils
LogPluginManager: Mounting plugin ChaosCloth
LogPluginManager: Mounting plugin ChaosClothEditor
LogPluginManager: Mounting plugin ChaosEditor
LogPluginManager: Mounting plugin ChaosNiagara
LogPluginManager: Mounting plugin ChaosSolverPlugin
LogPluginManager: Mounting plugin CharacterAI
LogPluginManager: Mounting plugin AndroidMedia
LogPluginManager: Mounting plugin AvfMedia
LogPluginManager: Mounting plugin ImgMedia
LogPluginManager: Mounting plugin LuminPlatformFeatures
LogPluginManager: Mounting plugin MediaCompositing
LogPluginManager: Mounting plugin MagicLeap
LogPluginManager: Mounting plugin MediaPlayerEditor
LogPluginManager: Mounting plugin WebMMedia
LogPluginManager: Mounting plugin WmfMedia
LogPluginManager: Mounting plugin MagicLeapLightEstimation
LogPluginManager: Mounting plugin MagicLeapMedia
LogPluginManager: Mounting plugin MagicLeapPassableWorld
LogPluginManager: Mounting plugin MLSDK
LogPluginManager: Mounting plugin GeometryCache
LogPluginManager: Mounting plugin GeometryCollectionPlugin
LogPluginManager: Mounting plugin GeometryProcessing
LogPluginManager: Mounting plugin OpenImageDenoise
LogPluginManager: Mounting plugin MotoSynth
LogPluginManager: Mounting plugin PlanarCut
LogPluginManager: Mounting plugin ProxyLODPlugin
LogPluginManager: Mounting plugin PlatformCrypto
LogPluginManager: Mounting plugin PythonScriptPlugin
LogPluginManager: Mounting plugin TcpMessaging
LogPluginManager: Mounting plugin UdpMessaging
LogPluginManager: Mounting plugin SkeletalReduction
LogPluginManager: Mounting plugin ActorSequence
LogPluginManager: Mounting plugin LevelSequenceEditor
LogPluginManager: Mounting plugin MatineeToLevelSequence
LogPluginManager: Mounting plugin TemplateSequence
LogPluginManager: Mounting plugin OnlineSubsystem
LogPluginManager: Mounting plugin OnlineSubsystemNull
LogPluginManager: Mounting plugin OnlineSubsystemUtils
LogPluginManager: Mounting plugin LauncherChunkInstaller
LogPluginManager: Mounting plugin ScreenshotTools
LogPluginManager: Mounting plugin Takes
LogPluginManager: Mounting plugin ActorLayerUtilities
LogPluginManager: Mounting plugin AndroidDeviceProfileSelector
LogPluginManager: Mounting plugin AndroidMoviePlayer
LogPluginManager: Mounting plugin AndroidPermission
LogPluginManager: Mounting plugin AppleImageUtils
LogPluginManager: Mounting plugin AppleMoviePlayer
LogPluginManager: Mounting plugin ArchVisCharacter
LogPluginManager: Mounting plugin AudioCapture
LogPluginManager: Mounting plugin AssetTags
LogPluginManager: Mounting plugin AudioSynesthesia
LogPluginManager: Mounting plugin CableComponent
LogPluginManager: Mounting plugin ChunkDownloader
LogPluginManager: Mounting plugin CustomMeshComponent
LogPluginManager: Mounting plugin EditableMesh
LogPluginManager: Mounting plugin ExampleDeviceProfileSelector
LogPluginManager: Mounting plugin GoogleCloudMessaging
LogPluginManager: Mounting plugin GooglePAD
LogPluginManager: Mounting plugin IOSDeviceProfileSelector
LogPluginManager: Mounting plugin LinuxDeviceProfileSelector
LogPluginManager: Mounting plugin LocationServicesBPLibrary
LogPluginManager: Mounting plugin MobilePatchingUtils
LogPluginManager: Mounting plugin OpenXR
LogPluginManager: Mounting plugin OpenXRHandTracking
LogPluginManager: Mounting plugin OpenXREyeTracker
LogPluginManager: Mounting plugin PhysXVehicles
LogPluginManager: Mounting plugin PostSplashScreen
LogPluginManager: Mounting plugin PropertyAccessEditor
LogPluginManager: Mounting plugin ProceduralMeshComponent
LogPluginManager: Mounting plugin RuntimePhysXCooking
LogPluginManager: Mounting plugin SignificanceManager
LogPluginManager: Mounting plugin SoundFields
LogPluginManager: Mounting plugin Synthesis
LogPluginManager: Mounting plugin WindowsMoviePlayer
LogPluginManager: Mounting plugin WebMMoviePlayer
LogPluginManager: Mounting plugin ContentBrowserAssetDataSource
LogPluginManager: Mounting plugin ContentBrowserClassDataSource
LogPluginManager: Mounting plugin ContentBrowserFileDataSource
LogPluginManager: Mounting plugin OnlineSubsystemGooglePlay
LogPluginManager: Mounting plugin OnlineSubsystemIOS
LogPluginManager: Mounting plugin OculusVR
LogPluginManager: Mounting plugin SteamVR
PixWinPlugin: PIX capture plugin failed to initialize! Check that the process is launched from PIX.
LogInit: Using libcurl 7.55.1-DEV
LogInit:  - built for x86_64-pc-win32
LogInit:  - supports SSL with OpenSSL/1.1.1
LogInit:  - supports HTTP deflate (compression) using libz 1.2.8
LogInit:  - other features:
LogInit:      CURL_VERSION_SSL
LogInit:      CURL_VERSION_LIBZ
LogInit:      CURL_VERSION_IPV6
LogInit:      CURL_VERSION_ASYNCHDNS
LogInit:      CURL_VERSION_LARGEFILE
LogInit:      CURL_VERSION_IDN
LogInit:  CurlRequestOptions (configurable via config and command line):
LogInit:  - bVerifyPeer = true  - Libcurl will verify peer certificate
LogInit:  - bUseHttpProxy = false  - Libcurl will NOT use HTTP proxy
LogInit:  - bDontReuseConnections = false  - Libcurl will reuse connections
LogInit:  - MaxHostConnections = 16  - Libcurl will limit the number of connections to a host
LogInit:  - LocalHostAddr = Default
LogInit:  - BufferSize = 65536
LogOnline: OSS: Creating online subsystem instance for: NULL
LogInit: WinSock: version 1.1 (2.2), MaxSocks=32767, MaxUdp=65467
LogOnline: OSS: TryLoadSubsystemAndSetDefault: Loaded subsystem for module [NULL]
LogOculusPluginWrapper: OculusPlugin initialized successfully
LogHMD: Failed initializing OVRPlugin 1.59.0
LogInit: Build: ++UE4+Release-4.27-CL-18319896
LogInit: Engine Version: 4.27.2-18319896+++UE4+Release-4.27
LogInit: Compatible Engine Version: 4.27.0-17155196+++UE4+Release-4.27
LogInit: Net CL: 17155196
LogInit: OS: Windows 10 (Release 2009) (), CPU: AMD Ryzen 5 4600H with Radeon Graphics         , GPU: AMD Radeon(TM) Graphics
LogInit: Compiled (64-bit): Nov 30 2021 07:12:08
LogInit: Compiled with Visual C++: 19.24.28315.00
LogInit: Build Configuration: Development
LogInit: Branch Name: ++UE4+Release-4.27
LogInit: Command Line: 
LogInit: Base Directory: C:/Program Files/Epic Games/UE_4.27/Engine/Binaries/Win64/
LogInit: Allocator: TBB
LogInit: Installed Engine Build: 1
LogDevObjectVersion: Number of dev versions registered: 29
LogDevObjectVersion:   Dev-Blueprints (B0D832E4-1F89-4F0D-ACCF-7EB736FD4AA2): 10
LogDevObjectVersion:   Dev-Build (E1C64328-A22C-4D53-A36C-8E866417BD8C): 0
LogDevObjectVersion:   Dev-Core (375EC13C-06E4-48FB-B500-84F0262A717E): 4
LogDevObjectVersion:   Dev-Editor (E4B068ED-F494-42E9-A231-DA0B2E46BB41): 40
LogDevObjectVersion:   Dev-Framework (CFFC743F-43B0-4480-9391-14DF171D2073): 37
LogDevObjectVersion:   Dev-Mobile (B02B49B5-BB20-44E9-A304-32B752E40360): 3
LogDevObjectVersion:   Dev-Networking (A4E4105C-59A1-49B5-A7C5-40C4547EDFEE): 0
LogDevObjectVersion:   Dev-Online (39C831C9-5AE6-47DC-9A44-9C173E1C8E7C): 0
LogDevObjectVersion:   Dev-Physics (78F01B33-EBEA-4F98-B9B4-84EACCB95AA2): 14
LogDevObjectVersion:   Dev-Platform (6631380F-2D4D-43E0-8009-CF276956A95A): 0
LogDevObjectVersion:   Dev-Rendering (12F88B9F-8875-4AFC-A67C-D90C383ABD29): 45
LogDevObjectVersion:   Dev-Sequencer (7B5AE74C-D270-4C10-A958-57980B212A5A): 13
LogDevObjectVersion:   Dev-VR (D7296918-1DD6-4BDD-9DE2-64A83CC13884): 3
LogDevObjectVersion:   Dev-LoadTimes (C2A15278-BFE7-4AFE-6C17-90FF531DF755): 1
LogDevObjectVersion:   Private-Geometry (6EACA3D4-40EC-4CC1-B786-8BED09428FC5): 3
LogDevObjectVersion:   Dev-AnimPhys (29E575DD-E0A3-4627-9D10-D276232CDCEA): 17
LogDevObjectVersion:   Dev-Anim (AF43A65D-7FD3-4947-9873-3E8ED9C1BB05): 15
LogDevObjectVersion:   Dev-ReflectionCapture (6B266CEC-1EC7-4B8F-A30B-E4D90942FC07): 1
LogDevObjectVersion:   Dev-Automation (0DF73D61-A23F-47EA-B727-89E90C41499A): 1
LogDevObjectVersion:   FortniteMain (601D1886-AC64-4F84-AA16-D3DE0DEAC7D6): 47
LogDevObjectVersion:   FortniteRelease (E7086368-6B23-4C58-8439-1B7016265E91): 1
LogDevObjectVersion:   Dev-Enterprise (9DFFBCD6-494F-0158-E221-12823C92A888): 10
LogDevObjectVersion:   Dev-Niagara (F2AED0AC-9AFE-416F-8664-AA7FFA26D6FC): 1
LogDevObjectVersion:   Dev-Destruction (174F1F0B-B4C6-45A5-B13F-2EE8D0FB917D): 10
LogDevObjectVersion:   Dev-Physics-Ext (35F94A83-E258-406C-A318-09F59610247C): 41
LogDevObjectVersion:   Dev-PhysicsMaterial-Chaos (B68FC16E-8B1B-42E2-B453-215C058844FE): 1
LogDevObjectVersion:   Dev-CineCamera (B2E18506-4273-CFC2-A54E-F4BB758BBA07): 1
LogDevObjectVersion:   Dev-VirtualProduction (64F58936-FD1B-42BA-BA96-7289D5D0FA4E): 1
LogDevObjectVersion:   Dev-MediaFramework (6F0ED827-A609-4895-9C91-998D90180EA4): 2
LogInit: Presizing for max 25165824 objects, including 0 objects not considered by GC, pre-allocating 0 bytes for permanent pool.
LogConfig: Applying CVar settings from Section [/Script/Engine.StreamingSettings] File [C:/Users/Melih/Documents/GitHub/MyProject/platkasoyun/Saved/Config/Windows/Engine.ini]
LogConfig: Setting CVar [[s.MinBulkDataSizeForAsyncLoading:131072]]
LogConfig: Setting CVar [[s.AsyncLoadingThreadEnabled:0]]
LogConfig: Setting CVar [[s.EventDrivenLoaderEnabled:1]]
LogConfig: Setting CVar [[s.WarnIfTimeLimitExceeded:0]]
LogConfig: Setting CVar [[s.TimeLimitExceededMultiplier:1.5]]
LogConfig: Setting CVar [[s.TimeLimitExceededMinTime:0.005]]
LogConfig: Setting CVar [[s.UseBackgroundLevelStreaming:1]]
LogConfig: Setting CVar [[s.PriorityAsyncLoadingExtraTime:15.0]]
LogConfig: Setting CVar [[s.LevelStreamingActorsUpdateTimeLimit:5.0]]
LogConfig: Setting CVar [[s.PriorityLevelStreamingActorsUpdateExtraTime:5.0]]
LogConfig: Setting CVar [[s.LevelStreamingComponentsRegistrationGranularity:10]]
LogConfig: Setting CVar [[s.UnregisterComponentsTimeLimit:1.0]]
LogConfig: Setting CVar [[s.LevelStreamingComponentsUnregistrationGranularity:5]]
LogConfig: Setting CVar [[s.FlushStreamingOnExit:1]]
LogInit: Object subsystem initialized
LogConfig: Setting CVar [[con.DebugEarlyDefault:1]]
LogConfig: Setting CVar [[r.setres:1280x720]]
[2024.05.14-10.58.06:160][  0]LogConfig: Setting CVar [[r.VSync:0]]
[2024.05.14-10.58.06:160][  0]LogConfig: Setting CVar [[r.RHICmdBypass:0]]
[2024.05.14-10.58.06:160][  0]LogConfig: Applying CVar settings from Section [/Script/Engine.RendererSettings] File [C:/Users/Melih/Documents/GitHub/MyProject/platkasoyun/Saved/Config/Windows/Engine.ini]
[2024.05.14-10.58.06:160][  0]LogConfig: Setting CVar [[r.GPUCrashDebugging:0]]
[2024.05.14-10.58.06:160][  0]LogConfig: Setting CVar [[r.DefaultFeature.AntiAliasing:2]]
[2024.05.14-10.58.06:160][  0]LogConfig: Applying CVar settings from Section [/Script/Engine.RendererOverrideSettings] File [C:/Users/Melih/Documents/GitHub/MyProject/platkasoyun/Saved/Config/Windows/Engine.ini]
[2024.05.14-10.58.06:160][  0]LogConfig: Applying CVar settings from Section [/Script/Engine.StreamingSettings] File [C:/Users/Melih/Documents/GitHub/MyProject/platkasoyun/Saved/Config/Windows/Engine.ini]
[2024.05.14-10.58.06:160][  0]LogConfig: Setting CVar [[s.MinBulkDataSizeForAsyncLoading:131072]]
[2024.05.14-10.58.06:160][  0]LogConfig: Setting CVar [[s.AsyncLoadingThreadEnabled:0]]
[2024.05.14-10.58.06:160][  0]LogConfig: Setting CVar [[s.EventDrivenLoaderEnabled:1]]
[2024.05.14-10.58.06:160][  0]LogConfig: Setting CVar [[s.WarnIfTimeLimitExceeded:0]]
[2024.05.14-10.58.06:160][  0]LogConfig: Setting CVar [[s.TimeLimitExceededMultiplier:1.5]]
[2024.05.14-10.58.06:160][  0]LogConfig: Setting CVar [[s.TimeLimitExceededMinTime:0.005]]
[2024.05.14-10.58.06:160][  0]LogConfig: Setting CVar [[s.UseBackgroundLevelStreaming:1]]
[2024.05.14-10.58.06:160][  0]LogConfig: Setting CVar [[s.PriorityAsyncLoadingExtraTime:15.0]]
[2024.05.14-10.58.06:160][  0]LogConfig: Setting CVar [[s.LevelStreamingActorsUpdateTimeLimit:5.0]]
[2024.05.14-10.58.06:160][  0]LogConfig: Setting CVar [[s.PriorityLevelStreamingActorsUpdateExtraTime:5.0]]
[2024.05.14-10.58.06:160][  0]LogConfig: Setting CVar [[s.LevelStreamingComponentsRegistrationGranularity:10]]
[2024.05.14-10.58.06:160][  0]LogConfig: Setting CVar [[s.UnregisterComponentsTimeLimit:1.0]]
[2024.05.14-10.58.06:160][  0]LogConfig: Setting CVar [[s.LevelStreamingComponentsUnregistrationGranularity:5]]
[2024.05.14-10.58.06:160][  0]LogConfig: Setting CVar [[s.FlushStreamingOnExit:1]]
[2024.05.14-10.58.06:160][  0]LogConfig: Applying CVar settings from Section [/Script/Engine.GarbageCollectionSettings] File [C:/Users/Melih/Documents/GitHub/MyProject/platkasoyun/Saved/Config/Windows/Engine.ini]
[2024.05.14-10.58.06:160][  0]LogConfig: Setting CVar [[gc.MaxObjectsNotConsideredByGC:1]]
[2024.05.14-10.58.06:160][  0]LogConfig: Setting CVar [[gc.SizeOfPermanentObjectPool:0]]
[2024.05.14-10.58.06:160][  0]LogConfig: Setting CVar [[gc.FlushStreamingOnGC:0]]
[2024.05.14-10.58.06:160][  0]LogConfig: Setting CVar [[gc.NumRetriesBeforeForcingGC:10]]
[2024.05.14-10.58.06:160][  0]LogConfig: Setting CVar [[gc.AllowParallelGC:1]]
[2024.05.14-10.58.06:160][  0]LogConfig: Setting CVar [[gc.TimeBetweenPurgingPendingKillObjects:61.1]]
[2024.05.14-10.58.06:160][  0]LogConfig: Setting CVar [[gc.MaxObjectsInEditor:25165824]]
[2024.05.14-10.58.06:160][  0]LogConfig: Setting CVar [[gc.IncrementalBeginDestroyEnabled:1]]
[2024.05.14-10.58.06:160][  0]LogConfig: Setting CVar [[gc.CreateGCClusters:1]]
[2024.05.14-10.58.06:160][  0]LogConfig: Setting CVar [[gc.MinGCClusterSize:5]]
[2024.05.14-10.58.06:160][  0]LogConfig: Setting CVar [[gc.ActorClusteringEnabled:0]]
[2024.05.14-10.58.06:160][  0]LogConfig: Setting CVar [[gc.BlueprintClusteringEnabled:0]]
[2024.05.14-10.58.06:160][  0]LogConfig: Setting CVar [[gc.UseDisregardForGCOnDedicatedServers:0]]
[2024.05.14-10.58.06:160][  0]LogConfig: Setting CVar [[gc.MultithreadedDestructionEnabled:1]]
[2024.05.14-10.58.06:160][  0]LogConfig: Applying CVar settings from Section [/Script/Engine.NetworkSettings] File [C:/Users/Melih/Documents/GitHub/MyProject/platkasoyun/Saved/Config/Windows/Engine.ini]
[2024.05.14-10.58.06:160][  0]LogConfig: Applying CVar settings from Section [/Script/UnrealEd.CookerSettings] File [C:/Users/Melih/Documents/GitHub/MyProject/platkasoyun/Saved/Config/Windows/Engine.ini]
[2024.05.14-10.58.06:166][  0]LogConfig: Applying CVar settings from Section [ViewDistanceQuality@3] File [C:/Users/Melih/Documents/GitHub/MyProject/platkasoyun/Saved/Config/Windows/Scalability.ini]
[2024.05.14-10.58.06:166][  0]LogConfig: Setting CVar [[r.SkeletalMeshLODBias:0]]
[2024.05.14-10.58.06:166][  0]LogConfig: Setting CVar [[r.ViewDistanceScale:1.0]]
[2024.05.14-10.58.06:166][  0]LogConfig: Applying CVar settings from Section [AntiAliasingQuality@3] File [C:/Users/Melih/Documents/GitHub/MyProject/platkasoyun/Saved/Config/Windows/Scalability.ini]
[2024.05.14-10.58.06:166][  0]LogConfig: Setting CVar [[r.PostProcessAAQuality:4]]
[2024.05.14-10.58.06:166][  0]LogConfig: Applying CVar settings from Section [ShadowQuality@3] File [C:/Users/Melih/Documents/GitHub/MyProject/platkasoyun/Saved/Config/Windows/Scalability.ini]
[2024.05.14-10.58.06:166][  0]LogConfig: Setting CVar [[r.LightFunctionQuality:1]]
[2024.05.14-10.58.06:166][  0]LogConfig: Setting CVar [[r.ShadowQuality:5]]
[2024.05.14-10.58.06:166][  0]LogConfig: Setting CVar [[r.Shadow.CSM.MaxCascades:10]]
[2024.05.14-10.58.06:166][  0]LogConfig: Setting CVar [[r.Shadow.MaxResolution:2048]]
[2024.05.14-10.58.06:166][  0]LogConfig: Setting CVar [[r.Shadow.MaxCSMResolution:2048]]
[2024.05.14-10.58.06:166][  0]LogConfig: Setting CVar [[r.Shadow.RadiusThreshold:0.01]]
[2024.05.14-10.58.06:166][  0]LogConfig: Setting CVar [[r.Shadow.DistanceScale:1.0]]
[2024.05.14-10.58.06:166][  0]LogConfig: Setting CVar [[r.Shadow.CSM.TransitionScale:1.0]]
[2024.05.14-10.58.06:166][  0]LogConfig: Setting CVar [[r.Shadow.PreShadowResolutionFactor:1.0]]
[2024.05.14-10.58.06:166][  0]LogConfig: Setting CVar [[r.DistanceFieldShadowing:1]]
[2024.05.14-10.58.06:166][  0]LogConfig: Setting CVar [[r.DistanceFieldAO:1]]
[2024.05.14-10.58.06:166][  0]LogConfig: Setting CVar [[r.AOQuality:2]]
[2024.05.14-10.58.06:166][  0]LogConfig: Setting CVar [[r.VolumetricFog:1]]
[2024.05.14-10.58.06:166][  0]LogConfig: Setting CVar [[r.VolumetricFog.GridPixelSize:8]]
[2024.05.14-10.58.06:166][  0]LogConfig: Setting CVar [[r.VolumetricFog.GridSizeZ:128]]
[2024.05.14-10.58.06:166][  0]LogConfig: Setting CVar [[r.VolumetricFog.HistoryMissSupersampleCount:4]]
[2024.05.14-10.58.06:166][  0]LogConfig: Setting CVar [[r.LightMaxDrawDistanceScale:1]]
[2024.05.14-10.58.06:166][  0]LogConfig: Setting CVar [[r.CapsuleShadows:1]]
[2024.05.14-10.58.06:166][  0]LogConfig: Applying CVar settings from Section [PostProcessQuality@3] File [C:/Users/Melih/Documents/GitHub/MyProject/platkasoyun/Saved/Config/Windows/Scalability.ini]
[2024.05.14-10.58.06:166][  0]LogConfig: Setting CVar [[r.MotionBlurQuality:4]]
[2024.05.14-10.58.06:166][  0]LogConfig: Setting CVar [[r.AmbientOcclusionMipLevelFactor:0.4]]
[2024.05.14-10.58.06:166][  0]LogConfig: Setting CVar [[r.AmbientOcclusionMaxQuality:100]]
[2024.05.14-10.58.06:166][  0]LogConfig: Setting CVar [[r.AmbientOcclusionLevels:-1]]
[2024.05.14-10.58.06:166][  0]LogConfig: Setting CVar [[r.AmbientOcclusionRadiusScale:1.0]]
[2024.05.14-10.58.06:166][  0]LogConfig: Setting CVar [[r.DepthOfFieldQuality:2]]
[2024.05.14-10.58.06:166][  0]LogConfig: Setting CVar [[r.RenderTargetPoolMin:400]]
[2024.05.14-10.58.06:166][  0]LogConfig: Setting CVar [[r.LensFlareQuality:2]]
[2024.05.14-10.58.06:166][  0]LogConfig: Setting CVar [[r.SceneColorFringeQuality:1]]
[2024.05.14-10.58.06:166][  0]LogConfig: Setting CVar [[r.EyeAdaptationQuality:2]]
[2024.05.14-10.58.06:166][  0]LogConfig: Setting CVar [[r.BloomQuality:5]]
[2024.05.14-10.58.06:166][  0]LogConfig: Setting CVar [[r.FastBlurThreshold:100]]
[2024.05.14-10.58.06:166][  0]LogConfig: Setting CVar [[r.Upscale.Quality:3]]
[2024.05.14-10.58.06:166][  0]LogConfig: Setting CVar [[r.Tonemapper.GrainQuantization:1]]
[2024.05.14-10.58.06:166][  0]LogConfig: Setting CVar [[r.LightShaftQuality:1]]
[2024.05.14-10.58.06:166][  0]LogConfig: Setting CVar [[r.Filter.SizeScale:1]]
[2024.05.14-10.58.06:166][  0]LogConfig: Setting CVar [[r.Tonemapper.Quality:5]]
[2024.05.14-10.58.06:166][  0]LogConfig: Setting CVar [[r.DOF.Gather.AccumulatorQuality:1        ; higher gathering accumulator quality]]
[2024.05.14-10.58.06:166][  0]LogConfig: Setting CVar [[r.DOF.Gather.PostfilterMethod:1          ; Median3x3 postfilering method]]
[2024.05.14-10.58.06:166][  0]LogConfig: Setting CVar [[r.DOF.Gather.EnableBokehSettings:0       ; no bokeh simulation when gathering]]
[2024.05.14-10.58.06:166][  0]LogConfig: Setting CVar [[r.DOF.Gather.RingCount:4                 ; medium number of samples when gathering]]
[2024.05.14-10.58.06:166][  0]LogConfig: Setting CVar [[r.DOF.Scatter.ForegroundCompositing:1    ; additive foreground scattering]]
[2024.05.14-10.58.06:166][  0]LogConfig: Setting CVar [[r.DOF.Scatter.BackgroundCompositing:2    ; additive background scattering]]
[2024.05.14-10.58.06:166][  0]LogConfig: Setting CVar [[r.DOF.Scatter.EnableBokehSettings:1      ; bokeh simulation when scattering]]
[2024.05.14-10.58.06:167][  0]LogConfig: Setting CVar [[r.DOF.Scatter.MaxSpriteRatio:0.1         ; only a maximum of 10% of scattered bokeh]]
[2024.05.14-10.58.06:167][  0]LogConfig: Setting CVar [[r.DOF.Recombine.Quality:1                ; cheap slight out of focus]]
[2024.05.14-10.58.06:167][  0]LogConfig: Setting CVar [[r.DOF.Recombine.EnableBokehSettings:0    ; no bokeh simulation on slight out of focus]]
[2024.05.14-10.58.06:167][  0]LogConfig: Setting CVar [[r.DOF.TemporalAAQuality:1                ; more stable temporal accumulation]]
[2024.05.14-10.58.06:167][  0]LogConfig: Setting CVar [[r.DOF.Kernel.MaxForegroundRadius:0.025]]
[2024.05.14-10.58.06:167][  0]LogConfig: Setting CVar [[r.DOF.Kernel.MaxBackgroundRadius:0.025]]
[2024.05.14-10.58.06:167][  0]LogConfig: Applying CVar settings from Section [TextureQuality@3] File [C:/Users/Melih/Documents/GitHub/MyProject/platkasoyun/Saved/Config/Windows/Scalability.ini]
[2024.05.14-10.58.06:167][  0]LogConfig: Setting CVar [[r.Streaming.MipBias:0]]
[2024.05.14-10.58.06:167][  0]LogConfig: Setting CVar [[r.Streaming.AmortizeCPUToGPUCopy:0]]
[2024.05.14-10.58.06:167][  0]LogConfig: Setting CVar [[r.Streaming.MaxNumTexturesToStreamPerFrame:0]]
[2024.05.14-10.58.06:167][  0]LogConfig: Setting CVar [[r.Streaming.Boost:1]]
[2024.05.14-10.58.06:167][  0]LogConfig: Setting CVar [[r.MaxAnisotropy:8]]
[2024.05.14-10.58.06:167][  0]LogConfig: Setting CVar [[r.VT.MaxAnisotropy:8]]
[2024.05.14-10.58.06:167][  0]LogConfig: Setting CVar [[r.Streaming.LimitPoolSizeToVRAM:0]]
[2024.05.14-10.58.06:167][  0]LogConfig: Setting CVar [[r.Streaming.PoolSize:1000]]
[2024.05.14-10.58.06:167][  0]LogConfig: Setting CVar [[r.Streaming.MaxEffectiveScreenSize:0]]
[2024.05.14-10.58.06:167][  0]LogConfig: Applying CVar settings from Section [EffectsQuality@3] File [C:/Users/Melih/Documents/GitHub/MyProject/platkasoyun/Saved/Config/Windows/Scalability.ini]
[2024.05.14-10.58.06:167][  0]LogConfig: Setting CVar [[r.TranslucencyLightingVolumeDim:64]]
[2024.05.14-10.58.06:167][  0]LogConfig: Setting CVar [[r.RefractionQuality:2]]
[2024.05.14-10.58.06:167][  0]LogConfig: Setting CVar [[r.SSR.Quality:3]]
[2024.05.14-10.58.06:167][  0]LogConfig: Setting CVar [[r.SSR.HalfResSceneColor:0]]
[2024.05.14-10.58.06:167][  0]LogConfig: Setting CVar [[r.SceneColorFormat:4]]
[2024.05.14-10.58.06:167][  0]LogConfig: Setting CVar [[r.DetailMode:2]]
[2024.05.14-10.58.06:167][  0]LogConfig: Setting CVar [[r.TranslucencyVolumeBlur:1]]
[2024.05.14-10.58.06:167][  0]LogConfig: Setting CVar [[r.MaterialQualityLevel:1 ; High quality]]
[2024.05.14-10.58.06:167][  0]LogConfig: Setting CVar [[r.AnisotropicMaterials:1]]
[2024.05.14-10.58.06:167][  0]LogConfig: Setting CVar [[r.SSS.Scale:1]]
[2024.05.14-10.58.06:167][  0]LogConfig: Setting CVar [[r.SSS.SampleSet:2]]
[2024.05.14-10.58.06:167][  0]LogConfig: Setting CVar [[r.SSS.Quality:1]]
[2024.05.14-10.58.06:167][  0]LogConfig: Setting CVar [[r.SSS.HalfRes:0]]
[2024.05.14-10.58.06:167][  0]LogConfig: Setting CVar [[r.SSGI.Quality:3]]
[2024.05.14-10.58.06:167][  0]LogConfig: Setting CVar [[r.EmitterSpawnRateScale:1.0]]
[2024.05.14-10.58.06:167][  0]LogConfig: Setting CVar [[r.ParticleLightQuality:2]]
[2024.05.14-10.58.06:167][  0]LogConfig: Setting CVar [[r.SkyAtmosphere.AerialPerspectiveLUT.FastApplyOnOpaque:1 ; Always have FastSkyLUT 1 in this case to avoid wrong sky]]
[2024.05.14-10.58.06:167][  0]LogConfig: Setting CVar [[r.SkyAtmosphere.AerialPerspectiveLUT.SampleCountMaxPerSlice:4]]
[2024.05.14-10.58.06:167][  0]LogConfig: Setting CVar [[r.SkyAtmosphere.AerialPerspectiveLUT.DepthResolution:16.0]]
[2024.05.14-10.58.06:167][  0]LogConfig: Setting CVar [[r.SkyAtmosphere.FastSkyLUT:1]]
[2024.05.14-10.58.06:167][  0]LogConfig: Setting CVar [[r.SkyAtmosphere.FastSkyLUT.SampleCountMin:4.0]]
[2024.05.14-10.58.06:167][  0]LogConfig: Setting CVar [[r.SkyAtmosphere.FastSkyLUT.SampleCountMax:128.0]]
[2024.05.14-10.58.06:167][  0]LogConfig: Setting CVar [[r.SkyAtmosphere.SampleCountMin:4.0]]
[2024.05.14-10.58.06:167][  0]LogConfig: Setting CVar [[r.SkyAtmosphere.SampleCountMax:128.0]]
[2024.05.14-10.58.06:167][  0]LogConfig: Setting CVar [[r.SkyAtmosphere.TransmittanceLUT.UseSmallFormat:0]]
[2024.05.14-10.58.06:167][  0]LogConfig: Setting CVar [[r.SkyAtmosphere.TransmittanceLUT.SampleCount:10.0]]
[2024.05.14-10.58.06:167][  0]LogConfig: Setting CVar [[r.SkyAtmosphere.MultiScatteringLUT.SampleCount:15.0]]
[2024.05.14-10.58.06:167][  0]LogConfig: Setting CVar [[r.SkyLight.RealTimeReflectionCapture:1]]
[2024.05.14-10.58.06:167][  0]LogConfig: Applying CVar settings from Section [FoliageQuality@3] File [C:/Users/Melih/Documents/GitHub/MyProject/platkasoyun/Saved/Config/Windows/Scalability.ini]
[2024.05.14-10.58.06:167][  0]LogConfig: Setting CVar [[foliage.DensityScale:1.0]]
[2024.05.14-10.58.06:167][  0]LogConfig: Setting CVar [[grass.DensityScale:1.0]]
[2024.05.14-10.58.06:167][  0]LogConfig: Applying CVar settings from Section [ShadingQuality@3] File [C:/Users/Melih/Documents/GitHub/MyProject/platkasoyun/Saved/Config/Windows/Scalability.ini]
[2024.05.14-10.58.06:167][  0]LogConfig: Setting CVar [[r.HairStrands.SkyLighting.IntegrationType:2]]
[2024.05.14-10.58.06:167][  0]LogConfig: Setting CVar [[r.HairStrands.SkyAO.SampleCount:4]]
[2024.05.14-10.58.06:167][  0]LogConfig: Setting CVar [[r.HairStrands.Visibility.MSAA.SamplePerPixel:4]]
[2024.05.14-10.58.06:167][  0]LogInit: Selected Device Profile: [Windows]
[2024.05.14-10.58.06:167][  0]LogInit: Applying CVar settings loaded from the selected device profile: [Windows]
[2024.05.14-10.58.06:167][  0]LogHAL: Display: Platform has ~ 16 GB [16556597248 / 17179869184 / 16], which maps to Larger [LargestMinGB=32, LargerMinGB=12, DefaultMinGB=8, SmallerMinGB=6, SmallestMinGB=0)
[2024.05.14-10.58.06:167][  0]LogInit: Going up to parent DeviceProfile []
[2024.05.14-10.58.06:167][  0]LogConfig: Applying CVar settings from Section [ViewDistanceQuality@Cine] File [C:/Users/Melih/Documents/GitHub/MyProject/platkasoyun/Saved/Config/Windows/Scalability.ini]
[2024.05.14-10.58.06:167][  0]LogConfig: Setting CVar [[r.SkeletalMeshLODBias:0]]
[2024.05.14-10.58.06:167][  0]LogConfig: Setting CVar [[r.ViewDistanceScale:10.0]]
[2024.05.14-10.58.06:167][  0]LogConfig: Applying CVar settings from Section [AntiAliasingQuality@Cine] File [C:/Users/Melih/Documents/GitHub/MyProject/platkasoyun/Saved/Config/Windows/Scalability.ini]
[2024.05.14-10.58.06:167][  0]LogConfig: Setting CVar [[r.PostProcessAAQuality:6]]
[2024.05.14-10.58.06:167][  0]LogConfig: Applying CVar settings from Section [ShadowQuality@Cine] File [C:/Users/Melih/Documents/GitHub/MyProject/platkasoyun/Saved/Config/Windows/Scalability.ini]
[2024.05.14-10.58.06:167][  0]LogConfig: Setting CVar [[r.LightFunctionQuality:1]]
[2024.05.14-10.58.06:168][  0]LogConfig: Setting CVar [[r.ShadowQuality:5]]
[2024.05.14-10.58.06:168][  0]LogConfig: Setting CVar [[r.Shadow.CSM.MaxCascades:10]]
[2024.05.14-10.58.06:168][  0]LogConfig: Setting CVar [[r.Shadow.MaxResolution:4096]]
[2024.05.14-10.58.06:168][  0]LogConfig: Setting CVar [[r.Shadow.MaxCSMResolution:4096]]
[2024.05.14-10.58.06:168][  0]LogConfig: Setting CVar [[r.Shadow.RadiusThreshold:0]]
[2024.05.14-10.58.06:168][  0]LogConfig: Setting CVar [[r.Shadow.DistanceScale:1.0]]
[2024.05.14-10.58.06:168][  0]LogConfig: Setting CVar [[r.Shadow.CSM.TransitionScale:1.0]]
[2024.05.14-10.58.06:168][  0]LogConfig: Setting CVar [[r.Shadow.PreShadowResolutionFactor:1.0]]
[2024.05.14-10.58.06:168][  0]LogConfig: Setting CVar [[r.DistanceFieldShadowing:1]]
[2024.05.14-10.58.06:168][  0]LogConfig: Setting CVar [[r.DistanceFieldAO:1]]
[2024.05.14-10.58.06:168][  0]LogConfig: Setting CVar [[r.AOQuality:2]]
[2024.05.14-10.58.06:168][  0]LogConfig: Setting CVar [[r.VolumetricFog:1]]
[2024.05.14-10.58.06:168][  0]LogConfig: Setting CVar [[r.VolumetricFog.GridPixelSize:4]]
[2024.05.14-10.58.06:168][  0]LogConfig: Setting CVar [[r.VolumetricFog.GridSizeZ:128]]
[2024.05.14-10.58.06:168][  0]LogConfig: Setting CVar [[r.VolumetricFog.HistoryMissSupersampleCount:16]]
[2024.05.14-10.58.06:168][  0]LogConfig: Setting CVar [[r.LightMaxDrawDistanceScale:1]]
[2024.05.14-10.58.06:168][  0]LogConfig: Setting CVar [[r.CapsuleShadows:1]]
[2024.05.14-10.58.06:168][  0]LogConfig: Applying CVar settings from Section [PostProcessQuality@Cine] File [C:/Users/Melih/Documents/GitHub/MyProject/platkasoyun/Saved/Config/Windows/Scalability.ini]
[2024.05.14-10.58.06:168][  0]LogConfig: Setting CVar [[r.MotionBlurQuality:4]]
[2024.05.14-10.58.06:168][  0]LogConfig: Setting CVar [[r.AmbientOcclusionMipLevelFactor:0.4]]
[2024.05.14-10.58.06:168][  0]LogConfig: Setting CVar [[r.AmbientOcclusionMaxQuality:100]]
[2024.05.14-10.58.06:168][  0]LogConfig: Setting CVar [[r.AmbientOcclusionLevels:-1]]
[2024.05.14-10.58.06:168][  0]LogConfig: Setting CVar [[r.AmbientOcclusionRadiusScale:1.0]]
[2024.05.14-10.58.06:168][  0]LogConfig: Setting CVar [[r.GTAO.Numangles:4]]
[2024.05.14-10.58.06:168][  0]LogConfig: Setting CVar [[r.DepthOfFieldQuality:4]]
[2024.05.14-10.58.06:168][  0]LogConfig: Setting CVar [[r.RenderTargetPoolMin:1000]]
[2024.05.14-10.58.06:168][  0]LogConfig: Setting CVar [[r.LensFlareQuality:3]]
[2024.05.14-10.58.06:168][  0]LogConfig: Setting CVar [[r.SceneColorFringeQuality:1]]
[2024.05.14-10.58.06:168][  0]LogConfig: Setting CVar [[r.EyeAdaptationQuality:2]]
[2024.05.14-10.58.06:168][  0]LogConfig: Setting CVar [[r.BloomQuality:5]]
[2024.05.14-10.58.06:168][  0]LogConfig: Setting CVar [[r.FastBlurThreshold:100]]
[2024.05.14-10.58.06:168][  0]LogConfig: Setting CVar [[r.Upscale.Quality:3]]
[2024.05.14-10.58.06:168][  0]LogConfig: Setting CVar [[r.Tonemapper.GrainQuantization:1]]
[2024.05.14-10.58.06:168][  0]LogConfig: Setting CVar [[r.LightShaftQuality:1]]
[2024.05.14-10.58.06:168][  0]LogConfig: Setting CVar [[r.Filter.SizeScale:1]]
[2024.05.14-10.58.06:168][  0]LogConfig: Setting CVar [[r.Tonemapper.Quality:5]]
[2024.05.14-10.58.06:168][  0]LogConfig: Setting CVar [[r.DOF.Gather.AccumulatorQuality:1        ; higher gathering accumulator quality]]
[2024.05.14-10.58.06:168][  0]LogConfig: Setting CVar [[r.DOF.Gather.PostfilterMethod:1          ; Median3x3 postfilering method]]
[2024.05.14-10.58.06:168][  0]LogConfig: Setting CVar [[r.DOF.Gather.EnableBokehSettings:1       ; bokeh simulation when gathering]]
[2024.05.14-10.58.06:168][  0]LogConfig: Setting CVar [[r.DOF.Gather.RingCount:5                 ; high number of samples when gathering]]
[2024.05.14-10.58.06:168][  0]LogConfig: Setting CVar [[r.DOF.Scatter.ForegroundCompositing:1    ; additive foreground scattering]]
[2024.05.14-10.58.06:168][  0]LogConfig: Setting CVar [[r.DOF.Scatter.BackgroundCompositing:2    ; background scattering occlusion]]
[2024.05.14-10.58.06:168][  0]LogConfig: Setting CVar [[r.DOF.Scatter.EnableBokehSettings:1      ; no bokeh simulation when scattering]]
[2024.05.14-10.58.06:168][  0]LogConfig: Setting CVar [[r.DOF.Scatter.MaxSpriteRatio:0.25        ; only a maximum of 10% of scattered bokeh]]
[2024.05.14-10.58.06:168][  0]LogConfig: Setting CVar [[r.DOF.Recombine.Quality:2                ; highest slight out of focus]]
[2024.05.14-10.58.06:168][  0]LogConfig: Setting CVar [[r.DOF.Recombine.EnableBokehSettings:1    ; bokeh simulation on slight out of focus]]
[2024.05.14-10.58.06:168][  0]LogConfig: Setting CVar [[r.DOF.TemporalAAQuality:1                ; more stable temporal accumulation]]
[2024.05.14-10.58.06:168][  0]LogConfig: Setting CVar [[r.DOF.Kernel.MaxForegroundRadius:0.025]]
[2024.05.14-10.58.06:168][  0]LogConfig: Setting CVar [[r.DOF.Kernel.MaxBackgroundRadius:0.025]]
[2024.05.14-10.58.06:168][  0]LogConfig: Applying CVar settings from Section [TextureQuality@Cine] File [C:/Users/Melih/Documents/GitHub/MyProject/platkasoyun/Saved/Config/Windows/Scalability.ini]
[2024.05.14-10.58.06:168][  0]LogConfig: Setting CVar [[r.Streaming.MipBias:0]]
[2024.05.14-10.58.06:168][  0]LogConfig: Setting CVar [[r.Streaming.AmortizeCPUToGPUCopy:0]]
[2024.05.14-10.58.06:168][  0]LogConfig: Setting CVar [[r.Streaming.MaxNumTexturesToStreamPerFrame:0]]
[2024.05.14-10.58.06:168][  0]LogConfig: Setting CVar [[r.Streaming.Boost:1]]
[2024.05.14-10.58.06:168][  0]LogConfig: Setting CVar [[r.MaxAnisotropy:8]]
[2024.05.14-10.58.06:168][  0]LogConfig: Setting CVar [[r.VT.MaxAnisotropy:8]]
[2024.05.14-10.58.06:168][  0]LogConfig: Setting CVar [[r.Streaming.LimitPoolSizeToVRAM:0]]
[2024.05.14-10.58.06:168][  0]LogConfig: Setting CVar [[r.Streaming.PoolSize:3000]]
[2024.05.14-10.58.06:168][  0]LogConfig: Setting CVar [[r.Streaming.MaxEffectiveScreenSize:0]]
[2024.05.14-10.58.06:168][  0]LogConfig: Applying CVar settings from Section [EffectsQuality@Cine] File [C:/Users/Melih/Documents/GitHub/MyProject/platkasoyun/Saved/Config/Windows/Scalability.ini]
[2024.05.14-10.58.06:168][  0]LogConfig: Setting CVar [[r.TranslucencyLightingVolumeDim:64]]
[2024.05.14-10.58.06:168][  0]LogConfig: Setting CVar [[r.RefractionQuality:2]]
[2024.05.14-10.58.06:168][  0]LogConfig: Setting CVar [[r.SSR.Quality:4]]
[2024.05.14-10.58.06:168][  0]LogConfig: Setting CVar [[r.SSR.HalfResSceneColor:0]]
[2024.05.14-10.58.06:168][  0]LogConfig: Setting CVar [[r.SceneColorFormat:4]]
[2024.05.14-10.58.06:168][  0]LogConfig: Setting CVar [[r.DetailMode:2]]
[2024.05.14-10.58.06:168][  0]LogConfig: Setting CVar [[r.TranslucencyVolumeBlur:1]]
[2024.05.14-10.58.06:168][  0]LogConfig: Setting CVar [[r.MaterialQualityLevel:1 ; High quality]]
[2024.05.14-10.58.06:168][  0]LogConfig: Setting CVar [[r.AnisotropicMaterials:1]]
[2024.05.14-10.58.06:168][  0]LogConfig: Setting CVar [[r.SSS.Scale:1]]
[2024.05.14-10.58.06:168][  0]LogConfig: Setting CVar [[r.SSS.SampleSet:2]]
[2024.05.14-10.58.06:168][  0]LogConfig: Setting CVar [[r.SSS.Quality:1]]
[2024.05.14-10.58.06:168][  0]LogConfig: Setting CVar [[r.SSS.HalfRes:0]]
[2024.05.14-10.58.06:168][  0]LogConfig: Setting CVar [[r.SSGI.Quality:4]]
[2024.05.14-10.58.06:168][  0]LogConfig: Setting CVar [[r.EmitterSpawnRateScale:1.0]]
[2024.05.14-10.58.06:168][  0]LogConfig: Setting CVar [[r.ParticleLightQuality:2]]
[2024.05.14-10.58.06:169][  0]LogConfig: Setting CVar [[r.SkyAtmosphere.AerialPerspectiveLUT.FastApplyOnOpaque:0]]
[2024.05.14-10.58.06:169][  0]LogConfig: Setting CVar [[r.SkyAtmosphere.AerialPerspectiveLUT.SampleCountMaxPerSlice:8]]
[2024.05.14-10.58.06:169][  0]LogConfig: Setting CVar [[r.SkyAtmosphere.AerialPerspectiveLUT.DepthResolution:32.0]]
[2024.05.14-10.58.06:169][  0]LogConfig: Setting CVar [[r.SkyAtmosphere.FastSkyLUT:0]]
[2024.05.14-10.58.06:169][  0]LogConfig: Setting CVar [[r.SkyAtmosphere.FastSkyLUT.SampleCountMin:4.0]]
[2024.05.14-10.58.06:169][  0]LogConfig: Setting CVar [[r.SkyAtmosphere.FastSkyLUT.SampleCountMax:256.0]]
[2024.05.14-10.58.06:169][  0]LogConfig: Setting CVar [[r.SkyAtmosphere.SampleCountMin:8.0]]
[2024.05.14-10.58.06:169][  0]LogConfig: Setting CVar [[r.SkyAtmosphere.SampleCountMax:256.0]]
[2024.05.14-10.58.06:169][  0]LogConfig: Setting CVar [[r.SkyAtmosphere.TransmittanceLUT.UseSmallFormat:0]]
[2024.05.14-10.58.06:169][  0]LogConfig: Setting CVar [[r.SkyAtmosphere.TransmittanceLUT.SampleCount:30.0]]
[2024.05.14-10.58.06:169][  0]LogConfig: Setting CVar [[r.SkyAtmosphere.MultiScatteringLUT.SampleCount:20.0]]
[2024.05.14-10.58.06:169][  0]LogConfig: Setting CVar [[r.SkyLight.RealTimeReflectionCapture:1]]
[2024.05.14-10.58.06:169][  0]LogConfig: Applying CVar settings from Section [FoliageQuality@Cine] File [C:/Users/Melih/Documents/GitHub/MyProject/platkasoyun/Saved/Config/Windows/Scalability.ini]
[2024.05.14-10.58.06:169][  0]LogConfig: Setting CVar [[foliage.DensityScale:1.0]]
[2024.05.14-10.58.06:169][  0]LogConfig: Setting CVar [[grass.DensityScale:1.0]]
[2024.05.14-10.58.06:169][  0]LogConfig: Applying CVar settings from Section [ShadingQuality@Cine] File [C:/Users/Melih/Documents/GitHub/MyProject/platkasoyun/Saved/Config/Windows/Scalability.ini]
[2024.05.14-10.58.06:169][  0]LogConfig: Setting CVar [[r.HairStrands.SkyLighting.IntegrationType:0]]
[2024.05.14-10.58.06:169][  0]LogConfig: Setting CVar [[r.HairStrands.SkyAO.SampleCount:8]]
[2024.05.14-10.58.06:169][  0]LogConfig: Setting CVar [[r.HairStrands.Visibility.MSAA.SamplePerPixel:8]]
[2024.05.14-10.58.06:169][  0]LogConfig: Applying CVar settings from Section [Startup] File [../../../Engine/Config/ConsoleVariables.ini]
[2024.05.14-10.58.06:170][  0]LogConfig: Setting CVar [[net.UseAdaptiveNetUpdateFrequency:0]]
[2024.05.14-10.58.06:170][  0]LogConfig: Setting CVar [[p.chaos.AllowCreatePhysxBodies:1]]
[2024.05.14-10.58.06:170][  0]LogConfig: Setting CVar [[fx.SkipVectorVMBackendOptimizations:1]]
[2024.05.14-10.58.06:170][  0]LogConfig: Applying CVar settings from Section [ConsoleVariables] File [C:/Users/Melih/Documents/GitHub/MyProject/platkasoyun/Saved/Config/Windows/Engine.ini]
[2024.05.14-10.58.06:170][  0]LogConfig: Applying CVar settings from Section [ConsoleVariables] File [C:/Users/Melih/Documents/GitHub/MyProject/platkasoyun/Saved/Config/Windows/Editor.ini]
[2024.05.14-10.58.06:170][  0]LogInit: Computer: PERKELE
[2024.05.14-10.58.06:170][  0]LogInit: User: Melih
[2024.05.14-10.58.06:170][  0]LogInit: CPU Page size=4096, Cores=6
[2024.05.14-10.58.06:170][  0]LogInit: High frequency timer resolution =10.000000 MHz
[2024.05.14-10.58.06:170][  0]LogMemory: Memory total: Physical=15.4GB (16GB approx)
[2024.05.14-10.58.06:170][  0]LogMemory: Platform Memory Stats for Windows
[2024.05.14-10.58.06:170][  0]LogMemory: Process Physical Memory: 145.15 MB used, 145.15 MB peak
[2024.05.14-10.58.06:170][  0]LogMemory: Process Virtual Memory: 128.03 MB used, 128.03 MB peak
[2024.05.14-10.58.06:170][  0]LogMemory: Physical Memory: 8559.31 MB used,  7230.29 MB free, 15789.60 MB total
[2024.05.14-10.58.06:170][  0]LogMemory: Virtual Memory: 134206096.00 MB used,  11633.68 MB free, 134217728.00 MB total
[2024.05.14-10.58.06:204][  0]LogWindows: WindowsPlatformFeatures enabled
[2024.05.14-10.58.06:279][  0]LogInit: Physics initialised using underlying interface: PhysX
[2024.05.14-10.58.06:285][  0]LogInit: Using OS detected language (en-GB).
[2024.05.14-10.58.06:285][  0]LogInit: Using OS detected locale (en-FI).
[2024.05.14-10.58.06:303][  0]LogTextLocalizationManager: No specific localization for 'en-GB' exists, so the 'en' localization will be used.
[2024.05.14-10.58.06:689][  0]LogInit: Setting process to per monitor DPI aware
[2024.05.14-10.58.06:712][  0]LogWindowsTextInputMethodSystem: Display: IME system deactivated.
[2024.05.14-10.58.06:733][  0]LogSlate: New Slate User Created.  User Index 0, Is Virtual User: 0
[2024.05.14-10.58.06:733][  0]LogSlate: Slate User Registered.  User Index 0, Is Virtual User: 0
[2024.05.14-10.58.07:070][  0]LogD3D11RHI: Loaded GFSDK_Aftermath_Lib.x64.dll
[2024.05.14-10.58.07:120][  0]LogHMD: Failed to initialize OpenVR with code 110
[2024.05.14-10.58.07:121][  0]LogD3D11RHI: D3D11 min allowed feature level: 11_0
[2024.05.14-10.58.07:121][  0]LogD3D11RHI: D3D11 max allowed feature level: 11_0
[2024.05.14-10.58.07:121][  0]LogD3D11RHI: D3D11 adapters:
[2024.05.14-10.58.07:284][  0]LogD3D11RHI:    0. 'NVIDIA GeForce RTX 3050 Laptop GPU' (Feature Level 11_0)
[2024.05.14-10.58.07:284][  0]LogD3D11RHI:       3964/0/7894 MB DedicatedVideo/DedicatedSystem/SharedSystem, Outputs:1, VendorId:0x10de
[2024.05.14-10.58.07:340][  0]LogD3D11RHI:    1. 'AMD Radeon(TM) Graphics' (Feature Level 11_0)
[2024.05.14-10.58.07:340][  0]LogD3D11RHI:       495/0/7894 MB DedicatedVideo/DedicatedSystem/SharedSystem, Outputs:0, VendorId:0x1002
[2024.05.14-10.58.07:343][  0]LogD3D11RHI:    2. 'Microsoft Basic Render Driver' (Feature Level 11_0)
[2024.05.14-10.58.07:343][  0]LogD3D11RHI:       0/0/7894 MB DedicatedVideo/DedicatedSystem/SharedSystem, Outputs:0, VendorId:0x1414
[2024.05.14-10.58.07:343][  0]LogD3D11RHI: Chosen D3D11 Adapter:
[2024.05.14-10.58.07:343][  0]LogD3D11RHI:     Description : NVIDIA GeForce RTX 3050 Laptop GPU
[2024.05.14-10.58.07:343][  0]LogD3D11RHI:     VendorId    : 10de
[2024.05.14-10.58.07:343][  0]LogD3D11RHI:     DeviceId    : 25a2
[2024.05.14-10.58.07:343][  0]LogD3D11RHI:     SubSysId    : 16ad1043
[2024.05.14-10.58.07:343][  0]LogD3D11RHI:     Revision    : 00a1
[2024.05.14-10.58.07:343][  0]LogD3D11RHI:     DedicatedVideoMemory : 4156555264 bytes
[2024.05.14-10.58.07:343][  0]LogD3D11RHI:     DedicatedSystemMemory : 0 bytes
[2024.05.14-10.58.07:343][  0]LogD3D11RHI:     SharedSystemMemory : 8278298624 bytes
[2024.05.14-10.58.07:343][  0]LogD3D11RHI:     AdapterLuid : 0 69479
[2024.05.14-10.58.07:350][  0]LogD3D11RHI: Creating new Direct3DDevice
[2024.05.14-10.58.07:350][  0]LogD3D11RHI:     GPU DeviceId: 0x25a2 (for the marketing name, search the web for "GPU Device Id")
[2024.05.14-10.58.07:350][  0]LogWindows: EnumDisplayDevices:
[2024.05.14-10.58.07:351][  0]LogWindows:    0. 'AMD Radeon(TM) Graphics' (P:1 D:1)
[2024.05.14-10.58.07:351][  0]LogWindows:    1. 'AMD Radeon(TM) Graphics' (P:0 D:0)
[2024.05.14-10.58.07:351][  0]LogWindows:    2. 'AMD Radeon(TM) Graphics' (P:0 D:0)
[2024.05.14-10.58.07:352][  0]LogWindows:    3. 'NVIDIA GeForce RTX 3050 Laptop GPU' (P:0 D:0)
[2024.05.14-10.58.07:352][  0]LogWindows:    4. 'NVIDIA GeForce RTX 3050 Laptop GPU' (P:0 D:0)
[2024.05.14-10.58.07:352][  0]LogWindows:    5. 'NVIDIA GeForce RTX 3050 Laptop GPU' (P:0 D:0)
[2024.05.14-10.58.07:352][  0]LogWindows:    6. 'NVIDIA GeForce RTX 3050 Laptop GPU' (P:0 D:0)
[2024.05.14-10.58.07:352][  0]LogWindows: DebugString: PrimaryIsNotTheChoosenAdapter PrimaryIsNotTheChoosenAdapter PrimaryIsNotTheChoosenAdapter FoundDriverCount:4 
[2024.05.14-10.58.07:352][  0]LogD3D11RHI:     Adapter Name: NVIDIA GeForce RTX 3050 Laptop GPU
[2024.05.14-10.58.07:352][  0]LogD3D11RHI:   Driver Version: 552.22 (internal:31.0.15.5222, unified:552.22)
[2024.05.14-10.58.07:352][  0]LogD3D11RHI:      Driver Date: 4-11-2024
[2024.05.14-10.58.07:352][  0]LogRHI: Texture pool is 2774 MB (70% of 3964 MB)
[2024.05.14-10.58.07:353][  0]LogD3D11RHI: Creating D3DDevice using adapter:
[2024.05.14-10.58.07:353][  0]LogD3D11RHI:     Description : NVIDIA GeForce RTX 3050 Laptop GPU
[2024.05.14-10.58.07:353][  0]LogD3D11RHI:     VendorId    : 10de
[2024.05.14-10.58.07:353][  0]LogD3D11RHI:     DeviceId    : 25a2
[2024.05.14-10.58.07:353][  0]LogD3D11RHI:     SubSysId    : 16ad1043
[2024.05.14-10.58.07:353][  0]LogD3D11RHI:     Revision    : 00a1
[2024.05.14-10.58.07:353][  0]LogD3D11RHI:     DedicatedVideoMemory : 4156555264 bytes
[2024.05.14-10.58.07:353][  0]LogD3D11RHI:     DedicatedSystemMemory : 0 bytes
[2024.05.14-10.58.07:353][  0]LogD3D11RHI:     SharedSystemMemory : 8278298624 bytes
[2024.05.14-10.58.07:353][  0]LogD3D11RHI:     AdapterLuid : 0 69479
[2024.05.14-10.58.07:448][  0]LogD3D11RHI: RHI has support for 64 bit atomics
[2024.05.14-10.58.07:448][  0]LogD3D11RHI: Async texture creation enabled
[2024.05.14-10.58.07:448][  0]LogD3D11RHI: Array index from any shader is supported
[2024.05.14-10.58.07:470][  0]LogD3D11RHI: GPU Timing Frequency: 1000.000000 (Debug: 2 1)
[2024.05.14-10.58.07:507][  0]LogRHI: GeForceNow SDK initialized: 1
[2024.05.14-10.58.07:880][  0]LogTargetPlatformManager: Display: Loaded TargetPlatform 'AllDesktop'
[2024.05.14-10.58.07:910][  0]LogTargetPlatformManager: Display: Loaded TargetPlatform 'Android'
[2024.05.14-10.58.07:910][  0]LogTargetPlatformManager: Display: Loaded TargetPlatform 'Android_ASTC'
[2024.05.14-10.58.07:910][  0]LogTargetPlatformManager: Display: Loaded TargetPlatform 'Android_DXT'
[2024.05.14-10.58.07:910][  0]LogTargetPlatformManager: Display: Loaded TargetPlatform 'Android_ETC2'
[2024.05.14-10.58.07:910][  0]LogTargetPlatformManager: Display: Loaded TargetPlatform 'AndroidClient'
[2024.05.14-10.58.07:910][  0]LogTargetPlatformManager: Display: Loaded TargetPlatform 'Android_ASTCClient'
[2024.05.14-10.58.07:910][  0]LogTargetPlatformManager: Display: Loaded TargetPlatform 'Android_DXTClient'
[2024.05.14-10.58.07:910][  0]LogTargetPlatformManager: Display: Loaded TargetPlatform 'Android_ETC2Client'
[2024.05.14-10.58.07:910][  0]LogTargetPlatformManager: Display: Loaded TargetPlatform 'Android_Multi'
[2024.05.14-10.58.07:910][  0]LogTargetPlatformManager: Display: Loaded TargetPlatform 'Android_MultiClient'
[2024.05.14-10.58.07:939][  0]LogTargetPlatformManager: Display: Loaded TargetPlatform 'IOSClient'
[2024.05.14-10.58.07:939][  0]LogTargetPlatformManager: Display: Loaded TargetPlatform 'IOS'
[2024.05.14-10.58.07:954][  0]LogTargetPlatformManager: Display: Loaded TargetPlatform 'Linux'
[2024.05.14-10.58.07:961][  0]LogTargetPlatformManager: Display: Loaded TargetPlatform 'LinuxNoEditor'
[2024.05.14-10.58.07:970][  0]LogTargetPlatformManager: Display: Loaded TargetPlatform 'LinuxClient'
[2024.05.14-10.58.07:978][  0]LogTargetPlatformManager: Display: Loaded TargetPlatform 'LinuxServer'
[2024.05.14-10.58.07:992][  0]LogTargetPlatformManager: Display: Loaded TargetPlatform 'LinuxAArch64NoEditor'
[2024.05.14-10.58.07:998][  0]LogTargetPlatformManager: Display: Loaded TargetPlatform 'LinuxAArch64Client'
[2024.05.14-10.58.08:007][  0]LogTargetPlatformManager: Display: Loaded TargetPlatform 'LinuxAArch64Server'
[2024.05.14-10.58.08:041][  0]LogTargetPlatformManager: Display: Loaded TargetPlatform 'Lumin'
[2024.05.14-10.58.08:041][  0]LogTargetPlatformManager: Display: Loaded TargetPlatform 'LuminClient'
[2024.05.14-10.58.08:055][  0]LogTargetPlatformManager: Display: Loaded TargetPlatform 'MacNoEditor'
[2024.05.14-10.58.08:062][  0]LogTargetPlatformManager: Display: Loaded TargetPlatform 'Mac'
[2024.05.14-10.58.08:069][  0]LogTargetPlatformManager: Display: Loaded TargetPlatform 'MacClient'
[2024.05.14-10.58.08:076][  0]LogTargetPlatformManager: Display: Loaded TargetPlatform 'MacServer'
[2024.05.14-10.58.08:092][  0]LogTargetPlatformManager: Display: Loaded TargetPlatform 'TVOSClient'
[2024.05.14-10.58.08:092][  0]LogTargetPlatformManager: Display: Loaded TargetPlatform 'TVOS'
[2024.05.14-10.58.08:103][  0]LogTargetPlatformManager: Display: Loaded TargetPlatform 'WindowsNoEditor'
[2024.05.14-10.58.08:112][  0]LogTargetPlatformManager: Display: Loaded TargetPlatform 'Windows'
[2024.05.14-10.58.08:120][  0]LogTargetPlatformManager: Display: Loaded TargetPlatform 'WindowsClient'
[2024.05.14-10.58.08:127][  0]LogTargetPlatformManager: Display: Loaded TargetPlatform 'WindowsServer'
[2024.05.14-10.58.08:127][  0]LogTargetPlatformManager: Display: Building Assets For Windows
[2024.05.14-10.58.08:143][  0]LogAudioDebug: Display: Lib vorbis DLL was dynamically loaded.
[2024.05.14-10.58.08:198][  0]LogTextureFormatOodle: Display: Oodle Texture 2.9.0 init RDO Off
[2024.05.14-10.58.08:258][  0]LogRendererCore: Ray tracing is disabled. Reason: r.RayTracing=0.
[2024.05.14-10.58.08:259][  0]LogShaderCompilers: Guid format shader working directory is -22 characters bigger than the processId version (../../../../../../Users/Melih/Documents/GitHub/MyProject/platkasoyun/Intermediate/Shaders/WorkingDirectory/8964/).
[2024.05.14-10.58.08:259][  0]LogShaderCompilers: Cleaned the shader compiler working directory 'C:/Users/Melih/AppData/Local/Temp/UnrealShaderWorkingDir/928114A941213D5C6EC62BA34A768E0F/'.
[2024.05.14-10.58.08:259][  0]LogXGEController: Cannot use XGE Controller as Incredibuild is not installed on this machine.
[2024.05.14-10.58.08:259][  0]LogShaderCompilers: Cannot use XGE Shader Compiler as Incredibuild is not installed on this machine.
[2024.05.14-10.58.08:259][  0]LogShaderCompilers: Display: Using Local Shader Compiler.
[2024.05.14-10.58.09:308][  0]LogDerivedDataCache: Display: Max Cache Size: 512 MB
[2024.05.14-10.58.09:404][  0]LogDerivedDataCache: Loaded boot cache 0.10s 94MB C:/Users/Melih/AppData/Local/UnrealEngine/4.27/DerivedDataCache/Boot.ddc.
[2024.05.14-10.58.09:404][  0]LogDerivedDataCache: Display: Loaded Boot cache: C:/Users/Melih/AppData/Local/UnrealEngine/4.27/DerivedDataCache/Boot.ddc
[2024.05.14-10.58.09:405][  0]LogDerivedDataCache: FDerivedDataBackendGraph:  Pak pak cache file ../../../../../../Users/Melih/Documents/GitHub/MyProject/platkasoyun/DerivedDataCache/DDC.ddp not found, will not use a pak cache.
[2024.05.14-10.58.09:405][  0]LogDerivedDataCache: Unable to find inner node Pak for hierarchical cache Hierarchy.
[2024.05.14-10.58.09:405][  0]LogDerivedDataCache: FDerivedDataBackendGraph:  CompressedPak pak cache file ../../../../../../Users/Melih/Documents/GitHub/MyProject/platkasoyun/DerivedDataCache/Compressed.ddp not found, will not use a pak cache.
[2024.05.14-10.58.09:405][  0]LogDerivedDataCache: Unable to find inner node CompressedPak for hierarchical cache Hierarchy.
[2024.05.14-10.58.09:434][  0]LogDerivedDataCache: Display: Pak cache opened for reading ../../../Engine/DerivedDataCache/Compressed.ddp.
[2024.05.14-10.58.09:434][  0]LogDerivedDataCache: FDerivedDataBackendGraph:  EnterprisePak pak cache file ../../../Enterprise/DerivedDataCache/Compressed.ddp not found, will not use a pak cache.
[2024.05.14-10.58.09:434][  0]LogDerivedDataCache: Unable to find inner node EnterprisePak for hierarchical cache Hierarchy.
[2024.05.14-10.58.09:452][  0]LogDerivedDataCache: Speed tests for C:/Users/Melih/AppData/Local/UnrealEngine/Common/DerivedDataCache took 0.02 seconds
[2024.05.14-10.58.09:452][  0]LogDerivedDataCache: Display: Performance to C:/Users/Melih/AppData/Local/UnrealEngine/Common/DerivedDataCache: Latency=0.28ms. RandomReadSpeed=168.85MBs, RandomWriteSpeed=100.65MBs. Assigned SpeedClass 'Local'
[2024.05.14-10.58.09:453][  0]LogDerivedDataCache: Using Local data cache path C:/Users/Melih/AppData/Local/UnrealEngine/Common/DerivedDataCache: Writable
[2024.05.14-10.58.09:453][  0]LogDerivedDataCache: Shared data cache path not found in *engine.ini, will not use an Shared cache.
[2024.05.14-10.58.09:453][  0]LogDerivedDataCache: Unable to find inner node Shared for hierarchical cache Hierarchy.
[2024.05.14-10.58.09:517][  0]LogSlate: Using FreeType 2.10.0
[2024.05.14-10.58.09:519][  0]LogSlate: SlateFontServices - WITH_FREETYPE: 1, WITH_HARFBUZZ: 1
[2024.05.14-10.58.09:550][  0]LogAssetRegistry: FAssetRegistry took 0.0037 seconds to start up
[2024.05.14-10.58.09:870][  0]LogInit: Selected Device Profile: [Windows]
[2024.05.14-10.58.09:870][  0]LogInit: Active device profile: [000001A702858F00][000001A701FBA440 49] Windows
[2024.05.14-10.58.09:870][  0]LogInit: Profiles: [000001A702858F00][000001A701FBA440 49] Windows, [000001A702802400][000001A701FC25C0 49] WindowsNoEditor, [000001A702859F00][000001A701FC6740 49] WindowsServer, [000001A702801600][000001A701FCA8C0 49] WindowsClient, [000001A702859000][000001A701FBEA00 49] IOS, [000001A702803A00][000001A701FCEB40 49] iPadAir, [000001A70285B300][000001A701FD2C80 49] iPadAir2, [000001A7027B5300][000001A701FDEF00 49] IPadPro, [000001A7027B5400][000001A701FD6F40 49] iPadAir3, [000001A702800B00][000001A701FE30C0 49] iPadAir4, [000001A7027B6100][000001A701FE7240 49] iPadMini2, [000001A702803400][000001A701FEB3C0 49] iPadMini3, [000001A7027B6C00][000001A701FEF540 49] iPadMini4, [000001A702802700][000001A701FF36C0 49] iPadMini5, [000001A7027F0E00][000001A701FFB980 49] iPhone6, [000001A7027F0F00][000001A701FF79C0 49] iPodTouch6, [000001A70285A800][000001A703266100 49] iPhone7, [000001A70285A900][000001A703262140 49] iPodTouch7, [000001A7027B4C00][000001A70326A2C0 49] iPhone5S, [000001A702859300][000001A70326E440 49] iPhone6Plus, [000001A7027B6A00][000001A7032725C0 49] iPhone6S, [000001A70285AD00][000001A703276740 49] iPhone6SPlus, [000001A7027F0100][000001A70327A8C0 49] iPhone7Plus, [000001A7027B5D00][000001A70327EA40 49] iPhoneSE, [000001A7027F0C00][000001A701FDAB80 49] iPhone8, [000001A7027B4400][000001A703282CC0 49] iPhone8Plus, [000001A7027F2A00][000001A7032F2E00 49] iPhoneX, [000001A7027B7C00][000001A7032FAF40 49] iPhoneXS, [000001A7027F2900][000001A7033670C0 49] iPhoneXSMax, [000001A7027B4B00][000001A70337B240 49] iPhoneXR, [000001A70285B800][000001A7033FD3C0 49] iPhone11, [000001A7027B7D00][000001A70340D540 49] iPhone11Pro, [000001A702859C00][000001A7763B56C0 49] iPhone11ProMax, [000001A7027B5100][000001A7763C1840 49] iPhoneSE2, [000001A702859200][000001A7764159C0 49] iPhone12Mini, [000001A7027B7100][000001A7054BFB40 49] iPhone12, [000001A702858900][000001A705572140 49] iPhone12Pro, [000001A7027B4D00][000001A701D3C2C0 49] iPhone12ProMax, [000001A70285BC00][000001A701D48440 49] iPadPro105, [000001A7027B7700][000001A701D4C5C0 49] iPadPro129, [000001A70285B000][000001A701D76740 49] iPadPro97, [000001A7027B4F00][000001A7058088C0 49] iPadPro2_129, [000001A702858C00][000001A70581CA40 49] iPad5, [000001A7027B7B00][000001A701DDEBC0 49] iPad6, [000001A702858400][000001A701E1CD40 49] iPad7, [000001A7027B7E00][000001A703362E80 49] iPad8, [000001A702859B00][000001A7032D6FC0 49] iPadPro11, [000001A7027B6400][000001A7033ED100 49] iPadPro2_11, [000001A702858800][000001A7033F5280 49] iPadPro3_129, [000001A7027B6800][000001A7033F9400 49] iPadPro4_129, [000001A70285AF00][000001A7054B7580 49] AppleTV, [000001A7027B5200][000001A7054BB700 49] AppleTV4K, [000001A702859700][000001A7032DB880 49] TVOS, [000001A7027B7600][000001A7032DFA00 49] Mac, [000001A70285BA00][000001A7032E3B80 49] MacClient, [000001A7027B6500][000001A701E36180 49] MacNoEditor, [000001A702858500][000001A701E3A300 49] MacServer, [000001A7027B6000][000001A7054FE480 49] Linux, [000001A70285BB00][000001A70551C600 49] LinuxAArch64, [000001A7027B4300][000001A70552C780 49] LinuxNoEditor, [000001A70285B700][000001A705540900 49] LinuxAArch64NoEditor, [000001A7027B6600][000001A705544A80 49] LinuxClient, [000001A70285A600][000001A705548C00 49] LinuxAArch64Client, [000001A7027B5A00][000001A70554CD80 49] LinuxServer, [000001A702858200][000001A70555AF00 49] LinuxAArch64Server, [000001A7027B5600][000001A7033F1040 49] Android, [000001A70285A100][000001A70555F180 49] Android_Low, [000001A7027B7800][000001A7055632C0 49] Android_Mid, [000001A702858600][000001A70556B440 49] Android_High, [000001A7027B6300][000001A70556F5C0 49] Android_Default, [000001A70285A300][000001A70557B740 49] Android_Adreno4xx, [000001A7027B7000][000001A7032878C0 49] Android_Adreno5xx_Low, [000001A70285AA00][000001A70328BA40 49] Android_Adreno5xx, [000001A7027B4100][000001A7032B1BC0 49] Android_Adreno6xx, [000001A702858B00][000001A7032BA1C0 49] Android_Adreno6xx_Vulkan, [000001A7027B4A00][000001A7032C6340 49] Android_Mali_T6xx, [000001A702858700][000001A7032CA4C0 49] Android_Mali_T7xx, [000001A702801A00][000001A7032CE640 49] Android_Mali_T8xx, [000001A7027F0300][000001A7032D27C0 49] Android_Mali_G71, [000001A702800600][000001A705C10940 49] Android_Mali_G72, [000001A7027F1200][000001A705C14AC0 49] Android_Mali_G72_Vulkan, [000001A702803E00][000001A705C22C40 49] Android_Mali_G76, [000001A7027F0700][000001A705C26DC0 49] Android_Mali_G76_Vulkan, [000001A702803D00][000001A705C2AF40 49] Android_Mali_G77, [000001A7027F3B00][000001A701DB50C0 49] Android_Mali_G77_Vulkan, [000001A702801B00][000001A705567200 49] Android_Mali_G78, [000001A7027F3100][000001A705C19340 49] Android_Mali_G78_Vulkan, [000001A702803900][000001A705C0D480 49] Android_Mali_G710, [000001A7027F2C00][000001A701DC55C0 49] Android_Mali_G710_Vulkan, [000001A702803600][000001A701DCD740 49] Android_Vulkan_SM5, [000001A7027F3800][000001A701DD18C0 49] Android_PowerVR_G6xxx, [000001A702801900][000001A701D7BA40 49] Android_PowerVR_GT7xxx, [000001A7027F1D00][000001A701D7FBC0 49] Android_PowerVR_GE8xxx, [000001A702802D00][000001A76F4E61C0 49] Android_PowerVR_GM9xxx, [000001A7027F0800][000001A76F4EA340 49] Android_PowerVR_GM9xxx_Vulkan, [000001A702801C00][000001A76F4EE4C0 49] Android_TegraK1, [000001A7027F1000][000001A76F4F2640 49] Android_Unknown_Vulkan, [000001A702802300][000001A76F4F67C0 49] Lumin, [000001A7027F3E00][000001A76F4FA940 49] Lumin_Desktop, [000001A702802B00][000001A76F4FEAC0 49] HoloLens, 
[2024.05.14-10.58.10:062][  0]LogMeshReduction: Using QuadricMeshReduction for automatic static mesh reduction
[2024.05.14-10.58.10:062][  0]LogMeshReduction: Using SimplygonMeshReduction for automatic skeletal mesh reduction
[2024.05.14-10.58.10:062][  0]LogMeshReduction: Using ProxyLODMeshReduction for automatic mesh merging
[2024.05.14-10.58.10:062][  0]LogMeshReduction: No distributed automatic mesh merging module available
[2024.05.14-10.58.10:062][  0]LogMeshMerging: No distributed automatic mesh merging module available
[2024.05.14-10.58.10:090][  0]LogNetVersion: MyProject 1.0.0, NetCL: 17155196, EngineNetVer: 17, GameNetVer: 0 (Checksum: 3629800737)
[2024.05.14-10.58.10:707][  0]LogTexture: Default maximum texture size for cubemaps generated from long-lat sources has been changed from 512 to unlimited. In order to preserve old behaiour for '/Engine/MapTemplates/Sky/DaylightAmbientCubemap.DaylightAmbientCubemap', its maximum texture size has been explicitly set to 512.
[2024.05.14-10.58.10:784][  0]LogHMD: PokeAHoleMaterial loaded successfully
[2024.05.14-10.58.10:791][  0]LogUObjectArray: 17178 objects as part of root set at end of initial load.
[2024.05.14-10.58.10:791][  0]LogUObjectAllocator: 4302048 out of 0 bytes used by permanent object pool.
[2024.05.14-10.58.10:791][  0]LogUObjectArray: CloseDisregardForGC: 0/0 objects in disregard for GC pool
[2024.05.14-10.58.11:099][  0]LogNiagaraDebuggerClient: Niagara Debugger Client Initialized | Session: 274D748547176FDA577D32B97E61B74D | Instance: D05A6290461F709CD592E8B950E334CE (PERKELE-8964).
[2024.05.14-10.58.11:490][  0]LogPython: Using Python 3.7.7
[2024.05.14-10.58.12:258][  0]LogTcpMessaging: Initializing TcpMessaging bridge
[2024.05.14-10.58.12:265][  0]LogUdpMessaging: Initializing bridge on interface 0.0.0.0:0 to multicast group 230.0.0.1:6666.
[2024.05.14-10.58.12:558][  0]SourceControl: Source control is disabled
[2024.05.14-10.58.12:558][  0]SourceControl: Source control is disabled
[2024.05.14-10.58.12:565][  0]SourceControl: Source control is disabled
[2024.05.14-10.58.12:570][  0]SourceControl: Source control is disabled
[2024.05.14-10.58.12:604][  0]LogUProjectInfo: Found projects:
[2024.05.14-10.58.12:610][  0]LogVSAccessor: Display: Unable to create Visual Studio setup instance: 80040154
[2024.05.14-10.58.12:611][  0]LogVSAccessor: Display: Unable to create Visual Studio setup instance: 80040154
[2024.05.14-10.58.12:611][  0]LogVSAccessor: Display: Unable to create Visual Studio setup instance: 80040154
[2024.05.14-10.58.12:617][  0]SourceControl: Source control is disabled
[2024.05.14-10.58.12:980][  0]LogOpenImageDenoise: OIDN starting up
[2024.05.14-10.58.13:031][  0]LogAndroidPermission: UAndroidPermissionCallbackProxy::GetInstance
[2024.05.14-10.58.13:075][  0]LogAudioCaptureCore: Display: No Audio Capture implementations found. Audio input will be silent.
[2024.05.14-10.58.13:075][  0]LogAudioCaptureCore: Display: No Audio Capture implementations found. Audio input will be silent.
[2024.05.14-10.58.13:339][  0]LogCollectionManager: Loaded 0 collections in 0.003266 seconds
[2024.05.14-10.58.13:387][  0]LogFileCache: Scanning file cache for directory 'C:/Users/Melih/Documents/GitHub/MyProject/platkasoyun/Saved/Collections/' took 0.00s
[2024.05.14-10.58.13:387][  0]LogFileCache: Scanning file cache for directory 'C:/Users/Melih/Documents/GitHub/MyProject/platkasoyun/Content/Developers/Melih/Collections/' took 0.00s
[2024.05.14-10.58.13:387][  0]LogFileCache: Scanning file cache for directory 'C:/Users/Melih/Documents/GitHub/MyProject/platkasoyun/Content/Collections/' took 0.00s
[2024.05.14-10.58.13:387][  0]LogOcInput: OculusInput pre-init called
[2024.05.14-10.58.13:756][  0]LogEngine: Initializing Engine...
[2024.05.14-10.58.13:760][  0]LogHMD: Failed to enumerate extensions. Please check that you have a valid OpenXR runtime installed.
[2024.05.14-10.58.13:761][  0]LogHMD: Failed to initialize OpenVR with code 110
[2024.05.14-10.58.13:761][  0]LogMagicLeap: Warning: VR disabled because ZI is not enabled.  To enable, in the editor, Edit -> Project Settings -> Plugins -> Magic Leap Plugin -> Enable Zero Iteration
[2024.05.14-10.58.13:762][  0]LogStats: UGameplayTagsManager::InitializeManager -  0.000 s
[2024.05.14-10.58.13:973][  0]LogInit: Initializing FReadOnlyCVARCache
[2024.05.14-10.58.13:991][  0]LogAIModule: Creating AISystem for world Untitled
[2024.05.14-10.58.14:032][  0]LogAudio: Display: Initializing Audio Device Manager...
[2024.05.14-10.58.14:041][  0]LogAudio: Display: Loading Default Audio Settings Objects...
[2024.05.14-10.58.14:042][  0]LogAudio: Display: No default SoundConcurrencyObject specified (or failed to load).
[2024.05.14-10.58.14:043][  0]LogAudio: Display: Audio Device Manager Initialized
[2024.05.14-10.58.14:043][  0]LogAudio: Display: Creating Audio Device:                 Id: 1, Scope: Shared, Realtime: True
[2024.05.14-10.58.14:043][  0]LogAudioMixer: Display: Audio Mixer Platform Settings:
[2024.05.14-10.58.14:043][  0]LogAudioMixer: Display: 	Sample Rate:						  48000
[2024.05.14-10.58.14:043][  0]LogAudioMixer: Display: 	Callback Buffer Frame Size Requested: 1024
[2024.05.14-10.58.14:043][  0]LogAudioMixer: Display: 	Callback Buffer Frame Size To Use:	  1024
[2024.05.14-10.58.14:043][  0]LogAudioMixer: Display: 	Number of buffers to queue:			  2
[2024.05.14-10.58.14:043][  0]LogAudioMixer: Display: 	Max Channels (voices):				  32
[2024.05.14-10.58.14:043][  0]LogAudioMixer: Display: 	Number of Async Source Workers:		  0
[2024.05.14-10.58.14:043][  0]LogAudio: Display: AudioDevice MaxSources: 32
[2024.05.14-10.58.14:044][  0]LogAudio: Display: Audio Spatialization Plugin: None (built-in).
[2024.05.14-10.58.14:044][  0]LogAudio: Display: Audio Reverb Plugin: None (built-in).
[2024.05.14-10.58.14:044][  0]LogAudio: Display: Audio Occlusion Plugin: None (built-in).
[2024.05.14-10.58.14:044][  0]LogAudioMixer: Display: Initializing audio mixer.
[2024.05.14-10.58.14:065][  0]LogAudioMixer: Display: 0: FrontLeft
[2024.05.14-10.58.14:065][  0]LogAudioMixer: Display: 1: FrontRight
[2024.05.14-10.58.14:282][  0]LogAudioMixer: Display: Using Audio Device Headphones (Realtek(R) Audio)
[2024.05.14-10.58.14:286][  0]LogAudioMixer: Display: Initializing Sound Submixes...
[2024.05.14-10.58.14:291][  0]LogAudioMixer: Display: Creating Master Submix 'MasterSubmixDefault'
[2024.05.14-10.58.14:291][  0]LogAudioMixer: Display: Creating Master Submix 'MasterReverbSubmixDefault'
[2024.05.14-10.58.14:295][  0]LogAudioMixer: Display: Creating Master Submix 'MasterEQSubmixDefault'
[2024.05.14-10.58.14:295][  0]LogAudioMixer: FMixerPlatformXAudio2::StartAudioStream() called
[2024.05.14-10.58.14:295][  0]LogAudioMixer: Display: Output buffers initialized: Frames=1024, Channels=2, Samples=2048
[2024.05.14-10.58.14:296][  0]LogAudioMixer: Display: Starting AudioMixerPlatformInterface::RunInternal()
[2024.05.14-10.58.14:296][  0]LogAudioMixer: Display: FMixerPlatformXAudio2::SubmitBuffer() called for the first time
[2024.05.14-10.58.14:296][  0]LogInit: FAudioDevice initialized.
[2024.05.14-10.58.14:297][  0]LogAudio: Display: Audio Device (ID: 1) registered with world 'Untitled'.
[2024.05.14-10.58.14:297][  0]LogNetVersion: Set ProjectVersion to 1.0.0.0. Version Checksum will be recalculated on next use.
[2024.05.14-10.58.14:453][  0]LogDerivedDataCache: Saved boot cache 0.16s 94MB C:/Users/Melih/AppData/Local/UnrealEngine/4.27/DerivedDataCache/Boot.ddc.
[2024.05.14-10.58.14:453][  0]LogInit: Texture streaming: Enabled
[2024.05.14-10.58.14:482][  0]LogAnalytics: Display: [UEEditor.Rocket.Release] APIServer = https://datarouter.ol.epicgames.com/. AppVersion = 4.27.2-18319896+++UE4+Release-4.27
[2024.05.14-10.58.14:489][  0]LogEngineSessionManager: EngineSessionManager initialized
[2024.05.14-10.58.14:489][  0]LogEditorSessionSummary: Verbose: Initializing EditorSessionSummaryWriter for editor session tracking
[2024.05.14-10.58.14:492][  0]LogEditorSessionSummary: EditorSessionSummaryWriter initialized
[2024.05.14-10.58.14:558][  0]LogInit: Transaction tracking system initialized
[2024.05.14-10.58.14:612][  0]BlueprintLog: New page: Editor Load
[2024.05.14-10.58.14:758][  0]LocalizationService: Localization service is disabled
[2024.05.14-10.58.14:815][  0]TimingProfiler: Initialize
[2024.05.14-10.58.14:816][  0]TimingProfiler: OnSessionChanged
[2024.05.14-10.58.14:816][  0]LoadingProfiler: Initialize
[2024.05.14-10.58.14:816][  0]LoadingProfiler: OnSessionChanged
[2024.05.14-10.58.14:816][  0]NetworkingProfiler: Initialize
[2024.05.14-10.58.14:816][  0]NetworkingProfiler: OnSessionChanged
[2024.05.14-10.58.14:816][  0]MemoryProfiler: Initialize
[2024.05.14-10.58.14:816][  0]MemoryProfiler: OnSessionChanged
[2024.05.14-10.58.14:920][  0]LogVSAccessor: Display: Unable to create Visual Studio setup instance: 80040154
[2024.05.14-10.58.14:920][  0]LogVSAccessor: Display: Unable to create Visual Studio setup instance: 80040154
[2024.05.14-10.58.14:920][  0]LogVSAccessor: Display: Unable to create Visual Studio setup instance: 80040154
[2024.05.14-10.58.15:076][  0]LogCook: Display: CookSettings for Memory: MemoryMaxUsedVirtual 0MiB, MemoryMaxUsedPhysical 16384MiB, MemoryMinFreeVirtual 0MiB, MemoryMinFreePhysical 1024MiB
[2024.05.14-10.58.15:076][  0]LogCook: Display: Mobile HDR setting 1
[2024.05.14-10.58.15:388][  0]LogFileCache: Scanning file cache for directory 'C:/Users/Melih/Documents/GitHub/MyProject/platkasoyun/Content/' took 0.00s
[2024.05.14-10.58.15:594][  0]LogInit: Display: Engine is initialized. Leaving FEngineLoop::Init()
[2024.05.14-10.58.15:600][  0]SourceControl: Source control is disabled
[2024.05.14-10.58.15:600][  0]LogUnrealEdMisc: Loading editor; pre map load, took 11.140
[2024.05.14-10.58.15:600][  0]Cmd: MAP LOAD FILE="../../../../../../Users/Melih/Documents/GitHub/MyProject/platkasoyun/Content/SideScrollerBP/Maps/SideScrollerExampleMap.umap" TEMPLATE=0 SHOWPROGRESS=1 FEATURELEVEL=3
[2024.05.14-10.58.15:600][  0]LightingResults: New page: Lighting Build
[2024.05.14-10.58.15:603][  0]LogWorld: UWorld::CleanupWorld for Untitled, bSessionEnded=true, bCleanupResources=true
[2024.05.14-10.58.15:603][  0]LogSlate: InvalidateAllWidgets triggered.  All widgets were invalidated
[2024.05.14-10.58.15:603][  0]MapCheck: New page: Map Check
[2024.05.14-10.58.15:603][  0]LightingResults: New page: Lighting Build
[2024.05.14-10.58.15:608][  0]LogAudio: Display: Audio Device unregistered from world 'None'.
[2024.05.14-10.58.15:612][  0]LogUObjectHash: Compacting FUObjectHashTables data took   1.14ms
[2024.05.14-10.58.16:292][  0]LogStaticMesh: Building static mesh trimsheetscifichest_Cube_012...
[2024.05.14-10.58.16:302][  0]LogStaticMesh: Built static mesh [0.01s] /Game/SideScrollerBP/BuildFiles/trimsheetscifichest_Cube_012.trimsheetscifichest_Cube_012
[2024.05.14-10.58.16:304][  0]LogStaticMesh: Building static mesh trimsheetscifichest_Cube_014...
[2024.05.14-10.58.16:308][  0]LogStaticMesh: Built static mesh [0.00s] /Game/SideScrollerBP/BuildFiles/trimsheetscifichest_Cube_014.trimsheetscifichest_Cube_014
[2024.05.14-10.58.16:318][  0]LogStaticMesh: Building static mesh trimsheetscifi_boru...
[2024.05.14-10.58.16:321][  0]LogStaticMesh: Built static mesh [0.00s] /Game/SideScrollerBP/BuildFiles/trimsheetscifi_boru.trimsheetscifi_boru
[2024.05.14-10.58.16:322][  0]LogStaticMesh: Building static mesh trimsheetscifi_button...
[2024.05.14-10.58.16:330][  0]LogStaticMesh: Built static mesh [0.01s] /Game/SideScrollerBP/BuildFiles/trimsheetscifi_button.trimsheetscifi_button
[2024.05.14-10.58.16:333][  0]LogStaticMesh: Building static mesh trimsheetscifi_door...
[2024.05.14-10.58.16:338][  0]LogStaticMesh: Built static mesh [0.00s] /Game/SideScrollerBP/BuildFiles/trimsheetscifi_door.trimsheetscifi_door
[2024.05.14-10.58.16:350][  0]LogStaticMesh: Building static mesh trimsheetscifi_Plane_011...
[2024.05.14-10.58.16:353][  0]LogStaticMesh: Built static mesh [0.00s] /Game/SideScrollerBP/BuildFiles/trimsheetscifi_Plane_011.trimsheetscifi_Plane_011
[2024.05.14-10.58.16:356][  0]LogStaticMesh: Building static mesh trimsheetscifi_airconditioner...
[2024.05.14-10.58.16:360][  0]LogStaticMesh: Built static mesh [0.00s] /Game/SideScrollerBP/BuildFiles/trimsheetscifi_airconditioner.trimsheetscifi_airconditioner
[2024.05.14-10.58.16:362][  0]LogStaticMesh: Building static mesh trimsheetscifi_borubended_Cube_013...
[2024.05.14-10.58.16:366][  0]LogStaticMesh: Built static mesh [0.00s] /Game/SideScrollerBP/BuildFiles/trimsheetscifi_borubended_Cube_013.trimsheetscifi_borubended_Cube_013
[2024.05.14-10.58.16:369][  0]LogStaticMesh: Building static mesh trimsheetscifi_box...
[2024.05.14-10.58.16:373][  0]LogStaticMesh: Built static mesh [0.00s] /Game/SideScrollerBP/BuildFiles/trimsheetscifi_box.trimsheetscifi_box
[2024.05.14-10.58.16:375][  0]LogStaticMesh: Building static mesh trimsheetscifi_stair...
[2024.05.14-10.58.16:383][  0]LogStaticMesh: Built static mesh [0.01s] /Game/SideScrollerBP/BuildFiles/trimsheetscifi_stair.trimsheetscifi_stair
[2024.05.14-10.58.16:385][  0]LogStaticMesh: Building static mesh trimsheetscifi_Cylinder_002...
[2024.05.14-10.58.16:390][  0]LogStaticMesh: Built static mesh [0.01s] /Game/SideScrollerBP/BuildFiles/trimsheetscifi_Cylinder_002.trimsheetscifi_Cylinder_002
[2024.05.14-10.58.16:393][  0]LogStaticMesh: Building static mesh trimsheetscifi_Cylinder_003...
[2024.05.14-10.58.16:398][  0]LogStaticMesh: Built static mesh [0.01s] /Game/SideScrollerBP/BuildFiles/trimsheetscifi_Cylinder_003.trimsheetscifi_Cylinder_003
[2024.05.14-10.58.16:401][  0]LogStaticMesh: Building static mesh trimsheetscifi_Plane_004...
[2024.05.14-10.58.16:404][  0]LogStaticMesh: Built static mesh [0.00s] /Game/SideScrollerBP/BuildFiles/trimsheetscifi_Plane_004.trimsheetscifi_Plane_004
[2024.05.14-10.58.16:406][  0]LogStaticMesh: Building static mesh trimsheetscifi_Plane_007...
[2024.05.14-10.58.16:409][  0]LogStaticMesh: Built static mesh [0.00s] /Game/SideScrollerBP/BuildFiles/trimsheetscifi_Plane_007.trimsheetscifi_Plane_007
[2024.05.14-10.58.16:412][  0]LogStaticMesh: Building static mesh trimsheetscifi_Plane_009...
[2024.05.14-10.58.16:417][  0]LogStaticMesh: Built static mesh [0.01s] /Game/SideScrollerBP/BuildFiles/trimsheetscifi_Plane_009.trimsheetscifi_Plane_009
[2024.05.14-10.58.16:419][  0]LogStaticMesh: Building static mesh trimsheetscifi_Plane_012...
[2024.05.14-10.58.16:429][  0]LogStaticMesh: Built static mesh [0.01s] /Game/SideScrollerBP/BuildFiles/trimsheetscifi_Plane_012.trimsheetscifi_Plane_012
[2024.05.14-10.58.16:432][  0]LogStaticMesh: Building static mesh trimsheetscifi_Plane_013...
[2024.05.14-10.58.16:438][  0]LogStaticMesh: Built static mesh [0.01s] /Game/SideScrollerBP/BuildFiles/trimsheetscifi_Plane_013.trimsheetscifi_Plane_013
[2024.05.14-10.58.16:650][  0]LogAudio: Display: Audio Device (ID: 1) registered with world 'SideScrollerExampleMap'.
[2024.05.14-10.58.16:651][  0]LogAIModule: Creating AISystem for world SideScrollerExampleMap
[2024.05.14-10.58.16:723][  0]LogEditorServer: Finished looking for orphan Actors (0.000 secs)
[2024.05.14-10.58.16:746][  0]LogUObjectHash: Compacting FUObjectHashTables data took   1.55ms
[2024.05.14-10.58.16:749][  0]Cmd: MAP CHECKDEP NOCLEARLOG
[2024.05.14-10.58.16:750][  0]MapCheck: Map check complete: 0 Error(s), 0 Warning(s), took 0,277ms to complete.
[2024.05.14-10.58.16:750][  0]LogFileHelpers: Loading map 'SideScrollerExampleMap' took 1.150
[2024.05.14-10.58.16:752][  0]LogUnrealEdMisc: Total Editor Startup Time, took 12.292
[2024.05.14-10.58.16:883][  0]LogSlate: Updating window title bar state: overlay mode, drag disabled, window buttons hidden, title bar hidden
[2024.05.14-10.58.16:892][  0]LogSlate: Updating window title bar state: overlay mode, drag disabled, window buttons hidden, title bar hidden
[2024.05.14-10.58.16:903][  0]LogSlate: Updating window title bar state: overlay mode, drag disabled, window buttons hidden, title bar hidden
[2024.05.14-10.58.16:913][  0]LogSlate: Updating window title bar state: overlay mode, drag disabled, window buttons hidden, title bar hidden
[2024.05.14-10.58.16:934][  0]LogNativeClassHierarchy: Verbose: Native class hierarchy populated in 0.0151 seconds. Added 3822 classes and 928 folders.
[2024.05.14-10.58.16:938][  0]LogNativeClassHierarchy: Verbose: Native class hierarchy updated for 'WidgetCarousel' in 0.0003 seconds. Added 0 classes and 0 folders.
[2024.05.14-10.58.16:940][  0]LogPakFile: PakFile PrimaryIndexSize=187
[2024.05.14-10.58.16:940][  0]LogPakFile: PakFile PathHashIndexSize=101
[2024.05.14-10.58.16:940][  0]LogPakFile: PakFile FullDirectoryIndexSize=148
[2024.05.14-10.58.16:940][  0]LogShaderLibrary: Display: ShaderCodeLibraryPakFileMountedCallback: PakFile 'C:/Program Files/Epic Games/UE_4.27/FeaturePacks/FP_FirstPerson.upack' (chunk index -1, root 'root:/') mounted
[2024.05.14-10.58.16:940][  0]LogShaderLibrary: Display: ShaderCodeLibraryPakFileMountedCallback: pending pak file info (ChunkID:-1 Root:root:/ File:C:/Program Files/Epic Games/UE_4.27/FeaturePacks/FP_FirstPerson.upack)
[2024.05.14-10.58.16:940][  0]LogPakFile: OnPakFileMounted2Time == 0.000086
[2024.05.14-10.58.16:943][  0]LogPakFile: PakFile PrimaryIndexSize=189
[2024.05.14-10.58.16:943][  0]LogPakFile: PakFile PathHashIndexSize=101
[2024.05.14-10.58.16:943][  0]LogPakFile: PakFile FullDirectoryIndexSize=152
[2024.05.14-10.58.16:943][  0]LogShaderLibrary: Display: ShaderCodeLibraryPakFileMountedCallback: PakFile 'C:/Program Files/Epic Games/UE_4.27/FeaturePacks/FP_FirstPersonBP.upack' (chunk index -1, root 'root:/') mounted
[2024.05.14-10.58.16:943][  0]LogShaderLibrary: Display: ShaderCodeLibraryPakFileMountedCallback: pending pak file info (ChunkID:-1 Root:root:/ File:C:/Program Files/Epic Games/UE_4.27/FeaturePacks/FP_FirstPersonBP.upack)
[2024.05.14-10.58.16:943][  0]LogPakFile: OnPakFileMounted2Time == 0.000058
[2024.05.14-10.58.16:945][  0]LogPakFile: PakFile PrimaryIndexSize=191
[2024.05.14-10.58.16:945][  0]LogPakFile: PakFile PathHashIndexSize=101
[2024.05.14-10.58.16:945][  0]LogPakFile: PakFile FullDirectoryIndexSize=160
[2024.05.14-10.58.16:945][  0]LogShaderLibrary: Display: ShaderCodeLibraryPakFileMountedCallback: PakFile 'C:/Program Files/Epic Games/UE_4.27/FeaturePacks/MobileStarterContent.upack' (chunk index -1, root 'root:/') mounted
[2024.05.14-10.58.16:945][  0]LogShaderLibrary: Display: ShaderCodeLibraryPakFileMountedCallback: pending pak file info (ChunkID:-1 Root:root:/ File:C:/Program Files/Epic Games/UE_4.27/FeaturePacks/MobileStarterContent.upack)
[2024.05.14-10.58.16:945][  0]LogPakFile: OnPakFileMounted2Time == 0.000052
[2024.05.14-10.58.16:947][  0]LogPakFile: PakFile PrimaryIndexSize=185
[2024.05.14-10.58.16:947][  0]LogPakFile: PakFile PathHashIndexSize=101
[2024.05.14-10.58.16:947][  0]LogPakFile: PakFile FullDirectoryIndexSize=148
[2024.05.14-10.58.16:947][  0]LogShaderLibrary: Display: ShaderCodeLibraryPakFileMountedCallback: PakFile 'C:/Program Files/Epic Games/UE_4.27/FeaturePacks/StarterContent.upack' (chunk index -1, root 'root:/') mounted
[2024.05.14-10.58.16:947][  0]LogShaderLibrary: Display: ShaderCodeLibraryPakFileMountedCallback: pending pak file info (ChunkID:-1 Root:root:/ File:C:/Program Files/Epic Games/UE_4.27/FeaturePacks/StarterContent.upack)
[2024.05.14-10.58.16:947][  0]LogPakFile: OnPakFileMounted2Time == 0.000110
[2024.05.14-10.58.16:949][  0]LogPakFile: PakFile PrimaryIndexSize=190
[2024.05.14-10.58.16:949][  0]LogPakFile: PakFile PathHashIndexSize=101
[2024.05.14-10.58.16:949][  0]LogPakFile: PakFile FullDirectoryIndexSize=154
[2024.05.14-10.58.16:949][  0]LogShaderLibrary: Display: ShaderCodeLibraryPakFileMountedCallback: PakFile 'C:/Program Files/Epic Games/UE_4.27/FeaturePacks/TP_2DSideScroller.upack' (chunk index -1, root 'root:/') mounted
[2024.05.14-10.58.16:949][  0]LogShaderLibrary: Display: ShaderCodeLibraryPakFileMountedCallback: pending pak file info (ChunkID:-1 Root:root:/ File:C:/Program Files/Epic Games/UE_4.27/FeaturePacks/TP_2DSideScroller.upack)
[2024.05.14-10.58.16:949][  0]LogPakFile: OnPakFileMounted2Time == 0.000054
[2024.05.14-10.58.16:951][  0]LogPakFile: PakFile PrimaryIndexSize=192
[2024.05.14-10.58.16:951][  0]LogPakFile: PakFile PathHashIndexSize=101
[2024.05.14-10.58.16:951][  0]LogPakFile: PakFile FullDirectoryIndexSize=158
[2024.05.14-10.58.16:951][  0]LogShaderLibrary: Display: ShaderCodeLibraryPakFileMountedCallback: PakFile 'C:/Program Files/Epic Games/UE_4.27/FeaturePacks/TP_2DSideScrollerBP.upack' (chunk index -1, root 'root:/') mounted
[2024.05.14-10.58.16:951][  0]LogShaderLibrary: Display: ShaderCodeLibraryPakFileMountedCallback: pending pak file info (ChunkID:-1 Root:root:/ File:C:/Program Files/Epic Games/UE_4.27/FeaturePacks/TP_2DSideScrollerBP.upack)
[2024.05.14-10.58.16:951][  0]LogPakFile: OnPakFileMounted2Time == 0.000053
[2024.05.14-10.58.16:954][  0]LogPakFile: PakFile PrimaryIndexSize=182
[2024.05.14-10.58.16:954][  0]LogPakFile: PakFile PathHashIndexSize=101
[2024.05.14-10.58.16:954][  0]LogPakFile: PakFile FullDirectoryIndexSize=138
[2024.05.14-10.58.16:954][  0]LogShaderLibrary: Display: ShaderCodeLibraryPakFileMountedCallback: PakFile 'C:/Program Files/Epic Games/UE_4.27/FeaturePacks/TP_Flying.upack' (chunk index -1, root 'root:/') mounted
[2024.05.14-10.58.16:954][  0]LogShaderLibrary: Display: ShaderCodeLibraryPakFileMountedCallback: pending pak file info (ChunkID:-1 Root:root:/ File:C:/Program Files/Epic Games/UE_4.27/FeaturePacks/TP_Flying.upack)
[2024.05.14-10.58.16:954][  0]LogPakFile: OnPakFileMounted2Time == 0.000050
[2024.05.14-10.58.16:956][  0]LogPakFile: PakFile PrimaryIndexSize=184
[2024.05.14-10.58.16:956][  0]LogPakFile: PakFile PathHashIndexSize=101
[2024.05.14-10.58.16:956][  0]LogPakFile: PakFile FullDirectoryIndexSize=142
[2024.05.14-10.58.16:956][  0]LogShaderLibrary: Display: ShaderCodeLibraryPakFileMountedCallback: PakFile 'C:/Program Files/Epic Games/UE_4.27/FeaturePacks/TP_FlyingBP.upack' (chunk index -1, root 'root:/') mounted
[2024.05.14-10.58.16:956][  0]LogShaderLibrary: Display: ShaderCodeLibraryPakFileMountedCallback: pending pak file info (ChunkID:-1 Root:root:/ File:C:/Program Files/Epic Games/UE_4.27/FeaturePacks/TP_FlyingBP.upack)
[2024.05.14-10.58.16:956][  0]LogPakFile: OnPakFileMounted2Time == 0.000078
[2024.05.14-10.58.16:958][  0]LogPakFile: PakFile PrimaryIndexSize=188
[2024.05.14-10.58.16:958][  0]LogPakFile: PakFile PathHashIndexSize=101
[2024.05.14-10.58.16:958][  0]LogPakFile: PakFile FullDirectoryIndexSize=150
[2024.05.14-10.58.16:958][  0]LogShaderLibrary: Display: ShaderCodeLibraryPakFileMountedCallback: PakFile 'C:/Program Files/Epic Games/UE_4.27/FeaturePacks/TP_HandheldARBP.upack' (chunk index -1, root 'root:/') mounted
[2024.05.14-10.58.16:958][  0]LogShaderLibrary: Display: ShaderCodeLibraryPakFileMountedCallback: pending pak file info (ChunkID:-1 Root:root:/ File:C:/Program Files/Epic Games/UE_4.27/FeaturePacks/TP_HandheldARBP.upack)
[2024.05.14-10.58.16:958][  0]LogPakFile: OnPakFileMounted2Time == 0.000054
[2024.05.14-10.58.16:963][  0]LogPakFile: PakFile PrimaryIndexSize=182
[2024.05.14-10.58.16:963][  0]LogPakFile: PakFile PathHashIndexSize=101
[2024.05.14-10.58.16:963][  0]LogPakFile: PakFile FullDirectoryIndexSize=138
[2024.05.14-10.58.16:963][  0]LogShaderLibrary: Display: ShaderCodeLibraryPakFileMountedCallback: PakFile 'C:/Program Files/Epic Games/UE_4.27/FeaturePacks/TP_Puzzle.upack' (chunk index -1, root 'root:/') mounted
[2024.05.14-10.58.16:963][  0]LogShaderLibrary: Display: ShaderCodeLibraryPakFileMountedCallback: pending pak file info (ChunkID:-1 Root:root:/ File:C:/Program Files/Epic Games/UE_4.27/FeaturePacks/TP_Puzzle.upack)
[2024.05.14-10.58.16:963][  0]LogPakFile: OnPakFileMounted2Time == 0.000052
[2024.05.14-10.58.16:965][  0]LogPakFile: PakFile PrimaryIndexSize=184
[2024.05.14-10.58.16:965][  0]LogPakFile: PakFile PathHashIndexSize=101
[2024.05.14-10.58.16:965][  0]LogPakFile: PakFile FullDirectoryIndexSize=142
[2024.05.14-10.58.16:965][  0]LogShaderLibrary: Display: ShaderCodeLibraryPakFileMountedCallback: PakFile 'C:/Program Files/Epic Games/UE_4.27/FeaturePacks/TP_PuzzleBP.upack' (chunk index -1, root 'root:/') mounted
[2024.05.14-10.58.16:965][  0]LogShaderLibrary: Display: ShaderCodeLibraryPakFileMountedCallback: pending pak file info (ChunkID:-1 Root:root:/ File:C:/Program Files/Epic Games/UE_4.27/FeaturePacks/TP_PuzzleBP.upack)
[2024.05.14-10.58.16:965][  0]LogPakFile: OnPakFileMounted2Time == 0.000051
[2024.05.14-10.58.16:967][  0]LogPakFile: PakFile PrimaryIndexSize=183
[2024.05.14-10.58.16:967][  0]LogPakFile: PakFile PathHashIndexSize=101
[2024.05.14-10.58.16:967][  0]LogPakFile: PakFile FullDirectoryIndexSize=140
[2024.05.14-10.58.16:967][  0]LogShaderLibrary: Display: ShaderCodeLibraryPakFileMountedCallback: PakFile 'C:/Program Files/Epic Games/UE_4.27/FeaturePacks/TP_Rolling.upack' (chunk index -1, root 'root:/') mounted
[2024.05.14-10.58.16:967][  0]LogShaderLibrary: Display: ShaderCodeLibraryPakFileMountedCallback: pending pak file info (ChunkID:-1 Root:root:/ File:C:/Program Files/Epic Games/UE_4.27/FeaturePacks/TP_Rolling.upack)
[2024.05.14-10.58.16:967][  0]LogPakFile: OnPakFileMounted2Time == 0.000051
[2024.05.14-10.58.16:968][  0]LogPakFile: PakFile PrimaryIndexSize=185
[2024.05.14-10.58.16:968][  0]LogPakFile: PakFile PathHashIndexSize=101
[2024.05.14-10.58.16:968][  0]LogPakFile: PakFile FullDirectoryIndexSize=144
[2024.05.14-10.58.16:968][  0]LogShaderLibrary: Display: ShaderCodeLibraryPakFileMountedCallback: PakFile 'C:/Program Files/Epic Games/UE_4.27/FeaturePacks/TP_RollingBP.upack' (chunk index -1, root 'root:/') mounted
[2024.05.14-10.58.16:968][  0]LogShaderLibrary: Display: ShaderCodeLibraryPakFileMountedCallback: pending pak file info (ChunkID:-1 Root:root:/ File:C:/Program Files/Epic Games/UE_4.27/FeaturePacks/TP_RollingBP.upack)
[2024.05.14-10.58.16:968][  0]LogPakFile: OnPakFileMounted2Time == 0.000055
[2024.05.14-10.58.16:971][  0]LogPakFile: PakFile PrimaryIndexSize=188
[2024.05.14-10.58.16:972][  0]LogPakFile: PakFile PathHashIndexSize=101
[2024.05.14-10.58.16:972][  0]LogPakFile: PakFile FullDirectoryIndexSize=150
[2024.05.14-10.58.16:972][  0]LogShaderLibrary: Display: ShaderCodeLibraryPakFileMountedCallback: PakFile 'C:/Program Files/Epic Games/UE_4.27/FeaturePacks/TP_SideScroller.upack' (chunk index -1, root 'root:/') mounted
[2024.05.14-10.58.16:972][  0]LogShaderLibrary: Display: ShaderCodeLibraryPakFileMountedCallback: pending pak file info (ChunkID:-1 Root:root:/ File:C:/Program Files/Epic Games/UE_4.27/FeaturePacks/TP_SideScroller.upack)
[2024.05.14-10.58.16:972][  0]LogPakFile: OnPakFileMounted2Time == 0.000077
[2024.05.14-10.58.16:973][  0]LogPakFile: PakFile PrimaryIndexSize=190
[2024.05.14-10.58.16:973][  0]LogPakFile: PakFile PathHashIndexSize=101
[2024.05.14-10.58.16:973][  0]LogPakFile: PakFile FullDirectoryIndexSize=154
[2024.05.14-10.58.16:973][  0]LogShaderLibrary: Display: ShaderCodeLibraryPakFileMountedCallback: PakFile 'C:/Program Files/Epic Games/UE_4.27/FeaturePacks/TP_SideScrollerBP.upack' (chunk index -1, root 'root:/') mounted
[2024.05.14-10.58.16:973][  0]LogShaderLibrary: Display: ShaderCodeLibraryPakFileMountedCallback: pending pak file info (ChunkID:-1 Root:root:/ File:C:/Program Files/Epic Games/UE_4.27/FeaturePacks/TP_SideScrollerBP.upack)
[2024.05.14-10.58.16:973][  0]LogPakFile: OnPakFileMounted2Time == 0.000053
[2024.05.14-10.58.16:975][  0]LogPakFile: PakFile PrimaryIndexSize=187
[2024.05.14-10.58.16:975][  0]LogPakFile: PakFile PathHashIndexSize=101
[2024.05.14-10.58.16:975][  0]LogPakFile: PakFile FullDirectoryIndexSize=148
[2024.05.14-10.58.16:975][  0]LogShaderLibrary: Display: ShaderCodeLibraryPakFileMountedCallback: PakFile 'C:/Program Files/Epic Games/UE_4.27/FeaturePacks/TP_ThirdPerson.upack' (chunk index -1, root 'root:/') mounted
[2024.05.14-10.58.16:975][  0]LogShaderLibrary: Display: ShaderCodeLibraryPakFileMountedCallback: pending pak file info (ChunkID:-1 Root:root:/ File:C:/Program Files/Epic Games/UE_4.27/FeaturePacks/TP_ThirdPerson.upack)
[2024.05.14-10.58.16:975][  0]LogPakFile: OnPakFileMounted2Time == 0.000060
[2024.05.14-10.58.16:977][  0]LogPakFile: PakFile PrimaryIndexSize=189
[2024.05.14-10.58.16:977][  0]LogPakFile: PakFile PathHashIndexSize=101
[2024.05.14-10.58.16:977][  0]LogPakFile: PakFile FullDirectoryIndexSize=152
[2024.05.14-10.58.16:977][  0]LogShaderLibrary: Display: ShaderCodeLibraryPakFileMountedCallback: PakFile 'C:/Program Files/Epic Games/UE_4.27/FeaturePacks/TP_ThirdPersonBP.upack' (chunk index -1, root 'root:/') mounted
[2024.05.14-10.58.16:977][  0]LogShaderLibrary: Display: ShaderCodeLibraryPakFileMountedCallback: pending pak file info (ChunkID:-1 Root:root:/ File:C:/Program Files/Epic Games/UE_4.27/FeaturePacks/TP_ThirdPersonBP.upack)
[2024.05.14-10.58.16:977][  0]LogPakFile: OnPakFileMounted2Time == 0.000055
[2024.05.14-10.58.16:980][  0]LogPakFile: PakFile PrimaryIndexSize=183
[2024.05.14-10.58.16:980][  0]LogPakFile: PakFile PathHashIndexSize=101
[2024.05.14-10.58.16:980][  0]LogPakFile: PakFile FullDirectoryIndexSize=140
[2024.05.14-10.58.16:980][  0]LogShaderLibrary: Display: ShaderCodeLibraryPakFileMountedCallback: PakFile 'C:/Program Files/Epic Games/UE_4.27/FeaturePacks/TP_TopDown.upack' (chunk index -1, root 'root:/') mounted
[2024.05.14-10.58.16:980][  0]LogShaderLibrary: Display: ShaderCodeLibraryPakFileMountedCallback: pending pak file info (ChunkID:-1 Root:root:/ File:C:/Program Files/Epic Games/UE_4.27/FeaturePacks/TP_TopDown.upack)
[2024.05.14-10.58.16:980][  0]LogPakFile: OnPakFileMounted2Time == 0.000061
[2024.05.14-10.58.16:982][  0]LogPakFile: PakFile PrimaryIndexSize=185
[2024.05.14-10.58.16:982][  0]LogPakFile: PakFile PathHashIndexSize=101
[2024.05.14-10.58.16:982][  0]LogPakFile: PakFile FullDirectoryIndexSize=144
[2024.05.14-10.58.16:982][  0]LogShaderLibrary: Display: ShaderCodeLibraryPakFileMountedCallback: PakFile 'C:/Program Files/Epic Games/UE_4.27/FeaturePacks/TP_TopDownBP.upack' (chunk index -1, root 'root:/') mounted
[2024.05.14-10.58.16:982][  0]LogShaderLibrary: Display: ShaderCodeLibraryPakFileMountedCallback: pending pak file info (ChunkID:-1 Root:root:/ File:C:/Program Files/Epic Games/UE_4.27/FeaturePacks/TP_TopDownBP.upack)
[2024.05.14-10.58.16:982][  0]LogPakFile: OnPakFileMounted2Time == 0.000051
[2024.05.14-10.58.16:983][  0]LogPakFile: PakFile PrimaryIndexSize=185
[2024.05.14-10.58.16:983][  0]LogPakFile: PakFile PathHashIndexSize=101
[2024.05.14-10.58.16:983][  0]LogPakFile: PakFile FullDirectoryIndexSize=144
[2024.05.14-10.58.16:984][  0]LogShaderLibrary: Display: ShaderCodeLibraryPakFileMountedCallback: PakFile 'C:/Program Files/Epic Games/UE_4.27/FeaturePacks/TP_TwinStick.upack' (chunk index -1, root 'root:/') mounted
[2024.05.14-10.58.16:984][  0]LogShaderLibrary: Display: ShaderCodeLibraryPakFileMountedCallback: pending pak file info (ChunkID:-1 Root:root:/ File:C:/Program Files/Epic Games/UE_4.27/FeaturePacks/TP_TwinStick.upack)
[2024.05.14-10.58.16:984][  0]LogPakFile: OnPakFileMounted2Time == 0.000055
[2024.05.14-10.58.16:985][  0]LogPakFile: PakFile PrimaryIndexSize=187
[2024.05.14-10.58.16:985][  0]LogPakFile: PakFile PathHashIndexSize=101
[2024.05.14-10.58.16:985][  0]LogPakFile: PakFile FullDirectoryIndexSize=148
[2024.05.14-10.58.16:985][  0]LogShaderLibrary: Display: ShaderCodeLibraryPakFileMountedCallback: PakFile 'C:/Program Files/Epic Games/UE_4.27/FeaturePacks/TP_TwinStickBP.upack' (chunk index -1, root 'root:/') mounted
[2024.05.14-10.58.16:985][  0]LogShaderLibrary: Display: ShaderCodeLibraryPakFileMountedCallback: pending pak file info (ChunkID:-1 Root:root:/ File:C:/Program Files/Epic Games/UE_4.27/FeaturePacks/TP_TwinStickBP.upack)
[2024.05.14-10.58.16:985][  0]LogPakFile: OnPakFileMounted2Time == 0.000053
[2024.05.14-10.58.16:987][  0]LogPakFile: PakFile PrimaryIndexSize=183
[2024.05.14-10.58.16:987][  0]LogPakFile: PakFile PathHashIndexSize=101
[2024.05.14-10.58.16:987][  0]LogPakFile: PakFile FullDirectoryIndexSize=140
[2024.05.14-10.58.16:987][  0]LogShaderLibrary: Display: ShaderCodeLibraryPakFileMountedCallback: PakFile 'C:/Program Files/Epic Games/UE_4.27/FeaturePacks/TP_Vehicle.upack' (chunk index -1, root 'root:/') mounted
[2024.05.14-10.58.16:987][  0]LogShaderLibrary: Display: ShaderCodeLibraryPakFileMountedCallback: pending pak file info (ChunkID:-1 Root:root:/ File:C:/Program Files/Epic Games/UE_4.27/FeaturePacks/TP_Vehicle.upack)
[2024.05.14-10.58.16:987][  0]LogPakFile: OnPakFileMounted2Time == 0.000052
[2024.05.14-10.58.16:990][  0]LogPakFile: PakFile PrimaryIndexSize=186
[2024.05.14-10.58.16:990][  0]LogPakFile: PakFile PathHashIndexSize=101
[2024.05.14-10.58.16:990][  0]LogPakFile: PakFile FullDirectoryIndexSize=146
[2024.05.14-10.58.16:990][  0]LogShaderLibrary: Display: ShaderCodeLibraryPakFileMountedCallback: PakFile 'C:/Program Files/Epic Games/UE_4.27/FeaturePacks/TP_VehicleAdv.upack' (chunk index -1, root 'root:/') mounted
[2024.05.14-10.58.16:990][  0]LogShaderLibrary: Display: ShaderCodeLibraryPakFileMountedCallback: pending pak file info (ChunkID:-1 Root:root:/ File:C:/Program Files/Epic Games/UE_4.27/FeaturePacks/TP_VehicleAdv.upack)
[2024.05.14-10.58.16:990][  0]LogPakFile: OnPakFileMounted2Time == 0.000056
[2024.05.14-10.58.16:992][  0]LogPakFile: PakFile PrimaryIndexSize=188
[2024.05.14-10.58.16:992][  0]LogPakFile: PakFile PathHashIndexSize=101
[2024.05.14-10.58.16:992][  0]LogPakFile: PakFile FullDirectoryIndexSize=150
[2024.05.14-10.58.16:992][  0]LogShaderLibrary: Display: ShaderCodeLibraryPakFileMountedCallback: PakFile 'C:/Program Files/Epic Games/UE_4.27/FeaturePacks/TP_VehicleAdvBP.upack' (chunk index -1, root 'root:/') mounted
[2024.05.14-10.58.16:992][  0]LogShaderLibrary: Display: ShaderCodeLibraryPakFileMountedCallback: pending pak file info (ChunkID:-1 Root:root:/ File:C:/Program Files/Epic Games/UE_4.27/FeaturePacks/TP_VehicleAdvBP.upack)
[2024.05.14-10.58.16:992][  0]LogPakFile: OnPakFileMounted2Time == 0.000052
[2024.05.14-10.58.16:993][  0]LogPakFile: PakFile PrimaryIndexSize=185
[2024.05.14-10.58.16:993][  0]LogPakFile: PakFile PathHashIndexSize=101
[2024.05.14-10.58.16:993][  0]LogPakFile: PakFile FullDirectoryIndexSize=144
[2024.05.14-10.58.16:993][  0]LogShaderLibrary: Display: ShaderCodeLibraryPakFileMountedCallback: PakFile 'C:/Program Files/Epic Games/UE_4.27/FeaturePacks/TP_VehicleBP.upack' (chunk index -1, root 'root:/') mounted
[2024.05.14-10.58.16:993][  0]LogShaderLibrary: Display: ShaderCodeLibraryPakFileMountedCallback: pending pak file info (ChunkID:-1 Root:root:/ File:C:/Program Files/Epic Games/UE_4.27/FeaturePacks/TP_VehicleBP.upack)
[2024.05.14-10.58.16:993][  0]LogPakFile: OnPakFileMounted2Time == 0.000054
[2024.05.14-10.58.16:996][  0]LogPakFile: PakFile PrimaryIndexSize=192
[2024.05.14-10.58.16:996][  0]LogPakFile: PakFile PathHashIndexSize=101
[2024.05.14-10.58.16:996][  0]LogPakFile: PakFile FullDirectoryIndexSize=158
[2024.05.14-10.58.16:996][  0]LogShaderLibrary: Display: ShaderCodeLibraryPakFileMountedCallback: PakFile 'C:/Program Files/Epic Games/UE_4.27/FeaturePacks/TP_VirtualRealityBP.upack' (chunk index -1, root 'root:/') mounted
[2024.05.14-10.58.16:996][  0]LogShaderLibrary: Display: ShaderCodeLibraryPakFileMountedCallback: pending pak file info (ChunkID:-1 Root:root:/ File:C:/Program Files/Epic Games/UE_4.27/FeaturePacks/TP_VirtualRealityBP.upack)
[2024.05.14-10.58.16:996][  0]LogPakFile: OnPakFileMounted2Time == 0.000055
[2024.05.14-10.58.17:106][  0]LogNativeClassHierarchy: Verbose: Native class hierarchy updated for 'AddContentDialog' in 0.0003 seconds. Added 0 classes and 0 folders.
[2024.05.14-10.58.17:109][  0]LogNativeClassHierarchy: Verbose: Native class hierarchy updated for 'SceneOutliner' in 0.0003 seconds. Added 2 classes and 0 folders.
[2024.05.14-10.58.17:373][  0]LogSlate: Took 0.001142 seconds to synchronously load lazily loaded font '../../../Engine/Content/Slate/Fonts/Roboto-Regular.ttf' (155K)
[2024.05.14-10.58.17:377][  0]LogSlate: Took 0.000854 seconds to synchronously load lazily loaded font '../../../Engine/Content/Editor/Slate/Fonts/FontAwesome.ttf' (139K)
[2024.05.14-10.58.17:380][  0]LogSlate: Took 0.001432 seconds to synchronously load lazily loaded font '../../../Engine/Content/Slate/Fonts/Roboto-Bold.ttf' (160K)
[2024.05.14-10.58.17:491][  0]LogRenderer: Reallocating scene render targets to support 1228x320 Format 10 NumSamples 1 (Frame:1).
[2024.05.14-10.58.17:674][  0]LogNativeClassHierarchy: Verbose: Native class hierarchy updated for 'HierarchicalLODOutliner' in 0.0003 seconds. Added 0 classes and 0 folders.
[2024.05.14-10.58.17:674][  0]LogLoad: (Engine Initialization) Total time: 13.21 seconds
[2024.05.14-10.58.17:674][  0]LogLoad: (Engine Initialization) Total Blueprint compile time: 0.00 seconds
[2024.05.14-10.58.17:737][  0]LogContentStreaming: Texture pool size now 3000 MB
[2024.05.14-10.58.17:769][  1]LogRenderer: Reallocating scene render targets to support 1228x336 Format 10 NumSamples 1 (Frame:3).
[2024.05.14-10.58.17:775][  1]LogAssetRegistry: Asset discovery search completed in 8.2270 seconds
[2024.05.14-10.58.17:788][  1]LogCollectionManager: Fixed up redirectors for 0 collections in 0.000005 seconds (updated 0 objects)
[2024.05.14-10.58.17:938][  3]LogSlate: Took 0.006565 seconds to synchronously load lazily loaded font '../../../Engine/Content/Slate/Fonts/Roboto-Light.ttf' (167K)
[2024.05.14-10.58.18:749][ 16]LogSlate: Took 0.000283 seconds to synchronously load lazily loaded font '../../../Engine/Content/Slate/Fonts/Roboto-Light.ttf' (167K)
[2024.05.14-10.58.19:437][ 58]LogAssetEditorSubsystem: Opening Asset editor for Blueprint /Game/SideScrollerBP/Blueprints/ammochest.ammochest
[2024.05.14-10.58.19:780][ 58]LogNativeClassHierarchy: Verbose: Native class hierarchy updated for 'BlueprintGraph' in 0.0007 seconds. Added 126 classes and 0 folders.
[2024.05.14-10.58.20:996][ 58]LogSlate: Took 0.000927 seconds to synchronously load lazily loaded font '../../../Engine/Content/Slate/Fonts/Roboto-BoldCondensed.ttf' (158K)
[2024.05.14-10.58.21:105][ 58]LogRenderer: Reallocating scene render targets to support 1228x460 Format 10 NumSamples 1 (Frame:1).
[2024.05.14-10.58.23:869][231]LogSlate: Took 0.001108 seconds to synchronously load lazily loaded font '../../../Engine/Content/Slate/Fonts/Roboto-Italic.ttf' (157K)
[2024.05.14-10.58.45:314][480]LogAssetEditorSubsystem: Opening Asset editor for Blueprint /Game/SideScrollerBP/Blueprints/healthchest.healthchest
[2024.05.14-10.59.19:739][872]LogSlate: Window 'healthchest' being destroyed
[2024.05.14-10.59.19:748][872]LogSlate: Window 'healthchest' being destroyed
[2024.05.14-10.59.19:758][872]LogWorld: UWorld::CleanupWorld for World_10, bSessionEnded=true, bCleanupResources=true
[2024.05.14-10.59.19:758][872]LogSlate: InvalidateAllWidgets triggered.  All widgets were invalidated
[2024.05.14-10.59.19:821][872]LogActorComponent: UnregisterComponent: (/Engine/Transient.EditorFloorComp) Not registered. Aborting.
[2024.05.14-10.59.19:822][872]LogWorld: UWorld::CleanupWorld for World_11, bSessionEnded=true, bCleanupResources=true
[2024.05.14-10.59.19:822][872]LogSlate: InvalidateAllWidgets triggered.  All widgets were invalidated
[2024.05.14-11.03.09:960][348]LogAssetEditorSubsystem: Opening Asset editor for Blueprint /Game/SideScrollerBP/Blueprints/healthchest.healthchest
[2024.05.14-11.03.14:122][585]LogSlate: Window 'healthchest' being destroyed
[2024.05.14-11.03.14:132][585]LogSlate: Window 'healthchest' being destroyed
[2024.05.14-11.03.14:137][585]LogWorld: UWorld::CleanupWorld for World_12, bSessionEnded=true, bCleanupResources=true
[2024.05.14-11.03.14:137][585]LogSlate: InvalidateAllWidgets triggered.  All widgets were invalidated
